
> autotrainx-web@0.1.0 dev
> next dev

   ▲ Next.js 15.4.5
   - Local:        http://localhost:3000
   - Network:      http://10.255.255.254:3000
   - Environments: .env.local

 ✓ Starting...
 ✓ Ready in 1610ms
 ○ Compiling / ...
 ✓ Compiled / in 1531ms (714 modules)
 GET / 200 in 1937ms
 ✓ Compiled in 162ms (293 modules)
 ○ Compiling /dashboard ...
 ✓ Compiled /dashboard in 1532ms (2013 modules)
 GET /dashboard 200 in 1677ms
 ○ Compiling /dashboard/jobs ...
 ✓ Compiled /dashboard/jobs in 729ms (2054 modules)
 GET /dashboard/jobs 200 in 817ms
 ⨯ ./src/app/dashboard/jobs/new/page.tsx
Error:   [31mx[0m Expected ',', got 'preview_count'
    ,-[[36;1;4m/home/eqx/AutoTrainX/autotrainx-web/src/app/dashboard/jobs/new/page.tsx[0m:51:1]
 [2m48[0m |   class_name: z.string().min(1).default("person")
 [2m49[0m |   
 [2m50[0m |   // Training options
 [2m51[0m |   preview_count: z.number().min(0).max(20).default(0),
    : [35;1m  ^^^^^^^^^^^^^[0m
 [2m52[0m |   generate_configs: z.boolean().default(true),
 [2m53[0m |   auto_clean: z.boolean().default(true),
 [2m54[0m |   
    `----

Caused by:
    Syntax Error

Import trace for requested module:
./src/app/dashboard/jobs/new/page.tsx
 ○ Compiling /dashboard/jobs/[id] ...
 ⨯ ./src/app/dashboard/jobs/new/page.tsx
Error:   [31mx[0m Expected ',', got 'preview_count'
    ,-[[36;1;4m/home/eqx/AutoTrainX/autotrainx-web/src/app/dashboard/jobs/new/page.tsx[0m:51:1]
 [2m48[0m |   class_name: z.string().min(1).default("person")
 [2m49[0m |   
 [2m50[0m |   // Training options
 [2m51[0m |   preview_count: z.number().min(0).max(20).default(0),
    : [35;1m  ^^^^^^^^^^^^^[0m
 [2m52[0m |   generate_configs: z.boolean().default(true),
 [2m53[0m |   auto_clean: z.boolean().default(true),
 [2m54[0m |   
    `----

Caused by:
    Syntax Error

Import trace for requested module:
./src/app/dashboard/jobs/new/page.tsx
 ⨯ ./src/app/dashboard/jobs/new/page.tsx
Error:   [31mx[0m Expected ',', got 'preview_count'
    ,-[[36;1;4m/home/eqx/AutoTrainX/autotrainx-web/src/app/dashboard/jobs/new/page.tsx[0m:51:1]
 [2m48[0m |   class_name: z.string().min(1).default("person")
 [2m49[0m |   
 [2m50[0m |   // Training options
 [2m51[0m |   preview_count: z.number().min(0).max(20).default(0),
    : [35;1m  ^^^^^^^^^^^^^[0m
 [2m52[0m |   generate_configs: z.boolean().default(true),
 [2m53[0m |   auto_clean: z.boolean().default(true),
 [2m54[0m |   
    `----

Caused by:
    Syntax Error

Import trace for requested module:
./src/app/dashboard/jobs/new/page.tsx
 ⨯ ./src/app/dashboard/jobs/new/page.tsx
Error:   [31mx[0m Expected ',', got 'preview_count'
    ,-[[36;1;4m/home/eqx/AutoTrainX/autotrainx-web/src/app/dashboard/jobs/new/page.tsx[0m:51:1]
 [2m48[0m |   class_name: z.string().min(1).default("person")
 [2m49[0m |   
 [2m50[0m |   // Training options
 [2m51[0m |   preview_count: z.number().min(0).max(20).default(0),
    : [35;1m  ^^^^^^^^^^^^^[0m
 [2m52[0m |   generate_configs: z.boolean().default(true),
 [2m53[0m |   auto_clean: z.boolean().default(true),
 [2m54[0m |   
    `----

Caused by:
    Syntax Error

Import trace for requested module:
./src/app/dashboard/jobs/new/page.tsx
 GET /dashboard/jobs/new 500 in 3781ms
 GET /dashboard/jobs/new 500 in 11ms
 GET /dashboard/jobs/new 500 in 9ms
 GET /dashboard/jobs/new 500 in 9ms
 GET /dashboard/jobs/new 500 in 11ms
 GET /dashboard 500 in 13ms
 ✓ Compiled /_error in 1589ms (2698 modules)
 ⚠ Fast Refresh had to perform a full reload due to a runtime error.
 GET /_next/static/webpack/cd6e3d2c6b217400.webpack.hot-update.json 404 in 1743ms
 GET /dashboard 200 in 69ms
 GET /dashboard/jobs 200 in 18ms
 GET /dashboard/jobs/new 200 in 22ms
 ○ Compiling /dashboard/datasets ...
 ✓ Compiled /dashboard/datasets in 963ms (2239 modules)
 GET /dashboard/datasets 200 in 1071ms
 ✓ Compiled /dashboard/database in 468ms (2252 modules)
 GET /dashboard/database 200 in 538ms
 GET /dashboard/jobs 200 in 16ms
 GET /dashboard/jobs/new 200 in 40ms
 GET /dashboard/jobs 200 in 16ms
 GET /dashboard/datasets 200 in 20ms
 GET /dashboard/jobs 200 in 14ms
 GET /dashboard/jobs 200 in 223ms
[?25h
