# AutoTrainX Training Log
# Dataset: m14w00dh4ll
# Preset: SX1
# Job ID: 2146672b
# Start Time: 2025-08-02T17:04:27.087319
# Mode: single
# Command: /home/eqx/AutoTrainX/venv/bin/python /home/eqx/AutoTrainX/sd-scripts/sdxl_train.py --config_file /home/eqx/AutoTrainX/workspace/Presets/m14w00dh4ll_SX1_2146672b.toml --max_grad_norm=0.0 --no_half_vae --train_text_encoder --learning_rate_te2=0
================================================================================

2025-08-02 17:04:30 INFO     Loading settings from                                        train_util.py:4651
                             /home/eqx/AutoTrainX/workspace/Presets/m14w00dh4ll_SX1_21466                   
                             72b.toml...                                                                    
                    WARNING  clip_skip will be unexpected /                           sdxl_train_util.py:349
                             SDXL学習ではclip_skipは動作しません                                            
2025-08-02 17:04:30 INFO     Using DreamBooth method.                                      sdxl_train.py:153
                    INFO     prepare images.                                              train_util.py:2072
                    INFO     get image size from name of cache files                      train_util.py:1965

  0%|          | 0/3 [00:00<?, ?it/s]
100%|██████████| 3/3 [00:00<00:00, 116508.44it/s]
                    INFO     set image size from cache files: 0/3                         train_util.py:1995
                    INFO     found directory                                              train_util.py:2019
                             /home/eqx/AutoTrainX/workspace/output/m14w00dh4ll/img/30_m14                   
                             w00dh4ll person contains 3 image files                                         

read caption:   0%|          | 0/3 [00:00<?, ?it/s]
read caption: 100%|██████████| 3/3 [00:00<00:00, 26886.56it/s]
                    INFO     90 train images with repeats.                                train_util.py:2116
                    INFO     0 reg images with repeats.                                   train_util.py:2120
                    WARNING  no regularization images / 正則化画像が見つかりませんでした  train_util.py:2125
                    INFO     [Dataset 0]                                                  config_util.py:580
                               batch_size: 2                                                                
                               resolution: (1024, 1280)                                                     
                               resize_interpolation: None                                                   
                               enable_bucket: False                                                         
                                                                                                            
                               [Subset 0 of Dataset 0]                                                      
                                 image_dir:                                                                 
                             "/home/eqx/AutoTrainX/workspace/output/m14w00dh4ll/img/30_m1                   
                             4w00dh4ll person"                                                              
                                 image_count: 3                                                             
                                 num_repeats: 30                                                            
                                 shuffle_caption: False                                                     
                                 keep_tokens: 0                                                             
                                 caption_dropout_rate: 0                                                    
                                 caption_dropout_every_n_epochs: 0                                          
                                 caption_tag_dropout_rate: 0.0                                              
                                 caption_prefix: None                                                       
                                 caption_suffix: None                                                       
                                 color_aug: False                                                           
                                 flip_aug: False                                                            
                                 face_crop_aug_range: None                                                  
                                 random_crop: False                                                         
                                 token_warmup_min: 1,                                                       
                                 token_warmup_step: 0,                                                      
                                 alpha_mask: False                                                          
                                 resize_interpolation: None                                                 
                                 custom_attributes: {}                                                      
                                 is_reg: False                                                              
                                 class_tokens: m14w00dh4ll person                                           
                                 caption_extension: .txt                                                    
                                                                                                            
                                                                                                            
                    INFO     [Prepare dataset 0]                                          config_util.py:592
                    INFO     loading image sizes.                                          train_util.py:987

  0%|          | 0/3 [00:00<?, ?it/s]
100%|██████████| 3/3 [00:00<00:00, 37900.34it/s]
                    INFO     prepare dataset                                              train_util.py:1012
                    INFO     prepare accelerator                                           sdxl_train.py:211
2025-08-02 17:04:31 INFO     loading model for process 0/1                             sdxl_train_util.py:32
                    INFO     load StableDiffusion checkpoint:                          sdxl_train_util.py:73
                             /home/eqx/AutoTrainX/models/SDXLModel.safetensors                              
                    INFO     building U-Net                                           sdxl_model_util.py:198
                    INFO     loading U-Net from checkpoint                            sdxl_model_util.py:202
2025-08-02 17:04:32 INFO     U-Net: <All keys matched successfully>                   sdxl_model_util.py:208
                    INFO     building text encoders                                   sdxl_model_util.py:211
                    INFO     loading text encoders from checkpoint                    sdxl_model_util.py:264
                    INFO     text encoder 1: <All keys matched successfully>          sdxl_model_util.py:278
2025-08-02 17:04:33 INFO     text encoder 2: <All keys matched successfully>          sdxl_model_util.py:282
                    INFO     building VAE                                             sdxl_model_util.py:285
                    INFO     loading VAE from checkpoint                              sdxl_model_util.py:290
                    INFO     VAE: <All keys matched successfully>                     sdxl_model_util.py:293
                    INFO     load VAE: stabilityai/sdxl-vae                               model_util.py:1267
                    INFO     additional VAE loaded                                    sdxl_train_util.py:131
2025-08-02 17:04:34 INFO     [Dataset 0]                                                  train_util.py:2613
                    INFO     caching latents with caching strategy.                       train_util.py:1115
                    INFO     caching latents...                                           train_util.py:1164
accelerator device: cuda
Disable Diffusers' xformers

  0%|          | 0/3 [00:00<?, ?it/s]
 67%|██████▋   | 2/3 [00:00<00:00,  2.83it/s]
100%|██████████| 3/3 [00:00<00:00,  4.24it/s]
2025-08-02 17:04:35 INFO     use Adafactor optimizer | {'scale_parameter': False,         train_util.py:4963
                             'relative_step': False, 'warmup_init': False,                                  
                             'weight_decay': 0.01}                                                          
                    WARNING  constant_with_warmup will be good /                          train_util.py:4995
                             スケジューラはconstant_with_warmupが良いかもしれません                         
enable text encoder training
train unet: True, text_encoder1: True, text_encoder2: False
number of models: 2
number of trainable parameters: 2690524164
prepare optimizer, data loader etc.
override steps. steps for 2 epochs is / 指定エポックまでのステップ数: 90
enable full bf16 training.
running training / 学習開始
  num examples / サンプル数: 90
  num batches per epoch / 1epochのバッチ数: 45
  num epochs / epoch数: 2
  batch size per device / バッチサイズ: 2
  gradient accumulation steps / 勾配を合計するステップ数 = 1
  total optimization steps / 学習ステップ数: 90

steps:   0%|          | 0/90 [00:00<?, ?it/s]2025-08-02 17:04:36 INFO     epoch is incremented. current_epoch: 0, epoch: 1              train_util.py:779

steps:   1%|          | 1/90 [00:02<03:46,  2.54s/it]
steps:   1%|          | 1/90 [00:02<03:46,  2.54s/it, avr_loss=0.161]
steps:   2%|▏         | 2/90 [00:04<03:13,  2.20s/it, avr_loss=0.161]
steps:   2%|▏         | 2/90 [00:04<03:13,  2.20s/it, avr_loss=0.124]
steps:   3%|▎         | 3/90 [00:06<03:04,  2.13s/it, avr_loss=0.124]
steps:   3%|▎         | 3/90 [00:06<03:05,  2.13s/it, avr_loss=0.146]
steps:   4%|▍         | 4/90 [00:08<03:00,  2.10s/it, avr_loss=0.146]
steps:   4%|▍         | 4/90 [00:08<03:00,  2.10s/it, avr_loss=0.123]
steps:   6%|▌         | 5/90 [00:10<02:54,  2.05s/it, avr_loss=0.123]
steps:   6%|▌         | 5/90 [00:10<02:54,  2.05s/it, avr_loss=0.131]
steps:   7%|▋         | 6/90 [00:12<02:48,  2.01s/it, avr_loss=0.131]
steps:   7%|▋         | 6/90 [00:12<02:48,  2.01s/it, avr_loss=0.133]
steps:   8%|▊         | 7/90 [00:13<02:45,  1.99s/it, avr_loss=0.133]
steps:   8%|▊         | 7/90 [00:13<02:45,  1.99s/it, avr_loss=0.116]
steps:   9%|▉         | 8/90 [00:15<02:42,  1.98s/it, avr_loss=0.116]
steps:   9%|▉         | 8/90 [00:15<02:42,  1.98s/it, avr_loss=0.108]
steps:  10%|█         | 9/90 [00:17<02:39,  1.96s/it, avr_loss=0.108]
steps:  10%|█         | 9/90 [00:17<02:39,  1.96s/it, avr_loss=0.117]
steps:  11%|█         | 10/90 [00:19<02:36,  1.95s/it, avr_loss=0.117]
steps:  11%|█         | 10/90 [00:19<02:36,  1.95s/it, avr_loss=0.129]
steps:  12%|█▏        | 11/90 [00:21<02:33,  1.95s/it, avr_loss=0.129]
steps:  12%|█▏        | 11/90 [00:21<02:33,  1.95s/it, avr_loss=0.128]
steps:  13%|█▎        | 12/90 [00:23<02:33,  1.97s/it, avr_loss=0.128]
steps:  13%|█▎        | 12/90 [00:23<02:33,  1.97s/it, avr_loss=0.136]
steps:  14%|█▍        | 13/90 [00:26<02:34,  2.00s/it, avr_loss=0.136]
