# AutoTrainX Training Log
# Dataset: m14w00dh4ll
# Preset: SX1
# Job ID: 0e1e7c05
# Start Time: 2025-08-02T17:45:37.596435
# Mode: single
# Command: /home/eqx/AutoTrainX/venv/bin/python /home/eqx/AutoTrainX/sd-scripts/sdxl_train.py --config_file /home/eqx/AutoTrainX/workspace/Presets/m14w00dh4ll_SX1_0e1e7c05.toml --max_grad_norm=0.0 --no_half_vae --train_text_encoder --learning_rate_te2=0
================================================================================

2025-08-02 17:45:40 INFO     Loading settings from                                                           train_util.py:4651
                             /home/eqx/AutoTrainX/workspace/Presets/m14w00dh4ll_SX1_0e1e7c05.toml...                           
                    WARNING  clip_skip will be unexpected / SDXL学習ではclip_skipは動作しません          sdxl_train_util.py:349
2025-08-02 17:45:41 INFO     Using DreamBooth method.                                                         sdxl_train.py:153
                    INFO     prepare images.                                                                 train_util.py:2072
                    INFO     get image size from name of cache files                                         train_util.py:1965

  0%|          | 0/3 [00:00<?, ?it/s]
100%|██████████| 3/3 [00:00<00:00, 114390.11it/s]
                    INFO     set image size from cache files: 0/3                                            train_util.py:1995
                    INFO     found directory                                                                 train_util.py:2019
                             /home/eqx/AutoTrainX/workspace/output/m14w00dh4ll/img/30_m14w00dh4ll person                       
                             contains 3 image files                                                                            

read caption:   0%|          | 0/3 [00:00<?, ?it/s]
read caption: 100%|██████████| 3/3 [00:00<00:00, 32017.59it/s]
                    INFO     90 train images with repeats.                                                   train_util.py:2116
                    INFO     0 reg images with repeats.                                                      train_util.py:2120
                    WARNING  no regularization images / 正則化画像が見つかりませんでした                     train_util.py:2125
                    INFO     [Dataset 0]                                                                     config_util.py:580
                               batch_size: 2                                                                                   
                               resolution: (1024, 1280)                                                                        
                               resize_interpolation: None                                                                      
                               enable_bucket: False                                                                            
                                                                                                                               
                               [Subset 0 of Dataset 0]                                                                         
                                 image_dir:                                                                                    
                             "/home/eqx/AutoTrainX/workspace/output/m14w00dh4ll/img/30_m14w00dh4ll person"                     
                                 image_count: 3                                                                                
                                 num_repeats: 30                                                                               
                                 shuffle_caption: False                                                                        
                                 keep_tokens: 0                                                                                
                                 caption_dropout_rate: 0                                                                       
                                 caption_dropout_every_n_epochs: 0                                                             
                                 caption_tag_dropout_rate: 0.0                                                                 
                                 caption_prefix: None                                                                          
                                 caption_suffix: None                                                                          
                                 color_aug: False                                                                              
                                 flip_aug: False                                                                               
                                 face_crop_aug_range: None                                                                     
                                 random_crop: False                                                                            
                                 token_warmup_min: 1,                                                                          
                                 token_warmup_step: 0,                                                                         
                                 alpha_mask: False                                                                             
                                 resize_interpolation: None                                                                    
                                 custom_attributes: {}                                                                         
                                 is_reg: False                                                                                 
                                 class_tokens: m14w00dh4ll person                                                              
                                 caption_extension: .txt                                                                       
                                                                                                                               
                                                                                                                               
                    INFO     [Prepare dataset 0]                                                             config_util.py:592
                    INFO     loading image sizes.                                                             train_util.py:987

  0%|          | 0/3 [00:00<?, ?it/s]
100%|██████████| 3/3 [00:00<00:00, 36792.14it/s]
                    INFO     prepare dataset                                                                 train_util.py:1012
                    INFO     prepare accelerator                                                              sdxl_train.py:211
                    INFO     loading model for process 0/1                                                sdxl_train_util.py:32
                    INFO     load StableDiffusion checkpoint:                                             sdxl_train_util.py:73
                             /home/eqx/AutoTrainX/models/SDXLModel.safetensors                                                 
                    INFO     building U-Net                                                              sdxl_model_util.py:198
                    INFO     loading U-Net from checkpoint                                               sdxl_model_util.py:202
2025-08-02 17:45:43 INFO     U-Net: <All keys matched successfully>                                      sdxl_model_util.py:208
                    INFO     building text encoders                                                      sdxl_model_util.py:211
                    INFO     loading text encoders from checkpoint                                       sdxl_model_util.py:264
                    INFO     text encoder 1: <All keys matched successfully>                             sdxl_model_util.py:278
                    INFO     text encoder 2: <All keys matched successfully>                             sdxl_model_util.py:282
                    INFO     building VAE                                                                sdxl_model_util.py:285
                    INFO     loading VAE from checkpoint                                                 sdxl_model_util.py:290
                    INFO     VAE: <All keys matched successfully>                                        sdxl_model_util.py:293
                    INFO     load VAE: stabilityai/sdxl-vae                                                  model_util.py:1267
2025-08-02 17:45:44 INFO     additional VAE loaded                                                       sdxl_train_util.py:131
                    INFO     [Dataset 0]                                                                     train_util.py:2613
                    INFO     caching latents with caching strategy.                                          train_util.py:1115
                    INFO     caching latents...                                                              train_util.py:1164
accelerator device: cuda
Disable Diffusers' xformers

  0%|          | 0/3 [00:00<?, ?it/s]
 67%|██████▋   | 2/3 [00:00<00:00,  2.78it/s]
100%|██████████| 3/3 [00:00<00:00,  4.17it/s]
2025-08-02 17:45:46 INFO     use Adafactor optimizer | {'scale_parameter': False, 'relative_step': False,    train_util.py:4963
                             'warmup_init': False, 'weight_decay': 0.01}                                                       
                    WARNING  constant_with_warmup will be good /                                             train_util.py:4995
                             スケジューラはconstant_with_warmupが良いかもしれません                                            
enable text encoder training
train unet: True, text_encoder1: True, text_encoder2: False
number of models: 2
number of trainable parameters: 2690524164
prepare optimizer, data loader etc.
override steps. steps for 2 epochs is / 指定エポックまでのステップ数: 90
enable full bf16 training.
running training / 学習開始
  num examples / サンプル数: 90
  num batches per epoch / 1epochのバッチ数: 45
  num epochs / epoch数: 2
  batch size per device / バッチサイズ: 2
  gradient accumulation steps / 勾配を合計するステップ数 = 1
  total optimization steps / 学習ステップ数: 90

steps:   0%|          | 0/90 [00:00<?, ?it/s]2025-08-02 17:45:47 INFO     epoch is incremented. current_epoch: 0, epoch: 1                                 train_util.py:779

steps:   1%|          | 1/90 [00:02<03:46,  2.54s/it]
steps:   1%|          | 1/90 [00:02<03:46,  2.54s/it, avr_loss=0.209]
steps:   2%|▏         | 2/90 [00:04<03:20,  2.28s/it, avr_loss=0.209]
steps:   2%|▏         | 2/90 [00:04<03:20,  2.28s/it, avr_loss=0.192]
steps:   3%|▎         | 3/90 [00:06<03:04,  2.12s/it, avr_loss=0.192]
steps:   3%|▎         | 3/90 [00:06<03:04,  2.12s/it, avr_loss=0.167]
steps:   4%|▍         | 4/90 [00:08<02:57,  2.06s/it, avr_loss=0.167]
steps:   4%|▍         | 4/90 [00:08<02:57,  2.06s/it, avr_loss=0.17] 
steps:   6%|▌         | 5/90 [00:10<02:54,  2.05s/it, avr_loss=0.17]
steps:   6%|▌         | 5/90 [00:10<02:54,  2.05s/it, avr_loss=0.176]
steps:   7%|▋         | 6/90 [00:12<02:50,  2.02s/it, avr_loss=0.176]
steps:   7%|▋         | 6/90 [00:12<02:50,  2.02s/it, avr_loss=0.2]  
steps:   8%|▊         | 7/90 [00:14<02:46,  2.00s/it, avr_loss=0.2]
steps:   8%|▊         | 7/90 [00:14<02:46,  2.00s/it, avr_loss=0.214]
steps:   9%|▉         | 8/90 [00:15<02:42,  1.98s/it, avr_loss=0.214]
steps:   9%|▉         | 8/90 [00:15<02:42,  1.99s/it, avr_loss=0.209]
steps:  10%|█         | 9/90 [00:17<02:39,  1.97s/it, avr_loss=0.209]
steps:  10%|█         | 9/90 [00:17<02:39,  1.97s/it, avr_loss=0.193]
steps:  11%|█         | 10/90 [00:19<02:39,  1.99s/it, avr_loss=0.193]
steps:  11%|█         | 10/90 [00:19<02:39,  1.99s/it, avr_loss=0.193]
steps:  12%|█▏        | 11/90 [00:21<02:36,  1.98s/it, avr_loss=0.193]
steps:  12%|█▏        | 11/90 [00:21<02:36,  1.98s/it, avr_loss=0.194]
steps:  13%|█▎        | 12/90 [00:24<02:37,  2.02s/it, avr_loss=0.194]
steps:  13%|█▎        | 12/90 [00:24<02:37,  2.02s/it, avr_loss=0.179]
steps:  14%|█▍        | 13/90 [00:26<02:36,  2.03s/it, avr_loss=0.179]
steps:  14%|█▍        | 13/90 [00:26<02:36,  2.03s/it, avr_loss=0.175]
steps:  16%|█▌        | 14/90 [00:28<02:33,  2.02s/it, avr_loss=0.175]
steps:  16%|█▌        | 14/90 [00:28<02:33,  2.02s/it, avr_loss=0.166]
steps:  17%|█▋        | 15/90 [00:30<02:30,  2.01s/it, avr_loss=0.166]
steps:  17%|█▋        | 15/90 [00:30<02:30,  2.01s/it, avr_loss=0.174]
steps:  18%|█▊        | 16/90 [00:31<02:27,  2.00s/it, avr_loss=0.174]
steps:  18%|█▊        | 16/90 [00:31<02:27,  2.00s/it, avr_loss=0.164]
steps:  19%|█▉        | 17/90 [00:33<02:25,  2.00s/it, avr_loss=0.164]
steps:  19%|█▉        | 17/90 [00:33<02:25,  2.00s/it, avr_loss=0.157]
steps:  20%|██        | 18/90 [00:35<02:22,  1.99s/it, avr_loss=0.157]
steps:  20%|██        | 18/90 [00:35<02:23,  1.99s/it, avr_loss=0.159]
steps:  21%|██        | 19/90 [00:37<02:20,  1.98s/it, avr_loss=0.159]
steps:  21%|██        | 19/90 [00:37<02:20,  1.98s/it, avr_loss=0.152]
steps:  22%|██▏       | 20/90 [00:39<02:18,  1.98s/it, avr_loss=0.152]
steps:  22%|██▏       | 20/90 [00:39<02:18,  1.98s/it, avr_loss=0.16] 
steps:  23%|██▎       | 21/90 [00:41<02:16,  1.98s/it, avr_loss=0.16]
steps:  23%|██▎       | 21/90 [00:41<02:16,  1.98s/it, avr_loss=0.154]
steps:  24%|██▍       | 22/90 [00:43<02:14,  1.98s/it, avr_loss=0.154]
steps:  24%|██▍       | 22/90 [00:43<02:14,  1.98s/it, avr_loss=0.149]
steps:  26%|██▌       | 23/90 [00:45<02:11,  1.97s/it, avr_loss=0.149]
steps:  26%|██▌       | 23/90 [00:45<02:11,  1.97s/it, avr_loss=0.152]
steps:  27%|██▋       | 24/90 [00:47<02:09,  1.97s/it, avr_loss=0.152]
steps:  27%|██▋       | 24/90 [00:47<02:09,  1.97s/it, avr_loss=0.148]
steps:  28%|██▊       | 25/90 [00:49<02:07,  1.96s/it, avr_loss=0.148]
steps:  28%|██▊       | 25/90 [00:49<02:07,  1.96s/it, avr_loss=0.148]
steps:  29%|██▉       | 26/90 [00:50<02:05,  1.96s/it, avr_loss=0.148]
steps:  29%|██▉       | 26/90 [00:50<02:05,  1.96s/it, avr_loss=0.151]
steps:  30%|███       | 27/90 [00:52<02:02,  1.95s/it, avr_loss=0.151]
steps:  30%|███       | 27/90 [00:52<02:02,  1.95s/it, avr_loss=0.155]
steps:  31%|███       | 28/90 [00:54<02:00,  1.95s/it, avr_loss=0.155]
steps:  31%|███       | 28/90 [00:54<02:00,  1.95s/it, avr_loss=0.151]
steps:  32%|███▏      | 29/90 [00:56<01:58,  1.94s/it, avr_loss=0.151]
steps:  32%|███▏      | 29/90 [00:56<01:58,  1.94s/it, avr_loss=0.152]
steps:  33%|███▎      | 30/90 [00:58<01:56,  1.94s/it, avr_loss=0.152]
steps:  33%|███▎      | 30/90 [00:58<01:56,  1.94s/it, avr_loss=0.152]
steps:  34%|███▍      | 31/90 [01:00<01:54,  1.94s/it, avr_loss=0.152]
steps:  34%|███▍      | 31/90 [01:00<01:54,  1.94s/it, avr_loss=0.15] 
steps:  36%|███▌      | 32/90 [01:02<01:52,  1.95s/it, avr_loss=0.15]
steps:  36%|███▌      | 32/90 [01:02<01:52,  1.95s/it, avr_loss=0.148]
steps:  37%|███▋      | 33/90 [01:04<01:51,  1.95s/it, avr_loss=0.148]
steps:  37%|███▋      | 33/90 [01:04<01:51,  1.95s/it, avr_loss=0.145]
steps:  38%|███▊      | 34/90 [01:06<01:49,  1.95s/it, avr_loss=0.145]
steps:  38%|███▊      | 34/90 [01:06<01:49,  1.95s/it, avr_loss=0.149]
steps:  39%|███▉      | 35/90 [01:08<01:47,  1.95s/it, avr_loss=0.149]
steps:  39%|███▉      | 35/90 [01:08<01:47,  1.95s/it, avr_loss=0.153]
steps:  40%|████      | 36/90 [01:10<01:46,  1.96s/it, avr_loss=0.153]
steps:  40%|████      | 36/90 [01:10<01:46,  1.96s/it, avr_loss=0.158]
steps:  41%|████      | 37/90 [01:12<01:43,  1.96s/it, avr_loss=0.158]
steps:  41%|████      | 37/90 [01:12<01:43,  1.96s/it, avr_loss=0.158]
steps:  42%|████▏     | 38/90 [01:14<01:41,  1.96s/it, avr_loss=0.158]
steps:  42%|████▏     | 38/90 [01:14<01:41,  1.96s/it, avr_loss=0.157]
steps:  43%|████▎     | 39/90 [01:16<01:39,  1.96s/it, avr_loss=0.157]
steps:  43%|████▎     | 39/90 [01:16<01:39,  1.96s/it, avr_loss=0.157]
steps:  44%|████▍     | 40/90 [01:18<01:37,  1.95s/it, avr_loss=0.157]
steps:  44%|████▍     | 40/90 [01:18<01:37,  1.95s/it, avr_loss=0.153]
steps:  46%|████▌     | 41/90 [01:20<01:35,  1.95s/it, avr_loss=0.153]
steps:  46%|████▌     | 41/90 [01:20<01:35,  1.95s/it, avr_loss=0.152]
steps:  47%|████▋     | 42/90 [01:21<01:33,  1.95s/it, avr_loss=0.152]
steps:  47%|████▋     | 42/90 [01:21<01:33,  1.95s/it, avr_loss=0.151]
steps:  48%|████▊     | 43/90 [01:23<01:31,  1.95s/it, avr_loss=0.151]
steps:  48%|████▊     | 43/90 [01:23<01:31,  1.95s/it, avr_loss=0.153]
steps:  49%|████▉     | 44/90 [01:25<01:29,  1.95s/it, avr_loss=0.153]
steps:  49%|████▉     | 44/90 [01:25<01:29,  1.95s/it, avr_loss=0.15] 
steps:  50%|█████     | 45/90 [01:27<01:27,  1.95s/it, avr_loss=0.15]
steps:  50%|█████     | 45/90 [01:27<01:27,  1.95s/it, avr_loss=0.149]2025-08-02 17:47:15 INFO     epoch is incremented. current_epoch: 1, epoch: 2                                 train_util.py:779

steps:  51%|█████     | 46/90 [01:29<01:25,  1.94s/it, avr_loss=0.149]
steps:  51%|█████     | 46/90 [01:29<01:25,  1.94s/it, avr_loss=0.145]
steps:  52%|█████▏    | 47/90 [01:31<01:23,  1.94s/it, avr_loss=0.145]
steps:  52%|█████▏    | 47/90 [01:31<01:23,  1.94s/it, avr_loss=0.145]
steps:  53%|█████▎    | 48/90 [01:33<01:21,  1.94s/it, avr_loss=0.145]
steps:  53%|█████▎    | 48/90 [01:33<01:21,  1.94s/it, avr_loss=0.146]
steps:  54%|█████▍    | 49/90 [01:35<01:19,  1.94s/it, avr_loss=0.146]
steps:  54%|█████▍    | 49/90 [01:35<01:19,  1.94s/it, avr_loss=0.146]
steps:  56%|█████▌    | 50/90 [01:37<01:17,  1.94s/it, avr_loss=0.146]
steps:  56%|█████▌    | 50/90 [01:37<01:17,  1.94s/it, avr_loss=0.147]
steps:  57%|█████▋    | 51/90 [01:39<01:15,  1.94s/it, avr_loss=0.147]
steps:  57%|█████▋    | 51/90 [01:39<01:15,  1.94s/it, avr_loss=0.144]
steps:  58%|█████▊    | 52/90 [01:42<01:15,  1.98s/it, avr_loss=0.144]
steps:  58%|█████▊    | 52/90 [01:42<01:15,  1.98s/it, avr_loss=0.141]
