# AutoTrainX Training Log
# Dataset: b09g13
# Preset: SX1
# Job ID: 3c0b9b7f
# Start Time: 2025-08-01T15:10:15.323938
# Mode: single
# Command: /home/eqx/AutoTrainX/venv/bin/python /home/eqx/AutoTrainX/sd-scripts/sdxl_train.py --config_file /home/eqx/AutoTrainX/workspace/Presets/b09g13_SX1_3c0b9b7f.toml --max_grad_norm=0.0 --no_half_vae --train_text_encoder --learning_rate_te2=0
================================================================================

2025-08-01 15:10:18 INFO     Loading settings from                                        train_util.py:4651
                             /home/eqx/AutoTrainX/workspace/Presets/b09g13_SX1_3c0b9b7f.t                   
                             oml...                                                                         
                    WARNING  clip_skip will be unexpected /                           sdxl_train_util.py:349
                             SDXL学習ではclip_skipは動作しません                                            
2025-08-01 15:10:18 INFO     Using DreamBooth method.                                      sdxl_train.py:153
                    INFO     prepare images.                                              train_util.py:2072
                    INFO     get image size from name of cache files                      train_util.py:1965

  0%|          | 0/1 [00:00<?, ?it/s]
100%|██████████| 1/1 [00:00<00:00, 47127.01it/s]
                    INFO     set image size from cache files: 0/1                         train_util.py:1995
                    INFO     found directory                                              train_util.py:2019
                             /home/eqx/AutoTrainX/workspace/output/b09g13/img/30_b09g13                     
                             person contains 1 image files                                                  

read caption:   0%|          | 0/1 [00:00<?, ?it/s]
read caption: 100%|██████████| 1/1 [00:00<00:00, 18641.35it/s]
                    INFO     30 train images with repeats.                                train_util.py:2116
                    INFO     0 reg images with repeats.                                   train_util.py:2120
                    WARNING  no regularization images / 正則化画像が見つかりませんでした  train_util.py:2125
                    INFO     [Dataset 0]                                                  config_util.py:580
                               batch_size: 2                                                                
                               resolution: (1024, 1280)                                                     
                               resize_interpolation: None                                                   
                               enable_bucket: False                                                         
                                                                                                            
                               [Subset 0 of Dataset 0]                                                      
                                 image_dir:                                                                 
                             "/home/eqx/AutoTrainX/workspace/output/b09g13/img/30_b09g13                    
                             person"                                                                        
                                 image_count: 1                                                             
                                 num_repeats: 30                                                            
                                 shuffle_caption: False                                                     
                                 keep_tokens: 0                                                             
                                 caption_dropout_rate: 0                                                    
                                 caption_dropout_every_n_epochs: 0                                          
                                 caption_tag_dropout_rate: 0.0                                              
                                 caption_prefix: None                                                       
                                 caption_suffix: None                                                       
                                 color_aug: False                                                           
                                 flip_aug: False                                                            
                                 face_crop_aug_range: None                                                  
                                 random_crop: False                                                         
                                 token_warmup_min: 1,                                                       
                                 token_warmup_step: 0,                                                      
                                 alpha_mask: False                                                          
                                 resize_interpolation: None                                                 
                                 custom_attributes: {}                                                      
                                 is_reg: False                                                              
                                 class_tokens: b09g13 person                                                
                                 caption_extension: .txt                                                    
                                                                                                            
                                                                                                            
                    INFO     [Prepare dataset 0]                                          config_util.py:592
                    INFO     loading image sizes.                                          train_util.py:987

  0%|          | 0/1 [00:00<?, ?it/s]
100%|██████████| 1/1 [00:00<00:00, 21959.71it/s]
                    INFO     prepare dataset                                              train_util.py:1012
                    INFO     prepare accelerator                                           sdxl_train.py:211
                    INFO     loading model for process 0/1                             sdxl_train_util.py:32
                    INFO     load StableDiffusion checkpoint:                          sdxl_train_util.py:73
                             /home/eqx/AutoTrainX/models/SDXLModel.safetensors                              
                    INFO     building U-Net                                           sdxl_model_util.py:198
                    INFO     loading U-Net from checkpoint                            sdxl_model_util.py:202
2025-08-01 15:10:20 INFO     U-Net: <All keys matched successfully>                   sdxl_model_util.py:208
                    INFO     building text encoders                                   sdxl_model_util.py:211
                    INFO     loading text encoders from checkpoint                    sdxl_model_util.py:264
                    INFO     text encoder 1: <All keys matched successfully>          sdxl_model_util.py:278
                    INFO     text encoder 2: <All keys matched successfully>          sdxl_model_util.py:282
                    INFO     building VAE                                             sdxl_model_util.py:285
                    INFO     loading VAE from checkpoint                              sdxl_model_util.py:290
2025-08-01 15:10:21 INFO     VAE: <All keys matched successfully>                     sdxl_model_util.py:293
                    INFO     load VAE: stabilityai/sdxl-vae                               model_util.py:1267
                    INFO     additional VAE loaded                                    sdxl_train_util.py:131
                    INFO     [Dataset 0]                                                  train_util.py:2613
                    INFO     caching latents with caching strategy.                       train_util.py:1115
                    INFO     caching latents...                                           train_util.py:1164
accelerator device: cuda
Disable Diffusers' xformers

  0%|          | 0/1 [00:00<?, ?it/s]
100%|██████████| 1/1 [00:00<00:00, 2375.03it/s]
2025-08-01 15:10:22 INFO     use Adafactor optimizer | {'scale_parameter': False,         train_util.py:4963
                             'relative_step': False, 'warmup_init': False,                                  
                             'weight_decay': 0.01}                                                          
                    WARNING  constant_with_warmup will be good /                          train_util.py:4995
                             スケジューラはconstant_with_warmupが良いかもしれません                         
enable text encoder training
train unet: True, text_encoder1: True, text_encoder2: False
number of models: 2
number of trainable parameters: 2690524164
prepare optimizer, data loader etc.
override steps. steps for 2 epochs is / 指定エポックまでのステップ数: 30
enable full bf16 training.
running training / 学習開始
  num examples / サンプル数: 30
  num batches per epoch / 1epochのバッチ数: 15
  num epochs / epoch数: 2
  batch size per device / バッチサイズ: 2
  gradient accumulation steps / 勾配を合計するステップ数 = 1
  total optimization steps / 学習ステップ数: 30

steps:   0%|          | 0/30 [00:00<?, ?it/s]2025-08-01 15:10:23 INFO     epoch is incremented. current_epoch: 0, epoch: 1              train_util.py:779

steps:   3%|▎         | 1/30 [00:02<01:00,  2.07s/it]
steps:   3%|▎         | 1/30 [00:02<01:00,  2.07s/it, avr_loss=0.301]
steps:   7%|▋         | 2/30 [00:03<00:51,  1.84s/it, avr_loss=0.301]
steps:   7%|▋         | 2/30 [00:03<00:51,  1.84s/it, avr_loss=0.181]
steps:  10%|█         | 3/30 [00:05<00:47,  1.76s/it, avr_loss=0.181]
steps:  10%|█         | 3/30 [00:05<00:47,  1.76s/it, avr_loss=0.21] 
steps:  13%|█▎        | 4/30 [00:06<00:44,  1.72s/it, avr_loss=0.21]
steps:  13%|█▎        | 4/30 [00:06<00:44,  1.72s/it, avr_loss=0.184]
steps:  17%|█▋        | 5/30 [00:08<00:42,  1.71s/it, avr_loss=0.184]
steps:  17%|█▋        | 5/30 [00:08<00:42,  1.71s/it, avr_loss=0.165]
steps:  20%|██        | 6/30 [00:10<00:41,  1.72s/it, avr_loss=0.165]
steps:  20%|██        | 6/30 [00:10<00:41,  1.72s/it, avr_loss=0.166]
steps:  23%|██▎       | 7/30 [00:11<00:39,  1.71s/it, avr_loss=0.166]
steps:  23%|██▎       | 7/30 [00:11<00:39,  1.71s/it, avr_loss=0.161]
steps:  27%|██▋       | 8/30 [00:13<00:37,  1.69s/it, avr_loss=0.161]
steps:  27%|██▋       | 8/30 [00:13<00:37,  1.69s/it, avr_loss=0.169]
steps:  30%|███       | 9/30 [00:16<00:39,  1.89s/it, avr_loss=0.169]
steps:  30%|███       | 9/30 [00:16<00:39,  1.89s/it, avr_loss=0.176]
steps:  33%|███▎      | 10/30 [00:18<00:37,  1.87s/it, avr_loss=0.176]
steps:  33%|███▎      | 10/30 [00:18<00:37,  1.87s/it, avr_loss=0.175]
steps:  37%|███▋      | 11/30 [00:20<00:34,  1.84s/it, avr_loss=0.175]
steps:  37%|███▋      | 11/30 [00:20<00:34,  1.84s/it, avr_loss=0.167]
steps:  40%|████      | 12/30 [00:21<00:32,  1.82s/it, avr_loss=0.167]
steps:  40%|████      | 12/30 [00:21<00:32,  1.82s/it, avr_loss=0.165]
steps:  43%|████▎     | 13/30 [00:23<00:30,  1.80s/it, avr_loss=0.165]
steps:  43%|████▎     | 13/30 [00:23<00:30,  1.80s/it, avr_loss=0.167]
steps:  47%|████▋     | 14/30 [00:24<00:28,  1.78s/it, avr_loss=0.167]
steps:  47%|████▋     | 14/30 [00:24<00:28,  1.78s/it, avr_loss=0.16] 
steps:  50%|█████     | 15/30 [00:26<00:26,  1.77s/it, avr_loss=0.16]
steps:  50%|█████     | 15/30 [00:26<00:26,  1.77s/it, avr_loss=0.154]2025-08-01 15:10:50 INFO     epoch is incremented. current_epoch: 1, epoch: 2              train_util.py:779

steps:  53%|█████▎    | 16/30 [00:28<00:24,  1.76s/it, avr_loss=0.154]
steps:  53%|█████▎    | 16/30 [00:28<00:24,  1.76s/it, avr_loss=0.147]
steps:  57%|█████▋    | 17/30 [00:29<00:22,  1.75s/it, avr_loss=0.147]
steps:  57%|█████▋    | 17/30 [00:29<00:22,  1.75s/it, avr_loss=0.146]
steps:  60%|██████    | 18/30 [00:31<00:20,  1.74s/it, avr_loss=0.146]
steps:  60%|██████    | 18/30 [00:31<00:20,  1.74s/it, avr_loss=0.13] 
steps:  63%|██████▎   | 19/30 [00:33<00:19,  1.74s/it, avr_loss=0.13]
steps:  63%|██████▎   | 19/30 [00:33<00:19,  1.74s/it, avr_loss=0.126]
steps:  67%|██████▋   | 20/30 [00:34<00:17,  1.73s/it, avr_loss=0.126]
steps:  67%|██████▋   | 20/30 [00:34<00:17,  1.73s/it, avr_loss=0.124]
steps:  70%|███████   | 21/30 [00:36<00:15,  1.72s/it, avr_loss=0.124]
steps:  70%|███████   | 21/30 [00:36<00:15,  1.72s/it, avr_loss=0.122]
steps:  73%|███████▎  | 22/30 [00:37<00:13,  1.72s/it, avr_loss=0.122]
steps:  73%|███████▎  | 22/30 [00:37<00:13,  1.72s/it, avr_loss=0.124]
steps:  77%|███████▋  | 23/30 [00:39<00:11,  1.71s/it, avr_loss=0.124]
steps:  77%|███████▋  | 23/30 [00:39<00:11,  1.71s/it, avr_loss=0.121]
steps:  80%|████████  | 24/30 [00:40<00:10,  1.70s/it, avr_loss=0.121]
steps:  80%|████████  | 24/30 [00:40<00:10,  1.70s/it, avr_loss=0.107]
steps:  83%|████████▎ | 25/30 [00:42<00:08,  1.70s/it, avr_loss=0.107]
steps:  83%|████████▎ | 25/30 [00:42<00:08,  1.70s/it, avr_loss=0.102]
steps:  87%|████████▋ | 26/30 [00:44<00:06,  1.70s/it, avr_loss=0.102]
steps:  87%|████████▋ | 26/30 [00:44<00:06,  1.70s/it, avr_loss=0.107]
steps:  90%|█████████ | 27/30 [00:45<00:05,  1.69s/it, avr_loss=0.107]
steps:  90%|█████████ | 27/30 [00:45<00:05,  1.69s/it, avr_loss=0.108]
steps:  93%|█████████▎| 28/30 [00:47<00:03,  1.70s/it, avr_loss=0.108]
steps:  93%|█████████▎| 28/30 [00:47<00:03,  1.70s/it, avr_loss=0.114]
steps:  97%|█████████▋| 29/30 [00:51<00:01,  1.76s/it, avr_loss=0.114]
steps:  97%|█████████▋| 29/30 [00:51<00:01,  1.76s/it, avr_loss=0.12] 
steps: 100%|██████████| 30/30 [00:52<00:00,  1.76s/it, avr_loss=0.12]
steps: 100%|██████████| 30/30 [00:52<00:00,  1.76s/it, avr_loss=0.117]2025-08-01 15:11:16 INFO     save trained model as StableDiffusion checkpoint to          train_util.py:5952
                             /home/eqx/AutoTrainX/workspace/output/b09g13/model/b09g13_SX                   
                             1_3c0b9b7f.safetensors                                                         
2025-08-01 15:11:26 INFO     model saved.                                                  sdxl_train.py:888

steps: 100%|██████████| 30/30 [01:03<00:00,  2.10s/it, avr_loss=0.117]

epoch 1/2

epoch 2/2
