# AutoTrainX Training Log
# Dataset: m14w00dh4ll
# Preset: SX1
# Job ID: 3b9fbea8
# Start Time: 2025-08-03T22:46:59.982047
# Mode: single
# Command: /home/eqx/AutoTrainX/venv/bin/python /home/eqx/AutoTrainX/sd-scripts/sdxl_train.py --config_file /home/eqx/AutoTrainX/workspace/Presets/m14w00dh4ll_SX1_3b9fbea8.toml --max_grad_norm=0.0 --no_half_vae --train_text_encoder --learning_rate_te2=0
================================================================================

2025-08-03 22:47:02 INFO     Loading settings from                                        train_util.py:4651
                             /home/eqx/AutoTrainX/workspace/Presets/m14w00dh4ll_SX1_3b9fb                   
                             ea8.toml...                                                                    
                    WARNING  clip_skip will be unexpected /                           sdxl_train_util.py:349
                             SDXL学習ではclip_skipは動作しません                                            
2025-08-03 22:47:03 INFO     Using DreamBooth method.                                      sdxl_train.py:153
                    INFO     prepare images.                                              train_util.py:2072
                    INFO     get image size from name of cache files                      train_util.py:1965

  0%|          | 0/3 [00:00<?, ?it/s]
100%|██████████| 3/3 [00:00<00:00, 65196.44it/s]
                    INFO     set image size from cache files: 0/3                         train_util.py:1995
                    INFO     found directory                                              train_util.py:2019
                             /home/eqx/AutoTrainX/workspace/output/m14w00dh4ll/img/30_m14                   
                             w00dh4ll person contains 3 image files                                         

read caption:   0%|          | 0/3 [00:00<?, ?it/s]
read caption: 100%|██████████| 3/3 [00:00<00:00, 34473.73it/s]
                    INFO     90 train images with repeats.                                train_util.py:2116
                    INFO     0 reg images with repeats.                                   train_util.py:2120
                    WARNING  no regularization images / 正則化画像が見つかりませんでした  train_util.py:2125
                    INFO     [Dataset 0]                                                  config_util.py:580
                               batch_size: 2                                                                
                               resolution: (1024, 1280)                                                     
                               resize_interpolation: None                                                   
                               enable_bucket: False                                                         
                                                                                                            
                               [Subset 0 of Dataset 0]                                                      
                                 image_dir:                                                                 
                             "/home/eqx/AutoTrainX/workspace/output/m14w00dh4ll/img/30_m1                   
                             4w00dh4ll person"                                                              
                                 image_count: 3                                                             
                                 num_repeats: 30                                                            
                                 shuffle_caption: False                                                     
                                 keep_tokens: 0                                                             
                                 caption_dropout_rate: 0                                                    
                                 caption_dropout_every_n_epochs: 0                                          
                                 caption_tag_dropout_rate: 0.0                                              
                                 caption_prefix: None                                                       
                                 caption_suffix: None                                                       
                                 color_aug: False                                                           
                                 flip_aug: False                                                            
                                 face_crop_aug_range: None                                                  
                                 random_crop: False                                                         
                                 token_warmup_min: 1,                                                       
                                 token_warmup_step: 0,                                                      
                                 alpha_mask: False                                                          
                                 resize_interpolation: None                                                 
                                 custom_attributes: {}                                                      
                                 is_reg: False                                                              
                                 class_tokens: m14w00dh4ll person                                           
                                 caption_extension: .txt                                                    
                                                                                                            
                                                                                                            
                    INFO     [Prepare dataset 0]                                          config_util.py:592
                    INFO     loading image sizes.                                          train_util.py:987

  0%|          | 0/3 [00:00<?, ?it/s]
100%|██████████| 3/3 [00:00<00:00, 42083.32it/s]
                    INFO     prepare dataset                                              train_util.py:1012
                    INFO     prepare accelerator                                           sdxl_train.py:211
                    INFO     loading model for process 0/1                             sdxl_train_util.py:32
                    INFO     load StableDiffusion checkpoint:                          sdxl_train_util.py:73
                             /home/eqx/AutoTrainX/models/SDXLModel.safetensors                              
                    INFO     building U-Net                                           sdxl_model_util.py:198
                    INFO     loading U-Net from checkpoint                            sdxl_model_util.py:202
2025-08-03 22:47:04 INFO     U-Net: <All keys matched successfully>                   sdxl_model_util.py:208
                    INFO     building text encoders                                   sdxl_model_util.py:211
                    INFO     loading text encoders from checkpoint                    sdxl_model_util.py:264
                    INFO     text encoder 1: <All keys matched successfully>          sdxl_model_util.py:278
2025-08-03 22:47:05 INFO     text encoder 2: <All keys matched successfully>          sdxl_model_util.py:282
                    INFO     building VAE                                             sdxl_model_util.py:285
                    INFO     loading VAE from checkpoint                              sdxl_model_util.py:290
                    INFO     VAE: <All keys matched successfully>                     sdxl_model_util.py:293
                    INFO     load VAE: stabilityai/sdxl-vae                               model_util.py:1267
2025-08-03 22:47:06 INFO     additional VAE loaded                                    sdxl_train_util.py:131
                    INFO     [Dataset 0]                                                  train_util.py:2613
                    INFO     caching latents with caching strategy.                       train_util.py:1115
                    INFO     caching latents...                                           train_util.py:1164
accelerator device: cuda
Disable Diffusers' xformers

  0%|          | 0/3 [00:00<?, ?it/s]
 67%|██████▋   | 2/3 [00:00<00:00,  3.08it/s]
100%|██████████| 3/3 [00:00<00:00,  4.62it/s]
2025-08-03 22:47:07 INFO     use Adafactor optimizer | {'scale_parameter': False,         train_util.py:4963
                             'relative_step': False, 'warmup_init': False,                                  
                             'weight_decay': 0.01}                                                          
                    WARNING  constant_with_warmup will be good /                          train_util.py:4995
                             スケジューラはconstant_with_warmupが良いかもしれません                         
enable text encoder training
train unet: True, text_encoder1: True, text_encoder2: False
number of models: 2
number of trainable parameters: 2690524164
prepare optimizer, data loader etc.
override steps. steps for 2 epochs is / 指定エポックまでのステップ数: 90
enable full bf16 training.
running training / 学習開始
  num examples / サンプル数: 90
  num batches per epoch / 1epochのバッチ数: 45
  num epochs / epoch数: 2
  batch size per device / バッチサイズ: 2
  gradient accumulation steps / 勾配を合計するステップ数 = 1
  total optimization steps / 学習ステップ数: 90

steps:   0%|          | 0/90 [00:00<?, ?it/s]2025-08-03 22:47:08 INFO     epoch is incremented. current_epoch: 0, epoch: 1              train_util.py:779

steps:   1%|          | 1/90 [00:02<03:22,  2.27s/it]
steps:   1%|          | 1/90 [00:02<03:22,  2.28s/it, avr_loss=0.179]
steps:   2%|▏         | 2/90 [00:06<04:46,  3.26s/it, avr_loss=0.179]
steps:   2%|▏         | 2/90 [00:06<04:46,  3.26s/it, avr_loss=0.183]
steps:   3%|▎         | 3/90 [00:08<03:58,  2.75s/it, avr_loss=0.183]
steps:   3%|▎         | 3/90 [00:08<03:58,  2.75s/it, avr_loss=0.144]
steps:   4%|▍         | 4/90 [00:09<03:32,  2.47s/it, avr_loss=0.144]
steps:   4%|▍         | 4/90 [00:09<03:32,  2.47s/it, avr_loss=0.147]
steps:   6%|▌         | 5/90 [00:11<03:15,  2.30s/it, avr_loss=0.147]
steps:   6%|▌         | 5/90 [00:11<03:15,  2.30s/it, avr_loss=0.156]
steps:   7%|▋         | 6/90 [00:13<03:02,  2.17s/it, avr_loss=0.156]
steps:   7%|▋         | 6/90 [00:13<03:02,  2.17s/it, avr_loss=0.155]
steps:   8%|▊         | 7/90 [00:14<02:51,  2.06s/it, avr_loss=0.155]
steps:   8%|▊         | 7/90 [00:14<02:51,  2.06s/it, avr_loss=0.162]
steps:   9%|▉         | 8/90 [00:16<02:44,  2.00s/it, avr_loss=0.162]
steps:   9%|▉         | 8/90 [00:16<02:44,  2.00s/it, avr_loss=0.173]
steps:  10%|█         | 9/90 [00:17<02:38,  1.95s/it, avr_loss=0.173]
steps:  10%|█         | 9/90 [00:17<02:38,  1.96s/it, avr_loss=0.173]
steps:  11%|█         | 10/90 [00:19<02:33,  1.92s/it, avr_loss=0.173]
steps:  11%|█         | 10/90 [00:19<02:33,  1.92s/it, avr_loss=0.159]
steps:  12%|█▏        | 11/90 [00:20<02:29,  1.89s/it, avr_loss=0.159]
steps:  12%|█▏        | 11/90 [00:20<02:29,  1.89s/it, avr_loss=0.163]
steps:  13%|█▎        | 12/90 [00:22<02:25,  1.86s/it, avr_loss=0.163]
steps:  13%|█▎        | 12/90 [00:22<02:25,  1.86s/it, avr_loss=0.152]
steps:  14%|█▍        | 13/90 [00:23<02:21,  1.84s/it, avr_loss=0.152]
steps:  14%|█▍        | 13/90 [00:23<02:21,  1.84s/it, avr_loss=0.142]
steps:  16%|█▌        | 14/90 [00:25<02:18,  1.82s/it, avr_loss=0.142]
steps:  16%|█▌        | 14/90 [00:25<02:18,  1.82s/it, avr_loss=0.143]
steps:  17%|█▋        | 15/90 [00:27<02:16,  1.82s/it, avr_loss=0.143]
steps:  17%|█▋        | 15/90 [00:27<02:16,  1.82s/it, avr_loss=0.14] 
steps:  18%|█▊        | 16/90 [00:28<02:12,  1.80s/it, avr_loss=0.14]
steps:  18%|█▊        | 16/90 [00:28<02:12,  1.80s/it, avr_loss=0.143]
steps:  19%|█▉        | 17/90 [00:30<02:10,  1.79s/it, avr_loss=0.143]
steps:  19%|█▉        | 17/90 [00:30<02:10,  1.79s/it, avr_loss=0.154]
steps:  20%|██        | 18/90 [00:31<02:07,  1.78s/it, avr_loss=0.154]
steps:  20%|██        | 18/90 [00:31<02:07,  1.78s/it, avr_loss=0.15] 
steps:  21%|██        | 19/90 [00:33<02:05,  1.77s/it, avr_loss=0.15]
steps:  21%|██        | 19/90 [00:33<02:05,  1.77s/it, avr_loss=0.156]
steps:  22%|██▏       | 20/90 [00:35<02:03,  1.77s/it, avr_loss=0.156]
steps:  22%|██▏       | 20/90 [00:35<02:03,  1.77s/it, avr_loss=0.153]
steps:  23%|██▎       | 21/90 [00:37<02:01,  1.77s/it, avr_loss=0.153]
steps:  23%|██▎       | 21/90 [00:37<02:01,  1.77s/it, avr_loss=0.153]
steps:  24%|██▍       | 22/90 [00:41<02:07,  1.88s/it, avr_loss=0.153]
steps:  24%|██▍       | 22/90 [00:41<02:07,  1.88s/it, avr_loss=0.154]
steps:  26%|██▌       | 23/90 [00:42<02:05,  1.87s/it, avr_loss=0.154]
steps:  26%|██▌       | 23/90 [00:42<02:05,  1.87s/it, avr_loss=0.154]
steps:  27%|██▋       | 24/90 [00:44<02:02,  1.85s/it, avr_loss=0.154]
steps:  27%|██▋       | 24/90 [00:44<02:02,  1.85s/it, avr_loss=0.152]
steps:  28%|██▊       | 25/90 [00:46<01:59,  1.84s/it, avr_loss=0.152]
steps:  28%|██▊       | 25/90 [00:46<01:59,  1.84s/it, avr_loss=0.157]
steps:  29%|██▉       | 26/90 [00:47<01:57,  1.83s/it, avr_loss=0.157]
steps:  29%|██▉       | 26/90 [00:47<01:57,  1.83s/it, avr_loss=0.152]
steps:  30%|███       | 27/90 [00:49<01:54,  1.82s/it, avr_loss=0.152]
steps:  30%|███       | 27/90 [00:49<01:54,  1.82s/it, avr_loss=0.15] 
steps:  31%|███       | 28/90 [00:50<01:52,  1.81s/it, avr_loss=0.15]
steps:  31%|███       | 28/90 [00:50<01:52,  1.81s/it, avr_loss=0.148]
steps:  32%|███▏      | 29/90 [00:52<01:50,  1.81s/it, avr_loss=0.148]
steps:  32%|███▏      | 29/90 [00:52<01:50,  1.81s/it, avr_loss=0.153]
steps:  33%|███▎      | 30/90 [00:53<01:47,  1.80s/it, avr_loss=0.153]
steps:  33%|███▎      | 30/90 [00:53<01:47,  1.80s/it, avr_loss=0.149]
steps:  34%|███▍      | 31/90 [00:55<01:45,  1.79s/it, avr_loss=0.149]
steps:  34%|███▍      | 31/90 [00:55<01:45,  1.79s/it, avr_loss=0.144]
steps:  36%|███▌      | 32/90 [00:56<01:43,  1.78s/it, avr_loss=0.144]
steps:  36%|███▌      | 32/90 [00:56<01:43,  1.78s/it, avr_loss=0.141]
steps:  37%|███▋      | 33/90 [00:58<01:41,  1.78s/it, avr_loss=0.141]
steps:  37%|███▋      | 33/90 [00:58<01:41,  1.78s/it, avr_loss=0.141]
steps:  38%|███▊      | 34/90 [01:00<01:39,  1.77s/it, avr_loss=0.141]
steps:  38%|███▊      | 34/90 [01:00<01:39,  1.77s/it, avr_loss=0.139]
steps:  39%|███▉      | 35/90 [01:01<01:37,  1.77s/it, avr_loss=0.139]
steps:  39%|███▉      | 35/90 [01:01<01:37,  1.77s/it, avr_loss=0.145]
steps:  40%|████      | 36/90 [01:03<01:35,  1.76s/it, avr_loss=0.145]
steps:  40%|████      | 36/90 [01:03<01:35,  1.76s/it, avr_loss=0.146]
steps:  41%|████      | 37/90 [01:05<01:33,  1.76s/it, avr_loss=0.146]
steps:  41%|████      | 37/90 [01:05<01:33,  1.76s/it, avr_loss=0.147]
steps:  42%|████▏     | 38/90 [01:06<01:31,  1.75s/it, avr_loss=0.147]
steps:  42%|████▏     | 38/90 [01:06<01:31,  1.75s/it, avr_loss=0.148]
steps:  43%|████▎     | 39/90 [01:08<01:29,  1.75s/it, avr_loss=0.148]
steps:  43%|████▎     | 39/90 [01:08<01:29,  1.75s/it, avr_loss=0.149]
steps:  44%|████▍     | 40/90 [01:09<01:27,  1.75s/it, avr_loss=0.149]
steps:  44%|████▍     | 40/90 [01:09<01:27,  1.75s/it, avr_loss=0.149]
steps:  46%|████▌     | 41/90 [01:11<01:25,  1.75s/it, avr_loss=0.149]
steps:  46%|████▌     | 41/90 [01:11<01:25,  1.75s/it, avr_loss=0.154]
steps:  47%|████▋     | 42/90 [01:16<01:27,  1.81s/it, avr_loss=0.154]
steps:  47%|████▋     | 42/90 [01:16<01:27,  1.81s/it, avr_loss=0.153]
steps:  48%|████▊     | 43/90 [01:17<01:24,  1.81s/it, avr_loss=0.153]
steps:  48%|████▊     | 43/90 [01:17<01:24,  1.81s/it, avr_loss=0.15] 
steps:  49%|████▉     | 44/90 [01:19<01:22,  1.80s/it, avr_loss=0.15]
steps:  49%|████▉     | 44/90 [01:19<01:22,  1.80s/it, avr_loss=0.148]
steps:  50%|█████     | 45/90 [01:21<01:21,  1.80s/it, avr_loss=0.148]
steps:  50%|█████     | 45/90 [01:21<01:21,  1.80s/it, avr_loss=0.145]2025-08-03 22:48:29 INFO     epoch is incremented. current_epoch: 1, epoch: 2              train_util.py:779

steps:  51%|█████     | 46/90 [01:22<01:18,  1.79s/it, avr_loss=0.145]
steps:  51%|█████     | 46/90 [01:22<01:18,  1.79s/it, avr_loss=0.145]
steps:  52%|█████▏    | 47/90 [01:24<01:16,  1.79s/it, avr_loss=0.145]
steps:  52%|█████▏    | 47/90 [01:24<01:16,  1.79s/it, avr_loss=0.142]
steps:  53%|█████▎    | 48/90 [01:25<01:15,  1.79s/it, avr_loss=0.142]
steps:  53%|█████▎    | 48/90 [01:25<01:15,  1.79s/it, avr_loss=0.142]
steps:  54%|█████▍    | 49/90 [01:27<01:13,  1.78s/it, avr_loss=0.142]
steps:  54%|█████▍    | 49/90 [01:27<01:13,  1.78s/it, avr_loss=0.141]
steps:  56%|█████▌    | 50/90 [01:28<01:11,  1.78s/it, avr_loss=0.141]
steps:  56%|█████▌    | 50/90 [01:28<01:11,  1.78s/it, avr_loss=0.141]
steps:  57%|█████▋    | 51/90 [01:30<01:09,  1.77s/it, avr_loss=0.141]
steps:  57%|█████▋    | 51/90 [01:30<01:09,  1.77s/it, avr_loss=0.14] 
steps:  58%|█████▊    | 52/90 [01:31<01:07,  1.77s/it, avr_loss=0.14]
steps:  58%|█████▊    | 52/90 [01:31<01:07,  1.77s/it, avr_loss=0.139]
steps:  59%|█████▉    | 53/90 [01:33<01:05,  1.76s/it, avr_loss=0.139]
steps:  59%|█████▉    | 53/90 [01:33<01:05,  1.76s/it, avr_loss=0.138]
steps:  60%|██████    | 54/90 [01:34<01:03,  1.76s/it, avr_loss=0.138]
steps:  60%|██████    | 54/90 [01:34<01:03,  1.76s/it, avr_loss=0.14] 
steps:  61%|██████    | 55/90 [01:36<01:01,  1.76s/it, avr_loss=0.14]
steps:  61%|██████    | 55/90 [01:36<01:01,  1.76s/it, avr_loss=0.143]
steps:  62%|██████▏   | 56/90 [01:38<00:59,  1.75s/it, avr_loss=0.143]
steps:  62%|██████▏   | 56/90 [01:38<00:59,  1.75s/it, avr_loss=0.141]
steps:  63%|██████▎   | 57/90 [01:39<00:57,  1.75s/it, avr_loss=0.141]
steps:  63%|██████▎   | 57/90 [01:39<00:57,  1.75s/it, avr_loss=0.142]
steps:  64%|██████▍   | 58/90 [01:41<00:56,  1.75s/it, avr_loss=0.142]
steps:  64%|██████▍   | 58/90 [01:41<00:56,  1.75s/it, avr_loss=0.143]
steps:  66%|██████▌   | 59/90 [01:43<00:54,  1.75s/it, avr_loss=0.143]
steps:  66%|██████▌   | 59/90 [01:43<00:54,  1.75s/it, avr_loss=0.142]
steps:  67%|██████▋   | 60/90 [01:44<00:52,  1.75s/it, avr_loss=0.142]
steps:  67%|██████▋   | 60/90 [01:44<00:52,  1.75s/it, avr_loss=0.144]
steps:  68%|██████▊   | 61/90 [01:46<00:50,  1.75s/it, avr_loss=0.144]
steps:  68%|██████▊   | 61/90 [01:46<00:50,  1.75s/it, avr_loss=0.142]
steps:  69%|██████▉   | 62/90 [01:50<00:50,  1.79s/it, avr_loss=0.142]
steps:  69%|██████▉   | 62/90 [01:50<00:50,  1.79s/it, avr_loss=0.137]
steps:  70%|███████   | 63/90 [01:52<00:48,  1.79s/it, avr_loss=0.137]
steps:  70%|███████   | 63/90 [01:52<00:48,  1.79s/it, avr_loss=0.139]
steps:  71%|███████   | 64/90 [01:54<00:46,  1.78s/it, avr_loss=0.139]
steps:  71%|███████   | 64/90 [01:54<00:46,  1.78s/it, avr_loss=0.135]
steps:  72%|███████▏  | 65/90 [01:55<00:44,  1.78s/it, avr_loss=0.135]
steps:  72%|███████▏  | 65/90 [01:55<00:44,  1.78s/it, avr_loss=0.134]
steps:  73%|███████▎  | 66/90 [01:57<00:42,  1.78s/it, avr_loss=0.134]
steps:  73%|███████▎  | 66/90 [01:57<00:42,  1.78s/it, avr_loss=0.133]
steps:  74%|███████▍  | 67/90 [01:58<00:40,  1.77s/it, avr_loss=0.133]
steps:  74%|███████▍  | 67/90 [01:58<00:40,  1.77s/it, avr_loss=0.13] 
steps:  76%|███████▌  | 68/90 [02:00<00:38,  1.77s/it, avr_loss=0.13]
steps:  76%|███████▌  | 68/90 [02:00<00:38,  1.77s/it, avr_loss=0.127]
steps:  77%|███████▋  | 69/90 [02:02<00:37,  1.77s/it, avr_loss=0.127]
steps:  77%|███████▋  | 69/90 [02:02<00:37,  1.77s/it, avr_loss=0.126]
steps:  78%|███████▊  | 70/90 [02:03<00:35,  1.77s/it, avr_loss=0.126]
steps:  78%|███████▊  | 70/90 [02:03<00:35,  1.77s/it, avr_loss=0.124]
steps:  79%|███████▉  | 71/90 [02:05<00:33,  1.76s/it, avr_loss=0.124]
steps:  79%|███████▉  | 71/90 [02:05<00:33,  1.76s/it, avr_loss=0.127]
steps:  80%|████████  | 72/90 [02:06<00:31,  1.76s/it, avr_loss=0.127]
steps:  80%|████████  | 72/90 [02:06<00:31,  1.76s/it, avr_loss=0.125]
steps:  81%|████████  | 73/90 [02:08<00:29,  1.76s/it, avr_loss=0.125]
steps:  81%|████████  | 73/90 [02:08<00:29,  1.76s/it, avr_loss=0.127]
steps:  82%|████████▏ | 74/90 [02:09<00:28,  1.75s/it, avr_loss=0.127]
steps:  82%|████████▏ | 74/90 [02:09<00:28,  1.75s/it, avr_loss=0.121]
steps:  83%|████████▎ | 75/90 [02:11<00:26,  1.75s/it, avr_loss=0.121]
steps:  83%|████████▎ | 75/90 [02:11<00:26,  1.75s/it, avr_loss=0.123]
steps:  84%|████████▍ | 76/90 [02:13<00:24,  1.75s/it, avr_loss=0.123]
steps:  84%|████████▍ | 76/90 [02:13<00:24,  1.75s/it, avr_loss=0.125]
steps:  86%|████████▌ | 77/90 [02:14<00:22,  1.75s/it, avr_loss=0.125]
steps:  86%|████████▌ | 77/90 [02:14<00:22,  1.75s/it, avr_loss=0.126]
steps:  87%|████████▋ | 78/90 [02:16<00:20,  1.74s/it, avr_loss=0.126]
steps:  87%|████████▋ | 78/90 [02:16<00:20,  1.74s/it, avr_loss=0.129]
steps:  88%|████████▊ | 79/90 [02:17<00:19,  1.74s/it, avr_loss=0.129]
steps:  88%|████████▊ | 79/90 [02:17<00:19,  1.74s/it, avr_loss=0.127]
steps:  89%|████████▉ | 80/90 [02:19<00:17,  1.74s/it, avr_loss=0.127]
steps:  89%|████████▉ | 80/90 [02:19<00:17,  1.74s/it, avr_loss=0.121]
steps:  90%|█████████ | 81/90 [02:21<00:15,  1.75s/it, avr_loss=0.121]
steps:  90%|█████████ | 81/90 [02:21<00:15,  1.75s/it, avr_loss=0.125]
steps:  91%|█████████ | 82/90 [02:25<00:14,  1.78s/it, avr_loss=0.125]
steps:  91%|█████████ | 82/90 [02:25<00:14,  1.78s/it, avr_loss=0.122]
steps:  92%|█████████▏| 83/90 [02:27<00:12,  1.77s/it, avr_loss=0.122]
steps:  92%|█████████▏| 83/90 [02:27<00:12,  1.77s/it, avr_loss=0.122]
steps:  93%|█████████▎| 84/90 [02:28<00:10,  1.77s/it, avr_loss=0.122]
steps:  93%|█████████▎| 84/90 [02:28<00:10,  1.77s/it, avr_loss=0.122]
steps:  94%|█████████▍| 85/90 [02:30<00:08,  1.77s/it, avr_loss=0.122]
steps:  94%|█████████▍| 85/90 [02:30<00:08,  1.77s/it, avr_loss=0.119]
steps:  96%|█████████▌| 86/90 [02:32<00:07,  1.77s/it, avr_loss=0.119]
steps:  96%|█████████▌| 86/90 [02:32<00:07,  1.77s/it, avr_loss=0.116]
steps:  97%|█████████▋| 87/90 [02:33<00:05,  1.77s/it, avr_loss=0.116]
steps:  97%|█████████▋| 87/90 [02:33<00:05,  1.77s/it, avr_loss=0.117]
steps:  98%|█████████▊| 88/90 [02:35<00:03,  1.76s/it, avr_loss=0.117]
steps:  98%|█████████▊| 88/90 [02:35<00:03,  1.76s/it, avr_loss=0.119]
steps:  99%|█████████▉| 89/90 [02:36<00:01,  1.76s/it, avr_loss=0.119]
steps:  99%|█████████▉| 89/90 [02:36<00:01,  1.76s/it, avr_loss=0.121]
steps: 100%|██████████| 90/90 [02:38<00:00,  1.76s/it, avr_loss=0.121]
steps: 100%|██████████| 90/90 [02:38<00:00,  1.76s/it, avr_loss=0.125]2025-08-03 22:49:47 INFO     save trained model as StableDiffusion checkpoint to          train_util.py:5952
                             /home/eqx/AutoTrainX/workspace/output/m14w00dh4ll/model/m14w                   
                             00dh4ll_SX1_3b9fbea8.safetensors                                               
2025-08-03 22:49:57 INFO     model saved.                                                  sdxl_train.py:888

steps: 100%|██████████| 90/90 [02:48<00:00,  1.88s/it, avr_loss=0.125]

epoch 1/2

epoch 2/2
