# AutoTrainX Training Log
# Dataset: m14w00dh4ll
# Preset: SX1
# Job ID: 8ea6ead4
# Start Time: 2025-08-02T18:48:06.083336
# Mode: single
# Command: /home/eqx/AutoTrainX/venv/bin/python /home/eqx/AutoTrainX/sd-scripts/sdxl_train.py --config_file /home/eqx/AutoTrainX/workspace/Presets/m14w00dh4ll_SX1_8ea6ead4.toml --max_grad_norm=0.0 --no_half_vae --train_text_encoder --learning_rate_te2=0
================================================================================

2025-08-02 18:48:09 INFO     Loading settings from            train_util.py:4651
                             /home/eqx/AutoTrainX/workspace/P                   
                             resets/m14w00dh4ll_SX1_8ea6ead4.                   
                             toml...                                            
                    WARNING  clip_skip will be unexpected sdxl_train_util.py:349
                             /                                                  
                             SDXL学習ではclip_skipは動作                        
                             しません                                           
2025-08-02 18:48:10 INFO     Using DreamBooth method.          sdxl_train.py:153
                    INFO     prepare images.                  train_util.py:2072
                    INFO     get image size from name of      train_util.py:1965
                             cache files                                        

  0%|          | 0/3 [00:00<?, ?it/s]
100%|██████████| 3/3 [00:00<00:00, 114390.11it/s]
                    INFO     set image size from cache files: train_util.py:1995
                             0/3                                                
                    INFO     found directory                  train_util.py:2019
                             /home/eqx/AutoTrainX/workspace/o                   
                             utput/m14w00dh4ll/img/30_m14w00d                   
                             h4ll person contains 3 image                       
                             files                                              

read caption:   0%|          | 0/3 [00:00<?, ?it/s]
read caption: 100%|██████████| 3/3 [00:00<00:00, 29537.35it/s]
                    INFO     90 train images with repeats.    train_util.py:2116
                    INFO     0 reg images with repeats.       train_util.py:2120
                    WARNING  no regularization images /       train_util.py:2125
                             正則化画像が見つかりませんでした                   
                    INFO     [Dataset 0]                      config_util.py:580
                               batch_size: 2                                    
                               resolution: (1024, 1280)                         
                               resize_interpolation: None                       
                               enable_bucket: False                             
                                                                                
                               [Subset 0 of Dataset 0]                          
                                 image_dir:                                     
                             "/home/eqx/AutoTrainX/workspace/                   
                             output/m14w00dh4ll/img/30_m14w00                   
                             dh4ll person"                                      
                                 image_count: 3                                 
                                 num_repeats: 30                                
                                 shuffle_caption: False                         
                                 keep_tokens: 0                                 
                                 caption_dropout_rate: 0                        
                                 caption_dropout_every_n_epoc                   
                             hs: 0                                              
                                 caption_tag_dropout_rate:                      
                             0.0                                                
                                 caption_prefix: None                           
                                 caption_suffix: None                           
                                 color_aug: False                               
                                 flip_aug: False                                
                                 face_crop_aug_range: None                      
                                 random_crop: False                             
                                 token_warmup_min: 1,                           
                                 token_warmup_step: 0,                          
                                 alpha_mask: False                              
                                 resize_interpolation: None                     
                                 custom_attributes: {}                          
                                 is_reg: False                                  
                                 class_tokens: m14w00dh4ll                      
                             person                                             
                                 caption_extension: .txt                        
                                                                                
                                                                                
                    INFO     [Prepare dataset 0]              config_util.py:592
                    INFO     loading image sizes.              train_util.py:987

  0%|          | 0/3 [00:00<?, ?it/s]
100%|██████████| 3/3 [00:00<00:00, 18978.75it/s]
                    INFO     prepare dataset                  train_util.py:1012
                    INFO     prepare accelerator               sdxl_train.py:211
                    INFO     loading model for process 0/1 sdxl_train_util.py:32
                    INFO     load StableDiffusion          sdxl_train_util.py:73
                             checkpoint:                                        
                             /home/eqx/AutoTrainX/models/S                      
                             DXLModel.safetensors                               
                    INFO     building U-Net               sdxl_model_util.py:198
                    INFO     loading U-Net from           sdxl_model_util.py:202
                             checkpoint                                         
2025-08-02 18:48:12 INFO     U-Net: <All keys matched     sdxl_model_util.py:208
                             successfully>                                      
                    INFO     building text encoders       sdxl_model_util.py:211
                    INFO     loading text encoders from   sdxl_model_util.py:264
                             checkpoint                                         
                    INFO     text encoder 1: <All keys    sdxl_model_util.py:278
                             matched successfully>                              
2025-08-02 18:48:13 INFO     text encoder 2: <All keys    sdxl_model_util.py:282
                             matched successfully>                              
                    INFO     building VAE                 sdxl_model_util.py:285
                    INFO     loading VAE from checkpoint  sdxl_model_util.py:290
                    INFO     VAE: <All keys matched       sdxl_model_util.py:293
                             successfully>                                      
                    INFO     load VAE: stabilityai/sdxl-vae   model_util.py:1267
                    INFO     additional VAE loaded        sdxl_train_util.py:131
2025-08-02 18:48:14 INFO     [Dataset 0]                      train_util.py:2613
                    INFO     caching latents with caching     train_util.py:1115
                             strategy.                                          
                    INFO     caching latents...               train_util.py:1164
accelerator device: cuda
Disable Diffusers' xformers

  0%|          | 0/3 [00:00<?, ?it/s]
 67%|██████▋   | 2/3 [00:00<00:00,  2.75it/s]
100%|██████████| 3/3 [00:00<00:00,  4.13it/s]
2025-08-02 18:48:15 INFO     use Adafactor optimizer |        train_util.py:4963
                             {'scale_parameter': False,                         
                             'relative_step': False,                            
                             'warmup_init': False,                              
                             'weight_decay': 0.01}                              
                    WARNING  constant_with_warmup will be     train_util.py:4995
                             good /                                             
                             スケジューラはconstant_with_warm                   
                             upが良いかもしれません                             
enable text encoder training
train unet: True, text_encoder1: True, text_encoder2: False
number of models: 2
number of trainable parameters: 2690524164
prepare optimizer, data loader etc.
override steps. steps for 2 epochs is / 指定エポックまでのステップ数: 90
enable full bf16 training.
running training / 学習開始
  num examples / サンプル数: 90
  num batches per epoch / 1epochのバッチ数: 45
  num epochs / epoch数: 2
  batch size per device / バッチサイズ: 2
  gradient accumulation steps / 勾配を合計するステップ数 = 1
  total optimization steps / 学習ステップ数: 90

steps:   0%|          | 0/90 [00:00<?, ?it/s]2025-08-02 18:48:16 INFO     epoch is incremented.             train_util.py:779
                             current_epoch: 0, epoch: 1                         

steps:   1%|          | 1/90 [00:02<03:55,  2.64s/it]
steps:   1%|          | 1/90 [00:02<03:55,  2.64s/it, avr_loss=0.0397]
steps:   2%|▏         | 2/90 [00:04<03:22,  2.30s/it, avr_loss=0.0397]
steps:   2%|▏         | 2/90 [00:04<03:22,  2.30s/it, avr_loss=0.0304]
steps:   3%|▎         | 3/90 [00:06<03:11,  2.20s/it, avr_loss=0.0304]
steps:   3%|▎         | 3/90 [00:06<03:11,  2.20s/it, avr_loss=0.026] 
steps:   4%|▍         | 4/90 [00:08<03:04,  2.15s/it, avr_loss=0.026]
steps:   4%|▍         | 4/90 [00:08<03:04,  2.15s/it, avr_loss=0.0502]
steps:   6%|▌         | 5/90 [00:10<02:56,  2.08s/it, avr_loss=0.0502]
steps:   6%|▌         | 5/90 [00:10<02:56,  2.08s/it, avr_loss=0.0625]
steps:   7%|▋         | 6/90 [00:12<02:51,  2.04s/it, avr_loss=0.0625]
steps:   7%|▋         | 6/90 [00:12<02:51,  2.04s/it, avr_loss=0.0995]
steps:   8%|▊         | 7/90 [00:14<02:50,  2.05s/it, avr_loss=0.0995]
steps:   8%|▊         | 7/90 [00:14<02:50,  2.05s/it, avr_loss=0.113] 
steps:   9%|▉         | 8/90 [00:16<02:46,  2.03s/it, avr_loss=0.113]
steps:   9%|▉         | 8/90 [00:16<02:46,  2.03s/it, avr_loss=0.105]
steps:  10%|█         | 9/90 [00:18<02:42,  2.00s/it, avr_loss=0.105]
steps:  10%|█         | 9/90 [00:18<02:42,  2.00s/it, avr_loss=0.126]
steps:  11%|█         | 10/90 [00:20<02:40,  2.00s/it, avr_loss=0.126]
steps:  11%|█         | 10/90 [00:20<02:40,  2.00s/it, avr_loss=0.116]
steps:  12%|█▏        | 11/90 [00:21<02:37,  1.99s/it, avr_loss=0.116]
steps:  12%|█▏        | 11/90 [00:21<02:37,  1.99s/it, avr_loss=0.113]
steps:  13%|█▎        | 12/90 [00:23<02:34,  1.98s/it, avr_loss=0.113]
steps:  13%|█▎        | 12/90 [00:23<02:34,  1.98s/it, avr_loss=0.112]
steps:  14%|█▍        | 13/90 [00:25<02:31,  1.97s/it, avr_loss=0.112]
steps:  14%|█▍        | 13/90 [00:25<02:31,  1.97s/it, avr_loss=0.123]
steps:  16%|█▌        | 14/90 [00:27<02:28,  1.95s/it, avr_loss=0.123]
steps:  16%|█▌        | 14/90 [00:27<02:28,  1.95s/it, avr_loss=0.121]
steps:  17%|█▋        | 15/90 [00:29<02:25,  1.94s/it, avr_loss=0.121]
steps:  17%|█▋        | 15/90 [00:29<02:25,  1.94s/it, avr_loss=0.119]
steps:  18%|█▊        | 16/90 [00:30<02:21,  1.92s/it, avr_loss=0.119]
steps:  18%|█▊        | 16/90 [00:30<02:21,  1.92s/it, avr_loss=0.118]
steps:  19%|█▉        | 17/90 [00:32<02:19,  1.91s/it, avr_loss=0.118]
steps:  19%|█▉        | 17/90 [00:32<02:19,  1.91s/it, avr_loss=0.117]
steps:  20%|██        | 18/90 [00:34<02:16,  1.90s/it, avr_loss=0.117]
steps:  20%|██        | 18/90 [00:34<02:16,  1.90s/it, avr_loss=0.119]
steps:  21%|██        | 19/90 [00:36<02:15,  1.91s/it, avr_loss=0.119]
steps:  21%|██        | 19/90 [00:36<02:15,  1.91s/it, avr_loss=0.114]
steps:  22%|██▏       | 20/90 [00:37<02:12,  1.89s/it, avr_loss=0.114]
steps:  22%|██▏       | 20/90 [00:37<02:12,  1.89s/it, avr_loss=0.11] 
steps:  23%|██▎       | 21/90 [00:39<02:09,  1.88s/it, avr_loss=0.11]
steps:  23%|██▎       | 21/90 [00:39<02:09,  1.88s/it, avr_loss=0.114]
steps:  24%|██▍       | 22/90 [00:41<02:07,  1.88s/it, avr_loss=0.114]
steps:  24%|██▍       | 22/90 [00:41<02:07,  1.88s/it, avr_loss=0.11] 
steps:  26%|██▌       | 23/90 [00:42<02:05,  1.87s/it, avr_loss=0.11]
steps:  26%|██▌       | 23/90 [00:42<02:05,  1.87s/it, avr_loss=0.114]
steps:  27%|██▋       | 24/90 [00:44<02:02,  1.86s/it, avr_loss=0.114]
steps:  27%|██▋       | 24/90 [00:44<02:02,  1.86s/it, avr_loss=0.115]
steps:  28%|██▊       | 25/90 [00:46<02:00,  1.85s/it, avr_loss=0.115]
steps:  28%|██▊       | 25/90 [00:46<02:00,  1.85s/it, avr_loss=0.119]
steps:  29%|██▉       | 26/90 [00:48<01:58,  1.85s/it, avr_loss=0.119]
steps:  29%|██▉       | 26/90 [00:48<01:58,  1.85s/it, avr_loss=0.12] 
steps:  30%|███       | 27/90 [00:49<01:56,  1.84s/it, avr_loss=0.12]
steps:  30%|███       | 27/90 [00:49<01:56,  1.84s/it, avr_loss=0.125]
steps:  31%|███       | 28/90 [00:51<01:53,  1.84s/it, avr_loss=0.125]
steps:  31%|███       | 28/90 [00:51<01:53,  1.84s/it, avr_loss=0.121]
steps:  32%|███▏      | 29/90 [00:53<01:51,  1.83s/it, avr_loss=0.121]
steps:  32%|███▏      | 29/90 [00:53<01:51,  1.83s/it, avr_loss=0.118]
steps:  33%|███▎      | 30/90 [00:54<01:49,  1.83s/it, avr_loss=0.118]
steps:  33%|███▎      | 30/90 [00:54<01:49,  1.83s/it, avr_loss=0.12] 
steps:  34%|███▍      | 31/90 [00:57<01:48,  1.84s/it, avr_loss=0.12]
steps:  34%|███▍      | 31/90 [00:57<01:48,  1.84s/it, avr_loss=0.122]
steps:  36%|███▌      | 32/90 [00:58<01:46,  1.83s/it, avr_loss=0.122]
steps:  36%|███▌      | 32/90 [00:58<01:46,  1.83s/it, avr_loss=0.124]
steps:  37%|███▋      | 33/90 [01:00<01:44,  1.83s/it, avr_loss=0.124]
steps:  37%|███▋      | 33/90 [01:00<01:44,  1.83s/it, avr_loss=0.129]
steps:  38%|███▊      | 34/90 [01:01<01:41,  1.82s/it, avr_loss=0.129]
steps:  38%|███▊      | 34/90 [01:01<01:41,  1.82s/it, avr_loss=0.131]
steps:  39%|███▉      | 35/90 [01:03<01:39,  1.82s/it, avr_loss=0.131]
steps:  39%|███▉      | 35/90 [01:03<01:39,  1.82s/it, avr_loss=0.129]
steps:  40%|████      | 36/90 [01:05<01:37,  1.81s/it, avr_loss=0.129]
steps:  40%|████      | 36/90 [01:05<01:37,  1.81s/it, avr_loss=0.127]
steps:  41%|████      | 37/90 [01:06<01:35,  1.81s/it, avr_loss=0.127]
steps:  41%|████      | 37/90 [01:06<01:35,  1.81s/it, avr_loss=0.13] 
steps:  42%|████▏     | 38/90 [01:08<01:33,  1.81s/it, avr_loss=0.13]
steps:  42%|████▏     | 38/90 [01:08<01:33,  1.81s/it, avr_loss=0.13]
steps:  43%|████▎     | 39/90 [01:10<01:32,  1.80s/it, avr_loss=0.13]
steps:  43%|████▎     | 39/90 [01:10<01:32,  1.80s/it, avr_loss=0.129]
steps:  44%|████▍     | 40/90 [01:12<01:30,  1.80s/it, avr_loss=0.129]
steps:  44%|████▍     | 40/90 [01:12<01:30,  1.80s/it, avr_loss=0.127]
steps:  46%|████▌     | 41/90 [01:13<01:28,  1.80s/it, avr_loss=0.127]
steps:  46%|████▌     | 41/90 [01:13<01:28,  1.80s/it, avr_loss=0.128]
steps:  47%|████▋     | 42/90 [01:15<01:26,  1.79s/it, avr_loss=0.128]
steps:  47%|████▋     | 42/90 [01:15<01:26,  1.79s/it, avr_loss=0.129]
steps:  48%|████▊     | 43/90 [01:17<01:24,  1.79s/it, avr_loss=0.129]
steps:  48%|████▊     | 43/90 [01:17<01:24,  1.79s/it, avr_loss=0.129]
steps:  49%|████▉     | 44/90 [01:18<01:22,  1.79s/it, avr_loss=0.129]
steps:  49%|████▉     | 44/90 [01:18<01:22,  1.79s/it, avr_loss=0.131]
steps:  50%|█████     | 45/90 [01:20<01:20,  1.80s/it, avr_loss=0.131]
steps:  50%|█████     | 45/90 [01:20<01:20,  1.80s/it, avr_loss=0.128]2025-08-02 18:49:37 INFO     epoch is incremented.             train_util.py:779
                             current_epoch: 1, epoch: 2                         

steps:  51%|█████     | 46/90 [01:22<01:19,  1.80s/it, avr_loss=0.128]
steps:  51%|█████     | 46/90 [01:22<01:19,  1.80s/it, avr_loss=0.133]
steps:  52%|█████▏    | 47/90 [01:24<01:17,  1.80s/it, avr_loss=0.133]
steps:  52%|█████▏    | 47/90 [01:24<01:17,  1.80s/it, avr_loss=0.139]
steps:  53%|█████▎    | 48/90 [01:26<01:15,  1.80s/it, avr_loss=0.139]
steps:  53%|█████▎    | 48/90 [01:26<01:15,  1.80s/it, avr_loss=0.139]
steps:  54%|█████▍    | 49/90 [01:28<01:13,  1.80s/it, avr_loss=0.139]
steps:  54%|█████▍    | 49/90 [01:28<01:13,  1.80s/it, avr_loss=0.139]
steps:  56%|█████▌    | 50/90 [01:29<01:11,  1.80s/it, avr_loss=0.139]
steps:  56%|█████▌    | 50/90 [01:29<01:11,  1.80s/it, avr_loss=0.138]
steps:  57%|█████▋    | 51/90 [01:31<01:10,  1.80s/it, avr_loss=0.138]
steps:  57%|█████▋    | 51/90 [01:31<01:10,  1.80s/it, avr_loss=0.133]
steps:  58%|█████▊    | 52/90 [01:33<01:08,  1.80s/it, avr_loss=0.133]
steps:  58%|█████▊    | 52/90 [01:33<01:08,  1.80s/it, avr_loss=0.13] 
steps:  59%|█████▉    | 53/90 [01:35<01:06,  1.80s/it, avr_loss=0.13]
steps:  59%|█████▉    | 53/90 [01:35<01:06,  1.80s/it, avr_loss=0.133]
steps:  60%|██████    | 54/90 [01:37<01:04,  1.80s/it, avr_loss=0.133]
steps:  60%|██████    | 54/90 [01:37<01:04,  1.80s/it, avr_loss=0.132]
steps:  61%|██████    | 55/90 [01:38<01:02,  1.80s/it, avr_loss=0.132]
steps:  61%|██████    | 55/90 [01:38<01:02,  1.80s/it, avr_loss=0.135]
steps:  62%|██████▏   | 56/90 [01:40<01:01,  1.79s/it, avr_loss=0.135]
steps:  62%|██████▏   | 56/90 [01:40<01:01,  1.79s/it, avr_loss=0.134]
steps:  63%|██████▎   | 57/90 [01:42<00:59,  1.80s/it, avr_loss=0.134]
steps:  63%|██████▎   | 57/90 [01:42<00:59,  1.80s/it, avr_loss=0.134]
steps:  64%|██████▍   | 58/90 [01:44<00:57,  1.80s/it, avr_loss=0.134]
steps:  64%|██████▍   | 58/90 [01:44<00:57,  1.80s/it, avr_loss=0.13] 
steps:  66%|██████▌   | 59/90 [01:46<00:55,  1.80s/it, avr_loss=0.13]
steps:  66%|██████▌   | 59/90 [01:46<00:55,  1.80s/it, avr_loss=0.136]
steps:  67%|██████▋   | 60/90 [01:48<00:54,  1.80s/it, avr_loss=0.136]
steps:  67%|██████▋   | 60/90 [01:48<00:54,  1.80s/it, avr_loss=0.139]
steps:  68%|██████▊   | 61/90 [01:49<00:52,  1.80s/it, avr_loss=0.139]
steps:  68%|██████▊   | 61/90 [01:49<00:52,  1.80s/it, avr_loss=0.14] 
steps:  69%|██████▉   | 62/90 [01:51<00:50,  1.80s/it, avr_loss=0.14]
steps:  69%|██████▉   | 62/90 [01:51<00:50,  1.80s/it, avr_loss=0.14]
steps:  70%|███████   | 63/90 [01:53<00:48,  1.80s/it, avr_loss=0.14]
steps:  70%|███████   | 63/90 [01:53<00:48,  1.80s/it, avr_loss=0.14]
steps:  71%|███████   | 64/90 [01:55<00:46,  1.80s/it, avr_loss=0.14]
steps:  71%|███████   | 64/90 [01:55<00:46,  1.80s/it, avr_loss=0.145]
steps:  72%|███████▏  | 65/90 [01:57<00:45,  1.80s/it, avr_loss=0.145]
steps:  72%|███████▏  | 65/90 [01:57<00:45,  1.80s/it, avr_loss=0.149]
steps:  73%|███████▎  | 66/90 [01:58<00:43,  1.80s/it, avr_loss=0.149]
steps:  73%|███████▎  | 66/90 [01:58<00:43,  1.80s/it, avr_loss=0.146]
steps:  74%|███████▍  | 67/90 [02:00<00:41,  1.80s/it, avr_loss=0.146]
steps:  74%|███████▍  | 67/90 [02:00<00:41,  1.80s/it, avr_loss=0.149]
steps:  76%|███████▌  | 68/90 [02:02<00:39,  1.80s/it, avr_loss=0.149]
steps:  76%|███████▌  | 68/90 [02:02<00:39,  1.80s/it, avr_loss=0.15] 
steps:  77%|███████▋  | 69/90 [02:04<00:37,  1.80s/it, avr_loss=0.15]
steps:  77%|███████▋  | 69/90 [02:04<00:37,  1.80s/it, avr_loss=0.153]
steps:  78%|███████▊  | 70/90 [02:06<00:36,  1.80s/it, avr_loss=0.153]
steps:  78%|███████▊  | 70/90 [02:06<00:36,  1.80s/it, avr_loss=0.149]
steps:  79%|███████▉  | 71/90 [02:07<00:34,  1.80s/it, avr_loss=0.149]
steps:  79%|███████▉  | 71/90 [02:07<00:34,  1.80s/it, avr_loss=0.153]
steps:  80%|████████  | 72/90 [02:09<00:32,  1.80s/it, avr_loss=0.153]
steps:  80%|████████  | 72/90 [02:09<00:32,  1.80s/it, avr_loss=0.149]
steps:  81%|████████  | 73/90 [02:11<00:30,  1.80s/it, avr_loss=0.149]
steps:  81%|████████  | 73/90 [02:11<00:30,  1.80s/it, avr_loss=0.149]
steps:  82%|████████▏ | 74/90 [02:13<00:28,  1.80s/it, avr_loss=0.149]
steps:  82%|████████▏ | 74/90 [02:13<00:28,  1.80s/it, avr_loss=0.151]
steps:  83%|████████▎ | 75/90 [02:15<00:27,  1.80s/it, avr_loss=0.151]
steps:  83%|████████▎ | 75/90 [02:15<00:27,  1.80s/it, avr_loss=0.151]
steps:  84%|████████▍ | 76/90 [02:17<00:25,  1.80s/it, avr_loss=0.151]
steps:  84%|████████▍ | 76/90 [02:17<00:25,  1.80s/it, avr_loss=0.151]
steps:  86%|████████▌ | 77/90 [02:18<00:23,  1.80s/it, avr_loss=0.151]
steps:  86%|████████▌ | 77/90 [02:18<00:23,  1.80s/it, avr_loss=0.15] 
steps:  87%|████████▋ | 78/90 [02:20<00:21,  1.80s/it, avr_loss=0.15]
steps:  87%|████████▋ | 78/90 [02:20<00:21,  1.80s/it, avr_loss=0.147]
steps:  88%|████████▊ | 79/90 [02:22<00:19,  1.80s/it, avr_loss=0.147]
steps:  88%|████████▊ | 79/90 [02:22<00:19,  1.81s/it, avr_loss=0.145]
steps:  89%|████████▉ | 80/90 [02:24<00:18,  1.81s/it, avr_loss=0.145]
steps:  89%|████████▉ | 80/90 [02:24<00:18,  1.81s/it, avr_loss=0.146]
steps:  90%|█████████ | 81/90 [02:26<00:16,  1.81s/it, avr_loss=0.146]
steps:  90%|█████████ | 81/90 [02:26<00:16,  1.81s/it, avr_loss=0.146]
steps:  91%|█████████ | 82/90 [02:28<00:14,  1.81s/it, avr_loss=0.146]
steps:  91%|█████████ | 82/90 [02:28<00:14,  1.81s/it, avr_loss=0.141]
steps:  92%|█████████▏| 83/90 [02:30<00:12,  1.81s/it, avr_loss=0.141]
steps:  92%|█████████▏| 83/90 [02:30<00:12,  1.81s/it, avr_loss=0.144]
steps:  93%|█████████▎| 84/90 [02:31<00:10,  1.81s/it, avr_loss=0.144]
steps:  93%|█████████▎| 84/90 [02:31<00:10,  1.81s/it, avr_loss=0.142]
steps:  94%|█████████▍| 85/90 [02:33<00:09,  1.81s/it, avr_loss=0.142]
steps:  94%|█████████▍| 85/90 [02:33<00:09,  1.81s/it, avr_loss=0.145]
steps:  96%|█████████▌| 86/90 [02:35<00:07,  1.81s/it, avr_loss=0.145]
steps:  96%|█████████▌| 86/90 [02:35<00:07,  1.81s/it, avr_loss=0.147]
steps:  97%|█████████▋| 87/90 [02:37<00:05,  1.81s/it, avr_loss=0.147]
steps:  97%|█████████▋| 87/90 [02:37<00:05,  1.81s/it, avr_loss=0.145]
steps:  98%|█████████▊| 88/90 [02:38<00:03,  1.80s/it, avr_loss=0.145]
steps:  98%|█████████▊| 88/90 [02:38<00:03,  1.80s/it, avr_loss=0.146]
steps:  99%|█████████▉| 89/90 [02:40<00:01,  1.80s/it, avr_loss=0.146]
steps:  99%|█████████▉| 89/90 [02:40<00:01,  1.80s/it, avr_loss=0.144]
steps: 100%|██████████| 90/90 [02:42<00:00,  1.80s/it, avr_loss=0.144]
steps: 100%|██████████| 90/90 [02:42<00:00,  1.80s/it, avr_loss=0.146]2025-08-02 18:50:59 INFO     save trained model as            train_util.py:5952
                             StableDiffusion checkpoint to                      
                             /home/eqx/AutoTrainX/workspace/o                   
                             utput/m14w00dh4ll/model/m14w00dh                   
                             4ll_SX1_8ea6ead4.safetensors                       
2025-08-02 18:51:13 INFO     model saved.                      sdxl_train.py:888

steps: 100%|██████████| 90/90 [02:56<00:00,  1.97s/it, avr_loss=0.146]

epoch 1/2

epoch 2/2
