# AutoTrainX Training Log
# Dataset: m14w00dh4ll
# Preset: FL1
# Job ID: e1bb5a2b
# Start Time: 2025-08-02T15:09:36.898213
# Mode: single
# Command: /home/eqx/AutoTrainX/venv/bin/python /home/eqx/AutoTrainX/sd-scripts/flux_train_network.py --config_file /home/eqx/AutoTrainX/workspace/Presets/m14w00dh4ll_FL1_e1bb5a2b.toml
================================================================================

2025-08-02 15:09:42 INFO     Loading settings from                                        train_util.py:4651
                             /home/eqx/AutoTrainX/workspace/Presets/m14w00dh4ll_FL1_e1bb5                   
                             a2b.toml...                                                                    
                    INFO     highvram is enabled / highvramが有効です                     train_util.py:4316
2025-08-02 15:09:42 INFO     Checking the state dict: Diffusers or BFL, dev or schnell      flux_utils.py:43
                    INFO     t5xxl_max_token_length: 512                           flux_train_network.py:157
You are using the default legacy behaviour of the <class 'transformers.models.t5.tokenization_t5.T5Tokenizer'>. This is expected, and simply means that the `legacy` (previous) behavior will be used so nothing changes for you. If you want to use the new behaviour, set `legacy=False`. This should only be set if you understand what it means, and thoroughly read the reason why this was added as explained in https://github.com/huggingface/transformers/pull/24565
                    INFO     Using DreamBooth method.                                   train_network.py:517
                    INFO     prepare images.                                              train_util.py:2072
                    INFO     get image size from name of cache files                      train_util.py:1965

  0%|          | 0/3 [00:00<?, ?it/s]
100%|██████████| 3/3 [00:00<00:00, 102300.10it/s]
                    INFO     set image size from cache files: 0/3                         train_util.py:1995
                    INFO     found directory                                              train_util.py:2019
                             /home/eqx/AutoTrainX/workspace/output/m14w00dh4ll/img/30_m14                   
                             w00dh4ll person contains 3 image files                                         

read caption:   0%|          | 0/3 [00:00<?, ?it/s]
read caption: 100%|██████████| 3/3 [00:00<00:00, 29746.84it/s]
                    INFO     90 train images with repeats.                                train_util.py:2116
                    INFO     0 reg images with repeats.                                   train_util.py:2120
                    WARNING  no regularization images / 正則化画像が見つかりませんでした  train_util.py:2125
                    INFO     [Dataset 0]                                                  config_util.py:580
                               batch_size: 1                                                                
                               resolution: (1024, 1280)                                                     
                               resize_interpolation: None                                                   
                               enable_bucket: False                                                         
                                                                                                            
                               [Subset 0 of Dataset 0]                                                      
                                 image_dir:                                                                 
                             "/home/eqx/AutoTrainX/workspace/output/m14w00dh4ll/img/30_m1                   
                             4w00dh4ll person"                                                              
                                 image_count: 3                                                             
                                 num_repeats: 30                                                            
                                 shuffle_caption: False                                                     
                                 keep_tokens: 0                                                             
                                 caption_dropout_rate: 0.0                                                  
                                 caption_dropout_every_n_epochs: 0                                          
                                 caption_tag_dropout_rate: 0.0                                              
                                 caption_prefix: None                                                       
                                 caption_suffix: None                                                       
                                 color_aug: False                                                           
                                 flip_aug: False                                                            
                                 face_crop_aug_range: None                                                  
                                 random_crop: False                                                         
                                 token_warmup_min: 1,                                                       
                                 token_warmup_step: 0,                                                      
                                 alpha_mask: False                                                          
                                 resize_interpolation: None                                                 
                                 custom_attributes: {}                                                      
                                 is_reg: False                                                              
                                 class_tokens: m14w00dh4ll person                                           
                                 caption_extension: .txt                                                    
                                                                                                            
                                                                                                            
                    INFO     [Prepare dataset 0]                                          config_util.py:592
                    INFO     loading image sizes.                                          train_util.py:987

  0%|          | 0/3 [00:00<?, ?it/s]
100%|██████████| 3/3 [00:00<00:00, 38956.38it/s]
                    INFO     prepare dataset                                              train_util.py:1012
                    INFO     preparing accelerator                                      train_network.py:580
                    INFO     Checking the state dict: Diffusers or BFL, dev or schnell      flux_utils.py:43
                    INFO     Building Flux model dev from BFL checkpoint                   flux_utils.py:101
                    INFO     Loading state dict from                                       flux_utils.py:118
                             /home/eqx/AutoTrainX/models/flux1-dev-fp8.safetensors                          
2025-08-02 15:09:43 INFO     Loaded Flux: <All keys matched successfully>                  flux_utils.py:137
                    INFO     Loaded fp8 FLUX model                                 flux_train_network.py:106
                    INFO     Building CLIP-L                                               flux_utils.py:179
                    INFO     Loading state dict from                                       flux_utils.py:275
                             /home/eqx/AutoTrainX/models/clip_l.safetensors                                 
                    INFO     Loaded CLIP-L: <All keys matched successfully>                flux_utils.py:278
                    INFO     Loading state dict from                                       flux_utils.py:330
                             /home/eqx/AutoTrainX/models/t5xxl_fp8_e4m3fn.safetensors                       
                    INFO     Loaded T5xxl: <All keys matched successfully>                 flux_utils.py:333
                    INFO     Loaded fp8 T5XXL model                                flux_train_network.py:140
                    INFO     Building AutoEncoder                                          flux_utils.py:144
                    INFO     Loading state dict from                                       flux_utils.py:149
                             /home/eqx/AutoTrainX/models/ae.safetensors                                     
                    INFO     Loaded AE: <All keys matched successfully>                    flux_utils.py:152
