# AutoTrainX Training Log
# Dataset: sophieraiin
# Preset: SX1
# Job ID: 28cdaaca
# Start Time: 2025-08-01T16:54:07.613905
# Mode: batch
# Command: /home/eqx/AutoTrainX/venv/bin/python /home/eqx/AutoTrainX/sd-scripts/sdxl_train.py --config_file /home/eqx/AutoTrainX/workspace/Presets/sophieraiin_SX1_28cdaaca.toml --max_grad_norm=0.0 --no_half_vae --train_text_encoder --learning_rate_te2=0
================================================================================

2025-08-01 16:54:10 INFO     Loading settings from                                        train_util.py:4651
                             /home/eqx/AutoTrainX/workspace/Presets/sophieraiin_SX1_28cda                   
                             aca.toml...                                                                    
                    WARNING  clip_skip will be unexpected /                           sdxl_train_util.py:349
                             SDXL学習ではclip_skipは動作しません                                            
2025-08-01 16:54:11 INFO     Using DreamBooth method.                                      sdxl_train.py:153
                    INFO     prepare images.                                              train_util.py:2072
                    INFO     get image size from name of cache files                      train_util.py:1965

  0%|          | 0/3 [00:00<?, ?it/s]
100%|██████████| 3/3 [00:00<00:00, 113359.57it/s]
                    INFO     set image size from cache files: 0/3                         train_util.py:1995
                    INFO     found directory                                              train_util.py:2019
                             /home/eqx/AutoTrainX/workspace/output/sophieraiin/img/30_sop                   
                             hieraiin person contains 3 image files                                         

read caption:   0%|          | 0/3 [00:00<?, ?it/s]
read caption: 100%|██████████| 3/3 [00:00<00:00, 29194.69it/s]
                    INFO     90 train images with repeats.                                train_util.py:2116
                    INFO     0 reg images with repeats.                                   train_util.py:2120
                    WARNING  no regularization images / 正則化画像が見つかりませんでした  train_util.py:2125
                    INFO     [Dataset 0]                                                  config_util.py:580
                               batch_size: 2                                                                
                               resolution: (1024, 1280)                                                     
                               resize_interpolation: None                                                   
                               enable_bucket: False                                                         
                                                                                                            
                               [Subset 0 of Dataset 0]                                                      
                                 image_dir:                                                                 
                             "/home/eqx/AutoTrainX/workspace/output/sophieraiin/img/30_so                   
                             phieraiin person"                                                              
                                 image_count: 3                                                             
                                 num_repeats: 30                                                            
                                 shuffle_caption: False                                                     
                                 keep_tokens: 0                                                             
                                 caption_dropout_rate: 0                                                    
                                 caption_dropout_every_n_epochs: 0                                          
                                 caption_tag_dropout_rate: 0.0                                              
                                 caption_prefix: None                                                       
                                 caption_suffix: None                                                       
                                 color_aug: False                                                           
                                 flip_aug: False                                                            
                                 face_crop_aug_range: None                                                  
                                 random_crop: False                                                         
                                 token_warmup_min: 1,                                                       
                                 token_warmup_step: 0,                                                      
                                 alpha_mask: False                                                          
                                 resize_interpolation: None                                                 
                                 custom_attributes: {}                                                      
                                 is_reg: False                                                              
                                 class_tokens: sophieraiin person                                           
                                 caption_extension: .txt                                                    
                                                                                                            
                                                                                                            
                    INFO     [Prepare dataset 0]                                          config_util.py:592
                    INFO     loading image sizes.                                          train_util.py:987

  0%|          | 0/3 [00:00<?, ?it/s]
100%|██████████| 3/3 [00:00<00:00, 27001.96it/s]
                    INFO     prepare dataset                                              train_util.py:1012
                    INFO     prepare accelerator                                           sdxl_train.py:211
                    INFO     loading model for process 0/1                             sdxl_train_util.py:32
                    INFO     load StableDiffusion checkpoint:                          sdxl_train_util.py:73
                             /home/eqx/AutoTrainX/models/SDXLModel.safetensors                              
                    INFO     building U-Net                                           sdxl_model_util.py:198
                    INFO     loading U-Net from checkpoint                            sdxl_model_util.py:202
2025-08-01 16:54:13 INFO     U-Net: <All keys matched successfully>                   sdxl_model_util.py:208
                    INFO     building text encoders                                   sdxl_model_util.py:211
                    INFO     loading text encoders from checkpoint                    sdxl_model_util.py:264
                    INFO     text encoder 1: <All keys matched successfully>          sdxl_model_util.py:278
2025-08-01 16:54:14 INFO     text encoder 2: <All keys matched successfully>          sdxl_model_util.py:282
                    INFO     building VAE                                             sdxl_model_util.py:285
                    INFO     loading VAE from checkpoint                              sdxl_model_util.py:290
                    INFO     VAE: <All keys matched successfully>                     sdxl_model_util.py:293
                    INFO     load VAE: stabilityai/sdxl-vae                               model_util.py:1267
                    INFO     additional VAE loaded                                    sdxl_train_util.py:131
2025-08-01 16:54:15 INFO     [Dataset 0]                                                  train_util.py:2613
                    INFO     caching latents with caching strategy.                       train_util.py:1115
                    INFO     caching latents...                                           train_util.py:1164
accelerator device: cuda
Disable Diffusers' xformers

  0%|          | 0/3 [00:00<?, ?it/s]
 67%|██████▋   | 2/3 [00:00<00:00,  2.85it/s]
100%|██████████| 3/3 [00:00<00:00,  4.28it/s]
2025-08-01 16:54:16 INFO     use Adafactor optimizer | {'scale_parameter': False,         train_util.py:4963
                             'relative_step': False, 'warmup_init': False,                                  
                             'weight_decay': 0.01}                                                          
                    WARNING  constant_with_warmup will be good /                          train_util.py:4995
                             スケジューラはconstant_with_warmupが良いかもしれません                         
enable text encoder training
train unet: True, text_encoder1: True, text_encoder2: False
number of models: 2
number of trainable parameters: 2690524164
prepare optimizer, data loader etc.
override steps. steps for 2 epochs is / 指定エポックまでのステップ数: 90
enable full bf16 training.
running training / 学習開始
  num examples / サンプル数: 90
  num batches per epoch / 1epochのバッチ数: 45
  num epochs / epoch数: 2
  batch size per device / バッチサイズ: 2
  gradient accumulation steps / 勾配を合計するステップ数 = 1
  total optimization steps / 学習ステップ数: 90

steps:   0%|          | 0/90 [00:00<?, ?it/s]2025-08-01 16:54:17 INFO     epoch is incremented. current_epoch: 0, epoch: 1              train_util.py:779

steps:   1%|          | 1/90 [00:02<03:27,  2.33s/it]
steps:   1%|          | 1/90 [00:02<03:27,  2.33s/it, avr_loss=0.0716]
steps:   2%|▏         | 2/90 [00:04<02:58,  2.02s/it, avr_loss=0.0716]
steps:   2%|▏         | 2/90 [00:04<02:58,  2.03s/it, avr_loss=0.147] 
steps:   3%|▎         | 3/90 [00:05<02:44,  1.89s/it, avr_loss=0.147]
steps:   3%|▎         | 3/90 [00:05<02:44,  1.89s/it, avr_loss=0.126]
steps:   4%|▍         | 4/90 [00:07<02:34,  1.80s/it, avr_loss=0.126]
steps:   4%|▍         | 4/90 [00:07<02:34,  1.80s/it, avr_loss=0.138]
steps:   6%|▌         | 5/90 [00:08<02:31,  1.78s/it, avr_loss=0.138]
steps:   6%|▌         | 5/90 [00:08<02:31,  1.78s/it, avr_loss=0.113]
steps:   7%|▋         | 6/90 [00:12<02:48,  2.00s/it, avr_loss=0.113]
steps:   7%|▋         | 6/90 [00:12<02:48,  2.00s/it, avr_loss=0.117]
steps:   8%|▊         | 7/90 [00:13<02:40,  1.94s/it, avr_loss=0.117]
steps:   8%|▊         | 7/90 [00:13<02:40,  1.94s/it, avr_loss=0.132]
steps:   9%|▉         | 8/90 [00:15<02:35,  1.89s/it, avr_loss=0.132]
steps:   9%|▉         | 8/90 [00:15<02:35,  1.89s/it, avr_loss=0.137]
steps:  10%|█         | 9/90 [00:16<02:30,  1.85s/it, avr_loss=0.137]
steps:  10%|█         | 9/90 [00:16<02:30,  1.85s/it, avr_loss=0.155]
steps:  11%|█         | 10/90 [00:18<02:29,  1.87s/it, avr_loss=0.155]
steps:  11%|█         | 10/90 [00:18<02:29,  1.87s/it, avr_loss=0.154]
steps:  12%|█▏        | 11/90 [00:20<02:26,  1.85s/it, avr_loss=0.154]
steps:  12%|█▏        | 11/90 [00:20<02:26,  1.85s/it, avr_loss=0.165]
steps:  13%|█▎        | 12/90 [00:21<02:22,  1.83s/it, avr_loss=0.165]
steps:  13%|█▎        | 12/90 [00:21<02:22,  1.83s/it, avr_loss=0.153]
steps:  14%|█▍        | 13/90 [00:23<02:18,  1.80s/it, avr_loss=0.153]
steps:  14%|█▍        | 13/90 [00:23<02:18,  1.80s/it, avr_loss=0.142]
steps:  16%|█▌        | 14/90 [00:25<02:19,  1.83s/it, avr_loss=0.142]
steps:  16%|█▌        | 14/90 [00:25<02:19,  1.83s/it, avr_loss=0.14] 
steps:  17%|█▋        | 15/90 [00:27<02:16,  1.82s/it, avr_loss=0.14]
steps:  17%|█▋        | 15/90 [00:27<02:16,  1.82s/it, avr_loss=0.142]
steps:  18%|█▊        | 16/90 [00:29<02:16,  1.84s/it, avr_loss=0.142]
steps:  18%|█▊        | 16/90 [00:29<02:16,  1.84s/it, avr_loss=0.141]
steps:  19%|█▉        | 17/90 [00:31<02:13,  1.82s/it, avr_loss=0.141]
steps:  19%|█▉        | 17/90 [00:31<02:13,  1.82s/it, avr_loss=0.154]
steps:  20%|██        | 18/90 [00:32<02:10,  1.81s/it, avr_loss=0.154]
steps:  20%|██        | 18/90 [00:32<02:10,  1.81s/it, avr_loss=0.163]
steps:  21%|██        | 19/90 [00:34<02:08,  1.81s/it, avr_loss=0.163]
steps:  21%|██        | 19/90 [00:34<02:08,  1.81s/it, avr_loss=0.155]
steps:  22%|██▏       | 20/90 [00:36<02:07,  1.83s/it, avr_loss=0.155]
steps:  22%|██▏       | 20/90 [00:36<02:07,  1.83s/it, avr_loss=0.149]
steps:  23%|██▎       | 21/90 [00:38<02:05,  1.82s/it, avr_loss=0.149]
steps:  23%|██▎       | 21/90 [00:38<02:05,  1.82s/it, avr_loss=0.15] 
steps:  24%|██▍       | 22/90 [00:39<02:02,  1.81s/it, avr_loss=0.15]
steps:  24%|██▍       | 22/90 [00:39<02:02,  1.81s/it, avr_loss=0.152]
steps:  26%|██▌       | 23/90 [00:41<02:01,  1.82s/it, avr_loss=0.152]
steps:  26%|██▌       | 23/90 [00:41<02:01,  1.82s/it, avr_loss=0.154]
steps:  27%|██▋       | 24/90 [00:43<01:59,  1.81s/it, avr_loss=0.154]
steps:  27%|██▋       | 24/90 [00:43<01:59,  1.81s/it, avr_loss=0.154]
steps:  28%|██▊       | 25/90 [00:45<01:57,  1.81s/it, avr_loss=0.154]
steps:  28%|██▊       | 25/90 [00:45<01:57,  1.81s/it, avr_loss=0.15] 
steps:  29%|██▉       | 26/90 [00:47<01:55,  1.81s/it, avr_loss=0.15]
steps:  29%|██▉       | 26/90 [00:47<01:55,  1.81s/it, avr_loss=0.148]
steps:  30%|███       | 27/90 [00:48<01:53,  1.81s/it, avr_loss=0.148]
steps:  30%|███       | 27/90 [00:48<01:53,  1.81s/it, avr_loss=0.148]
steps:  31%|███       | 28/90 [00:50<01:51,  1.80s/it, avr_loss=0.148]
steps:  31%|███       | 28/90 [00:50<01:51,  1.80s/it, avr_loss=0.145]
steps:  32%|███▏      | 29/90 [00:52<01:50,  1.81s/it, avr_loss=0.145]
steps:  32%|███▏      | 29/90 [00:52<01:50,  1.81s/it, avr_loss=0.141]
steps:  33%|███▎      | 30/90 [00:54<01:48,  1.81s/it, avr_loss=0.141]
steps:  33%|███▎      | 30/90 [00:54<01:48,  1.81s/it, avr_loss=0.137]
steps:  34%|███▍      | 31/90 [00:55<01:46,  1.80s/it, avr_loss=0.137]
steps:  34%|███▍      | 31/90 [00:55<01:46,  1.80s/it, avr_loss=0.136]
steps:  36%|███▌      | 32/90 [00:57<01:44,  1.80s/it, avr_loss=0.136]
steps:  36%|███▌      | 32/90 [00:57<01:44,  1.80s/it, avr_loss=0.134]
steps:  37%|███▋      | 33/90 [01:00<01:44,  1.83s/it, avr_loss=0.134]
steps:  37%|███▋      | 33/90 [01:00<01:44,  1.83s/it, avr_loss=0.138]
steps:  38%|███▊      | 34/90 [01:02<01:42,  1.83s/it, avr_loss=0.138]
steps:  38%|███▊      | 34/90 [01:02<01:42,  1.83s/it, avr_loss=0.136]
steps:  39%|███▉      | 35/90 [01:03<01:40,  1.82s/it, avr_loss=0.136]
steps:  39%|███▉      | 35/90 [01:03<01:40,  1.82s/it, avr_loss=0.141]
steps:  40%|████      | 36/90 [01:05<01:38,  1.83s/it, avr_loss=0.141]
steps:  40%|████      | 36/90 [01:05<01:38,  1.83s/it, avr_loss=0.138]
steps:  41%|████      | 37/90 [01:07<01:36,  1.83s/it, avr_loss=0.138]
steps:  41%|████      | 37/90 [01:07<01:36,  1.83s/it, avr_loss=0.135]
steps:  42%|████▏     | 38/90 [01:09<01:35,  1.83s/it, avr_loss=0.135]
steps:  42%|████▏     | 38/90 [01:09<01:35,  1.83s/it, avr_loss=0.136]
steps:  43%|████▎     | 39/90 [01:11<01:34,  1.84s/it, avr_loss=0.136]
steps:  43%|████▎     | 39/90 [01:11<01:34,  1.84s/it, avr_loss=0.138]
steps:  44%|████▍     | 40/90 [01:13<01:32,  1.84s/it, avr_loss=0.138]
steps:  44%|████▍     | 40/90 [01:13<01:32,  1.84s/it, avr_loss=0.14] 
steps:  46%|████▌     | 41/90 [01:15<01:30,  1.84s/it, avr_loss=0.14]
steps:  46%|████▌     | 41/90 [01:15<01:30,  1.84s/it, avr_loss=0.142]
steps:  47%|████▋     | 42/90 [01:20<01:31,  1.91s/it, avr_loss=0.142]
steps:  47%|████▋     | 42/90 [01:20<01:31,  1.91s/it, avr_loss=0.142]
steps:  48%|████▊     | 43/90 [01:22<01:30,  1.92s/it, avr_loss=0.142]
steps:  48%|████▊     | 43/90 [01:22<01:30,  1.92s/it, avr_loss=0.143]
steps:  49%|████▉     | 44/90 [01:24<01:28,  1.93s/it, avr_loss=0.143]
steps:  49%|████▉     | 44/90 [01:24<01:28,  1.93s/it, avr_loss=0.141]
steps:  50%|█████     | 45/90 [01:27<01:27,  1.93s/it, avr_loss=0.141]
steps:  50%|█████     | 45/90 [01:27<01:27,  1.93s/it, avr_loss=0.139]2025-08-01 16:55:44 INFO     epoch is incremented. current_epoch: 1, epoch: 2              train_util.py:779

steps:  51%|█████     | 46/90 [01:28<01:25,  1.93s/it, avr_loss=0.139]
steps:  51%|█████     | 46/90 [01:28<01:25,  1.93s/it, avr_loss=0.14] 
steps:  52%|█████▏    | 47/90 [01:30<01:23,  1.93s/it, avr_loss=0.14]
steps:  52%|█████▏    | 47/90 [01:30<01:23,  1.93s/it, avr_loss=0.137]
steps:  53%|█████▎    | 48/90 [01:32<01:21,  1.93s/it, avr_loss=0.137]
steps:  53%|█████▎    | 48/90 [01:32<01:21,  1.93s/it, avr_loss=0.14] 
steps:  54%|█████▍    | 49/90 [01:34<01:19,  1.93s/it, avr_loss=0.14]
steps:  54%|█████▍    | 49/90 [01:34<01:19,  1.93s/it, avr_loss=0.137]
steps:  56%|█████▌    | 50/90 [01:36<01:17,  1.94s/it, avr_loss=0.137]
steps:  56%|█████▌    | 50/90 [01:36<01:17,  1.94s/it, avr_loss=0.141]
steps:  57%|█████▋    | 51/90 [01:38<01:15,  1.94s/it, avr_loss=0.141]
steps:  57%|█████▋    | 51/90 [01:38<01:15,  1.94s/it, avr_loss=0.143]
steps:  58%|█████▊    | 52/90 [01:40<01:13,  1.94s/it, avr_loss=0.143]
steps:  58%|█████▊    | 52/90 [01:40<01:13,  1.94s/it, avr_loss=0.139]
steps:  59%|█████▉    | 53/90 [01:42<01:11,  1.94s/it, avr_loss=0.139]
steps:  59%|█████▉    | 53/90 [01:42<01:11,  1.94s/it, avr_loss=0.136]
steps:  60%|██████    | 54/90 [01:44<01:09,  1.94s/it, avr_loss=0.136]
steps:  60%|██████    | 54/90 [01:44<01:09,  1.94s/it, avr_loss=0.132]
steps:  61%|██████    | 55/90 [01:47<01:08,  1.95s/it, avr_loss=0.132]
steps:  61%|██████    | 55/90 [01:47<01:08,  1.95s/it, avr_loss=0.131]
steps:  62%|██████▏   | 56/90 [01:49<01:06,  1.95s/it, avr_loss=0.131]
steps:  62%|██████▏   | 56/90 [01:49<01:06,  1.95s/it, avr_loss=0.128]
steps:  63%|██████▎   | 57/90 [01:51<01:04,  1.95s/it, avr_loss=0.128]
steps:  63%|██████▎   | 57/90 [01:51<01:04,  1.95s/it, avr_loss=0.131]
steps:  64%|██████▍   | 58/90 [01:54<01:02,  1.97s/it, avr_loss=0.131]
steps:  64%|██████▍   | 58/90 [01:54<01:02,  1.97s/it, avr_loss=0.133]
steps:  66%|██████▌   | 59/90 [01:55<01:00,  1.96s/it, avr_loss=0.133]
steps:  66%|██████▌   | 59/90 [01:55<01:00,  1.96s/it, avr_loss=0.135]
steps:  67%|██████▋   | 60/90 [01:57<00:58,  1.96s/it, avr_loss=0.135]
steps:  67%|██████▋   | 60/90 [01:57<00:58,  1.96s/it, avr_loss=0.133]
steps:  68%|██████▊   | 61/90 [01:59<00:56,  1.96s/it, avr_loss=0.133]
steps:  68%|██████▊   | 61/90 [01:59<00:56,  1.96s/it, avr_loss=0.135]
steps:  69%|██████▉   | 62/90 [02:01<00:54,  1.96s/it, avr_loss=0.135]
steps:  69%|██████▉   | 62/90 [02:01<00:54,  1.96s/it, avr_loss=0.129]
steps:  70%|███████   | 63/90 [02:03<00:52,  1.96s/it, avr_loss=0.129]
steps:  70%|███████   | 63/90 [02:03<00:52,  1.96s/it, avr_loss=0.125]
steps:  71%|███████   | 64/90 [02:04<00:50,  1.95s/it, avr_loss=0.125]
steps:  71%|███████   | 64/90 [02:04<00:50,  1.95s/it, avr_loss=0.128]
steps:  72%|███████▏  | 65/90 [02:06<00:48,  1.95s/it, avr_loss=0.128]
steps:  72%|███████▏  | 65/90 [02:06<00:48,  1.95s/it, avr_loss=0.129]
steps:  73%|███████▎  | 66/90 [02:08<00:46,  1.95s/it, avr_loss=0.129]
steps:  73%|███████▎  | 66/90 [02:08<00:46,  1.95s/it, avr_loss=0.128]
steps:  74%|███████▍  | 67/90 [02:10<00:44,  1.94s/it, avr_loss=0.128]
steps:  74%|███████▍  | 67/90 [02:10<00:44,  1.94s/it, avr_loss=0.126]
steps:  76%|███████▌  | 68/90 [02:11<00:42,  1.94s/it, avr_loss=0.126]
steps:  76%|███████▌  | 68/90 [02:11<00:42,  1.94s/it, avr_loss=0.126]
steps:  77%|███████▋  | 69/90 [02:13<00:40,  1.94s/it, avr_loss=0.126]
steps:  77%|███████▋  | 69/90 [02:13<00:40,  1.94s/it, avr_loss=0.124]
steps:  78%|███████▊  | 70/90 [02:15<00:38,  1.94s/it, avr_loss=0.124]
steps:  78%|███████▊  | 70/90 [02:15<00:38,  1.94s/it, avr_loss=0.126]
steps:  79%|███████▉  | 71/90 [02:17<00:36,  1.94s/it, avr_loss=0.126]
steps:  79%|███████▉  | 71/90 [02:17<00:36,  1.94s/it, avr_loss=0.127]
steps:  80%|████████  | 72/90 [02:19<00:34,  1.94s/it, avr_loss=0.127]
steps:  80%|████████  | 72/90 [02:19<00:34,  1.94s/it, avr_loss=0.124]
steps:  81%|████████  | 73/90 [02:21<00:32,  1.94s/it, avr_loss=0.124]
steps:  81%|████████  | 73/90 [02:21<00:32,  1.94s/it, avr_loss=0.127]
steps:  82%|████████▏ | 74/90 [02:23<00:31,  1.94s/it, avr_loss=0.127]
steps:  82%|████████▏ | 74/90 [02:23<00:31,  1.94s/it, avr_loss=0.131]
steps:  83%|████████▎ | 75/90 [02:25<00:29,  1.94s/it, avr_loss=0.131]
steps:  83%|████████▎ | 75/90 [02:25<00:29,  1.94s/it, avr_loss=0.135]
steps:  84%|████████▍ | 76/90 [02:27<00:27,  1.94s/it, avr_loss=0.135]
steps:  84%|████████▍ | 76/90 [02:27<00:27,  1.94s/it, avr_loss=0.133]
steps:  86%|████████▌ | 77/90 [02:29<00:25,  1.94s/it, avr_loss=0.133]
steps:  86%|████████▌ | 77/90 [02:29<00:25,  1.94s/it, avr_loss=0.132]
steps:  87%|████████▋ | 78/90 [02:30<00:23,  1.93s/it, avr_loss=0.132]
steps:  87%|████████▋ | 78/90 [02:30<00:23,  1.93s/it, avr_loss=0.13] 
steps:  88%|████████▊ | 79/90 [02:32<00:21,  1.93s/it, avr_loss=0.13]
steps:  88%|████████▊ | 79/90 [02:32<00:21,  1.93s/it, avr_loss=0.132]
steps:  89%|████████▉ | 80/90 [02:34<00:19,  1.93s/it, avr_loss=0.132]
steps:  89%|████████▉ | 80/90 [02:34<00:19,  1.93s/it, avr_loss=0.127]
steps:  90%|█████████ | 81/90 [02:36<00:17,  1.93s/it, avr_loss=0.127]
steps:  90%|█████████ | 81/90 [02:36<00:17,  1.93s/it, avr_loss=0.129]
steps:  91%|█████████ | 82/90 [02:38<00:15,  1.93s/it, avr_loss=0.129]
steps:  91%|█████████ | 82/90 [02:38<00:15,  1.93s/it, avr_loss=0.135]
steps:  92%|█████████▏| 83/90 [02:40<00:13,  1.93s/it, avr_loss=0.135]
steps:  92%|█████████▏| 83/90 [02:40<00:13,  1.93s/it, avr_loss=0.136]
steps:  93%|█████████▎| 84/90 [02:42<00:11,  1.93s/it, avr_loss=0.136]
steps:  93%|█████████▎| 84/90 [02:42<00:11,  1.93s/it, avr_loss=0.136]
steps:  94%|█████████▍| 85/90 [02:44<00:09,  1.93s/it, avr_loss=0.136]
steps:  94%|█████████▍| 85/90 [02:44<00:09,  1.93s/it, avr_loss=0.136]
steps:  96%|█████████▌| 86/90 [02:45<00:07,  1.93s/it, avr_loss=0.136]
steps:  96%|█████████▌| 86/90 [02:45<00:07,  1.93s/it, avr_loss=0.135]
steps:  97%|█████████▋| 87/90 [02:47<00:05,  1.93s/it, avr_loss=0.135]
steps:  97%|█████████▋| 87/90 [02:47<00:05,  1.93s/it, avr_loss=0.132]
steps:  98%|█████████▊| 88/90 [02:49<00:03,  1.93s/it, avr_loss=0.132]
steps:  98%|█████████▊| 88/90 [02:49<00:03,  1.93s/it, avr_loss=0.135]
steps:  99%|█████████▉| 89/90 [02:51<00:01,  1.93s/it, avr_loss=0.135]
steps:  99%|█████████▉| 89/90 [02:51<00:01,  1.93s/it, avr_loss=0.137]
steps: 100%|██████████| 90/90 [02:53<00:00,  1.93s/it, avr_loss=0.137]
steps: 100%|██████████| 90/90 [02:53<00:00,  1.93s/it, avr_loss=0.137]2025-08-01 16:57:11 INFO     save trained model as StableDiffusion checkpoint to          train_util.py:5952
                             /home/eqx/AutoTrainX/workspace/output/sophieraiin/model/soph                   
                             ieraiin_SX1_28cdaaca.safetensors                                               
2025-08-01 16:57:24 INFO     model saved.                                                  sdxl_train.py:888

steps: 100%|██████████| 90/90 [03:06<00:00,  2.08s/it, avr_loss=0.137]

epoch 1/2

epoch 2/2
