# AutoTrainX Training Log
# Dataset: m14w00dh4ll
# Preset: SX1
# Job ID: ace6505d
# Start Time: 2025-08-02T11:50:49.814835
# Mode: single
# Command: /home/eqx/AutoTrainX/venv/bin/python /home/eqx/AutoTrainX/sd-scripts/sdxl_train.py --config_file /home/eqx/AutoTrainX/workspace/Presets/m14w00dh4ll_SX1_ace6505d.toml --max_grad_norm=0.0 --no_half_vae --train_text_encoder --learning_rate_te2=0
================================================================================

2025-08-02 11:50:53 INFO     Loading settings from                                        train_util.py:4651
                             /home/eqx/AutoTrainX/workspace/Presets/m14w00dh4ll_SX1_ace65                   
                             05d.toml...                                                                    
                    WARNING  clip_skip will be unexpected /                           sdxl_train_util.py:349
                             SDXL学習ではclip_skipは動作しません                                            
2025-08-02 11:50:53 INFO     Using DreamBooth method.                                      sdxl_train.py:153
                    INFO     prepare images.                                              train_util.py:2072
                    INFO     get image size from name of cache files                      train_util.py:1965

  0%|          | 0/3 [00:00<?, ?it/s]
100%|██████████| 3/3 [00:00<00:00, 115439.56it/s]
                    INFO     set image size from cache files: 0/3                         train_util.py:1995
                    INFO     found directory                                              train_util.py:2019
                             /home/eqx/AutoTrainX/workspace/output/m14w00dh4ll/img/30_m14                   
                             w00dh4ll person contains 3 image files                                         

read caption:   0%|          | 0/3 [00:00<?, ?it/s]
read caption: 100%|██████████| 3/3 [00:00<00:00, 31300.78it/s]
                    INFO     90 train images with repeats.                                train_util.py:2116
                    INFO     0 reg images with repeats.                                   train_util.py:2120
                    WARNING  no regularization images / 正則化画像が見つかりませんでした  train_util.py:2125
                    INFO     [Dataset 0]                                                  config_util.py:580
                               batch_size: 2                                                                
                               resolution: (1024, 1280)                                                     
                               resize_interpolation: None                                                   
                               enable_bucket: False                                                         
                                                                                                            
                               [Subset 0 of Dataset 0]                                                      
                                 image_dir:                                                                 
                             "/home/eqx/AutoTrainX/workspace/output/m14w00dh4ll/img/30_m1                   
                             4w00dh4ll person"                                                              
                                 image_count: 3                                                             
                                 num_repeats: 30                                                            
                                 shuffle_caption: False                                                     
                                 keep_tokens: 0                                                             
                                 caption_dropout_rate: 0                                                    
                                 caption_dropout_every_n_epochs: 0                                          
                                 caption_tag_dropout_rate: 0.0                                              
                                 caption_prefix: None                                                       
                                 caption_suffix: None                                                       
                                 color_aug: False                                                           
                                 flip_aug: False                                                            
                                 face_crop_aug_range: None                                                  
                                 random_crop: False                                                         
                                 token_warmup_min: 1,                                                       
                                 token_warmup_step: 0,                                                      
                                 alpha_mask: False                                                          
                                 resize_interpolation: None                                                 
                                 custom_attributes: {}                                                      
                                 is_reg: False                                                              
                                 class_tokens: m14w00dh4ll person                                           
                                 caption_extension: .txt                                                    
                                                                                                            
                                                                                                            
                    INFO     [Prepare dataset 0]                                          config_util.py:592
                    INFO     loading image sizes.                                          train_util.py:987

  0%|          | 0/3 [00:00<?, ?it/s]
100%|██████████| 3/3 [00:00<00:00, 40201.00it/s]
                    INFO     prepare dataset                                              train_util.py:1012
                    INFO     prepare accelerator                                           sdxl_train.py:211
                    INFO     loading model for process 0/1                             sdxl_train_util.py:32
                    INFO     load StableDiffusion checkpoint:                          sdxl_train_util.py:73
                             /home/eqx/AutoTrainX/models/SDXLModel.safetensors                              
                    INFO     building U-Net                                           sdxl_model_util.py:198
                    INFO     loading U-Net from checkpoint                            sdxl_model_util.py:202
2025-08-02 11:50:55 INFO     U-Net: <All keys matched successfully>                   sdxl_model_util.py:208
                    INFO     building text encoders                                   sdxl_model_util.py:211
                    INFO     loading text encoders from checkpoint                    sdxl_model_util.py:264
                    INFO     text encoder 1: <All keys matched successfully>          sdxl_model_util.py:278
                    INFO     text encoder 2: <All keys matched successfully>          sdxl_model_util.py:282
                    INFO     building VAE                                             sdxl_model_util.py:285
2025-08-02 11:50:56 INFO     loading VAE from checkpoint                              sdxl_model_util.py:290
                    INFO     VAE: <All keys matched successfully>                     sdxl_model_util.py:293
                    INFO     load VAE: stabilityai/sdxl-vae                               model_util.py:1267
                    INFO     additional VAE loaded                                    sdxl_train_util.py:131
                    INFO     [Dataset 0]                                                  train_util.py:2613
                    INFO     caching latents with caching strategy.                       train_util.py:1115
                    INFO     caching latents...                                           train_util.py:1164
accelerator device: cuda
Disable Diffusers' xformers

  0%|          | 0/3 [00:00<?, ?it/s]
 67%|██████▋   | 2/3 [00:00<00:00,  2.82it/s]
100%|██████████| 3/3 [00:00<00:00,  4.23it/s]
2025-08-02 11:50:58 INFO     use Adafactor optimizer | {'scale_parameter': False,         train_util.py:4963
                             'relative_step': False, 'warmup_init': False,                                  
                             'weight_decay': 0.01}                                                          
                    WARNING  constant_with_warmup will be good /                          train_util.py:4995
                             スケジューラはconstant_with_warmupが良いかもしれません                         
enable text encoder training
train unet: True, text_encoder1: True, text_encoder2: False
number of models: 2
number of trainable parameters: 2690524164
prepare optimizer, data loader etc.
override steps. steps for 2 epochs is / 指定エポックまでのステップ数: 90
enable full bf16 training.
running training / 学習開始
  num examples / サンプル数: 90
  num batches per epoch / 1epochのバッチ数: 45
  num epochs / epoch数: 2
  batch size per device / バッチサイズ: 2
  gradient accumulation steps / 勾配を合計するステップ数 = 1
  total optimization steps / 学習ステップ数: 90

steps:   0%|          | 0/90 [00:00<?, ?it/s]2025-08-02 11:50:59 INFO     epoch is incremented. current_epoch: 0, epoch: 1              train_util.py:779

steps:   1%|          | 1/90 [00:02<03:35,  2.43s/it]
steps:   1%|          | 1/90 [00:02<03:35,  2.43s/it, avr_loss=0.185]
steps:   2%|▏         | 2/90 [00:04<03:22,  2.30s/it, avr_loss=0.185]
steps:   2%|▏         | 2/90 [00:04<03:22,  2.30s/it, avr_loss=0.124]
steps:   3%|▎         | 3/90 [00:06<03:07,  2.16s/it, avr_loss=0.124]
steps:   3%|▎         | 3/90 [00:06<03:07,  2.16s/it, avr_loss=0.113]
steps:   4%|▍         | 4/90 [00:08<02:57,  2.06s/it, avr_loss=0.113]
steps:   4%|▍         | 4/90 [00:08<02:57,  2.06s/it, avr_loss=0.13] 
steps:   6%|▌         | 5/90 [00:10<02:52,  2.03s/it, avr_loss=0.13]
steps:   6%|▌         | 5/90 [00:10<02:52,  2.03s/it, avr_loss=0.162]
steps:   7%|▋         | 6/90 [00:12<02:49,  2.02s/it, avr_loss=0.162]
steps:   7%|▋         | 6/90 [00:12<02:49,  2.02s/it, avr_loss=0.165]
steps:   8%|▊         | 7/90 [00:14<02:46,  2.00s/it, avr_loss=0.165]
steps:   8%|▊         | 7/90 [00:14<02:46,  2.00s/it, avr_loss=0.167]
steps:   9%|▉         | 8/90 [00:15<02:43,  1.99s/it, avr_loss=0.167]
steps:   9%|▉         | 8/90 [00:15<02:43,  1.99s/it, avr_loss=0.16] 
steps:  10%|█         | 9/90 [00:17<02:39,  1.97s/it, avr_loss=0.16]
steps:  10%|█         | 9/90 [00:17<02:39,  1.97s/it, avr_loss=0.15]
steps:  11%|█         | 10/90 [00:19<02:37,  1.97s/it, avr_loss=0.15]
steps:  11%|█         | 10/90 [00:19<02:37,  1.97s/it, avr_loss=0.147]
steps:  12%|█▏        | 11/90 [00:21<02:37,  1.99s/it, avr_loss=0.147]
steps:  12%|█▏        | 11/90 [00:21<02:37,  1.99s/it, avr_loss=0.149]
steps:  13%|█▎        | 12/90 [00:23<02:34,  1.98s/it, avr_loss=0.149]
steps:  13%|█▎        | 12/90 [00:23<02:34,  1.98s/it, avr_loss=0.148]
steps:  14%|█▍        | 13/90 [00:25<02:31,  1.97s/it, avr_loss=0.148]
steps:  14%|█▍        | 13/90 [00:25<02:31,  1.97s/it, avr_loss=0.144]
steps:  16%|█▌        | 14/90 [00:27<02:28,  1.96s/it, avr_loss=0.144]
steps:  16%|█▌        | 14/90 [00:27<02:28,  1.96s/it, avr_loss=0.147]
steps:  17%|█▋        | 15/90 [00:29<02:25,  1.94s/it, avr_loss=0.147]
steps:  17%|█▋        | 15/90 [00:29<02:25,  1.94s/it, avr_loss=0.143]
steps:  18%|█▊        | 16/90 [00:30<02:23,  1.94s/it, avr_loss=0.143]
steps:  18%|█▊        | 16/90 [00:30<02:23,  1.94s/it, avr_loss=0.154]
steps:  19%|█▉        | 17/90 [00:32<02:21,  1.93s/it, avr_loss=0.154]
steps:  19%|█▉        | 17/90 [00:32<02:21,  1.93s/it, avr_loss=0.161]
steps:  20%|██        | 18/90 [00:34<02:18,  1.92s/it, avr_loss=0.161]
steps:  20%|██        | 18/90 [00:34<02:18,  1.92s/it, avr_loss=0.163]
steps:  21%|██        | 19/90 [00:36<02:16,  1.92s/it, avr_loss=0.163]
steps:  21%|██        | 19/90 [00:36<02:16,  1.92s/it, avr_loss=0.16] 
steps:  22%|██▏       | 20/90 [00:38<02:14,  1.92s/it, avr_loss=0.16]
steps:  22%|██▏       | 20/90 [00:38<02:14,  1.92s/it, avr_loss=0.156]
steps:  23%|██▎       | 21/90 [00:40<02:13,  1.94s/it, avr_loss=0.156]
steps:  23%|██▎       | 21/90 [00:40<02:13,  1.94s/it, avr_loss=0.162]
steps:  24%|██▍       | 22/90 [00:42<02:11,  1.94s/it, avr_loss=0.162]
steps:  24%|██▍       | 22/90 [00:42<02:11,  1.94s/it, avr_loss=0.164]
steps:  26%|██▌       | 23/90 [00:44<02:10,  1.94s/it, avr_loss=0.164]
steps:  26%|██▌       | 23/90 [00:44<02:10,  1.94s/it, avr_loss=0.165]
steps:  27%|██▋       | 24/90 [00:47<02:09,  1.96s/it, avr_loss=0.165]
steps:  27%|██▋       | 24/90 [00:47<02:09,  1.96s/it, avr_loss=0.166]
steps:  28%|██▊       | 25/90 [00:49<02:08,  1.97s/it, avr_loss=0.166]
steps:  28%|██▊       | 25/90 [00:49<02:08,  1.97s/it, avr_loss=0.172]
steps:  29%|██▉       | 26/90 [00:51<02:05,  1.97s/it, avr_loss=0.172]
steps:  29%|██▉       | 26/90 [00:51<02:05,  1.97s/it, avr_loss=0.17] 
steps:  30%|███       | 27/90 [00:52<02:03,  1.96s/it, avr_loss=0.17]
steps:  30%|███       | 27/90 [00:52<02:03,  1.96s/it, avr_loss=0.166]
steps:  31%|███       | 28/90 [00:54<02:01,  1.96s/it, avr_loss=0.166]
steps:  31%|███       | 28/90 [00:54<02:01,  1.96s/it, avr_loss=0.161]
steps:  32%|███▏      | 29/90 [00:56<01:59,  1.96s/it, avr_loss=0.161]
steps:  32%|███▏      | 29/90 [00:56<01:59,  1.96s/it, avr_loss=0.163]
steps:  33%|███▎      | 30/90 [00:58<01:57,  1.96s/it, avr_loss=0.163]
steps:  33%|███▎      | 30/90 [00:58<01:57,  1.96s/it, avr_loss=0.169]
steps:  34%|███▍      | 31/90 [01:00<01:55,  1.97s/it, avr_loss=0.169]
steps:  34%|███▍      | 31/90 [01:00<01:55,  1.97s/it, avr_loss=0.168]
steps:  36%|███▌      | 32/90 [01:02<01:53,  1.96s/it, avr_loss=0.168]
steps:  36%|███▌      | 32/90 [01:02<01:53,  1.96s/it, avr_loss=0.164]
steps:  37%|███▋      | 33/90 [01:05<01:52,  1.97s/it, avr_loss=0.164]
steps:  37%|███▋      | 33/90 [01:05<01:52,  1.97s/it, avr_loss=0.17] 
steps:  38%|███▊      | 34/90 [01:07<01:50,  1.97s/it, avr_loss=0.17]
steps:  38%|███▊      | 34/90 [01:07<01:50,  1.97s/it, avr_loss=0.17]
steps:  39%|███▉      | 35/90 [01:09<01:48,  1.98s/it, avr_loss=0.17]
steps:  39%|███▉      | 35/90 [01:09<01:48,  1.98s/it, avr_loss=0.166]
steps:  40%|████      | 36/90 [01:11<01:46,  1.98s/it, avr_loss=0.166]
steps:  40%|████      | 36/90 [01:11<01:46,  1.98s/it, avr_loss=0.171]
steps:  41%|████      | 37/90 [01:13<01:44,  1.98s/it, avr_loss=0.171]
steps:  41%|████      | 37/90 [01:13<01:44,  1.98s/it, avr_loss=0.167]
steps:  42%|████▏     | 38/90 [01:15<01:42,  1.97s/it, avr_loss=0.167]
