# AutoTrainX Training Log
# Dataset: b09g13
# Preset: SX1
# Job ID: ec75f78f
# Start Time: 2025-08-02T18:09:50.499890
# Mode: single
# Command: /home/eqx/AutoTrainX/venv/bin/python /home/eqx/AutoTrainX/sd-scripts/sdxl_train.py --config_file /home/eqx/AutoTrainX/workspace/Presets/b09g13_SX1_ec75f78f.toml --max_grad_norm=0.0 --no_half_vae --train_text_encoder --learning_rate_te2=0
================================================================================

2025-08-02 18:09:55 INFO     Loading settings from            train_util.py:4651
                             /home/eqx/AutoTrainX/workspace/P                   
                             resets/b09g13_SX1_ec75f78f.toml.                   
                             ..                                                 
                    WARNING  clip_skip will be unexpected sdxl_train_util.py:349
                             /                                                  
                             SDXL学習ではclip_skipは動作                        
                             しません                                           
2025-08-02 18:09:56 INFO     Using DreamBooth method.          sdxl_train.py:153
                    INFO     prepare images.                  train_util.py:2072
                    INFO     get image size from name of      train_util.py:1965
                             cache files                                        

  0%|          | 0/1 [00:00<?, ?it/s]
100%|██████████| 1/1 [00:00<00:00, 40721.40it/s]
                    INFO     set image size from cache files: train_util.py:1995
                             0/1                                                
                    INFO     found directory                  train_util.py:2019
                             /home/eqx/AutoTrainX/workspace/o                   
                             utput/b09g13/img/30_b09g13                         
                             person contains 1 image files                      

read caption:   0%|          | 0/1 [00:00<?, ?it/s]
read caption: 100%|██████████| 1/1 [00:00<00:00, 17260.51it/s]
                    INFO     30 train images with repeats.    train_util.py:2116
                    INFO     0 reg images with repeats.       train_util.py:2120
                    WARNING  no regularization images /       train_util.py:2125
                             正則化画像が見つかりませんでした                   
                    INFO     [Dataset 0]                      config_util.py:580
                               batch_size: 2                                    
                               resolution: (1024, 1280)                         
                               resize_interpolation: None                       
                               enable_bucket: False                             
                                                                                
                               [Subset 0 of Dataset 0]                          
                                 image_dir:                                     
                             "/home/eqx/AutoTrainX/workspace/                   
                             output/b09g13/img/30_b09g13                        
                             person"                                            
                                 image_count: 1                                 
                                 num_repeats: 30                                
                                 shuffle_caption: False                         
                                 keep_tokens: 0                                 
                                 caption_dropout_rate: 0                        
                                 caption_dropout_every_n_epoc                   
                             hs: 0                                              
                                 caption_tag_dropout_rate:                      
                             0.0                                                
                                 caption_prefix: None                           
                                 caption_suffix: None                           
                                 color_aug: False                               
                                 flip_aug: False                                
                                 face_crop_aug_range: None                      
                                 random_crop: False                             
                                 token_warmup_min: 1,                           
                                 token_warmup_step: 0,                          
                                 alpha_mask: False                              
                                 resize_interpolation: None                     
                                 custom_attributes: {}                          
                                 is_reg: False                                  
                                 class_tokens: b09g13 person                    
                                 caption_extension: .txt                        
                                                                                
                                                                                
                    INFO     [Prepare dataset 0]              config_util.py:592
                    INFO     loading image sizes.              train_util.py:987

  0%|          | 0/1 [00:00<?, ?it/s]
100%|██████████| 1/1 [00:00<00:00, 18001.30it/s]
                    INFO     prepare dataset                  train_util.py:1012
                    INFO     prepare accelerator               sdxl_train.py:211
                    INFO     loading model for process 0/1 sdxl_train_util.py:32
                    INFO     load StableDiffusion          sdxl_train_util.py:73
                             checkpoint:                                        
                             /home/eqx/AutoTrainX/models/S                      
                             DXLModel.safetensors                               
                    INFO     building U-Net               sdxl_model_util.py:198
                    INFO     loading U-Net from           sdxl_model_util.py:202
                             checkpoint                                         
2025-08-02 18:09:59 INFO     U-Net: <All keys matched     sdxl_model_util.py:208
                             successfully>                                      
                    INFO     building text encoders       sdxl_model_util.py:211
                    INFO     loading text encoders from   sdxl_model_util.py:264
                             checkpoint                                         
                    INFO     text encoder 1: <All keys    sdxl_model_util.py:278
                             matched successfully>                              
2025-08-02 18:10:00 INFO     text encoder 2: <All keys    sdxl_model_util.py:282
                             matched successfully>                              
                    INFO     building VAE                 sdxl_model_util.py:285
                    INFO     loading VAE from checkpoint  sdxl_model_util.py:290
                    INFO     VAE: <All keys matched       sdxl_model_util.py:293
                             successfully>                                      
                    INFO     load VAE: stabilityai/sdxl-vae   model_util.py:1267
2025-08-02 18:10:01 INFO     additional VAE loaded        sdxl_train_util.py:131
                    INFO     [Dataset 0]                      train_util.py:2613
                    INFO     caching latents with caching     train_util.py:1115
                             strategy.                                          
                    INFO     caching latents...               train_util.py:1164
accelerator device: cuda
Disable Diffusers' xformers

  0%|          | 0/1 [00:00<?, ?it/s]
100%|██████████| 1/1 [00:00<00:00, 2775.85it/s]
2025-08-02 18:10:03 INFO     use Adafactor optimizer |        train_util.py:4963
                             {'scale_parameter': False,                         
                             'relative_step': False,                            
                             'warmup_init': False,                              
                             'weight_decay': 0.01}                              
                    WARNING  constant_with_warmup will be     train_util.py:4995
                             good /                                             
                             スケジューラはconstant_with_warm                   
                             upが良いかもしれません                             
enable text encoder training
train unet: True, text_encoder1: True, text_encoder2: False
number of models: 2
number of trainable parameters: 2690524164
prepare optimizer, data loader etc.
override steps. steps for 2 epochs is / 指定エポックまでのステップ数: 30
enable full bf16 training.
running training / 学習開始
  num examples / サンプル数: 30
  num batches per epoch / 1epochのバッチ数: 15
  num epochs / epoch数: 2
  batch size per device / バッチサイズ: 2
  gradient accumulation steps / 勾配を合計するステップ数 = 1
  total optimization steps / 学習ステップ数: 30

steps:   0%|          | 0/30 [00:00<?, ?it/s]2025-08-02 18:10:04 INFO     epoch is incremented.             train_util.py:779
                             current_epoch: 0, epoch: 1                         

steps:   3%|▎         | 1/30 [00:02<01:17,  2.67s/it]
steps:   3%|▎         | 1/30 [00:02<01:17,  2.67s/it, avr_loss=0.103]
steps:   7%|▋         | 2/30 [00:04<01:03,  2.26s/it, avr_loss=0.103]
steps:   7%|▋         | 2/30 [00:04<01:03,  2.27s/it, avr_loss=0.131]
steps:  10%|█         | 3/30 [00:06<00:58,  2.17s/it, avr_loss=0.131]
steps:  10%|█         | 3/30 [00:06<00:58,  2.17s/it, avr_loss=0.114]
steps:  13%|█▎        | 4/30 [00:08<00:56,  2.16s/it, avr_loss=0.114]
steps:  13%|█▎        | 4/30 [00:08<00:56,  2.16s/it, avr_loss=0.121]
steps:  17%|█▋        | 5/30 [00:10<00:52,  2.09s/it, avr_loss=0.121]
steps:  17%|█▋        | 5/30 [00:10<00:52,  2.09s/it, avr_loss=0.128]
steps:  20%|██        | 6/30 [00:12<00:49,  2.05s/it, avr_loss=0.128]
steps:  20%|██        | 6/30 [00:12<00:49,  2.05s/it, avr_loss=0.111]
steps:  23%|██▎       | 7/30 [00:14<00:46,  2.00s/it, avr_loss=0.111]
steps:  23%|██▎       | 7/30 [00:14<00:46,  2.00s/it, avr_loss=0.105]
steps:  27%|██▋       | 8/30 [00:16<00:44,  2.01s/it, avr_loss=0.105]
steps:  27%|██▋       | 8/30 [00:16<00:44,  2.01s/it, avr_loss=0.13] 
steps:  30%|███       | 9/30 [00:18<00:42,  2.00s/it, avr_loss=0.13]
steps:  30%|███       | 9/30 [00:18<00:42,  2.00s/it, avr_loss=0.133]
steps:  33%|███▎      | 10/30 [00:19<00:39,  1.97s/it, avr_loss=0.133]
steps:  33%|███▎      | 10/30 [00:19<00:39,  1.97s/it, avr_loss=0.139]
steps:  37%|███▋      | 11/30 [00:21<00:36,  1.94s/it, avr_loss=0.139]
steps:  37%|███▋      | 11/30 [00:21<00:36,  1.94s/it, avr_loss=0.15] 
steps:  40%|████      | 12/30 [00:23<00:34,  1.93s/it, avr_loss=0.15]
steps:  40%|████      | 12/30 [00:23<00:34,  1.93s/it, avr_loss=0.159]
steps:  43%|████▎     | 13/30 [00:25<00:32,  1.93s/it, avr_loss=0.159]
steps:  43%|████▎     | 13/30 [00:25<00:32,  1.93s/it, avr_loss=0.155]
steps:  47%|████▋     | 14/30 [00:26<00:30,  1.92s/it, avr_loss=0.155]
steps:  47%|████▋     | 14/30 [00:26<00:30,  1.92s/it, avr_loss=0.166]
steps:  50%|█████     | 15/30 [00:28<00:28,  1.93s/it, avr_loss=0.166]
steps:  50%|█████     | 15/30 [00:28<00:28,  1.93s/it, avr_loss=0.164]2025-08-02 18:10:33 INFO     epoch is incremented.             train_util.py:779
                             current_epoch: 1, epoch: 2                         

steps:  53%|█████▎    | 16/30 [00:30<00:27,  1.93s/it, avr_loss=0.164]
steps:  53%|█████▎    | 16/30 [00:30<00:27,  1.93s/it, avr_loss=0.162]
steps:  57%|█████▋    | 17/30 [00:32<00:25,  1.92s/it, avr_loss=0.162]
steps:  57%|█████▋    | 17/30 [00:32<00:25,  1.92s/it, avr_loss=0.169]
steps:  60%|██████    | 18/30 [00:34<00:23,  1.92s/it, avr_loss=0.169]
steps:  60%|██████    | 18/30 [00:34<00:23,  1.92s/it, avr_loss=0.17] 
steps:  63%|██████▎   | 19/30 [00:36<00:21,  1.92s/it, avr_loss=0.17]
steps:  63%|██████▎   | 19/30 [00:36<00:21,  1.92s/it, avr_loss=0.17]
steps:  67%|██████▋   | 20/30 [00:38<00:19,  1.92s/it, avr_loss=0.17]
steps:  67%|██████▋   | 20/30 [00:38<00:19,  1.92s/it, avr_loss=0.164]
steps:  70%|███████   | 21/30 [00:40<00:17,  1.92s/it, avr_loss=0.164]
steps:  70%|███████   | 21/30 [00:40<00:17,  1.92s/it, avr_loss=0.163]
steps:  73%|███████▎  | 22/30 [00:42<00:15,  1.92s/it, avr_loss=0.163]
steps:  73%|███████▎  | 22/30 [00:42<00:15,  1.92s/it, avr_loss=0.163]
steps:  77%|███████▋  | 23/30 [00:44<00:13,  1.92s/it, avr_loss=0.163]
steps:  77%|███████▋  | 23/30 [00:44<00:13,  1.92s/it, avr_loss=0.16] 
steps:  80%|████████  | 24/30 [00:46<00:11,  1.93s/it, avr_loss=0.16]
steps:  80%|████████  | 24/30 [00:46<00:11,  1.93s/it, avr_loss=0.156]
steps:  83%|████████▎ | 25/30 [00:48<00:09,  1.92s/it, avr_loss=0.156]
steps:  83%|████████▎ | 25/30 [00:48<00:09,  1.92s/it, avr_loss=0.144]
steps:  87%|████████▋ | 26/30 [00:50<00:07,  1.93s/it, avr_loss=0.144]
steps:  87%|████████▋ | 26/30 [00:50<00:07,  1.93s/it, avr_loss=0.13] 
steps:  90%|█████████ | 27/30 [00:52<00:05,  1.93s/it, avr_loss=0.13]
steps:  90%|█████████ | 27/30 [00:52<00:05,  1.93s/it, avr_loss=0.115]
steps:  93%|█████████▎| 28/30 [00:53<00:03,  1.93s/it, avr_loss=0.115]
steps:  93%|█████████▎| 28/30 [00:53<00:03,  1.93s/it, avr_loss=0.119]
steps:  97%|█████████▋| 29/30 [00:55<00:01,  1.92s/it, avr_loss=0.119]
steps:  97%|█████████▋| 29/30 [00:55<00:01,  1.92s/it, avr_loss=0.108]
steps: 100%|██████████| 30/30 [00:57<00:00,  1.93s/it, avr_loss=0.108]
steps: 100%|██████████| 30/30 [00:57<00:00,  1.93s/it, avr_loss=0.11] 2025-08-02 18:11:01 INFO     save trained model as            train_util.py:5952
                             StableDiffusion checkpoint to                      
                             /home/eqx/AutoTrainX/workspace/o                   
                             utput/b09g13/model/b09g13_SX1_ec                   
                             75f78f.safetensors                                 
2025-08-02 18:11:12 INFO     model saved.                      sdxl_train.py:888

steps: 100%|██████████| 30/30 [01:08<00:00,  2.30s/it, avr_loss=0.11]

epoch 1/2

epoch 2/2
