# AutoTrainX Training Log
# Dataset: m14w00dh4ll
# Preset: SX1
# Job ID: 09c11a97
# Start Time: 2025-08-01T13:06:45.673800
# Mode: batch
# Command: /home/eqx/AutoTrainX/venv/bin/python /home/eqx/AutoTrainX/sd-scripts/sdxl_train.py --config_file /home/eqx/AutoTrainX/workspace/Presets/m14w00dh4ll_SX1_09c11a97.toml --max_grad_norm=0.0 --no_half_vae --train_text_encoder --learning_rate_te2=0
================================================================================

2025-08-01 13:06:48 INFO     Loading settings from                                        train_util.py:4651
                             /home/eqx/AutoTrainX/workspace/Presets/m14w00dh4ll_SX1_09c11                   
                             a97.toml...                                                                    
                    WARNING  clip_skip will be unexpected /                           sdxl_train_util.py:349
                             SDXL学習ではclip_skipは動作しません                                            
2025-08-01 13:06:49 INFO     Using DreamBooth method.                                      sdxl_train.py:153
                    INFO     prepare images.                                              train_util.py:2072
                    INFO     get image size from name of cache files                      train_util.py:1965

  0%|          | 0/3 [00:00<?, ?it/s]
100%|██████████| 3/3 [00:00<00:00, 103138.62it/s]
                    INFO     set image size from cache files: 0/3                         train_util.py:1995
                    INFO     found directory                                              train_util.py:2019
                             /home/eqx/AutoTrainX/workspace/output/m14w00dh4ll/img/30_m14                   
                             w00dh4ll person contains 3 image files                                         

read caption:   0%|          | 0/3 [00:00<?, ?it/s]
read caption: 100%|██████████| 3/3 [00:00<00:00, 26772.15it/s]
                    INFO     90 train images with repeats.                                train_util.py:2116
                    INFO     0 reg images with repeats.                                   train_util.py:2120
                    WARNING  no regularization images / 正則化画像が見つかりませんでした  train_util.py:2125
                    INFO     [Dataset 0]                                                  config_util.py:580
                               batch_size: 2                                                                
                               resolution: (1024, 1280)                                                     
                               resize_interpolation: None                                                   
                               enable_bucket: False                                                         
                                                                                                            
                               [Subset 0 of Dataset 0]                                                      
                                 image_dir:                                                                 
                             "/home/eqx/AutoTrainX/workspace/output/m14w00dh4ll/img/30_m1                   
                             4w00dh4ll person"                                                              
                                 image_count: 3                                                             
                                 num_repeats: 30                                                            
                                 shuffle_caption: False                                                     
                                 keep_tokens: 0                                                             
                                 caption_dropout_rate: 0                                                    
                                 caption_dropout_every_n_epochs: 0                                          
                                 caption_tag_dropout_rate: 0.0                                              
                                 caption_prefix: None                                                       
                                 caption_suffix: None                                                       
                                 color_aug: False                                                           
                                 flip_aug: False                                                            
                                 face_crop_aug_range: None                                                  
                                 random_crop: False                                                         
                                 token_warmup_min: 1,                                                       
                                 token_warmup_step: 0,                                                      
                                 alpha_mask: False                                                          
                                 resize_interpolation: None                                                 
                                 custom_attributes: {}                                                      
                                 is_reg: False                                                              
                                 class_tokens: m14w00dh4ll person                                           
                                 caption_extension: .txt                                                    
                                                                                                            
                                                                                                            
                    INFO     [Prepare dataset 0]                                          config_util.py:592
                    INFO     loading image sizes.                                          train_util.py:987

  0%|          | 0/3 [00:00<?, ?it/s]
100%|██████████| 3/3 [00:00<00:00, 34568.44it/s]
                    INFO     prepare dataset                                              train_util.py:1012
                    INFO     prepare accelerator                                           sdxl_train.py:211
                    INFO     loading model for process 0/1                             sdxl_train_util.py:32
                    INFO     load StableDiffusion checkpoint:                          sdxl_train_util.py:73
                             /home/eqx/AutoTrainX/models/SDXLModel.safetensors                              
                    INFO     building U-Net                                           sdxl_model_util.py:198
                    INFO     loading U-Net from checkpoint                            sdxl_model_util.py:202
2025-08-01 13:06:50 INFO     U-Net: <All keys matched successfully>                   sdxl_model_util.py:208
                    INFO     building text encoders                                   sdxl_model_util.py:211
                    INFO     loading text encoders from checkpoint                    sdxl_model_util.py:264
                    INFO     text encoder 1: <All keys matched successfully>          sdxl_model_util.py:278
2025-08-01 13:06:51 INFO     text encoder 2: <All keys matched successfully>          sdxl_model_util.py:282
                    INFO     building VAE                                             sdxl_model_util.py:285
                    INFO     loading VAE from checkpoint                              sdxl_model_util.py:290
                    INFO     VAE: <All keys matched successfully>                     sdxl_model_util.py:293
                    INFO     load VAE: stabilityai/sdxl-vae                               model_util.py:1267
                    INFO     additional VAE loaded                                    sdxl_train_util.py:131
2025-08-01 13:06:52 INFO     [Dataset 0]                                                  train_util.py:2613
                    INFO     caching latents with caching strategy.                       train_util.py:1115
                    INFO     caching latents...                                           train_util.py:1164
accelerator device: cuda
Disable Diffusers' xformers

  0%|          | 0/3 [00:00<?, ?it/s]
 67%|██████▋   | 2/3 [00:00<00:00,  2.86it/s]
100%|██████████| 3/3 [00:00<00:00,  4.29it/s]
2025-08-01 13:06:53 INFO     use Adafactor optimizer | {'scale_parameter': False,         train_util.py:4963
                             'relative_step': False, 'warmup_init': False,                                  
                             'weight_decay': 0.01}                                                          
                    WARNING  constant_with_warmup will be good /                          train_util.py:4995
                             スケジューラはconstant_with_warmupが良いかもしれません                         
enable text encoder training
train unet: True, text_encoder1: True, text_encoder2: False
number of models: 2
number of trainable parameters: 2690524164
prepare optimizer, data loader etc.
override steps. steps for 2 epochs is / 指定エポックまでのステップ数: 90
enable full bf16 training.
running training / 学習開始
  num examples / サンプル数: 90
  num batches per epoch / 1epochのバッチ数: 45
  num epochs / epoch数: 2
  batch size per device / バッチサイズ: 2
  gradient accumulation steps / 勾配を合計するステップ数 = 1
  total optimization steps / 学習ステップ数: 90

steps:   0%|          | 0/90 [00:00<?, ?it/s]2025-08-01 13:06:54 INFO     epoch is incremented. current_epoch: 0, epoch: 1              train_util.py:779

steps:   1%|          | 1/90 [00:02<03:35,  2.42s/it]
steps:   1%|          | 1/90 [00:02<03:35,  2.42s/it, avr_loss=0.176]
steps:   2%|▏         | 2/90 [00:04<03:08,  2.15s/it, avr_loss=0.176]
steps:   2%|▏         | 2/90 [00:04<03:08,  2.15s/it, avr_loss=0.106]
steps:   3%|▎         | 3/90 [00:06<02:56,  2.02s/it, avr_loss=0.106]
steps:   3%|▎         | 3/90 [00:06<02:56,  2.03s/it, avr_loss=0.113]
steps:   4%|▍         | 4/90 [00:07<02:49,  1.97s/it, avr_loss=0.113]
steps:   4%|▍         | 4/90 [00:07<02:49,  1.97s/it, avr_loss=0.136]
steps:   6%|▌         | 5/90 [00:09<02:44,  1.94s/it, avr_loss=0.136]
steps:   6%|▌         | 5/90 [00:09<02:44,  1.94s/it, avr_loss=0.156]
steps:   7%|▋         | 6/90 [00:11<02:45,  1.97s/it, avr_loss=0.156]
steps:   7%|▋         | 6/90 [00:11<02:45,  1.97s/it, avr_loss=0.136]
steps:   8%|▊         | 7/90 [00:13<02:40,  1.93s/it, avr_loss=0.136]
steps:   8%|▊         | 7/90 [00:13<02:40,  1.93s/it, avr_loss=0.133]
steps:   9%|▉         | 8/90 [00:15<02:37,  1.92s/it, avr_loss=0.133]
steps:   9%|▉         | 8/90 [00:15<02:37,  1.92s/it, avr_loss=0.129]
steps:  10%|█         | 9/90 [00:18<02:48,  2.08s/it, avr_loss=0.129]
steps:  10%|█         | 9/90 [00:18<02:48,  2.08s/it, avr_loss=0.132]
steps:  11%|█         | 10/90 [00:20<02:44,  2.06s/it, avr_loss=0.132]
steps:  11%|█         | 10/90 [00:20<02:44,  2.06s/it, avr_loss=0.124]
steps:  12%|█▏        | 11/90 [00:22<02:40,  2.03s/it, avr_loss=0.124]
steps:  12%|█▏        | 11/90 [00:22<02:40,  2.03s/it, avr_loss=0.127]
steps:  13%|█▎        | 12/90 [00:24<02:36,  2.01s/it, avr_loss=0.127]
steps:  13%|█▎        | 12/90 [00:24<02:36,  2.01s/it, avr_loss=0.133]
steps:  14%|█▍        | 13/90 [00:25<02:33,  1.99s/it, avr_loss=0.133]
steps:  14%|█▍        | 13/90 [00:25<02:33,  1.99s/it, avr_loss=0.127]
steps:  16%|█▌        | 14/90 [00:27<02:30,  1.98s/it, avr_loss=0.127]
steps:  16%|█▌        | 14/90 [00:27<02:30,  1.98s/it, avr_loss=0.13] 
steps:  17%|█▋        | 15/90 [00:29<02:27,  1.97s/it, avr_loss=0.13]
steps:  17%|█▋        | 15/90 [00:29<02:27,  1.97s/it, avr_loss=0.136]
steps:  18%|█▊        | 16/90 [00:31<02:24,  1.96s/it, avr_loss=0.136]
steps:  18%|█▊        | 16/90 [00:31<02:24,  1.96s/it, avr_loss=0.144]
steps:  19%|█▉        | 17/90 [00:33<02:22,  1.96s/it, avr_loss=0.144]
steps:  19%|█▉        | 17/90 [00:33<02:22,  1.96s/it, avr_loss=0.141]
steps:  20%|██        | 18/90 [00:35<02:20,  1.95s/it, avr_loss=0.141]
steps:  20%|██        | 18/90 [00:35<02:20,  1.95s/it, avr_loss=0.142]
steps:  21%|██        | 19/90 [00:37<02:18,  1.95s/it, avr_loss=0.142]
steps:  21%|██        | 19/90 [00:37<02:18,  1.95s/it, avr_loss=0.148]
steps:  22%|██▏       | 20/90 [00:38<02:16,  1.94s/it, avr_loss=0.148]
steps:  22%|██▏       | 20/90 [00:38<02:16,  1.94s/it, avr_loss=0.154]
steps:  23%|██▎       | 21/90 [00:40<02:13,  1.93s/it, avr_loss=0.154]
steps:  23%|██▎       | 21/90 [00:40<02:13,  1.93s/it, avr_loss=0.159]
steps:  24%|██▍       | 22/90 [00:42<02:11,  1.93s/it, avr_loss=0.159]
steps:  24%|██▍       | 22/90 [00:42<02:11,  1.93s/it, avr_loss=0.154]
steps:  26%|██▌       | 23/90 [00:44<02:08,  1.92s/it, avr_loss=0.154]
steps:  26%|██▌       | 23/90 [00:44<02:08,  1.92s/it, avr_loss=0.148]
steps:  27%|██▋       | 24/90 [00:45<02:06,  1.91s/it, avr_loss=0.148]
steps:  27%|██▋       | 24/90 [00:45<02:06,  1.91s/it, avr_loss=0.147]
steps:  28%|██▊       | 25/90 [00:47<02:04,  1.91s/it, avr_loss=0.147]
steps:  28%|██▊       | 25/90 [00:47<02:04,  1.91s/it, avr_loss=0.145]
steps:  29%|██▉       | 26/90 [00:49<02:02,  1.91s/it, avr_loss=0.145]
steps:  29%|██▉       | 26/90 [00:49<02:02,  1.91s/it, avr_loss=0.141]
steps:  30%|███       | 27/90 [00:53<02:04,  1.97s/it, avr_loss=0.141]
steps:  30%|███       | 27/90 [00:53<02:04,  1.97s/it, avr_loss=0.137]
steps:  31%|███       | 28/90 [00:55<02:01,  1.96s/it, avr_loss=0.137]
steps:  31%|███       | 28/90 [00:55<02:01,  1.97s/it, avr_loss=0.142]
steps:  32%|███▏      | 29/90 [00:56<01:59,  1.96s/it, avr_loss=0.142]
steps:  32%|███▏      | 29/90 [00:56<01:59,  1.96s/it, avr_loss=0.143]
steps:  33%|███▎      | 30/90 [00:58<01:56,  1.95s/it, avr_loss=0.143]
steps:  33%|███▎      | 30/90 [00:58<01:56,  1.95s/it, avr_loss=0.14] 
steps:  34%|███▍      | 31/90 [01:00<01:54,  1.94s/it, avr_loss=0.14]
steps:  34%|███▍      | 31/90 [01:00<01:54,  1.94s/it, avr_loss=0.142]
steps:  36%|███▌      | 32/90 [01:01<01:52,  1.94s/it, avr_loss=0.142]
steps:  36%|███▌      | 32/90 [01:01<01:52,  1.94s/it, avr_loss=0.148]
steps:  37%|███▋      | 33/90 [01:03<01:50,  1.93s/it, avr_loss=0.148]
steps:  37%|███▋      | 33/90 [01:03<01:50,  1.93s/it, avr_loss=0.153]
steps:  38%|███▊      | 34/90 [01:05<01:48,  1.93s/it, avr_loss=0.153]
steps:  38%|███▊      | 34/90 [01:05<01:48,  1.93s/it, avr_loss=0.158]
steps:  39%|███▉      | 35/90 [01:07<01:46,  1.93s/it, avr_loss=0.158]
steps:  39%|███▉      | 35/90 [01:07<01:46,  1.93s/it, avr_loss=0.155]
steps:  40%|████      | 36/90 [01:09<01:43,  1.92s/it, avr_loss=0.155]
steps:  40%|████      | 36/90 [01:09<01:43,  1.92s/it, avr_loss=0.155]
steps:  41%|████      | 37/90 [01:10<01:41,  1.92s/it, avr_loss=0.155]
steps:  41%|████      | 37/90 [01:10<01:41,  1.92s/it, avr_loss=0.16] 
steps:  42%|████▏     | 38/90 [01:12<01:39,  1.92s/it, avr_loss=0.16]
steps:  42%|████▏     | 38/90 [01:12<01:39,  1.92s/it, avr_loss=0.159]
steps:  43%|████▎     | 39/90 [01:14<01:37,  1.91s/it, avr_loss=0.159]
steps:  43%|████▎     | 39/90 [01:14<01:37,  1.91s/it, avr_loss=0.156]
steps:  44%|████▍     | 40/90 [01:16<01:35,  1.91s/it, avr_loss=0.156]
steps:  44%|████▍     | 40/90 [01:16<01:35,  1.91s/it, avr_loss=0.154]
steps:  46%|████▌     | 41/90 [01:17<01:33,  1.90s/it, avr_loss=0.154]
steps:  46%|████▌     | 41/90 [01:17<01:33,  1.90s/it, avr_loss=0.153]
steps:  47%|████▋     | 42/90 [01:19<01:31,  1.90s/it, avr_loss=0.153]
steps:  47%|████▋     | 42/90 [01:19<01:31,  1.90s/it, avr_loss=0.151]
steps:  48%|████▊     | 43/90 [01:21<01:29,  1.89s/it, avr_loss=0.151]
steps:  48%|████▊     | 43/90 [01:21<01:29,  1.89s/it, avr_loss=0.149]
steps:  49%|████▉     | 44/90 [01:23<01:27,  1.89s/it, avr_loss=0.149]
steps:  49%|████▉     | 44/90 [01:23<01:27,  1.89s/it, avr_loss=0.149]
steps:  50%|█████     | 45/90 [01:26<01:26,  1.93s/it, avr_loss=0.149]
steps:  50%|█████     | 45/90 [01:26<01:26,  1.93s/it, avr_loss=0.151]2025-08-01 13:08:21 INFO     epoch is incremented. current_epoch: 1, epoch: 2              train_util.py:779

steps:  51%|█████     | 46/90 [01:28<01:24,  1.92s/it, avr_loss=0.151]
steps:  51%|█████     | 46/90 [01:28<01:24,  1.92s/it, avr_loss=0.152]
steps:  52%|█████▏    | 47/90 [01:30<01:22,  1.92s/it, avr_loss=0.152]
steps:  52%|█████▏    | 47/90 [01:30<01:22,  1.92s/it, avr_loss=0.152]
steps:  53%|█████▎    | 48/90 [01:32<01:20,  1.92s/it, avr_loss=0.152]
steps:  53%|█████▎    | 48/90 [01:32<01:20,  1.92s/it, avr_loss=0.151]
steps:  54%|█████▍    | 49/90 [01:34<01:18,  1.92s/it, avr_loss=0.151]
steps:  54%|█████▍    | 49/90 [01:34<01:18,  1.92s/it, avr_loss=0.152]
steps:  56%|█████▌    | 50/90 [01:36<01:16,  1.92s/it, avr_loss=0.152]
steps:  56%|█████▌    | 50/90 [01:36<01:16,  1.92s/it, avr_loss=0.148]
steps:  57%|█████▋    | 51/90 [01:37<01:14,  1.92s/it, avr_loss=0.148]
steps:  57%|█████▋    | 51/90 [01:37<01:14,  1.92s/it, avr_loss=0.15] 
steps:  58%|█████▊    | 52/90 [01:39<01:12,  1.91s/it, avr_loss=0.15]
steps:  58%|█████▊    | 52/90 [01:39<01:12,  1.91s/it, avr_loss=0.149]
steps:  59%|█████▉    | 53/90 [01:41<01:10,  1.91s/it, avr_loss=0.149]
steps:  59%|█████▉    | 53/90 [01:41<01:10,  1.91s/it, avr_loss=0.15] 
steps:  60%|██████    | 54/90 [01:42<01:08,  1.90s/it, avr_loss=0.15]
steps:  60%|██████    | 54/90 [01:42<01:08,  1.90s/it, avr_loss=0.148]
steps:  61%|██████    | 55/90 [01:44<01:06,  1.90s/it, avr_loss=0.148]
