# AutoTrainX Training Log
# Dataset: m14w00dh4ll
# Preset: SX1
# Job ID: 2b78b278
# Start Time: 2025-08-03T22:39:29.020129
# Mode: single
# Command: /home/eqx/AutoTrainX/venv/bin/python /home/eqx/AutoTrainX/sd-scripts/sdxl_train.py --config_file /home/eqx/AutoTrainX/workspace/Presets/m14w00dh4ll_SX1_2b78b278.toml --max_grad_norm=0.0 --no_half_vae --train_text_encoder --learning_rate_te2=0
================================================================================

2025-08-03 22:39:32 INFO     Loading settings from                                        train_util.py:4651
                             /home/eqx/AutoTrainX/workspace/Presets/m14w00dh4ll_SX1_2b78b                   
                             278.toml...                                                                    
                    WARNING  clip_skip will be unexpected /                           sdxl_train_util.py:349
                             SDXL学習ではclip_skipは動作しません                                            
2025-08-03 22:39:32 INFO     Using DreamBooth method.                                      sdxl_train.py:153
                    INFO     prepare images.                                              train_util.py:2072
                    INFO     get image size from name of cache files                      train_util.py:1965

  0%|          | 0/3 [00:00<?, ?it/s]
100%|██████████| 3/3 [00:00<00:00, 119837.26it/s]
                    INFO     set image size from cache files: 0/3                         train_util.py:1995
                    INFO     found directory                                              train_util.py:2019
                             /home/eqx/AutoTrainX/workspace/output/m14w00dh4ll/img/30_m14                   
                             w00dh4ll person contains 3 image files                                         

read caption:   0%|          | 0/3 [00:00<?, ?it/s]
read caption: 100%|██████████| 3/3 [00:00<00:00, 30690.03it/s]
                    INFO     90 train images with repeats.                                train_util.py:2116
                    INFO     0 reg images with repeats.                                   train_util.py:2120
                    WARNING  no regularization images / 正則化画像が見つかりませんでした  train_util.py:2125
                    INFO     [Dataset 0]                                                  config_util.py:580
                               batch_size: 2                                                                
                               resolution: (1024, 1280)                                                     
                               resize_interpolation: None                                                   
                               enable_bucket: False                                                         
                                                                                                            
                               [Subset 0 of Dataset 0]                                                      
                                 image_dir:                                                                 
                             "/home/eqx/AutoTrainX/workspace/output/m14w00dh4ll/img/30_m1                   
                             4w00dh4ll person"                                                              
                                 image_count: 3                                                             
                                 num_repeats: 30                                                            
                                 shuffle_caption: False                                                     
                                 keep_tokens: 0                                                             
                                 caption_dropout_rate: 0                                                    
                                 caption_dropout_every_n_epochs: 0                                          
                                 caption_tag_dropout_rate: 0.0                                              
                                 caption_prefix: None                                                       
                                 caption_suffix: None                                                       
                                 color_aug: False                                                           
                                 flip_aug: False                                                            
                                 face_crop_aug_range: None                                                  
                                 random_crop: False                                                         
                                 token_warmup_min: 1,                                                       
                                 token_warmup_step: 0,                                                      
                                 alpha_mask: False                                                          
                                 resize_interpolation: None                                                 
                                 custom_attributes: {}                                                      
                                 is_reg: False                                                              
                                 class_tokens: m14w00dh4ll person                                           
                                 caption_extension: .txt                                                    
                                                                                                            
                                                                                                            
                    INFO     [Prepare dataset 0]                                          config_util.py:592
                    INFO     loading image sizes.                                          train_util.py:987

  0%|          | 0/3 [00:00<?, ?it/s]
100%|██████████| 3/3 [00:00<00:00, 37900.34it/s]
                    INFO     prepare dataset                                              train_util.py:1012
                    INFO     prepare accelerator                                           sdxl_train.py:211
                    INFO     loading model for process 0/1                             sdxl_train_util.py:32
                    INFO     load StableDiffusion checkpoint:                          sdxl_train_util.py:73
                             /home/eqx/AutoTrainX/models/SDXLModel.safetensors                              
                    INFO     building U-Net                                           sdxl_model_util.py:198
                    INFO     loading U-Net from checkpoint                            sdxl_model_util.py:202
2025-08-03 22:39:34 INFO     U-Net: <All keys matched successfully>                   sdxl_model_util.py:208
                    INFO     building text encoders                                   sdxl_model_util.py:211
                    INFO     loading text encoders from checkpoint                    sdxl_model_util.py:264
                    INFO     text encoder 1: <All keys matched successfully>          sdxl_model_util.py:278
                    INFO     text encoder 2: <All keys matched successfully>          sdxl_model_util.py:282
                    INFO     building VAE                                             sdxl_model_util.py:285
                    INFO     loading VAE from checkpoint                              sdxl_model_util.py:290
                    INFO     VAE: <All keys matched successfully>                     sdxl_model_util.py:293
                    INFO     load VAE: stabilityai/sdxl-vae                               model_util.py:1267
2025-08-03 22:39:35 INFO     additional VAE loaded                                    sdxl_train_util.py:131
                    INFO     [Dataset 0]                                                  train_util.py:2613
                    INFO     caching latents with caching strategy.                       train_util.py:1115
                    INFO     caching latents...                                           train_util.py:1164
accelerator device: cuda
Disable Diffusers' xformers

  0%|          | 0/3 [00:00<?, ?it/s]
 67%|██████▋   | 2/3 [00:00<00:00,  3.16it/s]
100%|██████████| 3/3 [00:00<00:00,  4.74it/s]
2025-08-03 22:39:36 INFO     use Adafactor optimizer | {'scale_parameter': False,         train_util.py:4963
                             'relative_step': False, 'warmup_init': False,                                  
                             'weight_decay': 0.01}                                                          
                    WARNING  constant_with_warmup will be good /                          train_util.py:4995
                             スケジューラはconstant_with_warmupが良いかもしれません                         
enable text encoder training
train unet: True, text_encoder1: True, text_encoder2: False
number of models: 2
number of trainable parameters: 2690524164
prepare optimizer, data loader etc.
override steps. steps for 2 epochs is / 指定エポックまでのステップ数: 90
enable full bf16 training.
running training / 学習開始
  num examples / サンプル数: 90
  num batches per epoch / 1epochのバッチ数: 45
  num epochs / epoch数: 2
  batch size per device / バッチサイズ: 2
  gradient accumulation steps / 勾配を合計するステップ数 = 1
  total optimization steps / 学習ステップ数: 90

steps:   0%|          | 0/90 [00:00<?, ?it/s]2025-08-03 22:39:37 INFO     epoch is incremented. current_epoch: 0, epoch: 1              train_util.py:779

steps:   1%|          | 1/90 [00:05<07:34,  5.11s/it]
steps:   1%|          | 1/90 [00:05<07:34,  5.11s/it, avr_loss=0.244]
steps:   2%|▏         | 2/90 [00:06<05:02,  3.44s/it, avr_loss=0.244]
steps:   2%|▏         | 2/90 [00:06<05:03,  3.44s/it, avr_loss=0.158]
steps:   3%|▎         | 3/90 [00:08<04:15,  2.94s/it, avr_loss=0.158]
steps:   3%|▎         | 3/90 [00:08<04:15,  2.94s/it, avr_loss=0.13] 
steps:   4%|▍         | 4/90 [00:11<04:02,  2.82s/it, avr_loss=0.13]
steps:   4%|▍         | 4/90 [00:11<04:02,  2.82s/it, avr_loss=0.106]
steps:   6%|▌         | 5/90 [00:13<03:48,  2.69s/it, avr_loss=0.106]
steps:   6%|▌         | 5/90 [00:13<03:48,  2.69s/it, avr_loss=0.126]
steps:   7%|▋         | 6/90 [00:15<03:38,  2.60s/it, avr_loss=0.126]
steps:   7%|▋         | 6/90 [00:15<03:38,  2.60s/it, avr_loss=0.157]
steps:   8%|▊         | 7/90 [00:17<03:23,  2.46s/it, avr_loss=0.157]
steps:   8%|▊         | 7/90 [00:17<03:23,  2.46s/it, avr_loss=0.155]
steps:   9%|▉         | 8/90 [00:18<03:11,  2.34s/it, avr_loss=0.155]
steps:   9%|▉         | 8/90 [00:18<03:11,  2.34s/it, avr_loss=0.151]
steps:  10%|█         | 9/90 [00:20<03:02,  2.26s/it, avr_loss=0.151]
steps:  10%|█         | 9/90 [00:20<03:02,  2.26s/it, avr_loss=0.137]
steps:  11%|█         | 10/90 [00:22<02:57,  2.22s/it, avr_loss=0.137]
steps:  11%|█         | 10/90 [00:22<02:57,  2.22s/it, avr_loss=0.132]
steps:  12%|█▏        | 11/90 [00:23<02:51,  2.17s/it, avr_loss=0.132]
steps:  12%|█▏        | 11/90 [00:23<02:51,  2.17s/it, avr_loss=0.136]
steps:  13%|█▎        | 12/90 [00:25<02:45,  2.12s/it, avr_loss=0.136]
steps:  13%|█▎        | 12/90 [00:25<02:45,  2.12s/it, avr_loss=0.13] 
steps:  14%|█▍        | 13/90 [00:27<02:40,  2.09s/it, avr_loss=0.13]
steps:  14%|█▍        | 13/90 [00:27<02:40,  2.09s/it, avr_loss=0.124]
steps:  16%|█▌        | 14/90 [00:28<02:37,  2.07s/it, avr_loss=0.124]
steps:  16%|█▌        | 14/90 [00:28<02:37,  2.07s/it, avr_loss=0.138]
steps:  17%|█▋        | 15/90 [00:30<02:33,  2.04s/it, avr_loss=0.138]
steps:  17%|█▋        | 15/90 [00:30<02:33,  2.04s/it, avr_loss=0.144]
steps:  18%|█▊        | 16/90 [00:32<02:29,  2.02s/it, avr_loss=0.144]
steps:  18%|█▊        | 16/90 [00:32<02:29,  2.02s/it, avr_loss=0.146]
steps:  19%|█▉        | 17/90 [00:34<02:26,  2.00s/it, avr_loss=0.146]
steps:  19%|█▉        | 17/90 [00:34<02:26,  2.00s/it, avr_loss=0.139]
steps:  20%|██        | 18/90 [00:35<02:23,  1.99s/it, avr_loss=0.139]
steps:  20%|██        | 18/90 [00:35<02:23,  1.99s/it, avr_loss=0.145]
steps:  21%|██        | 19/90 [00:40<02:30,  2.12s/it, avr_loss=0.145]
steps:  21%|██        | 19/90 [00:40<02:30,  2.12s/it, avr_loss=0.147]
steps:  22%|██▏       | 20/90 [00:42<02:27,  2.10s/it, avr_loss=0.147]
steps:  22%|██▏       | 20/90 [00:42<02:27,  2.10s/it, avr_loss=0.153]
steps:  23%|██▎       | 21/90 [00:43<02:23,  2.09s/it, avr_loss=0.153]
steps:  23%|██▎       | 21/90 [00:43<02:23,  2.09s/it, avr_loss=0.147]
steps:  24%|██▍       | 22/90 [00:45<02:20,  2.06s/it, avr_loss=0.147]
steps:  24%|██▍       | 22/90 [00:45<02:20,  2.06s/it, avr_loss=0.143]
steps:  26%|██▌       | 23/90 [00:46<02:16,  2.04s/it, avr_loss=0.143]
steps:  26%|██▌       | 23/90 [00:46<02:16,  2.04s/it, avr_loss=0.147]
steps:  27%|██▋       | 24/90 [00:48<02:13,  2.02s/it, avr_loss=0.147]
steps:  27%|██▋       | 24/90 [00:48<02:13,  2.02s/it, avr_loss=0.151]
steps:  28%|██▊       | 25/90 [00:50<02:10,  2.01s/it, avr_loss=0.151]
steps:  28%|██▊       | 25/90 [00:50<02:10,  2.01s/it, avr_loss=0.153]
steps:  29%|██▉       | 26/90 [00:51<02:07,  1.99s/it, avr_loss=0.153]
steps:  29%|██▉       | 26/90 [00:51<02:07,  1.99s/it, avr_loss=0.154]
steps:  30%|███       | 27/90 [00:53<02:04,  1.98s/it, avr_loss=0.154]
steps:  30%|███       | 27/90 [00:53<02:04,  1.98s/it, avr_loss=0.15] 
steps:  31%|███       | 28/90 [00:55<02:01,  1.97s/it, avr_loss=0.15]
steps:  31%|███       | 28/90 [00:55<02:01,  1.97s/it, avr_loss=0.146]
steps:  32%|███▏      | 29/90 [00:56<01:59,  1.95s/it, avr_loss=0.146]
steps:  32%|███▏      | 29/90 [00:56<01:59,  1.95s/it, avr_loss=0.143]
steps:  33%|███▎      | 30/90 [00:58<01:56,  1.94s/it, avr_loss=0.143]
steps:  33%|███▎      | 30/90 [00:58<01:56,  1.94s/it, avr_loss=0.145]
steps:  34%|███▍      | 31/90 [00:59<01:53,  1.93s/it, avr_loss=0.145]
steps:  34%|███▍      | 31/90 [00:59<01:53,  1.93s/it, avr_loss=0.142]
steps:  36%|███▌      | 32/90 [01:01<01:50,  1.91s/it, avr_loss=0.142]
steps:  36%|███▌      | 32/90 [01:01<01:50,  1.91s/it, avr_loss=0.138]
steps:  37%|███▋      | 33/90 [01:02<01:48,  1.90s/it, avr_loss=0.138]
steps:  37%|███▋      | 33/90 [01:02<01:48,  1.90s/it, avr_loss=0.14] 
steps:  38%|███▊      | 34/90 [01:04<01:46,  1.89s/it, avr_loss=0.14]
steps:  38%|███▊      | 34/90 [01:04<01:46,  1.89s/it, avr_loss=0.137]
steps:  39%|███▉      | 35/90 [01:05<01:43,  1.88s/it, avr_loss=0.137]
steps:  39%|███▉      | 35/90 [01:05<01:43,  1.88s/it, avr_loss=0.143]
steps:  40%|████      | 36/90 [01:07<01:41,  1.88s/it, avr_loss=0.143]
steps:  40%|████      | 36/90 [01:07<01:41,  1.88s/it, avr_loss=0.146]
steps:  41%|████      | 37/90 [01:09<01:39,  1.88s/it, avr_loss=0.146]
steps:  41%|████      | 37/90 [01:09<01:39,  1.88s/it, avr_loss=0.143]
steps:  42%|████▏     | 38/90 [01:11<01:37,  1.88s/it, avr_loss=0.143]
steps:  42%|████▏     | 38/90 [01:11<01:37,  1.88s/it, avr_loss=0.14] 
steps:  43%|████▎     | 39/90 [01:15<01:39,  1.95s/it, avr_loss=0.14]
steps:  43%|████▎     | 39/90 [01:15<01:39,  1.95s/it, avr_loss=0.141]
steps:  44%|████▍     | 40/90 [01:17<01:37,  1.94s/it, avr_loss=0.141]
steps:  44%|████▍     | 40/90 [01:17<01:37,  1.94s/it, avr_loss=0.144]
steps:  46%|████▌     | 41/90 [01:19<01:34,  1.94s/it, avr_loss=0.144]
steps:  46%|████▌     | 41/90 [01:19<01:34,  1.94s/it, avr_loss=0.142]
steps:  47%|████▋     | 42/90 [01:20<01:32,  1.93s/it, avr_loss=0.142]
