2025-08-02 12:00:19,845 - src.database.factory - INFO - create_engine:128 - Created postgresql engine: postgresql://autotrainx:1234@localhost:5432/autotrainx
2025-08-02 12:00:19,850 - src.database.manager_v2 - INFO - __init__:62 - Database manager initialized with postgresql
2025-08-02 12:03:35,796 - src.training.enhanced_trainer - INFO - _execute_with_progress:234 - Training completed for dataset: m14w00dh4ll
2025-08-02 12:03:35,797 - src.pipeline.hooks.preview_hook - INFO - should_execute:74 - Skipping preview generation - no previews requested (use --preview N)
2025-08-02 12:03:35,797 - src.pipeline.hooks.file_move_hook - INFO - should_execute:76 - File move hook will execute for mode: single, dataset: m14w00dh4ll
2025-08-02 12:03:35,797 - src.pipeline.hooks.hook_manager - INFO - execute_hooks:74 - Executing hook: FileMoveHook
2025-08-02 12:03:35,797 - src.pipeline.hooks.file_move_hook - INFO - execute:95 - FileMoveHook execute - mode: single
2025-08-02 12:03:35,797 - src.pipeline.hooks.file_move_hook - INFO - execute:96 - FileMoveHook execute - context keys: ['success', 'training_success', 'dataset_name', 'preset', 'model_type', 'preview_count', 'job_id', 'mode', 'config_path', 'preview_enabled']
2025-08-02 12:03:35,798 - src.pipeline.hooks.file_move_hook - INFO - move_training_files:448 - Moving model: /home/eqx/AutoTrainX/workspace/output/m14w00dh4ll/model/m14w00dh4ll_SX1_cab94c8f.safetensors -> /home/eqx/custom/m14w00dh4ll_SX1_cab94c8f/m14w00dh4ll_SX1_cab94c8f.safetensors
2025-08-02 12:03:35,798 - src.pipeline.hooks.hook_manager - INFO - execute_hooks:83 - Hook FileMoveHook completed successfully
2025-08-02 12:03:35,799 - __main__ - ERROR - async_main:329 - Unexpected error occurred
Traceback (most recent call last):
  File "/home/eqx/AutoTrainX/src/cli/unified_handlers.py", line 452, in _train_single
    tracker.update_status(job_id, ExecutionStatus.DONE)
    ^^^^^^^
UnboundLocalError: cannot access local variable 'tracker' where it is not associated with a value

During handling of the above exception, another exception occurred:

Traceback (most recent call last):
  File "<string>", line 278, in async_main
  File "/home/eqx/AutoTrainX/src/cli/unified_handlers.py", line 56, in execute
    return handler(args)
           ^^^^^^^^^^^^^
  File "/home/eqx/AutoTrainX/src/cli/unified_handlers.py", line 74, in _handle_train
    return self._train_single(args, prepare_result, trainer)
           ^^^^^^^^^^^^^^^^^^^^^^^^^^^^^^^^^^^^^^^^^^^^^^^^^
  File "/home/eqx/AutoTrainX/src/cli/unified_handlers.py", line 459, in _train_single
    tracker.update_status(job_id, ExecutionStatus.DONE)
    ^^^^^^^
UnboundLocalError: cannot access local variable 'tracker' where it is not associated with a value
