2025-08-01 15:11:27,913 - src.training.enhanced_trainer - INFO - _execute_with_progress:234 - Training completed for dataset: b09g13
2025-08-01 15:11:27,917 - src.pipeline.hooks.hook_manager - INFO - execute_hooks:74 - Executing hook: ImagePreviewHook
2025-08-01 15:11:27,917 - src.pipeline.hooks.preview_hook - INFO - execute:127 - Executing image preview hook for b09g13
2025-08-01 15:11:27,919 - src.pipeline.hooks.preview_hook - INFO - _find_latest_model:297 - Selected latest model: /home/eqx/AutoTrainX/workspace/output/b09g13/model/b09g13_SX1_3c0b9b7f.safetensors
2025-08-01 15:11:27,919 - src.image_preview.preview_pipeline - INFO - generate_previews:70 - Generating 3 previews for b09g13 using SX1
2025-08-01 15:11:28,931 - src.image_preview.utils - INFO - ensure_comfyui_running:154 - ComfyUI Environment Diagnosis:
2025-08-01 15:11:28,931 - src.image_preview.utils - INFO - ensure_comfyui_running:155 -   ComfyUI path exists: True
2025-08-01 15:11:28,931 - src.image_preview.utils - INFO - ensure_comfyui_running:156 -   main.py exists: True
2025-08-01 15:11:28,932 - src.image_preview.utils - INFO - ensure_comfyui_running:157 -   Python: Python 3.12.3
2025-08-01 15:11:28,932 - src.image_preview.utils - INFO - ensure_comfyui_running:158 -   GPU available: True
2025-08-01 15:11:28,932 - src.image_preview.utils - INFO - ensure_comfyui_running:159 -   Port 8188 available: True
2025-08-01 15:11:28,932 - src.image_preview.utils - INFO - ensure_comfyui_running:177 - Starting ComfyUI from: /home/eqx/ComfyUI
2025-08-01 15:11:28,932 - src.image_preview.utils - INFO - ensure_comfyui_running:206 - Using ComfyUI virtual environment: /home/eqx/ComfyUI/venv
2025-08-01 15:11:28,933 - src.image_preview.utils - INFO - ensure_comfyui_running:218 - ComfyUI output will be logged to: /home/eqx/AutoTrainX/logs/ComfyUI_log/comfyui_20250801_151128.log
2025-08-01 15:11:28,933 - src.image_preview.utils - INFO - ensure_comfyui_running:221 - Executing command: /home/eqx/ComfyUI/venv/bin/python main.py --listen 127.0.0.1 --port 8188
2025-08-01 15:11:39,044 - src.image_preview.utils - INFO - ensure_comfyui_running:238 - ComfyUI started successfully on http://127.0.0.1:8188
2025-08-01 15:11:39,050 - src.image_preview.model_manager - INFO - _get_effective_preset:102 - Custom preset 'SX1' detected, using base preset 'SDXLCheckpoint' for model type detection
2025-08-01 15:11:39,050 - src.image_preview.model_manager - INFO - copy_model_to_comfyui:144 - Copying model to ComfyUI: /home/eqx/AutoTrainX/workspace/output/b09g13/model/b09g13_SX1_3c0b9b7f.safetensors -> /home/eqx/ComfyUI/models/checkpoints/b09g13_SX1_3c0b9b7f.safetensors
2025-08-01 15:11:48,881 - src.image_preview.workflow_handler - INFO - _get_base_preset:70 - Custom preset 'SX1' detected, using base preset 'SDXLCheckpoint' for workflow
2025-08-01 15:11:48,988 - src.image_preview.workflow_handler - INFO - load_workflow:120 - Loaded and validated workflow: SDXLCheckpoint.json for SX1
2025-08-01 15:11:48,988 - src.image_preview.preview_pipeline - INFO - generate_previews:118 - Generating preview 1/3
2025-08-01 15:11:48,989 - src.image_preview.workflow_customizer - INFO - customize_workflow:79 - Customizing workflow for SX1 - Preview 1
2025-08-01 15:11:48,992 - src.image_preview.workflow_customizer - INFO - _get_effective_preset:53 - Custom preset 'SX1' detected, using base preset 'SDXLCheckpoint' for customization
2025-08-01 15:11:48,992 - src.image_preview.workflow_customizer - INFO - _customize_sdxl_checkpoint_workflow:201 - Updated CheckpointLoaderSimple: b09g13_SX1_3c0b9b7f.safetensors
2025-08-01 15:11:48,992 - src.image_preview.workflow_customizer - INFO - _customize_sdxl_checkpoint_workflow:208 - Randomized seed in Seed Everywhere: 3430502616
2025-08-01 15:11:48,992 - src.image_preview.workflow_customizer - INFO - _customize_sdxl_checkpoint_workflow:217 - Randomized seed in Load Prompt From File - EQX: 3583402363
2025-08-01 15:11:48,993 - src.image_preview.workflow_customizer - INFO - _customize_sdxl_checkpoint_workflow:239 - Updated prompt file path: /home/eqx/AutoTrainX/ComfyUI_workflow_utils/txt/stand1.txt
2025-08-01 15:11:48,993 - src.image_preview.workflow_customizer - INFO - _customize_sdxl_checkpoint_workflow:293 - Updated SaveImage_EQX filename: b09g13_SX1_01
2025-08-01 15:11:48,993 - src.image_preview.workflow_customizer - INFO - _customize_sdxl_checkpoint_workflow:208 - Randomized seed in Seed Everywhere: 3819148233
2025-08-01 15:11:48,993 - src.image_preview.workflow_customizer - INFO - _customize_sdxl_checkpoint_workflow:280 - Updated output path: /home/eqx/AutoTrainX/workspace/output/b09g13/Preview
2025-08-01 15:11:49,040 - src.image_preview.comfyui_client - INFO - execute_workflow:80 - Submitted workflow with job ID: f2d620db-a3db-40bc-a527-0035d13e126c
2025-08-01 15:12:34,564 - src.image_preview.preview_pipeline - INFO - generate_previews:204 - Found generated image: /home/eqx/AutoTrainX/workspace/output/b09g13/Preview/b09g13_SX1_01_0001.png
2025-08-01 15:12:34,565 - src.image_preview.preview_pipeline - INFO - generate_previews:118 - Generating preview 2/3
2025-08-01 15:12:34,565 - src.image_preview.workflow_customizer - INFO - customize_workflow:79 - Customizing workflow for SX1 - Preview 2
2025-08-01 15:12:34,570 - src.image_preview.workflow_customizer - INFO - _get_effective_preset:53 - Custom preset 'SX1' detected, using base preset 'SDXLCheckpoint' for customization
2025-08-01 15:12:34,570 - src.image_preview.workflow_customizer - INFO - _customize_sdxl_checkpoint_workflow:201 - Updated CheckpointLoaderSimple: b09g13_SX1_3c0b9b7f.safetensors
2025-08-01 15:12:34,570 - src.image_preview.workflow_customizer - INFO - _customize_sdxl_checkpoint_workflow:208 - Randomized seed in Seed Everywhere: 3431580327
2025-08-01 15:12:34,570 - src.image_preview.workflow_customizer - INFO - _customize_sdxl_checkpoint_workflow:217 - Randomized seed in Load Prompt From File - EQX: 637426972
2025-08-01 15:12:34,570 - src.image_preview.workflow_customizer - INFO - _customize_sdxl_checkpoint_workflow:239 - Updated prompt file path: /home/eqx/AutoTrainX/ComfyUI_workflow_utils/txt/stand1.txt
2025-08-01 15:12:34,570 - src.image_preview.workflow_customizer - INFO - _customize_sdxl_checkpoint_workflow:293 - Updated SaveImage_EQX filename: b09g13_SX1_02
2025-08-01 15:12:34,570 - src.image_preview.workflow_customizer - INFO - _customize_sdxl_checkpoint_workflow:208 - Randomized seed in Seed Everywhere: 1757241969
2025-08-01 15:12:34,571 - src.image_preview.workflow_customizer - INFO - _customize_sdxl_checkpoint_workflow:280 - Updated output path: /home/eqx/AutoTrainX/workspace/output/b09g13/Preview
2025-08-01 15:12:34,573 - src.image_preview.comfyui_client - INFO - execute_workflow:80 - Submitted workflow with job ID: 9df15549-04b3-49c7-b104-fe2fc0d32cbc
2025-08-01 15:13:03,597 - src.image_preview.preview_pipeline - INFO - generate_previews:204 - Found generated image: /home/eqx/AutoTrainX/workspace/output/b09g13/Preview/b09g13_SX1_02_0001.png
2025-08-01 15:13:03,597 - src.image_preview.preview_pipeline - INFO - generate_previews:118 - Generating preview 3/3
2025-08-01 15:13:03,598 - src.image_preview.workflow_customizer - INFO - customize_workflow:79 - Customizing workflow for SX1 - Preview 3
2025-08-01 15:13:03,603 - src.image_preview.workflow_customizer - INFO - _get_effective_preset:53 - Custom preset 'SX1' detected, using base preset 'SDXLCheckpoint' for customization
2025-08-01 15:13:03,603 - src.image_preview.workflow_customizer - INFO - _customize_sdxl_checkpoint_workflow:201 - Updated CheckpointLoaderSimple: b09g13_SX1_3c0b9b7f.safetensors
2025-08-01 15:13:03,603 - src.image_preview.workflow_customizer - INFO - _customize_sdxl_checkpoint_workflow:208 - Randomized seed in Seed Everywhere: 2032634335
2025-08-01 15:13:03,603 - src.image_preview.workflow_customizer - INFO - _customize_sdxl_checkpoint_workflow:217 - Randomized seed in Load Prompt From File - EQX: 1951336924
2025-08-01 15:13:03,603 - src.image_preview.workflow_customizer - INFO - _customize_sdxl_checkpoint_workflow:239 - Updated prompt file path: /home/eqx/AutoTrainX/ComfyUI_workflow_utils/txt/stand1.txt
2025-08-01 15:13:03,603 - src.image_preview.workflow_customizer - INFO - _customize_sdxl_checkpoint_workflow:293 - Updated SaveImage_EQX filename: b09g13_SX1_03
2025-08-01 15:13:03,603 - src.image_preview.workflow_customizer - INFO - _customize_sdxl_checkpoint_workflow:208 - Randomized seed in Seed Everywhere: 2319020071
2025-08-01 15:13:03,603 - src.image_preview.workflow_customizer - INFO - _customize_sdxl_checkpoint_workflow:280 - Updated output path: /home/eqx/AutoTrainX/workspace/output/b09g13/Preview
2025-08-01 15:13:03,606 - src.image_preview.comfyui_client - INFO - execute_workflow:80 - Submitted workflow with job ID: b62d6057-8717-41b0-a4f4-9c4463ef0bac
2025-08-01 15:13:33,666 - src.image_preview.preview_pipeline - INFO - generate_previews:204 - Found generated image: /home/eqx/AutoTrainX/workspace/output/b09g13/Preview/b09g13_SX1_03_0001.png
2025-08-01 15:13:33,666 - src.image_preview.model_manager - INFO - remove_model_from_comfyui:157 - Removing temporary model: /home/eqx/ComfyUI/models/checkpoints/b09g13_SX1_3c0b9b7f.safetensors
2025-08-01 15:13:34,210 - src.image_preview.preview_pipeline - INFO - generate_previews:250 - Shutting down ComfyUI after preview generation
2025-08-01 15:13:34,223 - src.image_preview.utils - INFO - shutdown_comfyui:420 - ComfyUI process killed successfully
2025-08-01 15:13:34,223 - src.pipeline.hooks.hook_manager - INFO - execute_hooks:83 - Hook ImagePreviewHook completed successfully
2025-08-01 15:13:34,223 - src.pipeline.hooks.file_move_hook - INFO - should_execute:76 - File move hook will execute for mode: single, dataset: b09g13
2025-08-01 15:13:34,223 - src.pipeline.hooks.hook_manager - INFO - execute_hooks:74 - Executing hook: FileMoveHook
2025-08-01 15:13:34,224 - src.pipeline.hooks.file_move_hook - INFO - execute:95 - FileMoveHook execute - mode: single
2025-08-01 15:13:34,224 - src.pipeline.hooks.file_move_hook - INFO - execute:96 - FileMoveHook execute - context keys: ['success', 'training_success', 'dataset_name', 'preset', 'model_type', 'preview_count', 'job_id', 'mode', 'config_path', 'preview_enabled']
2025-08-01 15:13:34,225 - src.pipeline.hooks.file_move_hook - INFO - move_training_files:448 - Moving model: /home/eqx/AutoTrainX/workspace/output/b09g13/model/b09g13_SX1_3c0b9b7f.safetensors -> /home/eqx/custom/b09g13_SX1_3c0b9b7f/b09g13_SX1_3c0b9b7f.safetensors
2025-08-01 15:13:34,225 - src.pipeline.hooks.file_move_hook - INFO - move_training_files:474 - Moving preview dir: /home/eqx/AutoTrainX/workspace/output/b09g13/Preview -> /home/eqx/custom/b09g13_SX1_3c0b9b7f/Preview
2025-08-01 15:13:34,225 - src.pipeline.hooks.hook_manager - INFO - execute_hooks:83 - Hook FileMoveHook completed successfully
2025-08-01 15:13:34,235 - src.sheets_sync.db_watcher - INFO - stop:128 - Stopped database watcher
2025-08-01 15:13:34,235 - src.sheets_sync.start_watcher - INFO - stop:58 - Integrated database watcher stopped
2025-08-01 15:13:34,235 - __main__ - INFO - async_main:288 - Database watcher stopped
