2025-08-02 19:19:17,330 - src.database.factory - INFO - create_engine:128 - ✅ POSTGRESQL database ready
2025-08-02 19:19:17,335 - src.database.manager_v2 - INFO - __init__:62 - ✅ Database ready (postgresql)
2025-08-02 19:22:22,554 - src.training.enhanced_trainer - INFO - _execute_with_progress:234 - Training completed for dataset: m14w00dh4ll
2025-08-02 19:22:22,569 - src.pipeline.hooks.hook_manager - INFO - execute_hooks:74 - Executing hook: ImagePreviewHook
2025-08-02 19:22:22,569 - src.pipeline.hooks.preview_hook - INFO - execute:127 - Executing image preview hook for m14w00dh4ll
2025-08-02 19:22:22,573 - src.pipeline.hooks.preview_hook - INFO - _find_latest_model:297 - Selected latest model: /home/eqx/AutoTrainX/workspace/output/m14w00dh4ll/model/m14w00dh4ll_SX1_01c18449.safetensors
2025-08-02 19:22:22,574 - src.image_preview.preview_pipeline - INFO - generate_previews:70 - Generating 3 previews for m14w00dh4ll using SX1
2025-08-02 19:22:23,892 - src.image_preview.utils - INFO - ensure_comfyui_running:154 - ComfyUI Environment Diagnosis:
2025-08-02 19:22:23,892 - src.image_preview.utils - INFO - ensure_comfyui_running:155 -   ComfyUI path exists: True
2025-08-02 19:22:23,892 - src.image_preview.utils - INFO - ensure_comfyui_running:156 -   main.py exists: True
2025-08-02 19:22:23,892 - src.image_preview.utils - INFO - ensure_comfyui_running:157 -   Python: Python 3.12.3
2025-08-02 19:22:23,892 - src.image_preview.utils - INFO - ensure_comfyui_running:158 -   GPU available: True
2025-08-02 19:22:23,892 - src.image_preview.utils - INFO - ensure_comfyui_running:159 -   Port 8188 available: True
2025-08-02 19:22:23,892 - src.image_preview.utils - INFO - ensure_comfyui_running:177 - Starting ComfyUI from: /home/eqx/ComfyUI
2025-08-02 19:22:23,893 - src.image_preview.utils - INFO - ensure_comfyui_running:206 - Using ComfyUI virtual environment: /home/eqx/ComfyUI/venv
2025-08-02 19:22:23,893 - src.image_preview.utils - INFO - ensure_comfyui_running:218 - ComfyUI output will be logged to: /home/eqx/AutoTrainX/logs/ComfyUI_log/comfyui_20250802_192223.log
2025-08-02 19:22:23,893 - src.image_preview.utils - INFO - ensure_comfyui_running:221 - Executing command: /home/eqx/ComfyUI/venv/bin/python main.py --listen 127.0.0.1 --port 8188
2025-08-02 19:22:32,004 - src.image_preview.utils - INFO - ensure_comfyui_running:238 - ComfyUI started successfully on http://127.0.0.1:8188
2025-08-02 19:22:32,010 - src.image_preview.model_manager - INFO - _get_effective_preset:102 - Custom preset 'SX1' detected, using base preset 'SDXLCheckpoint' for model type detection
2025-08-02 19:22:32,010 - src.image_preview.model_manager - INFO - copy_model_to_comfyui:144 - Copying model to ComfyUI: /home/eqx/AutoTrainX/workspace/output/m14w00dh4ll/model/m14w00dh4ll_SX1_01c18449.safetensors -> /home/eqx/ComfyUI/models/checkpoints/m14w00dh4ll_SX1_01c18449.safetensors
2025-08-02 19:22:37,698 - src.image_preview.workflow_handler - INFO - _get_base_preset:70 - Custom preset 'SX1' detected, using base preset 'SDXLCheckpoint' for workflow
2025-08-02 19:22:37,698 - src.image_preview.workflow_handler - INFO - load_workflow:120 - Loaded and validated workflow: SDXLCheckpoint.json for SX1
2025-08-02 19:22:37,699 - src.image_preview.preview_pipeline - INFO - generate_previews:118 - Generating preview 1/3
2025-08-02 19:22:37,699 - src.image_preview.workflow_customizer - INFO - customize_workflow:79 - Customizing workflow for SX1 - Preview 1
2025-08-02 19:22:37,703 - src.image_preview.workflow_customizer - INFO - _get_effective_preset:53 - Custom preset 'SX1' detected, using base preset 'SDXLCheckpoint' for customization
2025-08-02 19:22:37,703 - src.image_preview.workflow_customizer - INFO - _customize_sdxl_checkpoint_workflow:201 - Updated CheckpointLoaderSimple: m14w00dh4ll_SX1_01c18449.safetensors
2025-08-02 19:22:37,703 - src.image_preview.workflow_customizer - INFO - _customize_sdxl_checkpoint_workflow:208 - Randomized seed in Seed Everywhere: 3969800163
2025-08-02 19:22:37,703 - src.image_preview.workflow_customizer - INFO - _customize_sdxl_checkpoint_workflow:217 - Randomized seed in Load Prompt From File - EQX: 196029470
2025-08-02 19:22:37,703 - src.image_preview.workflow_customizer - INFO - _customize_sdxl_checkpoint_workflow:239 - Updated prompt file path: /home/eqx/AutoTrainX/ComfyUI_workflow_utils/txt/stand1.txt
2025-08-02 19:22:37,703 - src.image_preview.workflow_customizer - INFO - _customize_sdxl_checkpoint_workflow:293 - Updated SaveImage_EQX filename: m14w00dh4ll_SX1_01
2025-08-02 19:22:37,703 - src.image_preview.workflow_customizer - INFO - _customize_sdxl_checkpoint_workflow:208 - Randomized seed in Seed Everywhere: 2642083654
2025-08-02 19:22:37,703 - src.image_preview.workflow_customizer - INFO - _customize_sdxl_checkpoint_workflow:280 - Updated output path: /home/eqx/AutoTrainX/workspace/output/m14w00dh4ll/Preview
2025-08-02 19:22:37,707 - src.image_preview.comfyui_client - INFO - execute_workflow:80 - Submitted workflow with job ID: ef6f323f-f6db-42b0-a293-0cb80a7332ab
2025-08-02 19:23:12,807 - src.image_preview.preview_pipeline - INFO - generate_previews:204 - Found generated image: /home/eqx/AutoTrainX/workspace/output/m14w00dh4ll/Preview/m14w00dh4ll_SX1_01_0001.png
2025-08-02 19:23:12,807 - src.image_preview.preview_pipeline - INFO - generate_previews:118 - Generating preview 2/3
2025-08-02 19:23:12,807 - src.image_preview.workflow_customizer - INFO - customize_workflow:79 - Customizing workflow for SX1 - Preview 2
2025-08-02 19:23:12,811 - src.image_preview.workflow_customizer - INFO - _get_effective_preset:53 - Custom preset 'SX1' detected, using base preset 'SDXLCheckpoint' for customization
2025-08-02 19:23:12,811 - src.image_preview.workflow_customizer - INFO - _customize_sdxl_checkpoint_workflow:201 - Updated CheckpointLoaderSimple: m14w00dh4ll_SX1_01c18449.safetensors
2025-08-02 19:23:12,811 - src.image_preview.workflow_customizer - INFO - _customize_sdxl_checkpoint_workflow:208 - Randomized seed in Seed Everywhere: 1181051095
2025-08-02 19:23:12,812 - src.image_preview.workflow_customizer - INFO - _customize_sdxl_checkpoint_workflow:217 - Randomized seed in Load Prompt From File - EQX: 217433442
2025-08-02 19:23:12,812 - src.image_preview.workflow_customizer - INFO - _customize_sdxl_checkpoint_workflow:239 - Updated prompt file path: /home/eqx/AutoTrainX/ComfyUI_workflow_utils/txt/stand1.txt
2025-08-02 19:23:12,812 - src.image_preview.workflow_customizer - INFO - _customize_sdxl_checkpoint_workflow:293 - Updated SaveImage_EQX filename: m14w00dh4ll_SX1_02
2025-08-02 19:23:12,812 - src.image_preview.workflow_customizer - INFO - _customize_sdxl_checkpoint_workflow:208 - Randomized seed in Seed Everywhere: 3218635769
2025-08-02 19:23:12,812 - src.image_preview.workflow_customizer - INFO - _customize_sdxl_checkpoint_workflow:280 - Updated output path: /home/eqx/AutoTrainX/workspace/output/m14w00dh4ll/Preview
2025-08-02 19:23:12,815 - src.image_preview.comfyui_client - INFO - execute_workflow:80 - Submitted workflow with job ID: 25d3111c-4a83-4e04-b625-df12f8f7feef
2025-08-02 19:23:43,090 - src.image_preview.preview_pipeline - INFO - generate_previews:204 - Found generated image: /home/eqx/AutoTrainX/workspace/output/m14w00dh4ll/Preview/m14w00dh4ll_SX1_02_0001.png
2025-08-02 19:23:43,091 - src.image_preview.preview_pipeline - INFO - generate_previews:118 - Generating preview 3/3
2025-08-02 19:23:43,091 - src.image_preview.workflow_customizer - INFO - customize_workflow:79 - Customizing workflow for SX1 - Preview 3
2025-08-02 19:23:43,097 - src.image_preview.workflow_customizer - INFO - _get_effective_preset:53 - Custom preset 'SX1' detected, using base preset 'SDXLCheckpoint' for customization
2025-08-02 19:23:43,097 - src.image_preview.workflow_customizer - INFO - _customize_sdxl_checkpoint_workflow:201 - Updated CheckpointLoaderSimple: m14w00dh4ll_SX1_01c18449.safetensors
2025-08-02 19:23:43,097 - src.image_preview.workflow_customizer - INFO - _customize_sdxl_checkpoint_workflow:208 - Randomized seed in Seed Everywhere: 2765744947
2025-08-02 19:23:43,097 - src.image_preview.workflow_customizer - INFO - _customize_sdxl_checkpoint_workflow:217 - Randomized seed in Load Prompt From File - EQX: 327058928
2025-08-02 19:23:43,097 - src.image_preview.workflow_customizer - INFO - _customize_sdxl_checkpoint_workflow:239 - Updated prompt file path: /home/eqx/AutoTrainX/ComfyUI_workflow_utils/txt/stand1.txt
2025-08-02 19:23:43,097 - src.image_preview.workflow_customizer - INFO - _customize_sdxl_checkpoint_workflow:293 - Updated SaveImage_EQX filename: m14w00dh4ll_SX1_03
2025-08-02 19:23:43,097 - src.image_preview.workflow_customizer - INFO - _customize_sdxl_checkpoint_workflow:208 - Randomized seed in Seed Everywhere: 1430620144
2025-08-02 19:23:43,098 - src.image_preview.workflow_customizer - INFO - _customize_sdxl_checkpoint_workflow:280 - Updated output path: /home/eqx/AutoTrainX/workspace/output/m14w00dh4ll/Preview
2025-08-02 19:23:43,101 - src.image_preview.comfyui_client - INFO - execute_workflow:80 - Submitted workflow with job ID: 16f6f0e2-4446-4dfc-8489-c71dbeb5e96b
2025-08-02 19:24:15,171 - src.image_preview.preview_pipeline - INFO - generate_previews:204 - Found generated image: /home/eqx/AutoTrainX/workspace/output/m14w00dh4ll/Preview/m14w00dh4ll_SX1_03_0001.png
2025-08-02 19:24:15,171 - src.image_preview.model_manager - INFO - remove_model_from_comfyui:157 - Removing temporary model: /home/eqx/ComfyUI/models/checkpoints/m14w00dh4ll_SX1_01c18449.safetensors
2025-08-02 19:24:15,761 - src.image_preview.preview_pipeline - INFO - generate_previews:250 - Shutting down ComfyUI after preview generation
2025-08-02 19:24:15,772 - src.image_preview.utils - INFO - shutdown_comfyui:420 - ComfyUI process killed successfully
2025-08-02 19:24:15,773 - src.pipeline.hooks.hook_manager - INFO - execute_hooks:83 - Hook ImagePreviewHook completed successfully
2025-08-02 19:24:15,773 - src.pipeline.hooks.file_move_hook - INFO - should_execute:76 - File move hook will execute for mode: single, dataset: m14w00dh4ll
2025-08-02 19:24:15,774 - src.pipeline.hooks.hook_manager - INFO - execute_hooks:74 - Executing hook: FileMoveHook
2025-08-02 19:24:15,774 - src.pipeline.hooks.file_move_hook - INFO - execute:95 - FileMoveHook execute - mode: single
2025-08-02 19:24:15,774 - src.pipeline.hooks.file_move_hook - INFO - execute:96 - FileMoveHook execute - context keys: ['success', 'training_success', 'dataset_name', 'preset', 'model_type', 'preview_count', 'job_id', 'mode', 'config_path', 'preview_enabled']
2025-08-02 19:24:15,774 - src.pipeline.hooks.file_move_hook - INFO - move_training_files:448 - Moving model: /home/eqx/AutoTrainX/workspace/output/m14w00dh4ll/model/m14w00dh4ll_SX1_01c18449.safetensors -> /home/eqx/custom/m14w00dh4ll_SX1_01c18449/m14w00dh4ll_SX1_01c18449.safetensors
2025-08-02 19:24:15,775 - src.pipeline.hooks.file_move_hook - INFO - move_training_files:474 - Moving preview dir: /home/eqx/AutoTrainX/workspace/output/m14w00dh4ll/Preview -> /home/eqx/custom/m14w00dh4ll_SX1_01c18449/Preview
2025-08-02 19:24:15,775 - src.pipeline.hooks.hook_manager - INFO - execute_hooks:83 - Hook FileMoveHook completed successfully
