2025-08-04 01:29:16,992 - src.database.utils.singleton_logger - INFO - log_once:33 - Connection monitoring started (interval: 60s)
2025-08-04 01:29:16,992 - src.database.utils.singleton_logger - INFO - log_once:33 - Enhanced database manager initialized with postgresql
2025-08-04 01:32:26,745 - src.training.enhanced_trainer - INFO - _execute_with_progress:236 - Training completed for dataset: m14w00dh4ll
2025-08-04 01:32:26,762 - src.pipeline.hooks.hook_manager - INFO - execute_hooks:74 - Executing hook: ImagePreviewHook
2025-08-04 01:32:26,762 - src.pipeline.hooks.preview_hook - INFO - execute:127 - Executing image preview hook for m14w00dh4ll
2025-08-04 01:32:26,763 - src.pipeline.hooks.preview_hook - INFO - _find_latest_model:297 - Selected latest model: /home/eqx/AutoTrainX/workspace/output/m14w00dh4ll/model/m14w00dh4ll_SX1_81c91a3f.safetensors
2025-08-04 01:32:26,763 - src.image_preview.preview_pipeline - INFO - generate_previews:70 - Generating 3 previews for m14w00dh4ll using SX1
2025-08-04 01:32:27,738 - src.image_preview.utils - INFO - ensure_comfyui_running:154 - ComfyUI Environment Diagnosis:
2025-08-04 01:32:27,738 - src.image_preview.utils - INFO - ensure_comfyui_running:155 -   ComfyUI path exists: True
2025-08-04 01:32:27,738 - src.image_preview.utils - INFO - ensure_comfyui_running:156 -   main.py exists: True
2025-08-04 01:32:27,738 - src.image_preview.utils - INFO - ensure_comfyui_running:157 -   Python: Python 3.12.3
2025-08-04 01:32:27,738 - src.image_preview.utils - INFO - ensure_comfyui_running:158 -   GPU available: True
2025-08-04 01:32:27,738 - src.image_preview.utils - INFO - ensure_comfyui_running:159 -   Port 8188 available: True
2025-08-04 01:32:27,738 - src.image_preview.utils - INFO - ensure_comfyui_running:177 - Starting ComfyUI from: /home/eqx/ComfyUI
2025-08-04 01:32:27,738 - src.image_preview.utils - INFO - ensure_comfyui_running:206 - Using ComfyUI virtual environment: /home/eqx/ComfyUI/venv
2025-08-04 01:32:27,739 - src.image_preview.utils - INFO - ensure_comfyui_running:218 - ComfyUI output will be logged to: /home/eqx/AutoTrainX/logs/ComfyUI_log/comfyui_20250804_013227.log
2025-08-04 01:32:27,739 - src.image_preview.utils - INFO - ensure_comfyui_running:221 - Executing command: /home/eqx/ComfyUI/venv/bin/python main.py --listen 127.0.0.1 --port 8188
2025-08-04 01:32:38,852 - src.image_preview.utils - INFO - ensure_comfyui_running:238 - ComfyUI started successfully on http://127.0.0.1:8188
2025-08-04 01:32:38,859 - src.image_preview.model_manager - INFO - _get_effective_preset:102 - Custom preset 'SX1' detected, using base preset 'SDXLCheckpoint' for model type detection
2025-08-04 01:32:38,859 - src.image_preview.model_manager - INFO - copy_model_to_comfyui:144 - Copying model to ComfyUI: /home/eqx/AutoTrainX/workspace/output/m14w00dh4ll/model/m14w00dh4ll_SX1_81c91a3f.safetensors -> /home/eqx/ComfyUI/models/checkpoints/m14w00dh4ll_SX1_81c91a3f.safetensors
2025-08-04 01:32:44,721 - src.image_preview.workflow_handler - INFO - _get_base_preset:70 - Custom preset 'SX1' detected, using base preset 'SDXLCheckpoint' for workflow
2025-08-04 01:32:44,722 - src.image_preview.workflow_handler - INFO - load_workflow:120 - Loaded and validated workflow: SDXLCheckpoint.json for SX1
2025-08-04 01:32:44,722 - src.image_preview.preview_pipeline - INFO - generate_previews:118 - Generating preview 1/3
2025-08-04 01:32:44,722 - src.image_preview.workflow_customizer - INFO - customize_workflow:79 - Customizing workflow for SX1 - Preview 1
2025-08-04 01:32:44,725 - src.image_preview.workflow_customizer - INFO - _get_effective_preset:53 - Custom preset 'SX1' detected, using base preset 'SDXLCheckpoint' for customization
2025-08-04 01:32:44,725 - src.image_preview.workflow_customizer - INFO - _customize_sdxl_checkpoint_workflow:201 - Updated CheckpointLoaderSimple: m14w00dh4ll_SX1_81c91a3f.safetensors
2025-08-04 01:32:44,725 - src.image_preview.workflow_customizer - INFO - _customize_sdxl_checkpoint_workflow:208 - Randomized seed in Seed Everywhere: 3815462616
2025-08-04 01:32:44,726 - src.image_preview.workflow_customizer - INFO - _customize_sdxl_checkpoint_workflow:217 - Randomized seed in Load Prompt From File - EQX: 333227728
2025-08-04 01:32:44,726 - src.image_preview.workflow_customizer - INFO - _customize_sdxl_checkpoint_workflow:239 - Updated prompt file path: /home/eqx/AutoTrainX/ComfyUI_workflow_utils/txt/stand1.txt
2025-08-04 01:32:44,726 - src.image_preview.workflow_customizer - INFO - _customize_sdxl_checkpoint_workflow:293 - Updated SaveImage_EQX filename: m14w00dh4ll_SX1_01
2025-08-04 01:32:44,726 - src.image_preview.workflow_customizer - INFO - _customize_sdxl_checkpoint_workflow:208 - Randomized seed in Seed Everywhere: 3619779381
2025-08-04 01:32:44,726 - src.image_preview.workflow_customizer - INFO - _customize_sdxl_checkpoint_workflow:280 - Updated output path: /home/eqx/AutoTrainX/workspace/output/m14w00dh4ll/Preview
2025-08-04 01:32:44,731 - src.image_preview.comfyui_client - INFO - execute_workflow:80 - Submitted workflow with job ID: 1d2c3367-66d2-422b-90bc-3f91127d68dd
2025-08-04 01:33:22,236 - src.image_preview.preview_pipeline - INFO - generate_previews:204 - Found generated image: /home/eqx/AutoTrainX/workspace/output/m14w00dh4ll/Preview/m14w00dh4ll_SX1_01_0001.png
2025-08-04 01:33:22,236 - src.image_preview.preview_pipeline - INFO - generate_previews:118 - Generating preview 2/3
2025-08-04 01:33:22,237 - src.image_preview.workflow_customizer - INFO - customize_workflow:79 - Customizing workflow for SX1 - Preview 2
2025-08-04 01:33:22,240 - src.image_preview.workflow_customizer - INFO - _get_effective_preset:53 - Custom preset 'SX1' detected, using base preset 'SDXLCheckpoint' for customization
2025-08-04 01:33:22,240 - src.image_preview.workflow_customizer - INFO - _customize_sdxl_checkpoint_workflow:201 - Updated CheckpointLoaderSimple: m14w00dh4ll_SX1_81c91a3f.safetensors
2025-08-04 01:33:22,241 - src.image_preview.workflow_customizer - INFO - _customize_sdxl_checkpoint_workflow:208 - Randomized seed in Seed Everywhere: 3159820888
2025-08-04 01:33:22,241 - src.image_preview.workflow_customizer - INFO - _customize_sdxl_checkpoint_workflow:217 - Randomized seed in Load Prompt From File - EQX: 2029464529
2025-08-04 01:33:22,241 - src.image_preview.workflow_customizer - INFO - _customize_sdxl_checkpoint_workflow:239 - Updated prompt file path: /home/eqx/AutoTrainX/ComfyUI_workflow_utils/txt/stand1.txt
2025-08-04 01:33:22,241 - src.image_preview.workflow_customizer - INFO - _customize_sdxl_checkpoint_workflow:293 - Updated SaveImage_EQX filename: m14w00dh4ll_SX1_02
2025-08-04 01:33:22,241 - src.image_preview.workflow_customizer - INFO - _customize_sdxl_checkpoint_workflow:208 - Randomized seed in Seed Everywhere: 1373674680
2025-08-04 01:33:22,241 - src.image_preview.workflow_customizer - INFO - _customize_sdxl_checkpoint_workflow:280 - Updated output path: /home/eqx/AutoTrainX/workspace/output/m14w00dh4ll/Preview
2025-08-04 01:33:22,243 - src.image_preview.comfyui_client - INFO - execute_workflow:80 - Submitted workflow with job ID: f4df3662-b6f4-48cc-af5a-b755eaba3a3a
2025-08-04 01:33:52,327 - src.image_preview.preview_pipeline - INFO - generate_previews:204 - Found generated image: /home/eqx/AutoTrainX/workspace/output/m14w00dh4ll/Preview/m14w00dh4ll_SX1_02_0001.png
2025-08-04 01:33:52,327 - src.image_preview.preview_pipeline - INFO - generate_previews:118 - Generating preview 3/3
2025-08-04 01:33:52,327 - src.image_preview.workflow_customizer - INFO - customize_workflow:79 - Customizing workflow for SX1 - Preview 3
2025-08-04 01:33:52,330 - src.image_preview.workflow_customizer - INFO - _get_effective_preset:53 - Custom preset 'SX1' detected, using base preset 'SDXLCheckpoint' for customization
2025-08-04 01:33:52,331 - src.image_preview.workflow_customizer - INFO - _customize_sdxl_checkpoint_workflow:201 - Updated CheckpointLoaderSimple: m14w00dh4ll_SX1_81c91a3f.safetensors
2025-08-04 01:33:52,331 - src.image_preview.workflow_customizer - INFO - _customize_sdxl_checkpoint_workflow:208 - Randomized seed in Seed Everywhere: 2012903594
2025-08-04 01:33:52,331 - src.image_preview.workflow_customizer - INFO - _customize_sdxl_checkpoint_workflow:217 - Randomized seed in Load Prompt From File - EQX: 964006918
2025-08-04 01:33:52,331 - src.image_preview.workflow_customizer - INFO - _customize_sdxl_checkpoint_workflow:239 - Updated prompt file path: /home/eqx/AutoTrainX/ComfyUI_workflow_utils/txt/stand1.txt
2025-08-04 01:33:52,331 - src.image_preview.workflow_customizer - INFO - _customize_sdxl_checkpoint_workflow:293 - Updated SaveImage_EQX filename: m14w00dh4ll_SX1_03
2025-08-04 01:33:52,331 - src.image_preview.workflow_customizer - INFO - _customize_sdxl_checkpoint_workflow:208 - Randomized seed in Seed Everywhere: 1012450748
2025-08-04 01:33:52,331 - src.image_preview.workflow_customizer - INFO - _customize_sdxl_checkpoint_workflow:280 - Updated output path: /home/eqx/AutoTrainX/workspace/output/m14w00dh4ll/Preview
2025-08-04 01:33:52,333 - src.image_preview.comfyui_client - INFO - execute_workflow:80 - Submitted workflow with job ID: a7f0ea2c-4cff-4713-84b6-115aeb065e61
2025-08-04 01:34:24,144 - src.image_preview.preview_pipeline - INFO - generate_previews:204 - Found generated image: /home/eqx/AutoTrainX/workspace/output/m14w00dh4ll/Preview/m14w00dh4ll_SX1_03_0001.png
2025-08-04 01:34:24,144 - src.image_preview.model_manager - INFO - remove_model_from_comfyui:157 - Removing temporary model: /home/eqx/ComfyUI/models/checkpoints/m14w00dh4ll_SX1_81c91a3f.safetensors
2025-08-04 01:34:24,658 - src.image_preview.preview_pipeline - INFO - generate_previews:250 - Shutting down ComfyUI after preview generation
2025-08-04 01:34:24,668 - src.image_preview.utils - INFO - shutdown_comfyui:420 - ComfyUI process killed successfully
2025-08-04 01:34:24,668 - src.pipeline.hooks.hook_manager - INFO - execute_hooks:83 - Hook ImagePreviewHook completed successfully
2025-08-04 01:34:24,668 - src.pipeline.hooks.file_move_hook - INFO - should_execute:76 - File move hook will execute for mode: single, dataset: m14w00dh4ll
2025-08-04 01:34:24,669 - src.pipeline.hooks.hook_manager - INFO - execute_hooks:74 - Executing hook: FileMoveHook
2025-08-04 01:34:24,669 - src.pipeline.hooks.file_move_hook - INFO - execute:95 - FileMoveHook execute - mode: single
2025-08-04 01:34:24,669 - src.pipeline.hooks.file_move_hook - INFO - execute:96 - FileMoveHook execute - context keys: ['success', 'training_success', 'dataset_name', 'preset', 'model_type', 'preview_count', 'job_id', 'mode', 'config_path', 'preview_enabled']
2025-08-04 01:34:24,670 - src.pipeline.hooks.file_move_hook - INFO - move_training_files:448 - Moving model: /home/eqx/AutoTrainX/workspace/output/m14w00dh4ll/model/m14w00dh4ll_SX1_81c91a3f.safetensors -> /home/eqx/custom/m14w00dh4ll_SX1_81c91a3f/m14w00dh4ll_SX1_81c91a3f.safetensors
2025-08-04 01:34:24,670 - src.pipeline.hooks.file_move_hook - INFO - move_training_files:474 - Moving preview dir: /home/eqx/AutoTrainX/workspace/output/m14w00dh4ll/Preview -> /home/eqx/custom/m14w00dh4ll_SX1_81c91a3f/Preview
2025-08-04 01:34:24,670 - src.pipeline.hooks.hook_manager - INFO - execute_hooks:83 - Hook FileMoveHook completed successfully
