2025-08-01 13:04:44,544 - src.training.enhanced_trainer - INFO - _execute_with_progress:234 - Training completed for dataset: sophieraiin
2025-08-01 13:04:46,612 - src.pipeline.hooks.hook_manager - INFO - execute_hooks:74 - Executing hook: ImagePreviewHook
2025-08-01 13:04:46,612 - src.pipeline.hooks.preview_hook - INFO - execute:127 - Executing image preview hook for sophieraiin
2025-08-01 13:04:46,614 - src.pipeline.hooks.preview_hook - INFO - _find_latest_model:297 - Selected latest model: /home/eqx/AutoTrainX/workspace/output/sophieraiin/model/sophieraiin_SX1_08980300.safetensors
2025-08-01 13:04:46,614 - src.image_preview.preview_pipeline - INFO - generate_previews:70 - Generating 3 previews for sophieraiin using SX1
2025-08-01 13:04:47,753 - src.image_preview.utils - INFO - ensure_comfyui_running:154 - ComfyUI Environment Diagnosis:
2025-08-01 13:04:47,754 - src.image_preview.utils - INFO - ensure_comfyui_running:155 -   ComfyUI path exists: True
2025-08-01 13:04:47,754 - src.image_preview.utils - INFO - ensure_comfyui_running:156 -   main.py exists: True
2025-08-01 13:04:47,754 - src.image_preview.utils - INFO - ensure_comfyui_running:157 -   Python: Python 3.12.3
2025-08-01 13:04:47,754 - src.image_preview.utils - INFO - ensure_comfyui_running:158 -   GPU available: True
2025-08-01 13:04:47,754 - src.image_preview.utils - INFO - ensure_comfyui_running:159 -   Port 8188 available: True
2025-08-01 13:04:47,754 - src.image_preview.utils - INFO - ensure_comfyui_running:177 - Starting ComfyUI from: /home/eqx/ComfyUI
2025-08-01 13:04:47,754 - src.image_preview.utils - INFO - ensure_comfyui_running:206 - Using ComfyUI virtual environment: /home/eqx/ComfyUI/venv
2025-08-01 13:04:47,754 - src.image_preview.utils - INFO - ensure_comfyui_running:218 - ComfyUI output will be logged to: /home/eqx/AutoTrainX/logs/ComfyUI_log/comfyui_20250801_130447.log
2025-08-01 13:04:47,755 - src.image_preview.utils - INFO - ensure_comfyui_running:221 - Executing command: /home/eqx/ComfyUI/venv/bin/python main.py --listen 127.0.0.1 --port 8188
2025-08-01 13:04:55,865 - src.image_preview.utils - INFO - ensure_comfyui_running:238 - ComfyUI started successfully on http://127.0.0.1:8188
2025-08-01 13:04:55,871 - src.image_preview.model_manager - INFO - _get_effective_preset:102 - Custom preset 'SX1' detected, using base preset 'SDXLCheckpoint' for model type detection
2025-08-01 13:04:55,871 - src.image_preview.model_manager - INFO - copy_model_to_comfyui:144 - Copying model to ComfyUI: /home/eqx/AutoTrainX/workspace/output/sophieraiin/model/sophieraiin_SX1_08980300.safetensors -> /home/eqx/ComfyUI/models/checkpoints/sophieraiin_SX1_08980300.safetensors
2025-08-01 13:05:03,029 - src.image_preview.workflow_handler - INFO - _get_base_preset:70 - Custom preset 'SX1' detected, using base preset 'SDXLCheckpoint' for workflow
2025-08-01 13:05:03,029 - src.image_preview.workflow_handler - INFO - load_workflow:120 - Loaded and validated workflow: SDXLCheckpoint.json for SX1
2025-08-01 13:05:03,029 - src.image_preview.preview_pipeline - INFO - generate_previews:118 - Generating preview 1/3
2025-08-01 13:05:03,030 - src.image_preview.workflow_customizer - INFO - customize_workflow:79 - Customizing workflow for SX1 - Preview 1
2025-08-01 13:05:03,033 - src.image_preview.workflow_customizer - INFO - _get_effective_preset:53 - Custom preset 'SX1' detected, using base preset 'SDXLCheckpoint' for customization
2025-08-01 13:05:03,033 - src.image_preview.workflow_customizer - INFO - _customize_sdxl_checkpoint_workflow:201 - Updated CheckpointLoaderSimple: sophieraiin_SX1_08980300.safetensors
2025-08-01 13:05:03,034 - src.image_preview.workflow_customizer - INFO - _customize_sdxl_checkpoint_workflow:208 - Randomized seed in Seed Everywhere: 1504734729
2025-08-01 13:05:03,034 - src.image_preview.workflow_customizer - INFO - _customize_sdxl_checkpoint_workflow:217 - Randomized seed in Load Prompt From File - EQX: 1786938951
2025-08-01 13:05:03,034 - src.image_preview.workflow_customizer - INFO - _customize_sdxl_checkpoint_workflow:239 - Updated prompt file path: /home/eqx/AutoTrainX/ComfyUI_workflow_utils/txt/stand1.txt
2025-08-01 13:05:03,034 - src.image_preview.workflow_customizer - INFO - _customize_sdxl_checkpoint_workflow:293 - Updated SaveImage_EQX filename: sophieraiin_SX1_01
2025-08-01 13:05:03,034 - src.image_preview.workflow_customizer - INFO - _customize_sdxl_checkpoint_workflow:208 - Randomized seed in Seed Everywhere: 1114372085
2025-08-01 13:05:03,034 - src.image_preview.workflow_customizer - INFO - _customize_sdxl_checkpoint_workflow:280 - Updated output path: /home/eqx/AutoTrainX/workspace/output/sophieraiin/Preview
2025-08-01 13:05:03,037 - src.image_preview.comfyui_client - INFO - execute_workflow:80 - Submitted workflow with job ID: a06142cb-1b90-4652-b244-fb88de1d42ac
2025-08-01 13:05:39,650 - src.image_preview.preview_pipeline - INFO - generate_previews:204 - Found generated image: /home/eqx/AutoTrainX/workspace/output/sophieraiin/Preview/sophieraiin_SX1_01_0001.png
2025-08-01 13:05:39,651 - src.image_preview.preview_pipeline - INFO - generate_previews:118 - Generating preview 2/3
2025-08-01 13:05:39,651 - src.image_preview.workflow_customizer - INFO - customize_workflow:79 - Customizing workflow for SX1 - Preview 2
2025-08-01 13:05:39,655 - src.image_preview.workflow_customizer - INFO - _get_effective_preset:53 - Custom preset 'SX1' detected, using base preset 'SDXLCheckpoint' for customization
2025-08-01 13:05:39,655 - src.image_preview.workflow_customizer - INFO - _customize_sdxl_checkpoint_workflow:201 - Updated CheckpointLoaderSimple: sophieraiin_SX1_08980300.safetensors
2025-08-01 13:05:39,656 - src.image_preview.workflow_customizer - INFO - _customize_sdxl_checkpoint_workflow:208 - Randomized seed in Seed Everywhere: 1217514922
2025-08-01 13:05:39,656 - src.image_preview.workflow_customizer - INFO - _customize_sdxl_checkpoint_workflow:217 - Randomized seed in Load Prompt From File - EQX: 2149379735
2025-08-01 13:05:39,656 - src.image_preview.workflow_customizer - INFO - _customize_sdxl_checkpoint_workflow:239 - Updated prompt file path: /home/eqx/AutoTrainX/ComfyUI_workflow_utils/txt/stand1.txt
2025-08-01 13:05:39,656 - src.image_preview.workflow_customizer - INFO - _customize_sdxl_checkpoint_workflow:293 - Updated SaveImage_EQX filename: sophieraiin_SX1_02
2025-08-01 13:05:39,656 - src.image_preview.workflow_customizer - INFO - _customize_sdxl_checkpoint_workflow:208 - Randomized seed in Seed Everywhere: 4039005364
2025-08-01 13:05:39,656 - src.image_preview.workflow_customizer - INFO - _customize_sdxl_checkpoint_workflow:280 - Updated output path: /home/eqx/AutoTrainX/workspace/output/sophieraiin/Preview
2025-08-01 13:05:39,658 - src.image_preview.comfyui_client - INFO - execute_workflow:80 - Submitted workflow with job ID: 38ca0962-d939-41b7-8abb-b67237298d9f
2025-08-01 13:06:12,324 - src.image_preview.preview_pipeline - INFO - generate_previews:204 - Found generated image: /home/eqx/AutoTrainX/workspace/output/sophieraiin/Preview/sophieraiin_SX1_02_0001.png
2025-08-01 13:06:12,324 - src.image_preview.preview_pipeline - INFO - generate_previews:118 - Generating preview 3/3
2025-08-01 13:06:12,325 - src.image_preview.workflow_customizer - INFO - customize_workflow:79 - Customizing workflow for SX1 - Preview 3
2025-08-01 13:06:12,329 - src.image_preview.workflow_customizer - INFO - _get_effective_preset:53 - Custom preset 'SX1' detected, using base preset 'SDXLCheckpoint' for customization
2025-08-01 13:06:12,329 - src.image_preview.workflow_customizer - INFO - _customize_sdxl_checkpoint_workflow:201 - Updated CheckpointLoaderSimple: sophieraiin_SX1_08980300.safetensors
2025-08-01 13:06:12,329 - src.image_preview.workflow_customizer - INFO - _customize_sdxl_checkpoint_workflow:208 - Randomized seed in Seed Everywhere: 1046449166
2025-08-01 13:06:12,329 - src.image_preview.workflow_customizer - INFO - _customize_sdxl_checkpoint_workflow:217 - Randomized seed in Load Prompt From File - EQX: 3953613700
2025-08-01 13:06:12,329 - src.image_preview.workflow_customizer - INFO - _customize_sdxl_checkpoint_workflow:239 - Updated prompt file path: /home/eqx/AutoTrainX/ComfyUI_workflow_utils/txt/stand1.txt
2025-08-01 13:06:12,329 - src.image_preview.workflow_customizer - INFO - _customize_sdxl_checkpoint_workflow:293 - Updated SaveImage_EQX filename: sophieraiin_SX1_03
2025-08-01 13:06:12,329 - src.image_preview.workflow_customizer - INFO - _customize_sdxl_checkpoint_workflow:208 - Randomized seed in Seed Everywhere: 1477047404
2025-08-01 13:06:12,329 - src.image_preview.workflow_customizer - INFO - _customize_sdxl_checkpoint_workflow:280 - Updated output path: /home/eqx/AutoTrainX/workspace/output/sophieraiin/Preview
2025-08-01 13:06:12,331 - src.image_preview.comfyui_client - INFO - execute_workflow:80 - Submitted workflow with job ID: 55411779-bf34-4077-b586-71f5c35db334
2025-08-01 13:06:45,116 - src.image_preview.preview_pipeline - INFO - generate_previews:204 - Found generated image: /home/eqx/AutoTrainX/workspace/output/sophieraiin/Preview/sophieraiin_SX1_03_0001.png
2025-08-01 13:06:45,116 - src.image_preview.model_manager - INFO - remove_model_from_comfyui:157 - Removing temporary model: /home/eqx/ComfyUI/models/checkpoints/sophieraiin_SX1_08980300.safetensors
2025-08-01 13:06:45,651 - src.image_preview.preview_pipeline - INFO - generate_previews:250 - Shutting down ComfyUI after preview generation
2025-08-01 13:06:45,658 - src.image_preview.utils - INFO - shutdown_comfyui:420 - ComfyUI process killed successfully
2025-08-01 13:06:45,659 - src.pipeline.hooks.hook_manager - INFO - execute_hooks:83 - Hook ImagePreviewHook completed successfully
2025-08-01 13:06:45,659 - src.pipeline.hooks.file_move_hook - INFO - should_execute:76 - File move hook will execute for mode: batch, dataset: sophieraiin
2025-08-01 13:06:45,659 - src.pipeline.hooks.hook_manager - INFO - execute_hooks:74 - Executing hook: FileMoveHook
2025-08-01 13:06:45,659 - src.pipeline.hooks.file_move_hook - INFO - execute:95 - FileMoveHook execute - mode: batch
2025-08-01 13:06:45,659 - src.pipeline.hooks.file_move_hook - INFO - execute:96 - FileMoveHook execute - context keys: ['success', 'training_success', 'dataset_name', 'preset', 'model_type', 'preview_count', 'job_id', 'mode', 'config_path', 'preview_enabled']
2025-08-01 13:06:45,660 - src.pipeline.hooks.file_move_hook - INFO - move_training_files:448 - Moving model: /home/eqx/AutoTrainX/workspace/output/sophieraiin/model/sophieraiin_SX1_08980300.safetensors -> /home/eqx/custom/sophieraiin_SX1_08980300/sophieraiin_SX1_08980300.safetensors
2025-08-01 13:06:45,660 - src.pipeline.hooks.file_move_hook - INFO - move_training_files:474 - Moving preview dir: /home/eqx/AutoTrainX/workspace/output/sophieraiin/Preview -> /home/eqx/custom/sophieraiin_SX1_08980300/Preview
2025-08-01 13:06:45,660 - src.pipeline.hooks.hook_manager - INFO - execute_hooks:83 - Hook FileMoveHook completed successfully
