Using Python 3.12.3 environment at: venv
[START] Security scan
[DONE] Security scan
## ComfyUI-Manager: installing dependencies done.
** ComfyUI startup time: 2025-08-01 17:08:35.880
** Platform: Linux
** Python version: 3.12.3 (main, Jun 18 2025, 17:59:45) [GCC 13.3.0]
** Python executable: /home/eqx/ComfyUI/venv/bin/python
** ComfyUI Path: /home/eqx/ComfyUI
** ComfyUI Base Folder Path: /home/eqx/ComfyUI
** User directory: /home/eqx/ComfyUI/user
** ComfyUI-Manager config path: /home/eqx/ComfyUI/user/default/ComfyUI-Manager/config.ini
** Log path: /home/eqx/ComfyUI/user/comfyui.log
Using Python 3.12.3 environment at: venv
Using Python 3.12.3 environment at: venv

Prestartup times for custom nodes:
   0.0 seconds: /home/eqx/ComfyUI/custom_nodes/rgthree-comfy
   0.0 seconds: /home/eqx/ComfyUI/custom_nodes/ComfyUI-Easy-Use
   0.3 seconds: /home/eqx/ComfyUI/custom_nodes/ComfyUI-Manager

Checkpoint files will always be loaded safely.
Total VRAM 32607 MB, total RAM 88494 MB
pytorch version: 2.7.1+cu128
Set vram state to: NORMAL_VRAM
Device: cuda:0 NVIDIA GeForce RTX 5090 : cudaMallocAsync
Using pytorch attention
Python version: 3.12.3 (main, Jun 18 2025, 17:59:45) [GCC 13.3.0]
ComfyUI version: 0.3.44
ComfyUI frontend version: 1.23.4
[Prompt Server] web root: /home/eqx/ComfyUI/venv/lib/python3.12/site-packages/comfyui_frontend_package/static
[34mWAS Node Suite: [0mOpenCV Python FFMPEG support is enabled[0m
[34mWAS Node Suite [93mWarning: [0m`ffmpeg_bin_path` is not set in `/home/eqx/ComfyUI/custom_nodes/was-node-suite-comfyui/was_suite_config.json` config file. Will attempt to use system ffmpeg binaries if available.[0m
[34mWAS Node Suite: [0mFinished.[0m [32mLoaded[0m [0m220[0m [32mnodes successfully.[0m

	[3m[93m"Believe you deserve it and the universe will serve it."[0m[3m - Unknown[0m

[34m[ComfyUI-Easy-Use] server: [0mv1.3.2 [92mLoaded[0m
[34m[ComfyUI-Easy-Use] web root: [0m/home/eqx/ComfyUI/custom_nodes/ComfyUI-Easy-Use/web_version/v2 [92mLoaded[0m
### Loading: ComfyUI-Inspire-Pack (V1.21)
------------------------------------------
[34mComfyroll Studio v1.76 : [92m 175 Nodes Loaded[0m
------------------------------------------
** For changes, please see patch notes at https://github.com/Suzie1/ComfyUI_Comfyroll_CustomNodes/blob/main/Patch_Notes.md
** For help, please see the wiki at https://github.com/Suzie1/ComfyUI_Comfyroll_CustomNodes/wiki
------------------------------------------
â•â•â•â•â•â•â•â•â•â•â•â•â•â•â•â•â•â•â•â•â•â•â•â•â•â•â•â•â•â•â•â•â•â•â•â•â•â•â•
â•â•â•â•â•â•â•â•â•â•â•â•â•â•â•â•â•â•â•â•â•â•â•â•â•â•â•â•â•â•â•â•â•â•â•â•â•â•â•
â•â•â•â•â•â•â•â•â•â•â•â•â•â•â•â•â•â•â•â•â•â•â•â•â•â•â•â•â•â•â•â•â•â•â•â•â•â•â•

â–ˆâ–ˆâ–ˆâ–ˆâ–ˆâ–ˆâ–ˆâ•— â–ˆâ–ˆâ–ˆâ–ˆâ–ˆâ–ˆâ•— â–ˆâ–ˆâ•—  â–ˆâ–ˆâ•—
â–ˆâ–ˆâ•”â•â•â•â•â•â–ˆâ–ˆâ•”â•â•â•â–ˆâ–ˆâ•—â•šâ–ˆâ–ˆâ•—â–ˆâ–ˆâ•”â•
â–ˆâ–ˆâ–ˆâ–ˆâ–ˆâ•—  â–ˆâ–ˆâ•‘   â–ˆâ–ˆâ•‘ â•šâ–ˆâ–ˆâ–ˆâ•”â• 
â–ˆâ–ˆâ•”â•â•â•  â–ˆâ–ˆâ•‘ â•šâ•—â–ˆâ–ˆâ•‘ â–ˆâ–ˆâ•”â–ˆâ–ˆâ•— 
â–ˆâ–ˆâ–ˆâ–ˆâ–ˆâ–ˆâ–ˆâ•—â•šâ–ˆâ–ˆâ–ˆâ–ˆâ–ˆâ–ˆâ•”â•â–ˆâ–ˆâ•”â• â–ˆâ–ˆâ•—
â•šâ•â•â•â•â•â•â•     â•šâ•â•â•šâ•â•  â•šâ•â• 

[ComfyUI_EQX] Loaded 7 nodes (v0.1.0)
â•â•â•â•â•â•â•â•â•â•â•â•â•â•â•â•â•â•â•â•â•â•â•â•â•â•â•â•â•â•â•â•â•â•â•â•â•â•â•
â•â•â•â•â•â•â•â•â•â•â•â•â•â•â•â•â•â•â•â•â•â•â•â•â•â•â•â•â•â•â•â•â•â•â•â•â•â•â•
â•â•â•â•â•â•â•â•â•â•â•â•â•â•â•â•â•â•â•â•â•â•â•â•â•â•â•â•â•â•â•â•â•â•â•â•â•â•â•

[92m[rgthree-comfy] Loaded 47 epic nodes. ðŸŽ‰[0m

[34mIb Custom Nodes: [92mLoaded[0m
[93mEfficiency Nodes Warning:[0m Failed to import python package 'simpleeval'; related nodes disabled.

[36;20m[/home/eqx/ComfyUI/custom_nodes/comfy-mtb] | INFO -> loaded [96m103[0m nodes successfuly[0m
[36;20m[/home/eqx/ComfyUI/custom_nodes/comfy-mtb] | INFO -> Some nodes (5) could not be loaded. This can be ignored, but go to http://127.0.0.1:8188/mtb if you want more information.[0m
[94mtheUpsiders Logic Nodes: [92mLoaded[0m
[93mEfficiency Nodes Warning:[0m Failed to import python package 'simpleeval'; related nodes disabled.

Loaded Efficiency nodes from /home/eqx/ComfyUI/custom_nodes/efficiency-nodes-comfyui
Could not find ControlNetPreprocessors nodes
Could not find AdvancedControlNet nodes
Could not find AnimateDiff nodes
Could not find IPAdapter nodes
Could not find VideoHelperSuite nodes
Could not load ImpactPack nodes Could not find ImpactPack nodes
### Loading: ComfyUI-Impact-Pack (V8.20)
[Impact Pack] Wildcards loading done.
torch version---------------------- 2.7.1+cu128
### Loading: ComfyUI-Manager (V3.34)
[ComfyUI-Manager] network_mode: public
### ComfyUI Version: v0.3.44-22-g6b8062f4 | Released on '2025-07-15'
[92m[tinyterraNodes] [32mLoaded[0m
[ComfyUI-Manager] default cache updated: https://raw.githubusercontent.com/ltdrdata/ComfyUI-Manager/main/alter-list.json
[ComfyUI-Manager] default cache updated: https://raw.githubusercontent.com/ltdrdata/ComfyUI-Manager/main/model-list.json
[ComfyUI-Manager] default cache updated: https://raw.githubusercontent.com/ltdrdata/ComfyUI-Manager/main/github-stats.json
[ComfyUI-Manager] default cache updated: https://raw.githubusercontent.com/ltdrdata/ComfyUI-Manager/main/custom-node-list.json
[ComfyUI-Manager] default cache updated: https://raw.githubusercontent.com/ltdrdata/ComfyUI-Manager/main/extension-node-map.json

Import times for custom nodes:
   0.0 seconds: /home/eqx/ComfyUI/custom_nodes/websocket_image_save.py
   0.0 seconds: /home/eqx/ComfyUI/custom_nodes/masquerade-nodes-comfyui
   0.0 seconds: /home/eqx/ComfyUI/custom_nodes/cg-use-everywhere
   0.0 seconds: /home/eqx/ComfyUI/custom_nodes/ComfyUI_EQX
   0.0 seconds: /home/eqx/ComfyUI/custom_nodes/ComfyUI_JPS-Nodes
   0.0 seconds: /home/eqx/ComfyUI/custom_nodes/ComfyUI_Ib_CustomNodes
   0.0 seconds: /home/eqx/ComfyUI/custom_nodes/ComfyUI-Inpaint-CropAndStitch
   0.0 seconds: /home/eqx/ComfyUI/custom_nodes/comfyui-florence2
   0.0 seconds: /home/eqx/ComfyUI/custom_nodes/comfyui-various
   0.0 seconds: /home/eqx/ComfyUI/custom_nodes/ComfyUI-Custom-Scripts
   0.0 seconds: /home/eqx/ComfyUI/custom_nodes/comfyui_essentials
   0.0 seconds: /home/eqx/ComfyUI/custom_nodes/ComfyUI-Logic
   0.0 seconds: /home/eqx/ComfyUI/custom_nodes/efficiency-nodes-comfyui
   0.0 seconds: /home/eqx/ComfyUI/custom_nodes/comfyui-kjnodes
   0.0 seconds: /home/eqx/ComfyUI/custom_nodes/comfyui-art-venture
   0.0 seconds: /home/eqx/ComfyUI/custom_nodes/comfyui-inspire-pack
   0.0 seconds: /home/eqx/ComfyUI/custom_nodes/Comfy_KepListStuff
   0.1 seconds: /home/eqx/ComfyUI/custom_nodes/ComfyUI-Manager
   0.1 seconds: /home/eqx/ComfyUI/custom_nodes/comfy-mtb
   0.1 seconds: /home/eqx/ComfyUI/custom_nodes/comfyui-impact-pack
   0.1 seconds: /home/eqx/ComfyUI/custom_nodes/ComfyUI_Comfyroll_CustomNodes
   0.2 seconds: /home/eqx/ComfyUI/custom_nodes/rgthree-comfy
   0.2 seconds: /home/eqx/ComfyUI/custom_nodes/ComfyUI_tinyterraNodes
   0.2 seconds: /home/eqx/ComfyUI/custom_nodes/comfyui-videohelpersuite
   0.3 seconds: /home/eqx/ComfyUI/custom_nodes/ComfyUI-fastblend
   1.0 seconds: /home/eqx/ComfyUI/custom_nodes/ComfyUI-Easy-Use
   1.3 seconds: /home/eqx/ComfyUI/custom_nodes/was-node-suite-comfyui
   1.5 seconds: /home/eqx/ComfyUI/custom_nodes/comfyui_layerstyle

Context impl SQLiteImpl.
Will assume non-transactional DDL.
No target revision found.
Starting server

To see the GUI go to: http://127.0.0.1:8188
FETCH ComfyRegistry Data: 5/93
got prompt
Using pytorch attention in VAE
Using pytorch attention in VAE
VAE load device: cuda:0, offload device: cpu, dtype: torch.bfloat16
model weight dtype torch.float16, manual cast: None
model_type EPS
FETCH ComfyRegistry Data: 10/93
Using pytorch attention in VAE
Using pytorch attention in VAE
VAE load device: cuda:0, offload device: cpu, dtype: torch.bfloat16
CLIP/text encoder model load device: cuda:0, offload device: cpu, current: cpu, dtype: torch.float16
Requested to load SDXLClipModel
loaded completely 29623.8 1560.802734375 True
Requested to load SDXL
loaded completely 27934.87202529907 4897.0483474731445 True

  0%|          | 0/60 [00:00<?, ?it/s]
  2%|â–         | 1/60 [00:00<00:21,  2.72it/s]
  3%|â–Ž         | 2/60 [00:00<00:13,  4.18it/s]
  5%|â–Œ         | 3/60 [00:00<00:11,  4.80it/s]
  7%|â–‹         | 4/60 [00:00<00:10,  5.55it/s]FETCH ComfyRegistry Data: 15/93

  8%|â–Š         | 5/60 [00:00<00:09,  6.00it/s]
 10%|â–ˆ         | 6/60 [00:01<00:08,  6.14it/s]
 12%|â–ˆâ–        | 7/60 [00:01<00:08,  6.55it/s]
 13%|â–ˆâ–Ž        | 8/60 [00:01<00:07,  6.71it/s]
 15%|â–ˆâ–Œ        | 9/60 [00:01<00:07,  6.79it/s]
 17%|â–ˆâ–‹        | 10/60 [00:01<00:07,  6.82it/s]
 18%|â–ˆâ–Š        | 11/60 [00:01<00:06,  7.12it/s]
 20%|â–ˆâ–ˆ        | 12/60 [00:02<00:21,  2.21it/s]
 22%|â–ˆâ–ˆâ–       | 13/60 [00:03<00:16,  2.83it/s]
 23%|â–ˆâ–ˆâ–Ž       | 14/60 [00:03<00:13,  3.44it/s]
 25%|â–ˆâ–ˆâ–Œ       | 15/60 [00:03<00:10,  4.18it/s]
 27%|â–ˆâ–ˆâ–‹       | 16/60 [00:03<00:08,  4.91it/s]
 28%|â–ˆâ–ˆâ–Š       | 17/60 [00:03<00:07,  5.62it/s]
 30%|â–ˆâ–ˆâ–ˆ       | 18/60 [00:03<00:06,  6.12it/s]
 32%|â–ˆâ–ˆâ–ˆâ–      | 19/60 [00:03<00:06,  6.65it/s]
 33%|â–ˆâ–ˆâ–ˆâ–Ž      | 20/60 [00:03<00:05,  7.07it/s]
 35%|â–ˆâ–ˆâ–ˆâ–Œ      | 21/60 [00:04<00:05,  7.35it/s]
 37%|â–ˆâ–ˆâ–ˆâ–‹      | 22/60 [00:04<00:04,  7.63it/s]
 38%|â–ˆâ–ˆâ–ˆâ–Š      | 23/60 [00:04<00:04,  7.72it/s]
 40%|â–ˆâ–ˆâ–ˆâ–ˆ      | 24/60 [00:04<00:04,  7.68it/s]
 42%|â–ˆâ–ˆâ–ˆâ–ˆâ–     | 25/60 [00:04<00:04,  7.66it/s]
 43%|â–ˆâ–ˆâ–ˆâ–ˆâ–Ž     | 26/60 [00:04<00:04,  7.71it/s]
 45%|â–ˆâ–ˆâ–ˆâ–ˆâ–Œ     | 27/60 [00:04<00:04,  7.65it/s]
 47%|â–ˆâ–ˆâ–ˆâ–ˆâ–‹     | 28/60 [00:04<00:04,  7.80it/s]
 48%|â–ˆâ–ˆâ–ˆâ–ˆâ–Š     | 29/60 [00:05<00:03,  8.01it/s]
 50%|â–ˆâ–ˆâ–ˆâ–ˆâ–ˆ     | 30/60 [00:05<00:03,  8.14it/s]
 52%|â–ˆâ–ˆâ–ˆâ–ˆâ–ˆâ–    | 31/60 [00:05<00:03,  8.23it/s]
 53%|â–ˆâ–ˆâ–ˆâ–ˆâ–ˆâ–Ž    | 32/60 [00:05<00:03,  8.32it/s]
 55%|â–ˆâ–ˆâ–ˆâ–ˆâ–ˆâ–Œ    | 33/60 [00:05<00:03,  8.09it/s]
 57%|â–ˆâ–ˆâ–ˆâ–ˆâ–ˆâ–‹    | 34/60 [00:05<00:03,  8.24it/s]
 58%|â–ˆâ–ˆâ–ˆâ–ˆâ–ˆâ–Š    | 35/60 [00:05<00:02,  8.35it/s]
 60%|â–ˆâ–ˆâ–ˆâ–ˆâ–ˆâ–ˆ    | 36/60 [00:05<00:03,  7.91it/s]
 62%|â–ˆâ–ˆâ–ˆâ–ˆâ–ˆâ–ˆâ–   | 37/60 [00:06<00:02,  7.83it/s]
 63%|â–ˆâ–ˆâ–ˆâ–ˆâ–ˆâ–ˆâ–Ž   | 38/60 [00:06<00:02,  7.99it/s]
 65%|â–ˆâ–ˆâ–ˆâ–ˆâ–ˆâ–ˆâ–Œ   | 39/60 [00:06<00:02,  8.00it/s]
 67%|â–ˆâ–ˆâ–ˆâ–ˆâ–ˆâ–ˆâ–‹   | 40/60 [00:06<00:02,  8.20it/s]
 68%|â–ˆâ–ˆâ–ˆâ–ˆâ–ˆâ–ˆâ–Š   | 41/60 [00:06<00:02,  8.29it/s]
 70%|â–ˆâ–ˆâ–ˆâ–ˆâ–ˆâ–ˆâ–ˆ   | 42/60 [00:06<00:02,  7.77it/s]
 72%|â–ˆâ–ˆâ–ˆâ–ˆâ–ˆâ–ˆâ–ˆâ–  | 43/60 [00:06<00:02,  7.99it/s]
 73%|â–ˆâ–ˆâ–ˆâ–ˆâ–ˆâ–ˆâ–ˆâ–Ž  | 44/60 [00:06<00:01,  8.38it/s]
 75%|â–ˆâ–ˆâ–ˆâ–ˆâ–ˆâ–ˆâ–ˆâ–Œ  | 45/60 [00:07<00:01,  8.46it/s]
 77%|â–ˆâ–ˆâ–ˆâ–ˆâ–ˆâ–ˆâ–ˆâ–‹  | 46/60 [00:07<00:01,  8.74it/s]
 78%|â–ˆâ–ˆâ–ˆâ–ˆâ–ˆâ–ˆâ–ˆâ–Š  | 47/60 [00:07<00:01,  8.88it/s]
 80%|â–ˆâ–ˆâ–ˆâ–ˆâ–ˆâ–ˆâ–ˆâ–ˆ  | 48/60 [00:07<00:01,  9.08it/s]
 82%|â–ˆâ–ˆâ–ˆâ–ˆâ–ˆâ–ˆâ–ˆâ–ˆâ– | 49/60 [00:07<00:01,  9.08it/s]
 83%|â–ˆâ–ˆâ–ˆâ–ˆâ–ˆâ–ˆâ–ˆâ–ˆâ–Ž | 50/60 [00:07<00:01,  8.88it/s]
 85%|â–ˆâ–ˆâ–ˆâ–ˆâ–ˆâ–ˆâ–ˆâ–ˆâ–Œ | 51/60 [00:07<00:01,  8.88it/s]FETCH ComfyRegistry Data: 20/93

 87%|â–ˆâ–ˆâ–ˆâ–ˆâ–ˆâ–ˆâ–ˆâ–ˆâ–‹ | 52/60 [00:07<00:00,  8.83it/s]
 88%|â–ˆâ–ˆâ–ˆâ–ˆâ–ˆâ–ˆâ–ˆâ–ˆâ–Š | 53/60 [00:07<00:00,  8.38it/s]
 90%|â–ˆâ–ˆâ–ˆâ–ˆâ–ˆâ–ˆâ–ˆâ–ˆâ–ˆ | 54/60 [00:08<00:00,  8.56it/s]
 92%|â–ˆâ–ˆâ–ˆâ–ˆâ–ˆâ–ˆâ–ˆâ–ˆâ–ˆâ–| 55/60 [00:08<00:00,  8.05it/s]
 95%|â–ˆâ–ˆâ–ˆâ–ˆâ–ˆâ–ˆâ–ˆâ–ˆâ–ˆâ–Œ| 57/60 [00:08<00:00,  8.84it/s]
 97%|â–ˆâ–ˆâ–ˆâ–ˆâ–ˆâ–ˆâ–ˆâ–ˆâ–ˆâ–‹| 58/60 [00:08<00:00,  9.00it/s]
 98%|â–ˆâ–ˆâ–ˆâ–ˆâ–ˆâ–ˆâ–ˆâ–ˆâ–ˆâ–Š| 59/60 [00:08<00:00,  8.82it/s]
100%|â–ˆâ–ˆâ–ˆâ–ˆâ–ˆâ–ˆâ–ˆâ–ˆâ–ˆâ–ˆ| 60/60 [00:08<00:00,  6.87it/s]
Requested to load AutoencoderKL
loaded completely 20026.460136413574 159.55708122253418 True

  0%|          | 0/30 [00:00<?, ?it/s]
  3%|â–Ž         | 1/30 [00:00<00:06,  4.62it/s]
  7%|â–‹         | 2/30 [00:00<00:06,  4.61it/s]
 10%|â–ˆ         | 3/30 [00:00<00:06,  4.32it/s]
 13%|â–ˆâ–Ž        | 4/30 [00:00<00:06,  4.29it/s]
 17%|â–ˆâ–‹        | 5/30 [00:01<00:05,  4.20it/s]
 20%|â–ˆâ–ˆ        | 6/30 [00:01<00:05,  4.18it/s]
 23%|â–ˆâ–ˆâ–Ž       | 7/30 [00:01<00:05,  4.17it/s]
 27%|â–ˆâ–ˆâ–‹       | 8/30 [00:01<00:05,  4.27it/s]
 30%|â–ˆâ–ˆâ–ˆ       | 9/30 [00:02<00:04,  4.28it/s]
 33%|â–ˆâ–ˆâ–ˆâ–Ž      | 10/30 [00:02<00:04,  4.27it/s]
 37%|â–ˆâ–ˆâ–ˆâ–‹      | 11/30 [00:02<00:04,  4.24it/s]
 40%|â–ˆâ–ˆâ–ˆâ–ˆ      | 12/30 [00:02<00:04,  4.31it/s]FETCH ComfyRegistry Data: 25/93

 43%|â–ˆâ–ˆâ–ˆâ–ˆâ–Ž     | 13/30 [00:03<00:03,  4.31it/s]
 47%|â–ˆâ–ˆâ–ˆâ–ˆâ–‹     | 14/30 [00:03<00:03,  4.32it/s]
 50%|â–ˆâ–ˆâ–ˆâ–ˆâ–ˆ     | 15/30 [00:03<00:03,  4.26it/s]
 53%|â–ˆâ–ˆâ–ˆâ–ˆâ–ˆâ–Ž    | 16/30 [00:03<00:03,  4.36it/s]
 57%|â–ˆâ–ˆâ–ˆâ–ˆâ–ˆâ–‹    | 17/30 [00:03<00:03,  4.29it/s]
 60%|â–ˆâ–ˆâ–ˆâ–ˆâ–ˆâ–ˆ    | 18/30 [00:04<00:02,  4.24it/s]
 63%|â–ˆâ–ˆâ–ˆâ–ˆâ–ˆâ–ˆâ–Ž   | 19/30 [00:04<00:02,  4.25it/s]
 67%|â–ˆâ–ˆâ–ˆâ–ˆâ–ˆâ–ˆâ–‹   | 20/30 [00:04<00:02,  4.28it/s]
 70%|â–ˆâ–ˆâ–ˆâ–ˆâ–ˆâ–ˆâ–ˆ   | 21/30 [00:04<00:02,  4.15it/s]
 73%|â–ˆâ–ˆâ–ˆâ–ˆâ–ˆâ–ˆâ–ˆâ–Ž  | 22/30 [00:05<00:01,  4.14it/s]
 77%|â–ˆâ–ˆâ–ˆâ–ˆâ–ˆâ–ˆâ–ˆâ–‹  | 23/30 [00:05<00:01,  4.13it/s]
 80%|â–ˆâ–ˆâ–ˆâ–ˆâ–ˆâ–ˆâ–ˆâ–ˆ  | 24/30 [00:05<00:01,  4.17it/s]
 83%|â–ˆâ–ˆâ–ˆâ–ˆâ–ˆâ–ˆâ–ˆâ–ˆâ–Ž | 25/30 [00:05<00:01,  4.23it/s]
 87%|â–ˆâ–ˆâ–ˆâ–ˆâ–ˆâ–ˆâ–ˆâ–ˆâ–‹ | 26/30 [00:06<00:00,  4.26it/s]
 90%|â–ˆâ–ˆâ–ˆâ–ˆâ–ˆâ–ˆâ–ˆâ–ˆâ–ˆ | 27/30 [00:06<00:00,  4.23it/s]
 93%|â–ˆâ–ˆâ–ˆâ–ˆâ–ˆâ–ˆâ–ˆâ–ˆâ–ˆâ–Ž| 28/30 [00:06<00:00,  4.18it/s]
 97%|â–ˆâ–ˆâ–ˆâ–ˆâ–ˆâ–ˆâ–ˆâ–ˆâ–ˆâ–‹| 29/30 [00:06<00:00,  4.24it/s]
100%|â–ˆâ–ˆâ–ˆâ–ˆâ–ˆâ–ˆâ–ˆâ–ˆâ–ˆâ–ˆ| 30/30 [00:07<00:00,  4.43it/s]
100%|â–ˆâ–ˆâ–ˆâ–ˆâ–ˆâ–ˆâ–ˆâ–ˆâ–ˆâ–ˆ| 30/30 [00:07<00:00,  4.27it/s]
libEGL warning: DRI3: Screen seems not DRI3 capable
libEGL warning: DRI3: Screen seems not DRI3 capable
MESA: error: ZINK: failed to choose pdev
libEGL warning: egl: failed to create dri2 screen
WARNING: All log messages before absl::InitializeLog() is called are written to STDERR
I0000 00:00:1754060954.851311   77491 gl_context_egl.cc:85] Successfully initialized EGL. Major : 1 Minor: 5
I0000 00:00:1754060954.870824   77529 gl_context.cc:369] GL version: 3.1 (OpenGL ES 3.1 Mesa 24.2.8-1ubuntu1~24.04.1), renderer: D3D12 (AMD Radeon(TM) Graphics)
INFO: Created TensorFlow Lite XNNPACK delegate for CPU.
W0000 00:00:1754060954.913149   77532 inference_feedback_manager.cc:114] Feedback manager requires a model with a single signature inference. Disabling support for feedback tensors.
/home/eqx/ComfyUI/venv/lib/python3.12/site-packages/mediapipe/tasks/python/vision/image_segmenter.py:158: UserWarning: MessageFactory class is deprecated. Please use GetMessageClass() instead of MessageFactory.GetPrototype. MessageFactory class will be removed after 2024.
  graph_config = self._runner.get_graph_config()
FETCH ComfyRegistry Data: 30/93
# ðŸ˜ºdzNodes: LayerStyle -> [1;32mPersonMaskUltra V2 Processed 1 image(s).[m
[93mKSampler(Efficient) Warning:[0m No vae input detected, proceeding as if vae_decode was false.


  0%|          | 0/60 [00:00<?, ?it/s]
  2%|â–         | 1/60 [00:00<00:12,  4.54it/s]
  3%|â–Ž         | 2/60 [00:00<00:11,  5.11it/s]
  5%|â–Œ         | 3/60 [00:00<00:11,  5.08it/s]
  7%|â–‹         | 4/60 [00:00<00:11,  5.07it/s]
  8%|â–Š         | 5/60 [00:00<00:10,  5.08it/s]FETCH ComfyRegistry Data: 35/93

 10%|â–ˆ         | 6/60 [00:01<00:10,  5.09it/s]
 12%|â–ˆâ–        | 7/60 [00:01<00:10,  5.02it/s]
 13%|â–ˆâ–Ž        | 8/60 [00:01<00:10,  5.08it/s]
 15%|â–ˆâ–Œ        | 9/60 [00:01<00:09,  5.16it/s]
 17%|â–ˆâ–‹        | 10/60 [00:01<00:09,  5.28it/s]
 18%|â–ˆâ–Š        | 11/60 [00:02<00:09,  5.29it/s]
 20%|â–ˆâ–ˆ        | 12/60 [00:02<00:09,  5.26it/s]
 22%|â–ˆâ–ˆâ–       | 13/60 [00:02<00:08,  5.38it/s]
 23%|â–ˆâ–ˆâ–Ž       | 14/60 [00:02<00:08,  5.43it/s]
 25%|â–ˆâ–ˆâ–Œ       | 15/60 [00:02<00:08,  5.51it/s]
 27%|â–ˆâ–ˆâ–‹       | 16/60 [00:03<00:07,  5.51it/s]
 28%|â–ˆâ–ˆâ–Š       | 17/60 [00:03<00:07,  5.51it/s]
 30%|â–ˆâ–ˆâ–ˆ       | 18/60 [00:03<00:07,  5.45it/s]
 32%|â–ˆâ–ˆâ–ˆâ–      | 19/60 [00:03<00:07,  5.55it/s]
 33%|â–ˆâ–ˆâ–ˆâ–Ž      | 20/60 [00:03<00:07,  5.52it/s]
 35%|â–ˆâ–ˆâ–ˆâ–Œ      | 21/60 [00:03<00:06,  5.59it/s]
 37%|â–ˆâ–ˆâ–ˆâ–‹      | 22/60 [00:04<00:06,  5.63it/s]
 38%|â–ˆâ–ˆâ–ˆâ–Š      | 23/60 [00:04<00:06,  5.58it/s]
 40%|â–ˆâ–ˆâ–ˆâ–ˆ      | 24/60 [00:04<00:06,  5.60it/s]
 42%|â–ˆâ–ˆâ–ˆâ–ˆâ–     | 25/60 [00:04<00:06,  5.37it/s]
 43%|â–ˆâ–ˆâ–ˆâ–ˆâ–Ž     | 26/60 [00:04<00:06,  5.21it/s]
 45%|â–ˆâ–ˆâ–ˆâ–ˆâ–Œ     | 27/60 [00:05<00:06,  5.17it/s]
 47%|â–ˆâ–ˆâ–ˆâ–ˆâ–‹     | 28/60 [00:05<00:06,  5.24it/s]
 48%|â–ˆâ–ˆâ–ˆâ–ˆâ–Š     | 29/60 [00:05<00:05,  5.21it/s]
 50%|â–ˆâ–ˆâ–ˆâ–ˆâ–ˆ     | 30/60 [00:05<00:05,  5.30it/s]FETCH ComfyRegistry Data: 40/93

 52%|â–ˆâ–ˆâ–ˆâ–ˆâ–ˆâ–    | 31/60 [00:05<00:05,  5.35it/s]
 53%|â–ˆâ–ˆâ–ˆâ–ˆâ–ˆâ–Ž    | 32/60 [00:06<00:05,  5.41it/s]
 55%|â–ˆâ–ˆâ–ˆâ–ˆâ–ˆâ–Œ    | 33/60 [00:06<00:04,  5.42it/s]
 57%|â–ˆâ–ˆâ–ˆâ–ˆâ–ˆâ–‹    | 34/60 [00:06<00:04,  5.35it/s]
 58%|â–ˆâ–ˆâ–ˆâ–ˆâ–ˆâ–Š    | 35/60 [00:06<00:04,  5.37it/s]
 60%|â–ˆâ–ˆâ–ˆâ–ˆâ–ˆâ–ˆ    | 36/60 [00:06<00:04,  5.32it/s]
 62%|â–ˆâ–ˆâ–ˆâ–ˆâ–ˆâ–ˆâ–   | 37/60 [00:06<00:04,  5.30it/s]
 63%|â–ˆâ–ˆâ–ˆâ–ˆâ–ˆâ–ˆâ–Ž   | 38/60 [00:07<00:04,  5.30it/s]
 65%|â–ˆâ–ˆâ–ˆâ–ˆâ–ˆâ–ˆâ–Œ   | 39/60 [00:07<00:03,  5.31it/s]
 67%|â–ˆâ–ˆâ–ˆâ–ˆâ–ˆâ–ˆâ–‹   | 40/60 [00:07<00:03,  5.43it/s]
 68%|â–ˆâ–ˆâ–ˆâ–ˆâ–ˆâ–ˆâ–Š   | 41/60 [00:07<00:03,  5.43it/s]
 70%|â–ˆâ–ˆâ–ˆâ–ˆâ–ˆâ–ˆâ–ˆ   | 42/60 [00:07<00:03,  5.47it/s]
 72%|â–ˆâ–ˆâ–ˆâ–ˆâ–ˆâ–ˆâ–ˆâ–  | 43/60 [00:08<00:03,  5.47it/s]
 73%|â–ˆâ–ˆâ–ˆâ–ˆâ–ˆâ–ˆâ–ˆâ–Ž  | 44/60 [00:08<00:02,  5.43it/s]
 75%|â–ˆâ–ˆâ–ˆâ–ˆâ–ˆâ–ˆâ–ˆâ–Œ  | 45/60 [00:08<00:02,  5.50it/s]
 77%|â–ˆâ–ˆâ–ˆâ–ˆâ–ˆâ–ˆâ–ˆâ–‹  | 46/60 [00:08<00:02,  5.56it/s]
 78%|â–ˆâ–ˆâ–ˆâ–ˆâ–ˆâ–ˆâ–ˆâ–Š  | 47/60 [00:08<00:02,  5.54it/s]
 80%|â–ˆâ–ˆâ–ˆâ–ˆâ–ˆâ–ˆâ–ˆâ–ˆ  | 48/60 [00:08<00:02,  5.60it/s]
 82%|â–ˆâ–ˆâ–ˆâ–ˆâ–ˆâ–ˆâ–ˆâ–ˆâ– | 49/60 [00:09<00:01,  5.55it/s]
 83%|â–ˆâ–ˆâ–ˆâ–ˆâ–ˆâ–ˆâ–ˆâ–ˆâ–Ž | 50/60 [00:09<00:01,  5.43it/s]
 85%|â–ˆâ–ˆâ–ˆâ–ˆâ–ˆâ–ˆâ–ˆâ–ˆâ–Œ | 51/60 [00:09<00:01,  5.38it/s]
 87%|â–ˆâ–ˆâ–ˆâ–ˆâ–ˆâ–ˆâ–ˆâ–ˆâ–‹ | 52/60 [00:09<00:01,  5.37it/s]
 88%|â–ˆâ–ˆâ–ˆâ–ˆâ–ˆâ–ˆâ–ˆâ–ˆâ–Š | 53/60 [00:09<00:01,  5.42it/s]
 90%|â–ˆâ–ˆâ–ˆâ–ˆâ–ˆâ–ˆâ–ˆâ–ˆâ–ˆ | 54/60 [00:10<00:01,  5.40it/s]
 92%|â–ˆâ–ˆâ–ˆâ–ˆâ–ˆâ–ˆâ–ˆâ–ˆâ–ˆâ–| 55/60 [00:10<00:00,  5.48it/s]
 93%|â–ˆâ–ˆâ–ˆâ–ˆâ–ˆâ–ˆâ–ˆâ–ˆâ–ˆâ–Ž| 56/60 [00:10<00:00,  5.54it/s]
 95%|â–ˆâ–ˆâ–ˆâ–ˆâ–ˆâ–ˆâ–ˆâ–ˆâ–ˆâ–Œ| 57/60 [00:10<00:00,  5.58it/s]
 97%|â–ˆâ–ˆâ–ˆâ–ˆâ–ˆâ–ˆâ–ˆâ–ˆâ–ˆâ–‹| 58/60 [00:10<00:00,  5.54it/s]
 98%|â–ˆâ–ˆâ–ˆâ–ˆâ–ˆâ–ˆâ–ˆâ–ˆâ–ˆâ–Š| 59/60 [00:10<00:00,  5.68it/s]FETCH ComfyRegistry Data: 45/93

100%|â–ˆâ–ˆâ–ˆâ–ˆâ–ˆâ–ˆâ–ˆâ–ˆâ–ˆâ–ˆ| 60/60 [00:11<00:00,  5.89it/s]
100%|â–ˆâ–ˆâ–ˆâ–ˆâ–ˆâ–ˆâ–ˆâ–ˆâ–ˆâ–ˆ| 60/60 [00:11<00:00,  5.41it/s]
[34mEQX Node Suite: [0mImage file saved to: /home/eqx/AutoTrainX/workspace/output/dl4r0s4/Preview/dl4r0s4_SX1_01_0001.png[0m
Prompt executed in 39.66 seconds
got prompt

  0%|          | 0/60 [00:00<?, ?it/s]
  2%|â–         | 1/60 [00:00<00:07,  7.45it/s]
  3%|â–Ž         | 2/60 [00:00<00:07,  7.55it/s]
  5%|â–Œ         | 3/60 [00:00<00:07,  7.80it/s]
  7%|â–‹         | 4/60 [00:00<00:06,  8.09it/s]
  8%|â–Š         | 5/60 [00:00<00:06,  8.13it/s]
 10%|â–ˆ         | 6/60 [00:00<00:06,  7.82it/s]
 12%|â–ˆâ–        | 7/60 [00:00<00:06,  7.83it/s]FETCH ComfyRegistry Data: 50/93

 13%|â–ˆâ–Ž        | 8/60 [00:01<00:06,  7.74it/s]
 15%|â–ˆâ–Œ        | 9/60 [00:01<00:06,  7.72it/s]
 17%|â–ˆâ–‹        | 10/60 [00:01<00:06,  7.92it/s]
 18%|â–ˆâ–Š        | 11/60 [00:01<00:06,  8.05it/s]
 20%|â–ˆâ–ˆ        | 12/60 [00:01<00:06,  7.71it/s]
 22%|â–ˆâ–ˆâ–       | 13/60 [00:01<00:05,  7.91it/s]
 23%|â–ˆâ–ˆâ–Ž       | 14/60 [00:01<00:05,  8.02it/s]
 25%|â–ˆâ–ˆâ–Œ       | 15/60 [00:01<00:05,  7.94it/s]
 27%|â–ˆâ–ˆâ–‹       | 16/60 [00:02<00:06,  7.01it/s]
 28%|â–ˆâ–ˆâ–Š       | 17/60 [00:02<00:05,  7.30it/s]
 30%|â–ˆâ–ˆâ–ˆ       | 18/60 [00:02<00:05,  7.64it/s]
 32%|â–ˆâ–ˆâ–ˆâ–      | 19/60 [00:02<00:05,  7.88it/s]
 33%|â–ˆâ–ˆâ–ˆâ–Ž      | 20/60 [00:02<00:05,  7.67it/s]
 35%|â–ˆâ–ˆâ–ˆâ–Œ      | 21/60 [00:02<00:05,  7.71it/s]
 37%|â–ˆâ–ˆâ–ˆâ–‹      | 22/60 [00:02<00:04,  7.83it/s]
 38%|â–ˆâ–ˆâ–ˆâ–Š      | 23/60 [00:02<00:04,  7.87it/s]
 40%|â–ˆâ–ˆâ–ˆâ–ˆ      | 24/60 [00:03<00:04,  7.40it/s]
 42%|â–ˆâ–ˆâ–ˆâ–ˆâ–     | 25/60 [00:03<00:04,  7.48it/s]
 43%|â–ˆâ–ˆâ–ˆâ–ˆâ–Ž     | 26/60 [00:03<00:04,  7.52it/s]
 45%|â–ˆâ–ˆâ–ˆâ–ˆâ–Œ     | 27/60 [00:03<00:04,  6.74it/s]
 47%|â–ˆâ–ˆâ–ˆâ–ˆâ–‹     | 28/60 [00:03<00:04,  7.05it/s]
 48%|â–ˆâ–ˆâ–ˆâ–ˆâ–Š     | 29/60 [00:03<00:04,  7.35it/s]
 50%|â–ˆâ–ˆâ–ˆâ–ˆâ–ˆ     | 30/60 [00:03<00:03,  7.63it/s]
 52%|â–ˆâ–ˆâ–ˆâ–ˆâ–ˆâ–    | 31/60 [00:04<00:03,  7.82it/s]
 53%|â–ˆâ–ˆâ–ˆâ–ˆâ–ˆâ–Ž    | 32/60 [00:04<00:03,  8.01it/s]
 55%|â–ˆâ–ˆâ–ˆâ–ˆâ–ˆâ–Œ    | 33/60 [00:04<00:03,  8.19it/s]
 57%|â–ˆâ–ˆâ–ˆâ–ˆâ–ˆâ–‹    | 34/60 [00:04<00:03,  8.22it/s]
 58%|â–ˆâ–ˆâ–ˆâ–ˆâ–ˆâ–Š    | 35/60 [00:04<00:03,  8.09it/s]
 60%|â–ˆâ–ˆâ–ˆâ–ˆâ–ˆâ–ˆ    | 36/60 [00:04<00:02,  8.08it/s]
 62%|â–ˆâ–ˆâ–ˆâ–ˆâ–ˆâ–ˆâ–   | 37/60 [00:04<00:02,  8.22it/s]
 63%|â–ˆâ–ˆâ–ˆâ–ˆâ–ˆâ–ˆâ–Ž   | 38/60 [00:04<00:02,  8.21it/s]
 65%|â–ˆâ–ˆâ–ˆâ–ˆâ–ˆâ–ˆâ–Œ   | 39/60 [00:05<00:02,  8.33it/s]FETCH ComfyRegistry Data: 55/93

 67%|â–ˆâ–ˆâ–ˆâ–ˆâ–ˆâ–ˆâ–‹   | 40/60 [00:05<00:02,  8.47it/s]
 68%|â–ˆâ–ˆâ–ˆâ–ˆâ–ˆâ–ˆâ–Š   | 41/60 [00:05<00:02,  8.41it/s]
 70%|â–ˆâ–ˆâ–ˆâ–ˆâ–ˆâ–ˆâ–ˆ   | 42/60 [00:05<00:02,  8.50it/s]
 72%|â–ˆâ–ˆâ–ˆâ–ˆâ–ˆâ–ˆâ–ˆâ–  | 43/60 [00:05<00:02,  8.50it/s]
 73%|â–ˆâ–ˆâ–ˆâ–ˆâ–ˆâ–ˆâ–ˆâ–Ž  | 44/60 [00:05<00:02,  7.94it/s]
 75%|â–ˆâ–ˆâ–ˆâ–ˆâ–ˆâ–ˆâ–ˆâ–Œ  | 45/60 [00:05<00:01,  7.98it/s]
 77%|â–ˆâ–ˆâ–ˆâ–ˆâ–ˆâ–ˆâ–ˆâ–‹  | 46/60 [00:05<00:01,  8.10it/s]
 78%|â–ˆâ–ˆâ–ˆâ–ˆâ–ˆâ–ˆâ–ˆâ–Š  | 47/60 [00:05<00:01,  8.16it/s]
 80%|â–ˆâ–ˆâ–ˆâ–ˆâ–ˆâ–ˆâ–ˆâ–ˆ  | 48/60 [00:06<00:01,  8.20it/s]
 82%|â–ˆâ–ˆâ–ˆâ–ˆâ–ˆâ–ˆâ–ˆâ–ˆâ– | 49/60 [00:06<00:01,  8.21it/s]
 83%|â–ˆâ–ˆâ–ˆâ–ˆâ–ˆâ–ˆâ–ˆâ–ˆâ–Ž | 50/60 [00:06<00:01,  8.36it/s]
 85%|â–ˆâ–ˆâ–ˆâ–ˆâ–ˆâ–ˆâ–ˆâ–ˆâ–Œ | 51/60 [00:06<00:01,  8.40it/s]
 87%|â–ˆâ–ˆâ–ˆâ–ˆâ–ˆâ–ˆâ–ˆâ–ˆâ–‹ | 52/60 [00:06<00:00,  8.40it/s]
 88%|â–ˆâ–ˆâ–ˆâ–ˆâ–ˆâ–ˆâ–ˆâ–ˆâ–Š | 53/60 [00:06<00:00,  8.45it/s]
 90%|â–ˆâ–ˆâ–ˆâ–ˆâ–ˆâ–ˆâ–ˆâ–ˆâ–ˆ | 54/60 [00:06<00:00,  8.43it/s]
 92%|â–ˆâ–ˆâ–ˆâ–ˆâ–ˆâ–ˆâ–ˆâ–ˆâ–ˆâ–| 55/60 [00:06<00:00,  8.50it/s]
 93%|â–ˆâ–ˆâ–ˆâ–ˆâ–ˆâ–ˆâ–ˆâ–ˆâ–ˆâ–Ž| 56/60 [00:07<00:00,  8.52it/s]
 95%|â–ˆâ–ˆâ–ˆâ–ˆâ–ˆâ–ˆâ–ˆâ–ˆâ–ˆâ–Œ| 57/60 [00:07<00:00,  8.56it/s]
 97%|â–ˆâ–ˆâ–ˆâ–ˆâ–ˆâ–ˆâ–ˆâ–ˆâ–ˆâ–‹| 58/60 [00:07<00:00,  8.83it/s]
 98%|â–ˆâ–ˆâ–ˆâ–ˆâ–ˆâ–ˆâ–ˆâ–ˆâ–ˆâ–Š| 59/60 [00:07<00:00,  9.05it/s]
100%|â–ˆâ–ˆâ–ˆâ–ˆâ–ˆâ–ˆâ–ˆâ–ˆâ–ˆâ–ˆ| 60/60 [00:07<00:00,  8.82it/s]
100%|â–ˆâ–ˆâ–ˆâ–ˆâ–ˆâ–ˆâ–ˆâ–ˆâ–ˆâ–ˆ| 60/60 [00:07<00:00,  8.01it/s]

  0%|          | 0/30 [00:00<?, ?it/s]
  3%|â–Ž         | 1/30 [00:00<00:06,  4.21it/s]
  7%|â–‹         | 2/30 [00:00<00:06,  4.22it/s]
 10%|â–ˆ         | 3/30 [00:00<00:06,  4.24it/s]
 13%|â–ˆâ–Ž        | 4/30 [00:00<00:06,  4.13it/s]
 17%|â–ˆâ–‹        | 5/30 [00:01<00:06,  4.06it/s]
 20%|â–ˆâ–ˆ        | 6/30 [00:01<00:05,  4.14it/s]FETCH ComfyRegistry Data: 60/93

 23%|â–ˆâ–ˆâ–Ž       | 7/30 [00:01<00:05,  4.11it/s]
 27%|â–ˆâ–ˆâ–‹       | 8/30 [00:01<00:05,  4.00it/s]
 30%|â–ˆâ–ˆâ–ˆ       | 9/30 [00:02<00:05,  3.97it/s]
 33%|â–ˆâ–ˆâ–ˆâ–Ž      | 10/30 [00:02<00:05,  4.00it/s]
 37%|â–ˆâ–ˆâ–ˆâ–‹      | 11/30 [00:02<00:04,  4.01it/s]
 40%|â–ˆâ–ˆâ–ˆâ–ˆ      | 12/30 [00:02<00:04,  4.05it/s]
 43%|â–ˆâ–ˆâ–ˆâ–ˆâ–Ž     | 13/30 [00:03<00:04,  3.94it/s]
 47%|â–ˆâ–ˆâ–ˆâ–ˆâ–‹     | 14/30 [00:03<00:04,  3.91it/s]
 50%|â–ˆâ–ˆâ–ˆâ–ˆâ–ˆ     | 15/30 [00:03<00:03,  3.89it/s]
 53%|â–ˆâ–ˆâ–ˆâ–ˆâ–ˆâ–Ž    | 16/30 [00:04<00:03,  3.80it/s]
 57%|â–ˆâ–ˆâ–ˆâ–ˆâ–ˆâ–‹    | 17/30 [00:04<00:03,  3.77it/s]
 60%|â–ˆâ–ˆâ–ˆâ–ˆâ–ˆâ–ˆ    | 18/30 [00:04<00:03,  3.75it/s]
 63%|â–ˆâ–ˆâ–ˆâ–ˆâ–ˆâ–ˆâ–Ž   | 19/30 [00:04<00:02,  3.72it/s]
 67%|â–ˆâ–ˆâ–ˆâ–ˆâ–ˆâ–ˆâ–‹   | 20/30 [00:05<00:02,  3.76it/s]
 70%|â–ˆâ–ˆâ–ˆâ–ˆâ–ˆâ–ˆâ–ˆ   | 21/30 [00:05<00:02,  3.77it/s]
 73%|â–ˆâ–ˆâ–ˆâ–ˆâ–ˆâ–ˆâ–ˆâ–Ž  | 22/30 [00:05<00:02,  3.74it/s]
 77%|â–ˆâ–ˆâ–ˆâ–ˆâ–ˆâ–ˆâ–ˆâ–‹  | 23/30 [00:05<00:01,  3.69it/s]
 80%|â–ˆâ–ˆâ–ˆâ–ˆâ–ˆâ–ˆâ–ˆâ–ˆ  | 24/30 [00:06<00:01,  3.72it/s]
 83%|â–ˆâ–ˆâ–ˆâ–ˆâ–ˆâ–ˆâ–ˆâ–ˆâ–Ž | 25/30 [00:06<00:01,  3.76it/s]
 87%|â–ˆâ–ˆâ–ˆâ–ˆâ–ˆâ–ˆâ–ˆâ–ˆâ–‹ | 26/30 [00:06<00:01,  3.81it/s]
 90%|â–ˆâ–ˆâ–ˆâ–ˆâ–ˆâ–ˆâ–ˆâ–ˆâ–ˆ | 27/30 [00:06<00:00,  3.80it/s]
 93%|â–ˆâ–ˆâ–ˆâ–ˆâ–ˆâ–ˆâ–ˆâ–ˆâ–ˆâ–Ž| 28/30 [00:07<00:00,  3.85it/s]
 97%|â–ˆâ–ˆâ–ˆâ–ˆâ–ˆâ–ˆâ–ˆâ–ˆâ–ˆâ–‹| 29/30 [00:07<00:00,  3.84it/s]
100%|â–ˆâ–ˆâ–ˆâ–ˆâ–ˆâ–ˆâ–ˆâ–ˆâ–ˆâ–ˆ| 30/30 [00:07<00:00,  4.01it/s]
100%|â–ˆâ–ˆâ–ˆâ–ˆâ–ˆâ–ˆâ–ˆâ–ˆâ–ˆâ–ˆ| 30/30 [00:07<00:00,  3.90it/s]
FETCH ComfyRegistry Data: 65/93
I0000 00:00:1754060989.003320   77491 gl_context_egl.cc:85] Successfully initialized EGL. Major : 1 Minor: 5
I0000 00:00:1754060989.030517   77605 gl_context.cc:369] GL version: 3.1 (OpenGL ES 3.1 Mesa 24.2.8-1ubuntu1~24.04.1), renderer: D3D12 (AMD Radeon(TM) Graphics)
W0000 00:00:1754060989.074436   77606 inference_feedback_manager.cc:114] Feedback manager requires a model with a single signature inference. Disabling support for feedback tensors.
# ðŸ˜ºdzNodes: LayerStyle -> [1;32mPersonMaskUltra V2 Processed 1 image(s).[m
[93mKSampler(Efficient) Warning:[0m No vae input detected, proceeding as if vae_decode was false.


  0%|          | 0/60 [00:00<?, ?it/s]
  2%|â–         | 1/60 [00:00<00:10,  5.75it/s]
  3%|â–Ž         | 2/60 [00:00<00:10,  5.59it/s]
  5%|â–Œ         | 3/60 [00:00<00:10,  5.55it/s]
  7%|â–‹         | 4/60 [00:00<00:10,  5.34it/s]
  8%|â–Š         | 5/60 [00:00<00:10,  5.06it/s]
 10%|â–ˆ         | 6/60 [00:01<00:10,  5.15it/s]
 12%|â–ˆâ–        | 7/60 [00:01<00:10,  5.21it/s]
 13%|â–ˆâ–Ž        | 8/60 [00:01<00:10,  5.14it/s]FETCH ComfyRegistry Data: 70/93

 15%|â–ˆâ–Œ        | 9/60 [00:01<00:09,  5.18it/s]
 17%|â–ˆâ–‹        | 10/60 [00:01<00:09,  5.08it/s]
 18%|â–ˆâ–Š        | 11/60 [00:02<00:09,  5.04it/s]
 20%|â–ˆâ–ˆ        | 12/60 [00:02<00:09,  5.04it/s]
 22%|â–ˆâ–ˆâ–       | 13/60 [00:02<00:09,  5.12it/s]
 23%|â–ˆâ–ˆâ–Ž       | 14/60 [00:02<00:08,  5.13it/s]
 25%|â–ˆâ–ˆâ–Œ       | 15/60 [00:02<00:08,  5.17it/s]
 27%|â–ˆâ–ˆâ–‹       | 16/60 [00:03<00:08,  5.17it/s]
 28%|â–ˆâ–ˆâ–Š       | 17/60 [00:03<00:08,  5.13it/s]
 30%|â–ˆâ–ˆâ–ˆ       | 18/60 [00:03<00:08,  5.18it/s]
 32%|â–ˆâ–ˆâ–ˆâ–      | 19/60 [00:03<00:08,  5.12it/s]
 33%|â–ˆâ–ˆâ–ˆâ–Ž      | 20/60 [00:03<00:07,  5.12it/s]
 35%|â–ˆâ–ˆâ–ˆâ–Œ      | 21/60 [00:04<00:07,  5.18it/s]
 37%|â–ˆâ–ˆâ–ˆâ–‹      | 22/60 [00:04<00:07,  5.17it/s]
 38%|â–ˆâ–ˆâ–ˆâ–Š      | 23/60 [00:04<00:07,  5.11it/s]
 40%|â–ˆâ–ˆâ–ˆâ–ˆ      | 24/60 [00:04<00:07,  5.13it/s]
 42%|â–ˆâ–ˆâ–ˆâ–ˆâ–     | 25/60 [00:04<00:07,  4.98it/s]
 43%|â–ˆâ–ˆâ–ˆâ–ˆâ–Ž     | 26/60 [00:05<00:06,  5.05it/s]
 45%|â–ˆâ–ˆâ–ˆâ–ˆâ–Œ     | 27/60 [00:05<00:06,  5.07it/s]
 47%|â–ˆâ–ˆâ–ˆâ–ˆâ–‹     | 28/60 [00:05<00:06,  5.01it/s]
 48%|â–ˆâ–ˆâ–ˆâ–ˆâ–Š     | 29/60 [00:05<00:06,  4.91it/s]
 50%|â–ˆâ–ˆâ–ˆâ–ˆâ–ˆ     | 30/60 [00:05<00:06,  4.83it/s]FETCH ComfyRegistry Data: 75/93

 52%|â–ˆâ–ˆâ–ˆâ–ˆâ–ˆâ–    | 31/60 [00:06<00:06,  4.81it/s]
 53%|â–ˆâ–ˆâ–ˆâ–ˆâ–ˆâ–Ž    | 32/60 [00:06<00:05,  4.81it/s]
 55%|â–ˆâ–ˆâ–ˆâ–ˆâ–ˆâ–Œ    | 33/60 [00:06<00:05,  4.85it/s]
 57%|â–ˆâ–ˆâ–ˆâ–ˆâ–ˆâ–‹    | 34/60 [00:06<00:05,  4.95it/s]
 58%|â–ˆâ–ˆâ–ˆâ–ˆâ–ˆâ–Š    | 35/60 [00:06<00:05,  4.91it/s]
 60%|â–ˆâ–ˆâ–ˆâ–ˆâ–ˆâ–ˆ    | 36/60 [00:07<00:04,  4.87it/s]
 62%|â–ˆâ–ˆâ–ˆâ–ˆâ–ˆâ–ˆâ–   | 37/60 [00:07<00:04,  4.87it/s]
 63%|â–ˆâ–ˆâ–ˆâ–ˆâ–ˆâ–ˆâ–Ž   | 38/60 [00:07<00:04,  4.86it/s]
 65%|â–ˆâ–ˆâ–ˆâ–ˆâ–ˆâ–ˆâ–Œ   | 39/60 [00:07<00:04,  4.89it/s]
 67%|â–ˆâ–ˆâ–ˆâ–ˆâ–ˆâ–ˆâ–‹   | 40/60 [00:07<00:04,  4.88it/s]
 68%|â–ˆâ–ˆâ–ˆâ–ˆâ–ˆâ–ˆâ–Š   | 41/60 [00:08<00:03,  4.94it/s]
 70%|â–ˆâ–ˆâ–ˆâ–ˆâ–ˆâ–ˆâ–ˆ   | 42/60 [00:08<00:03,  4.85it/s]
 72%|â–ˆâ–ˆâ–ˆâ–ˆâ–ˆâ–ˆâ–ˆâ–  | 43/60 [00:08<00:03,  4.83it/s]
 73%|â–ˆâ–ˆâ–ˆâ–ˆâ–ˆâ–ˆâ–ˆâ–Ž  | 44/60 [00:08<00:03,  4.77it/s]
 75%|â–ˆâ–ˆâ–ˆâ–ˆâ–ˆâ–ˆâ–ˆâ–Œ  | 45/60 [00:08<00:03,  4.78it/s]
 77%|â–ˆâ–ˆâ–ˆâ–ˆâ–ˆâ–ˆâ–ˆâ–‹  | 46/60 [00:09<00:02,  4.91it/s]
 78%|â–ˆâ–ˆâ–ˆâ–ˆâ–ˆâ–ˆâ–ˆâ–Š  | 47/60 [00:09<00:02,  4.94it/s]
 80%|â–ˆâ–ˆâ–ˆâ–ˆâ–ˆâ–ˆâ–ˆâ–ˆ  | 48/60 [00:09<00:02,  5.05it/s]
 82%|â–ˆâ–ˆâ–ˆâ–ˆâ–ˆâ–ˆâ–ˆâ–ˆâ– | 49/60 [00:09<00:02,  5.12it/s]
 83%|â–ˆâ–ˆâ–ˆâ–ˆâ–ˆâ–ˆâ–ˆâ–ˆâ–Ž | 50/60 [00:09<00:01,  5.19it/s]
 85%|â–ˆâ–ˆâ–ˆâ–ˆâ–ˆâ–ˆâ–ˆâ–ˆâ–Œ | 51/60 [00:10<00:01,  5.15it/s]FETCH ComfyRegistry Data: 80/93

 87%|â–ˆâ–ˆâ–ˆâ–ˆâ–ˆâ–ˆâ–ˆâ–ˆâ–‹ | 52/60 [00:10<00:01,  5.15it/s]
 88%|â–ˆâ–ˆâ–ˆâ–ˆâ–ˆâ–ˆâ–ˆâ–ˆâ–Š | 53/60 [00:10<00:01,  5.29it/s]
 90%|â–ˆâ–ˆâ–ˆâ–ˆâ–ˆâ–ˆâ–ˆâ–ˆâ–ˆ | 54/60 [00:10<00:01,  5.37it/s]
 92%|â–ˆâ–ˆâ–ˆâ–ˆâ–ˆâ–ˆâ–ˆâ–ˆâ–ˆâ–| 55/60 [00:10<00:00,  5.48it/s]
 93%|â–ˆâ–ˆâ–ˆâ–ˆâ–ˆâ–ˆâ–ˆâ–ˆâ–ˆâ–Ž| 56/60 [00:11<00:00,  5.45it/s]
 95%|â–ˆâ–ˆâ–ˆâ–ˆâ–ˆâ–ˆâ–ˆâ–ˆâ–ˆâ–Œ| 57/60 [00:11<00:00,  5.49it/s]
 97%|â–ˆâ–ˆâ–ˆâ–ˆâ–ˆâ–ˆâ–ˆâ–ˆâ–ˆâ–‹| 58/60 [00:11<00:00,  5.51it/s]
 98%|â–ˆâ–ˆâ–ˆâ–ˆâ–ˆâ–ˆâ–ˆâ–ˆâ–ˆâ–Š| 59/60 [00:11<00:00,  5.60it/s]
100%|â–ˆâ–ˆâ–ˆâ–ˆâ–ˆâ–ˆâ–ˆâ–ˆâ–ˆâ–ˆ| 60/60 [00:11<00:00,  5.76it/s]
100%|â–ˆâ–ˆâ–ˆâ–ˆâ–ˆâ–ˆâ–ˆâ–ˆâ–ˆâ–ˆ| 60/60 [00:11<00:00,  5.11it/s]
[34mEQX Node Suite: [0mImage file saved to: /home/eqx/AutoTrainX/workspace/output/dl4r0s4/Preview/dl4r0s4_SX1_02_0001.png[0m
Prompt executed in 33.26 seconds
got prompt

  0%|          | 0/60 [00:00<?, ?it/s]
  2%|â–         | 1/60 [00:00<00:06,  8.68it/s]
  3%|â–Ž         | 2/60 [00:00<00:06,  8.74it/s]
  5%|â–Œ         | 3/60 [00:00<00:06,  8.71it/s]
  7%|â–‹         | 4/60 [00:00<00:06,  8.38it/s]
  8%|â–Š         | 5/60 [00:00<00:07,  7.68it/s]
 10%|â–ˆ         | 6/60 [00:00<00:06,  7.93it/s]FETCH ComfyRegistry Data: 85/93

 12%|â–ˆâ–        | 7/60 [00:00<00:06,  7.91it/s]
 13%|â–ˆâ–Ž        | 8/60 [00:00<00:06,  8.04it/s]
 15%|â–ˆâ–Œ        | 9/60 [00:01<00:06,  8.12it/s]
 17%|â–ˆâ–‹        | 10/60 [00:01<00:05,  8.34it/s]
 18%|â–ˆâ–Š        | 11/60 [00:01<00:05,  8.34it/s]
 20%|â–ˆâ–ˆ        | 12/60 [00:01<00:05,  8.44it/s]
 22%|â–ˆâ–ˆâ–       | 13/60 [00:01<00:05,  8.11it/s]
 23%|â–ˆâ–ˆâ–Ž       | 14/60 [00:01<00:05,  8.19it/s]
 25%|â–ˆâ–ˆâ–Œ       | 15/60 [00:01<00:05,  8.08it/s]
 27%|â–ˆâ–ˆâ–‹       | 16/60 [00:01<00:05,  8.18it/s]
 28%|â–ˆâ–ˆâ–Š       | 17/60 [00:02<00:05,  8.16it/s]
 30%|â–ˆâ–ˆâ–ˆ       | 18/60 [00:02<00:05,  7.60it/s]
 32%|â–ˆâ–ˆâ–ˆâ–      | 19/60 [00:02<00:05,  7.38it/s]
 33%|â–ˆâ–ˆâ–ˆâ–Ž      | 20/60 [00:02<00:05,  7.50it/s]
 35%|â–ˆâ–ˆâ–ˆâ–Œ      | 21/60 [00:02<00:05,  7.71it/s]
 37%|â–ˆâ–ˆâ–ˆâ–‹      | 22/60 [00:02<00:04,  7.91it/s]
 38%|â–ˆâ–ˆâ–ˆâ–Š      | 23/60 [00:02<00:04,  8.01it/s]
 40%|â–ˆâ–ˆâ–ˆâ–ˆ      | 24/60 [00:02<00:04,  7.97it/s]
 42%|â–ˆâ–ˆâ–ˆâ–ˆâ–     | 25/60 [00:03<00:04,  8.11it/s]
 43%|â–ˆâ–ˆâ–ˆâ–ˆâ–Ž     | 26/60 [00:03<00:04,  8.11it/s]
 45%|â–ˆâ–ˆâ–ˆâ–ˆâ–Œ     | 27/60 [00:03<00:03,  8.33it/s]
 47%|â–ˆâ–ˆâ–ˆâ–ˆâ–‹     | 28/60 [00:03<00:03,  8.49it/s]
 48%|â–ˆâ–ˆâ–ˆâ–ˆâ–Š     | 29/60 [00:03<00:03,  8.43it/s]
 50%|â–ˆâ–ˆâ–ˆâ–ˆâ–ˆ     | 30/60 [00:03<00:03,  7.74it/s]
 52%|â–ˆâ–ˆâ–ˆâ–ˆâ–ˆâ–    | 31/60 [00:03<00:03,  7.87it/s]
 53%|â–ˆâ–ˆâ–ˆâ–ˆâ–ˆâ–Ž    | 32/60 [00:03<00:03,  7.72it/s]
 55%|â–ˆâ–ˆâ–ˆâ–ˆâ–ˆâ–Œ    | 33/60 [00:04<00:03,  7.59it/s]
 57%|â–ˆâ–ˆâ–ˆâ–ˆâ–ˆâ–‹    | 34/60 [00:04<00:03,  7.66it/s]
 58%|â–ˆâ–ˆâ–ˆâ–ˆâ–ˆâ–Š    | 35/60 [00:04<00:03,  7.56it/s]
 60%|â–ˆâ–ˆâ–ˆâ–ˆâ–ˆâ–ˆ    | 36/60 [00:04<00:03,  7.76it/s]
 62%|â–ˆâ–ˆâ–ˆâ–ˆâ–ˆâ–ˆâ–   | 37/60 [00:04<00:02,  8.05it/s]
 63%|â–ˆâ–ˆâ–ˆâ–ˆâ–ˆâ–ˆâ–Ž   | 38/60 [00:04<00:02,  8.23it/s]
 65%|â–ˆâ–ˆâ–ˆâ–ˆâ–ˆâ–ˆâ–Œ   | 39/60 [00:04<00:02,  8.25it/s]
 67%|â–ˆâ–ˆâ–ˆâ–ˆâ–ˆâ–ˆâ–‹   | 40/60 [00:04<00:02,  8.19it/s]
 68%|â–ˆâ–ˆâ–ˆâ–ˆâ–ˆâ–ˆâ–Š   | 41/60 [00:05<00:02,  8.17it/s]
 70%|â–ˆâ–ˆâ–ˆâ–ˆâ–ˆâ–ˆâ–ˆ   | 42/60 [00:05<00:02,  8.15it/s]
 72%|â–ˆâ–ˆâ–ˆâ–ˆâ–ˆâ–ˆâ–ˆâ–  | 43/60 [00:05<00:02,  8.32it/s]FETCH ComfyRegistry Data: 90/93

 73%|â–ˆâ–ˆâ–ˆâ–ˆâ–ˆâ–ˆâ–ˆâ–Ž  | 44/60 [00:05<00:02,  7.96it/s]
 75%|â–ˆâ–ˆâ–ˆâ–ˆâ–ˆâ–ˆâ–ˆâ–Œ  | 45/60 [00:05<00:01,  8.11it/s]
 77%|â–ˆâ–ˆâ–ˆâ–ˆâ–ˆâ–ˆâ–ˆâ–‹  | 46/60 [00:05<00:01,  8.30it/s]
 78%|â–ˆâ–ˆâ–ˆâ–ˆâ–ˆâ–ˆâ–ˆâ–Š  | 47/60 [00:05<00:01,  8.55it/s]
 80%|â–ˆâ–ˆâ–ˆâ–ˆâ–ˆâ–ˆâ–ˆâ–ˆ  | 48/60 [00:05<00:01,  8.58it/s]
 82%|â–ˆâ–ˆâ–ˆâ–ˆâ–ˆâ–ˆâ–ˆâ–ˆâ– | 49/60 [00:06<00:01,  8.75it/s]
 83%|â–ˆâ–ˆâ–ˆâ–ˆâ–ˆâ–ˆâ–ˆâ–ˆâ–Ž | 50/60 [00:06<00:01,  8.75it/s]
 85%|â–ˆâ–ˆâ–ˆâ–ˆâ–ˆâ–ˆâ–ˆâ–ˆâ–Œ | 51/60 [00:06<00:01,  8.61it/s]
 87%|â–ˆâ–ˆâ–ˆâ–ˆâ–ˆâ–ˆâ–ˆâ–ˆâ–‹ | 52/60 [00:06<00:00,  8.53it/s]
 88%|â–ˆâ–ˆâ–ˆâ–ˆâ–ˆâ–ˆâ–ˆâ–ˆâ–Š | 53/60 [00:06<00:00,  8.30it/s]
 90%|â–ˆâ–ˆâ–ˆâ–ˆâ–ˆâ–ˆâ–ˆâ–ˆâ–ˆ | 54/60 [00:06<00:00,  8.20it/s]
 92%|â–ˆâ–ˆâ–ˆâ–ˆâ–ˆâ–ˆâ–ˆâ–ˆâ–ˆâ–| 55/60 [00:06<00:00,  8.42it/s]
 93%|â–ˆâ–ˆâ–ˆâ–ˆâ–ˆâ–ˆâ–ˆâ–ˆâ–ˆâ–Ž| 56/60 [00:06<00:00,  8.38it/s]
 95%|â–ˆâ–ˆâ–ˆâ–ˆâ–ˆâ–ˆâ–ˆâ–ˆâ–ˆâ–Œ| 57/60 [00:07<00:00,  8.50it/s]
 97%|â–ˆâ–ˆâ–ˆâ–ˆâ–ˆâ–ˆâ–ˆâ–ˆâ–ˆâ–‹| 58/60 [00:07<00:00,  8.70it/s]
 98%|â–ˆâ–ˆâ–ˆâ–ˆâ–ˆâ–ˆâ–ˆâ–ˆâ–ˆâ–Š| 59/60 [00:07<00:00,  9.01it/s]
100%|â–ˆâ–ˆâ–ˆâ–ˆâ–ˆâ–ˆâ–ˆâ–ˆâ–ˆâ–ˆ| 60/60 [00:07<00:00,  8.21it/s]

  0%|          | 0/30 [00:00<?, ?it/s]
  3%|â–Ž         | 1/30 [00:00<00:06,  4.43it/s]
  7%|â–‹         | 2/30 [00:00<00:06,  4.29it/s]
 10%|â–ˆ         | 3/30 [00:00<00:06,  4.13it/s]
 13%|â–ˆâ–Ž        | 4/30 [00:00<00:06,  3.97it/s]
 17%|â–ˆâ–‹        | 5/30 [00:01<00:06,  3.94it/s]
 20%|â–ˆâ–ˆ        | 6/30 [00:01<00:06,  3.96it/s]
 23%|â–ˆâ–ˆâ–Ž       | 7/30 [00:01<00:05,  3.90it/s]
 27%|â–ˆâ–ˆâ–‹       | 8/30 [00:02<00:05,  3.94it/s]
 30%|â–ˆâ–ˆâ–ˆ       | 9/30 [00:02<00:05,  3.98it/s]
 33%|â–ˆâ–ˆâ–ˆâ–Ž      | 10/30 [00:02<00:05,  3.99it/s]
 37%|â–ˆâ–ˆâ–ˆâ–‹      | 11/30 [00:02<00:04,  3.99it/s]
 40%|â–ˆâ–ˆâ–ˆâ–ˆ      | 12/30 [00:03<00:04,  3.95it/s]FETCH ComfyRegistry Data [DONE]
[ComfyUI-Manager] default cache updated: https://api.comfy.org/nodes
FETCH DATA from: https://raw.githubusercontent.com/ltdrdata/ComfyUI-Manager/main/custom-node-list.json
 43%|â–ˆâ–ˆâ–ˆâ–ˆâ–Ž     | 13/30 [00:03<00:04,  3.51it/s]
 47%|â–ˆâ–ˆâ–ˆâ–ˆâ–‹     | 14/30 [00:03<00:04,  3.62it/s]
 50%|â–ˆâ–ˆâ–ˆâ–ˆâ–ˆ     | 15/30 [00:03<00:04,  3.74it/s]
 53%|â–ˆâ–ˆâ–ˆâ–ˆâ–ˆâ–Ž    | 16/30 [00:04<00:03,  3.73it/s] [DONE]
[ComfyUI-Manager] All startup tasks have been completed.

 57%|â–ˆâ–ˆâ–ˆâ–ˆâ–ˆâ–‹    | 17/30 [00:04<00:03,  3.67it/s]
 60%|â–ˆâ–ˆâ–ˆâ–ˆâ–ˆâ–ˆ    | 18/30 [00:04<00:03,  3.82it/s]
 63%|â–ˆâ–ˆâ–ˆâ–ˆâ–ˆâ–ˆâ–Ž   | 19/30 [00:04<00:02,  3.90it/s]
 67%|â–ˆâ–ˆâ–ˆâ–ˆâ–ˆâ–ˆâ–‹   | 20/30 [00:05<00:02,  4.01it/s]
 70%|â–ˆâ–ˆâ–ˆâ–ˆâ–ˆâ–ˆâ–ˆ   | 21/30 [00:05<00:02,  4.00it/s]
 73%|â–ˆâ–ˆâ–ˆâ–ˆâ–ˆâ–ˆâ–ˆâ–Ž  | 22/30 [00:05<00:02,  3.99it/s]
 77%|â–ˆâ–ˆâ–ˆâ–ˆâ–ˆâ–ˆâ–ˆâ–‹  | 23/30 [00:05<00:01,  4.06it/s]
 80%|â–ˆâ–ˆâ–ˆâ–ˆâ–ˆâ–ˆâ–ˆâ–ˆ  | 24/30 [00:06<00:01,  4.05it/s]
 83%|â–ˆâ–ˆâ–ˆâ–ˆâ–ˆâ–ˆâ–ˆâ–ˆâ–Ž | 25/30 [00:06<00:01,  4.10it/s]
 87%|â–ˆâ–ˆâ–ˆâ–ˆâ–ˆâ–ˆâ–ˆâ–ˆâ–‹ | 26/30 [00:06<00:00,  4.11it/s]
 90%|â–ˆâ–ˆâ–ˆâ–ˆâ–ˆâ–ˆâ–ˆâ–ˆâ–ˆ | 27/30 [00:06<00:00,  4.15it/s]
 93%|â–ˆâ–ˆâ–ˆâ–ˆâ–ˆâ–ˆâ–ˆâ–ˆâ–ˆâ–Ž| 28/30 [00:07<00:00,  4.15it/s]
 97%|â–ˆâ–ˆâ–ˆâ–ˆâ–ˆâ–ˆâ–ˆâ–ˆâ–ˆâ–‹| 29/30 [00:07<00:00,  4.29it/s]
100%|â–ˆâ–ˆâ–ˆâ–ˆâ–ˆâ–ˆâ–ˆâ–ˆâ–ˆâ–ˆ| 30/30 [00:07<00:00,  4.45it/s]
100%|â–ˆâ–ˆâ–ˆâ–ˆâ–ˆâ–ˆâ–ˆâ–ˆâ–ˆâ–ˆ| 30/30 [00:07<00:00,  4.00it/s]
I0000 00:00:1754061023.693465   77491 gl_context_egl.cc:85] Successfully initialized EGL. Major : 1 Minor: 5
I0000 00:00:1754061023.723934   77618 gl_context.cc:369] GL version: 3.1 (OpenGL ES 3.1 Mesa 24.2.8-1ubuntu1~24.04.1), renderer: D3D12 (AMD Radeon(TM) Graphics)
W0000 00:00:1754061023.765281   77619 inference_feedback_manager.cc:114] Feedback manager requires a model with a single signature inference. Disabling support for feedback tensors.
# ðŸ˜ºdzNodes: LayerStyle -> [1;32mPersonMaskUltra V2 Processed 1 image(s).[m
[93mKSampler(Efficient) Warning:[0m No vae input detected, proceeding as if vae_decode was false.


  0%|          | 0/60 [00:00<?, ?it/s]
  2%|â–         | 1/60 [00:00<00:10,  5.59it/s]
  3%|â–Ž         | 2/60 [00:00<00:10,  5.37it/s]
  5%|â–Œ         | 3/60 [00:00<00:10,  5.23it/s]
  7%|â–‹         | 4/60 [00:00<00:11,  5.03it/s]
  8%|â–Š         | 5/60 [00:00<00:10,  5.13it/s]
 10%|â–ˆ         | 6/60 [00:01<00:10,  5.13it/s]
 12%|â–ˆâ–        | 7/60 [00:01<00:10,  4.90it/s]
 13%|â–ˆâ–Ž        | 8/60 [00:01<00:10,  4.77it/s]
 15%|â–ˆâ–Œ        | 9/60 [00:01<00:10,  4.90it/s]
 17%|â–ˆâ–‹        | 10/60 [00:02<00:10,  4.90it/s]
 18%|â–ˆâ–Š        | 11/60 [00:02<00:09,  4.93it/s]
 20%|â–ˆâ–ˆ        | 12/60 [00:02<00:09,  4.87it/s]
 22%|â–ˆâ–ˆâ–       | 13/60 [00:02<00:09,  4.83it/s]
 23%|â–ˆâ–ˆâ–Ž       | 14/60 [00:02<00:09,  4.86it/s]
 25%|â–ˆâ–ˆâ–Œ       | 15/60 [00:03<00:09,  4.82it/s]
 27%|â–ˆâ–ˆâ–‹       | 16/60 [00:03<00:09,  4.76it/s]
 28%|â–ˆâ–ˆâ–Š       | 17/60 [00:03<00:09,  4.76it/s]
 30%|â–ˆâ–ˆâ–ˆ       | 18/60 [00:03<00:08,  4.83it/s]
 32%|â–ˆâ–ˆâ–ˆâ–      | 19/60 [00:03<00:08,  4.85it/s]
 33%|â–ˆâ–ˆâ–ˆâ–Ž      | 20/60 [00:04<00:08,  4.88it/s]
 35%|â–ˆâ–ˆâ–ˆâ–Œ      | 21/60 [00:04<00:07,  4.98it/s]
 37%|â–ˆâ–ˆâ–ˆâ–‹      | 22/60 [00:04<00:07,  5.00it/s]
 38%|â–ˆâ–ˆâ–ˆâ–Š      | 23/60 [00:04<00:07,  4.96it/s]
 40%|â–ˆâ–ˆâ–ˆâ–ˆ      | 24/60 [00:04<00:07,  4.91it/s]
 42%|â–ˆâ–ˆâ–ˆâ–ˆâ–     | 25/60 [00:05<00:07,  4.82it/s]
 43%|â–ˆâ–ˆâ–ˆâ–ˆâ–Ž     | 26/60 [00:05<00:06,  4.87it/s]
 45%|â–ˆâ–ˆâ–ˆâ–ˆâ–Œ     | 27/60 [00:05<00:06,  5.05it/s]
 47%|â–ˆâ–ˆâ–ˆâ–ˆâ–‹     | 28/60 [00:05<00:06,  4.91it/s]
 48%|â–ˆâ–ˆâ–ˆâ–ˆâ–Š     | 29/60 [00:05<00:06,  4.85it/s]
 50%|â–ˆâ–ˆâ–ˆâ–ˆâ–ˆ     | 30/60 [00:06<00:06,  4.86it/s]
 52%|â–ˆâ–ˆâ–ˆâ–ˆâ–ˆâ–    | 31/60 [00:06<00:05,  4.85it/s]
 53%|â–ˆâ–ˆâ–ˆâ–ˆâ–ˆâ–Ž    | 32/60 [00:06<00:05,  4.91it/s]
 55%|â–ˆâ–ˆâ–ˆâ–ˆâ–ˆâ–Œ    | 33/60 [00:06<00:05,  5.00it/s]
 57%|â–ˆâ–ˆâ–ˆâ–ˆâ–ˆâ–‹    | 34/60 [00:06<00:05,  5.01it/s]
 58%|â–ˆâ–ˆâ–ˆâ–ˆâ–ˆâ–Š    | 35/60 [00:07<00:04,  5.01it/s]
 60%|â–ˆâ–ˆâ–ˆâ–ˆâ–ˆâ–ˆ    | 36/60 [00:07<00:04,  5.15it/s]
 62%|â–ˆâ–ˆâ–ˆâ–ˆâ–ˆâ–ˆâ–   | 37/60 [00:07<00:04,  5.06it/s]
 63%|â–ˆâ–ˆâ–ˆâ–ˆâ–ˆâ–ˆâ–Ž   | 38/60 [00:07<00:04,  5.03it/s]
 65%|â–ˆâ–ˆâ–ˆâ–ˆâ–ˆâ–ˆâ–Œ   | 39/60 [00:07<00:04,  5.05it/s]
 67%|â–ˆâ–ˆâ–ˆâ–ˆâ–ˆâ–ˆâ–‹   | 40/60 [00:08<00:03,  5.00it/s]
 68%|â–ˆâ–ˆâ–ˆâ–ˆâ–ˆâ–ˆâ–Š   | 41/60 [00:08<00:03,  5.14it/s]
 70%|â–ˆâ–ˆâ–ˆâ–ˆâ–ˆâ–ˆâ–ˆ   | 42/60 [00:08<00:03,  5.17it/s]
 72%|â–ˆâ–ˆâ–ˆâ–ˆâ–ˆâ–ˆâ–ˆâ–  | 43/60 [00:08<00:03,  5.31it/s]
 73%|â–ˆâ–ˆâ–ˆâ–ˆâ–ˆâ–ˆâ–ˆâ–Ž  | 44/60 [00:08<00:02,  5.36it/s]
 75%|â–ˆâ–ˆâ–ˆâ–ˆâ–ˆâ–ˆâ–ˆâ–Œ  | 45/60 [00:08<00:02,  5.57it/s]
 77%|â–ˆâ–ˆâ–ˆâ–ˆâ–ˆâ–ˆâ–ˆâ–‹  | 46/60 [00:09<00:02,  5.58it/s]
 78%|â–ˆâ–ˆâ–ˆâ–ˆâ–ˆâ–ˆâ–ˆâ–Š  | 47/60 [00:09<00:02,  5.67it/s]
 80%|â–ˆâ–ˆâ–ˆâ–ˆâ–ˆâ–ˆâ–ˆâ–ˆ  | 48/60 [00:09<00:02,  5.66it/s]
 82%|â–ˆâ–ˆâ–ˆâ–ˆâ–ˆâ–ˆâ–ˆâ–ˆâ– | 49/60 [00:09<00:01,  5.58it/s]
 83%|â–ˆâ–ˆâ–ˆâ–ˆâ–ˆâ–ˆâ–ˆâ–ˆâ–Ž | 50/60 [00:09<00:01,  5.55it/s]
 85%|â–ˆâ–ˆâ–ˆâ–ˆâ–ˆâ–ˆâ–ˆâ–ˆâ–Œ | 51/60 [00:10<00:01,  5.50it/s]
 87%|â–ˆâ–ˆâ–ˆâ–ˆâ–ˆâ–ˆâ–ˆâ–ˆâ–‹ | 52/60 [00:10<00:01,  5.51it/s]
 88%|â–ˆâ–ˆâ–ˆâ–ˆâ–ˆâ–ˆâ–ˆâ–ˆâ–Š | 53/60 [00:10<00:01,  5.49it/s]
 90%|â–ˆâ–ˆâ–ˆâ–ˆâ–ˆâ–ˆâ–ˆâ–ˆâ–ˆ | 54/60 [00:10<00:01,  5.54it/s]
 92%|â–ˆâ–ˆâ–ˆâ–ˆâ–ˆâ–ˆâ–ˆâ–ˆâ–ˆâ–| 55/60 [00:10<00:00,  5.61it/s]
 93%|â–ˆâ–ˆâ–ˆâ–ˆâ–ˆâ–ˆâ–ˆâ–ˆâ–ˆâ–Ž| 56/60 [00:10<00:00,  5.74it/s]
 95%|â–ˆâ–ˆâ–ˆâ–ˆâ–ˆâ–ˆâ–ˆâ–ˆâ–ˆâ–Œ| 57/60 [00:11<00:00,  5.80it/s]
 97%|â–ˆâ–ˆâ–ˆâ–ˆâ–ˆâ–ˆâ–ˆâ–ˆâ–ˆâ–‹| 58/60 [00:11<00:00,  5.52it/s]
 98%|â–ˆâ–ˆâ–ˆâ–ˆâ–ˆâ–ˆâ–ˆâ–ˆâ–ˆâ–Š| 59/60 [00:11<00:00,  5.58it/s]
100%|â–ˆâ–ˆâ–ˆâ–ˆâ–ˆâ–ˆâ–ˆâ–ˆâ–ˆâ–ˆ| 60/60 [00:11<00:00,  5.73it/s]
100%|â–ˆâ–ˆâ–ˆâ–ˆâ–ˆâ–ˆâ–ˆâ–ˆâ–ˆâ–ˆ| 60/60 [00:11<00:00,  5.15it/s]
[34mEQX Node Suite: [0mImage file saved to: /home/eqx/AutoTrainX/workspace/output/dl4r0s4/Preview/dl4r0s4_SX1_03_0001.png[0m
Prompt executed in 32.94 seconds
