Using Python 3.12.3 environment at: venv
[START] Security scan
[DONE] Security scan
## ComfyUI-Manager: installing dependencies done.
** ComfyUI startup time: 2025-08-01 13:53:59.827
** Platform: Linux
** Python version: 3.12.3 (main, Jun 18 2025, 17:59:45) [GCC 13.3.0]
** Python executable: /home/eqx/ComfyUI/venv/bin/python
** ComfyUI Path: /home/eqx/ComfyUI
** ComfyUI Base Folder Path: /home/eqx/ComfyUI
** User directory: /home/eqx/ComfyUI/user
** ComfyUI-Manager config path: /home/eqx/ComfyUI/user/default/ComfyUI-Manager/config.ini
** Log path: /home/eqx/ComfyUI/user/comfyui.log
Using Python 3.12.3 environment at: venv
Using Python 3.12.3 environment at: venv

Prestartup times for custom nodes:
   0.0 seconds: /home/eqx/ComfyUI/custom_nodes/rgthree-comfy
   0.0 seconds: /home/eqx/ComfyUI/custom_nodes/ComfyUI-Easy-Use
   0.2 seconds: /home/eqx/ComfyUI/custom_nodes/ComfyUI-Manager

Checkpoint files will always be loaded safely.
Total VRAM 32607 MB, total RAM 88494 MB
pytorch version: 2.7.1+cu128
Set vram state to: NORMAL_VRAM
Device: cuda:0 NVIDIA GeForce RTX 5090 : cudaMallocAsync
Using pytorch attention
Python version: 3.12.3 (main, Jun 18 2025, 17:59:45) [GCC 13.3.0]
ComfyUI version: 0.3.44
ComfyUI frontend version: 1.23.4
[Prompt Server] web root: /home/eqx/ComfyUI/venv/lib/python3.12/site-packages/comfyui_frontend_package/static
[34mWAS Node Suite: [0mOpenCV Python FFMPEG support is enabled[0m
[34mWAS Node Suite [93mWarning: [0m`ffmpeg_bin_path` is not set in `/home/eqx/ComfyUI/custom_nodes/was-node-suite-comfyui/was_suite_config.json` config file. Will attempt to use system ffmpeg binaries if available.[0m
[34mWAS Node Suite: [0mFinished.[0m [32mLoaded[0m [0m220[0m [32mnodes successfully.[0m

	[3m[93m"The only way to do great work is to love what you do."[0m[3m - Steve Jobs[0m

[34m[ComfyUI-Easy-Use] server: [0mv1.3.2 [92mLoaded[0m
[34m[ComfyUI-Easy-Use] web root: [0m/home/eqx/ComfyUI/custom_nodes/ComfyUI-Easy-Use/web_version/v2 [92mLoaded[0m
### Loading: ComfyUI-Inspire-Pack (V1.21)
------------------------------------------
[34mComfyroll Studio v1.76 : [92m 175 Nodes Loaded[0m
------------------------------------------
** For changes, please see patch notes at https://github.com/Suzie1/ComfyUI_Comfyroll_CustomNodes/blob/main/Patch_Notes.md
** For help, please see the wiki at https://github.com/Suzie1/ComfyUI_Comfyroll_CustomNodes/wiki
------------------------------------------
â•â•â•â•â•â•â•â•â•â•â•â•â•â•â•â•â•â•â•â•â•â•â•â•â•â•â•â•â•â•â•â•â•â•â•â•â•â•â•
â•â•â•â•â•â•â•â•â•â•â•â•â•â•â•â•â•â•â•â•â•â•â•â•â•â•â•â•â•â•â•â•â•â•â•â•â•â•â•
â•â•â•â•â•â•â•â•â•â•â•â•â•â•â•â•â•â•â•â•â•â•â•â•â•â•â•â•â•â•â•â•â•â•â•â•â•â•â•

â–ˆâ–ˆâ–ˆâ–ˆâ–ˆâ–ˆâ–ˆâ•— â–ˆâ–ˆâ–ˆâ–ˆâ–ˆâ–ˆâ•— â–ˆâ–ˆâ•—  â–ˆâ–ˆâ•—
â–ˆâ–ˆâ•”â•â•â•â•â•â–ˆâ–ˆâ•”â•â•â•â–ˆâ–ˆâ•—â•šâ–ˆâ–ˆâ•—â–ˆâ–ˆâ•”â•
â–ˆâ–ˆâ–ˆâ–ˆâ–ˆâ•—  â–ˆâ–ˆâ•‘   â–ˆâ–ˆâ•‘ â•šâ–ˆâ–ˆâ–ˆâ•”â• 
â–ˆâ–ˆâ•”â•â•â•  â–ˆâ–ˆâ•‘ â•šâ•—â–ˆâ–ˆâ•‘ â–ˆâ–ˆâ•”â–ˆâ–ˆâ•— 
â–ˆâ–ˆâ–ˆâ–ˆâ–ˆâ–ˆâ–ˆâ•—â•šâ–ˆâ–ˆâ–ˆâ–ˆâ–ˆâ–ˆâ•”â•â–ˆâ–ˆâ•”â• â–ˆâ–ˆâ•—
â•šâ•â•â•â•â•â•â•     â•šâ•â•â•šâ•â•  â•šâ•â• 

[ComfyUI_EQX] Loaded 7 nodes (v0.1.0)
â•â•â•â•â•â•â•â•â•â•â•â•â•â•â•â•â•â•â•â•â•â•â•â•â•â•â•â•â•â•â•â•â•â•â•â•â•â•â•
â•â•â•â•â•â•â•â•â•â•â•â•â•â•â•â•â•â•â•â•â•â•â•â•â•â•â•â•â•â•â•â•â•â•â•â•â•â•â•
â•â•â•â•â•â•â•â•â•â•â•â•â•â•â•â•â•â•â•â•â•â•â•â•â•â•â•â•â•â•â•â•â•â•â•â•â•â•â•

[92m[rgthree-comfy] Loaded 47 epic nodes. ðŸŽ‰[0m

[34mIb Custom Nodes: [92mLoaded[0m
[93mEfficiency Nodes Warning:[0m Failed to import python package 'simpleeval'; related nodes disabled.

[36;20m[/home/eqx/ComfyUI/custom_nodes/comfy-mtb] | INFO -> loaded [96m103[0m nodes successfuly[0m
[36;20m[/home/eqx/ComfyUI/custom_nodes/comfy-mtb] | INFO -> Some nodes (5) could not be loaded. This can be ignored, but go to http://127.0.0.1:8188/mtb if you want more information.[0m
[94mtheUpsiders Logic Nodes: [92mLoaded[0m
[93mEfficiency Nodes Warning:[0m Failed to import python package 'simpleeval'; related nodes disabled.

Loaded Efficiency nodes from /home/eqx/ComfyUI/custom_nodes/efficiency-nodes-comfyui
Could not find ControlNetPreprocessors nodes
Could not find AdvancedControlNet nodes
Could not find AnimateDiff nodes
Could not find IPAdapter nodes
Could not find VideoHelperSuite nodes
Could not load ImpactPack nodes Could not find ImpactPack nodes
### Loading: ComfyUI-Impact-Pack (V8.20)
[Impact Pack] Wildcards loading done.
torch version---------------------- 2.7.1+cu128
### Loading: ComfyUI-Manager (V3.34)
[ComfyUI-Manager] network_mode: public
### ComfyUI Version: v0.3.44-22-g6b8062f4 | Released on '2025-07-15'
[92m[tinyterraNodes] [32mLoaded[0m
[ComfyUI-Manager] default cache updated: https://raw.githubusercontent.com/ltdrdata/ComfyUI-Manager/main/model-list.json
[ComfyUI-Manager] default cache updated: https://raw.githubusercontent.com/ltdrdata/ComfyUI-Manager/main/alter-list.json
[ComfyUI-Manager] default cache updated: https://raw.githubusercontent.com/ltdrdata/ComfyUI-Manager/main/github-stats.json
[ComfyUI-Manager] default cache updated: https://raw.githubusercontent.com/ltdrdata/ComfyUI-Manager/main/custom-node-list.json
[ComfyUI-Manager] default cache updated: https://raw.githubusercontent.com/ltdrdata/ComfyUI-Manager/main/extension-node-map.json

Import times for custom nodes:
   0.0 seconds: /home/eqx/ComfyUI/custom_nodes/websocket_image_save.py
   0.0 seconds: /home/eqx/ComfyUI/custom_nodes/masquerade-nodes-comfyui
   0.0 seconds: /home/eqx/ComfyUI/custom_nodes/ComfyUI-Logic
   0.0 seconds: /home/eqx/ComfyUI/custom_nodes/cg-use-everywhere
   0.0 seconds: /home/eqx/ComfyUI/custom_nodes/ComfyUI-Inpaint-CropAndStitch
   0.0 seconds: /home/eqx/ComfyUI/custom_nodes/ComfyUI_EQX
   0.0 seconds: /home/eqx/ComfyUI/custom_nodes/ComfyUI_Ib_CustomNodes
   0.0 seconds: /home/eqx/ComfyUI/custom_nodes/ComfyUI_JPS-Nodes
   0.0 seconds: /home/eqx/ComfyUI/custom_nodes/comfyui-florence2
   0.0 seconds: /home/eqx/ComfyUI/custom_nodes/comfyui-various
   0.0 seconds: /home/eqx/ComfyUI/custom_nodes/ComfyUI-Custom-Scripts
   0.0 seconds: /home/eqx/ComfyUI/custom_nodes/comfyui_essentials
   0.0 seconds: /home/eqx/ComfyUI/custom_nodes/comfyui-kjnodes
   0.0 seconds: /home/eqx/ComfyUI/custom_nodes/efficiency-nodes-comfyui
   0.0 seconds: /home/eqx/ComfyUI/custom_nodes/comfyui-art-venture
   0.0 seconds: /home/eqx/ComfyUI/custom_nodes/ComfyUI_tinyterraNodes
   0.0 seconds: /home/eqx/ComfyUI/custom_nodes/comfyui-inspire-pack
   0.0 seconds: /home/eqx/ComfyUI/custom_nodes/Comfy_KepListStuff
   0.0 seconds: /home/eqx/ComfyUI/custom_nodes/comfy-mtb
   0.0 seconds: /home/eqx/ComfyUI/custom_nodes/ComfyUI-Manager
   0.1 seconds: /home/eqx/ComfyUI/custom_nodes/comfyui-impact-pack
   0.1 seconds: /home/eqx/ComfyUI/custom_nodes/rgthree-comfy
   0.1 seconds: /home/eqx/ComfyUI/custom_nodes/ComfyUI_Comfyroll_CustomNodes
   0.1 seconds: /home/eqx/ComfyUI/custom_nodes/comfyui-videohelpersuite
   0.2 seconds: /home/eqx/ComfyUI/custom_nodes/ComfyUI-fastblend
   0.7 seconds: /home/eqx/ComfyUI/custom_nodes/ComfyUI-Easy-Use
   0.8 seconds: /home/eqx/ComfyUI/custom_nodes/comfyui_layerstyle
   0.9 seconds: /home/eqx/ComfyUI/custom_nodes/was-node-suite-comfyui

Context impl SQLiteImpl.
Will assume non-transactional DDL.
No target revision found.
Starting server

To see the GUI go to: http://127.0.0.1:8188
got prompt
Using pytorch attention in VAE
Using pytorch attention in VAE
VAE load device: cuda:0, offload device: cpu, dtype: torch.bfloat16
Requested to load AutoencodingEngine
loaded completely 19727.111328125 159.87335777282715 True
FETCH ComfyRegistry Data: 5/93
CLIP/text encoder model load device: cuda:0, offload device: cpu, current: cpu, dtype: torch.float16
clip missing: ['text_projection.weight']
model weight dtype torch.float8_e4m3fn, manual cast: torch.bfloat16
model_type FLUX
Florence2 using sdpa for attention
FETCH ComfyRegistry Data: 10/93
</s><s>A close-up portrait of a young woman with long, dark hair. She wears a white strapless top and gold hoop earrings. Her makeup is subtle, featuring winged eyeliner and pink lipstick. She is looking directly at the camera with a neutral expression. The background is a white wall with vertical blinds. The image style is candid and natural, emphasizing the subject's features and expressions.</s>
Offloading model...
Token indices sequence length is longer than the specified maximum sequence length for this model (86 > 77). Running this sequence through the model will result in indexing errors
Requested to load FluxClipModel_
loaded completely 29331.801642227172 4777.53759765625 True
Requested to load Flux
FETCH ComfyRegistry Data: 15/93
loaded completely 22591.384036941527 11350.067443847656 True

  0%|          | 0/60 [00:00<?, ?it/s]
  2%|â–         | 1/60 [00:01<00:59,  1.01s/it]FETCH ComfyRegistry Data: 20/93

  3%|â–Ž         | 2/60 [00:02<01:18,  1.35s/it]
  5%|â–Œ         | 3/60 [00:04<01:22,  1.46s/it]FETCH ComfyRegistry Data: 25/93

  7%|â–‹         | 4/60 [00:05<01:24,  1.51s/it]
  8%|â–Š         | 5/60 [00:07<01:24,  1.54s/it]
 10%|â–ˆ         | 6/60 [00:08<01:22,  1.52s/it]FETCH ComfyRegistry Data: 30/93

 12%|â–ˆâ–        | 7/60 [00:10<01:19,  1.51s/it]
 13%|â–ˆâ–Ž        | 8/60 [00:11<01:17,  1.50s/it]FETCH ComfyRegistry Data: 35/93

 15%|â–ˆâ–Œ        | 9/60 [00:13<01:16,  1.50s/it]
 17%|â–ˆâ–‹        | 10/60 [00:14<01:15,  1.52s/it]FETCH ComfyRegistry Data: 40/93

 18%|â–ˆâ–Š        | 11/60 [00:16<01:14,  1.53s/it]
 20%|â–ˆâ–ˆ        | 12/60 [00:17<01:13,  1.54s/it]FETCH ComfyRegistry Data: 45/93

 22%|â–ˆâ–ˆâ–       | 13/60 [00:19<01:12,  1.54s/it]
 23%|â–ˆâ–ˆâ–Ž       | 14/60 [00:21<01:11,  1.55s/it]
 25%|â–ˆâ–ˆâ–Œ       | 15/60 [00:22<01:09,  1.55s/it]FETCH ComfyRegistry Data: 50/93

 27%|â–ˆâ–ˆâ–‹       | 16/60 [00:24<01:08,  1.55s/it]
 28%|â–ˆâ–ˆâ–Š       | 17/60 [00:25<01:06,  1.56s/it]FETCH ComfyRegistry Data: 55/93

 30%|â–ˆâ–ˆâ–ˆ       | 18/60 [00:27<01:05,  1.56s/it]
 32%|â–ˆâ–ˆâ–ˆâ–      | 19/60 [00:28<01:04,  1.56s/it]
 33%|â–ˆâ–ˆâ–ˆâ–Ž      | 20/60 [00:30<01:02,  1.56s/it]FETCH ComfyRegistry Data: 60/93

 35%|â–ˆâ–ˆâ–ˆâ–Œ      | 21/60 [00:33<01:23,  2.13s/it]
 37%|â–ˆâ–ˆâ–ˆâ–‹      | 22/60 [00:35<01:14,  1.97s/it]FETCH ComfyRegistry Data: 65/93

 38%|â–ˆâ–ˆâ–ˆâ–Š      | 23/60 [00:37<01:08,  1.86s/it]
 40%|â–ˆâ–ˆâ–ˆâ–ˆ      | 24/60 [00:38<01:04,  1.78s/it]
 42%|â–ˆâ–ˆâ–ˆâ–ˆâ–     | 25/60 [00:40<01:00,  1.73s/it]FETCH ComfyRegistry Data: 70/93

 43%|â–ˆâ–ˆâ–ˆâ–ˆâ–Ž     | 26/60 [00:41<00:56,  1.67s/it]
 45%|â–ˆâ–ˆâ–ˆâ–ˆâ–Œ     | 27/60 [00:43<00:54,  1.64s/it]FETCH ComfyRegistry Data: 75/93

 47%|â–ˆâ–ˆâ–ˆâ–ˆâ–‹     | 28/60 [00:44<00:51,  1.61s/it]
 48%|â–ˆâ–ˆâ–ˆâ–ˆâ–Š     | 29/60 [00:46<00:49,  1.59s/it]FETCH ComfyRegistry Data: 80/93

 50%|â–ˆâ–ˆâ–ˆâ–ˆâ–ˆ     | 30/60 [00:48<00:47,  1.58s/it]
 52%|â–ˆâ–ˆâ–ˆâ–ˆâ–ˆâ–    | 31/60 [00:49<00:45,  1.57s/it]
 53%|â–ˆâ–ˆâ–ˆâ–ˆâ–ˆâ–Ž    | 32/60 [00:51<00:43,  1.55s/it]
 55%|â–ˆâ–ˆâ–ˆâ–ˆâ–ˆâ–Œ    | 33/60 [00:52<00:41,  1.53s/it]FETCH ComfyRegistry Data: 85/93

 57%|â–ˆâ–ˆâ–ˆâ–ˆâ–ˆâ–‹    | 34/60 [00:54<00:39,  1.53s/it]
 58%|â–ˆâ–ˆâ–ˆâ–ˆâ–ˆâ–Š    | 35/60 [00:55<00:38,  1.54s/it]FETCH ComfyRegistry Data: 90/93

 60%|â–ˆâ–ˆâ–ˆâ–ˆâ–ˆâ–ˆ    | 36/60 [00:57<00:37,  1.55s/it]
 62%|â–ˆâ–ˆâ–ˆâ–ˆâ–ˆâ–ˆâ–   | 37/60 [00:58<00:35,  1.55s/it]FETCH ComfyRegistry Data [DONE]
[ComfyUI-Manager] default cache updated: https://api.comfy.org/nodes
FETCH DATA from: https://raw.githubusercontent.com/ltdrdata/ComfyUI-Manager/main/custom-node-list.json [DONE]
[ComfyUI-Manager] All startup tasks have been completed.

 63%|â–ˆâ–ˆâ–ˆâ–ˆâ–ˆâ–ˆâ–Ž   | 38/60 [01:00<00:34,  1.57s/it]
 65%|â–ˆâ–ˆâ–ˆâ–ˆâ–ˆâ–ˆâ–Œ   | 39/60 [01:01<00:32,  1.56s/it]
 67%|â–ˆâ–ˆâ–ˆâ–ˆâ–ˆâ–ˆâ–‹   | 40/60 [01:03<00:31,  1.56s/it]
 68%|â–ˆâ–ˆâ–ˆâ–ˆâ–ˆâ–ˆâ–Š   | 41/60 [01:06<00:39,  2.10s/it]
 70%|â–ˆâ–ˆâ–ˆâ–ˆâ–ˆâ–ˆâ–ˆ   | 42/60 [01:08<00:35,  1.95s/it]
 72%|â–ˆâ–ˆâ–ˆâ–ˆâ–ˆâ–ˆâ–ˆâ–  | 43/60 [01:10<00:31,  1.85s/it]
 73%|â–ˆâ–ˆâ–ˆâ–ˆâ–ˆâ–ˆâ–ˆâ–Ž  | 44/60 [01:11<00:28,  1.77s/it]
 75%|â–ˆâ–ˆâ–ˆâ–ˆâ–ˆâ–ˆâ–ˆâ–Œ  | 45/60 [01:13<00:25,  1.72s/it]
 77%|â–ˆâ–ˆâ–ˆâ–ˆâ–ˆâ–ˆâ–ˆâ–‹  | 46/60 [01:14<00:23,  1.67s/it]
 78%|â–ˆâ–ˆâ–ˆâ–ˆâ–ˆâ–ˆâ–ˆâ–Š  | 47/60 [01:16<00:21,  1.64s/it]
 80%|â–ˆâ–ˆâ–ˆâ–ˆâ–ˆâ–ˆâ–ˆâ–ˆ  | 48/60 [01:17<00:19,  1.61s/it]
 82%|â–ˆâ–ˆâ–ˆâ–ˆâ–ˆâ–ˆâ–ˆâ–ˆâ– | 49/60 [01:19<00:17,  1.59s/it]
 83%|â–ˆâ–ˆâ–ˆâ–ˆâ–ˆâ–ˆâ–ˆâ–ˆâ–Ž | 50/60 [01:21<00:15,  1.58s/it]
 85%|â–ˆâ–ˆâ–ˆâ–ˆâ–ˆâ–ˆâ–ˆâ–ˆâ–Œ | 51/60 [01:22<00:14,  1.57s/it]
 87%|â–ˆâ–ˆâ–ˆâ–ˆâ–ˆâ–ˆâ–ˆâ–ˆâ–‹ | 52/60 [01:24<00:12,  1.55s/it]
 88%|â–ˆâ–ˆâ–ˆâ–ˆâ–ˆâ–ˆâ–ˆâ–ˆâ–Š | 53/60 [01:25<00:10,  1.54s/it]
 90%|â–ˆâ–ˆâ–ˆâ–ˆâ–ˆâ–ˆâ–ˆâ–ˆâ–ˆ | 54/60 [01:27<00:09,  1.52s/it]
 92%|â–ˆâ–ˆâ–ˆâ–ˆâ–ˆâ–ˆâ–ˆâ–ˆâ–ˆâ–| 55/60 [01:28<00:07,  1.53s/it]
 93%|â–ˆâ–ˆâ–ˆâ–ˆâ–ˆâ–ˆâ–ˆâ–ˆâ–ˆâ–Ž| 56/60 [01:30<00:06,  1.54s/it]
 95%|â–ˆâ–ˆâ–ˆâ–ˆâ–ˆâ–ˆâ–ˆâ–ˆâ–ˆâ–Œ| 57/60 [01:31<00:04,  1.55s/it]
 97%|â–ˆâ–ˆâ–ˆâ–ˆâ–ˆâ–ˆâ–ˆâ–ˆâ–ˆâ–‹| 58/60 [01:33<00:03,  1.55s/it]
 98%|â–ˆâ–ˆâ–ˆâ–ˆâ–ˆâ–ˆâ–ˆâ–ˆâ–ˆâ–Š| 59/60 [01:34<00:01,  1.56s/it]
100%|â–ˆâ–ˆâ–ˆâ–ˆâ–ˆâ–ˆâ–ˆâ–ˆâ–ˆâ–ˆ| 60/60 [01:36<00:00,  1.56s/it]
100%|â–ˆâ–ˆâ–ˆâ–ˆâ–ˆâ–ˆâ–ˆâ–ˆâ–ˆâ–ˆ| 60/60 [01:36<00:00,  1.61s/it]
# ðŸ˜ºdzNodes: LayerStyle -> [1;32mAddGrain Processed 1 image(s).[m
[34mEQX Node Suite [93mWarning: [0mThe path `/home/eqx/AutoTrainX/workspace/variations/exp_0c3e0d0e/b09g13_FluxLORA_v3/Preview` specified doesn't exist! Creating directory.[0m
[34mEQX Node Suite: [0mImage file saved to: /home/eqx/AutoTrainX/workspace/variations/exp_0c3e0d0e/b09g13_FluxLORA_v3/Preview/b09g13_FluxLORA_v3_01_0001.png[0m
Prompt executed in 107.14 seconds
got prompt
</s><s>A portrait of a woman sitting on a bed in a bedroom. She wears a blue lingerie set with pink and white floral patterns. Her long, dark hair falls down her shoulders. She is looking directly at the camera with a neutral expression. The bed has white sheets and pillows, and a window with white blinds is visible in the background. The room has a minimalist design with a white wall and a small kitchen visible through the window. The image is captioned "OnlyFans. com/itsn".</s>
Offloading model...

  0%|          | 0/60 [00:00<?, ?it/s]
  2%|â–         | 1/60 [00:00<00:49,  1.19it/s]
  3%|â–Ž         | 2/60 [00:02<01:05,  1.14s/it]
  5%|â–Œ         | 3/60 [00:03<01:08,  1.20s/it]
  7%|â–‹         | 4/60 [00:04<01:07,  1.21s/it]
  8%|â–Š         | 5/60 [00:05<01:06,  1.22s/it]
 10%|â–ˆ         | 6/60 [00:07<01:05,  1.22s/it]
 12%|â–ˆâ–        | 7/60 [00:08<01:04,  1.23s/it]
 13%|â–ˆâ–Ž        | 8/60 [00:09<01:03,  1.23s/it]
 15%|â–ˆâ–Œ        | 9/60 [00:10<01:02,  1.23s/it]
 17%|â–ˆâ–‹        | 10/60 [00:12<01:02,  1.24s/it]
 18%|â–ˆâ–Š        | 11/60 [00:13<01:01,  1.25s/it]
 20%|â–ˆâ–ˆ        | 12/60 [00:14<01:00,  1.26s/it]
 22%|â–ˆâ–ˆâ–       | 13/60 [00:15<00:59,  1.26s/it]
 23%|â–ˆâ–ˆâ–Ž       | 14/60 [00:17<00:58,  1.26s/it]
 25%|â–ˆâ–ˆâ–Œ       | 15/60 [00:18<00:56,  1.27s/it]
 27%|â–ˆâ–ˆâ–‹       | 16/60 [00:19<00:56,  1.28s/it]
 28%|â–ˆâ–ˆâ–Š       | 17/60 [00:21<00:55,  1.29s/it]
 30%|â–ˆâ–ˆâ–ˆ       | 18/60 [00:22<00:54,  1.30s/it]
 32%|â–ˆâ–ˆâ–ˆâ–      | 19/60 [00:23<00:53,  1.30s/it]
 33%|â–ˆâ–ˆâ–ˆâ–Ž      | 20/60 [00:25<00:52,  1.31s/it]
 35%|â–ˆâ–ˆâ–ˆâ–Œ      | 21/60 [00:26<00:51,  1.31s/it]
 37%|â–ˆâ–ˆâ–ˆâ–‹      | 22/60 [00:29<01:13,  1.93s/it]
 38%|â–ˆâ–ˆâ–ˆâ–Š      | 23/60 [00:31<01:04,  1.76s/it]
 40%|â–ˆâ–ˆâ–ˆâ–ˆ      | 24/60 [00:32<00:58,  1.64s/it]
 42%|â–ˆâ–ˆâ–ˆâ–ˆâ–     | 25/60 [00:33<00:54,  1.56s/it]
 43%|â–ˆâ–ˆâ–ˆâ–ˆâ–Ž     | 26/60 [00:35<00:50,  1.50s/it]
 45%|â–ˆâ–ˆâ–ˆâ–ˆâ–Œ     | 27/60 [00:36<00:48,  1.46s/it]
 47%|â–ˆâ–ˆâ–ˆâ–ˆâ–‹     | 28/60 [00:37<00:44,  1.39s/it]
 48%|â–ˆâ–ˆâ–ˆâ–ˆâ–Š     | 29/60 [00:39<00:41,  1.34s/it]
 50%|â–ˆâ–ˆâ–ˆâ–ˆâ–ˆ     | 30/60 [00:40<00:39,  1.31s/it]
 52%|â–ˆâ–ˆâ–ˆâ–ˆâ–ˆâ–    | 31/60 [00:41<00:37,  1.29s/it]
 53%|â–ˆâ–ˆâ–ˆâ–ˆâ–ˆâ–Ž    | 32/60 [00:42<00:35,  1.27s/it]
 55%|â–ˆâ–ˆâ–ˆâ–ˆâ–ˆâ–Œ    | 33/60 [00:43<00:34,  1.26s/it]
 57%|â–ˆâ–ˆâ–ˆâ–ˆâ–ˆâ–‹    | 34/60 [00:45<00:32,  1.25s/it]
 58%|â–ˆâ–ˆâ–ˆâ–ˆâ–ˆâ–Š    | 35/60 [00:46<00:31,  1.25s/it]
 60%|â–ˆâ–ˆâ–ˆâ–ˆâ–ˆâ–ˆ    | 36/60 [00:47<00:30,  1.25s/it]
 62%|â–ˆâ–ˆâ–ˆâ–ˆâ–ˆâ–ˆâ–   | 37/60 [00:48<00:28,  1.25s/it]
 63%|â–ˆâ–ˆâ–ˆâ–ˆâ–ˆâ–ˆâ–Ž   | 38/60 [00:50<00:27,  1.25s/it]
 65%|â–ˆâ–ˆâ–ˆâ–ˆâ–ˆâ–ˆâ–Œ   | 39/60 [00:51<00:26,  1.25s/it]
 67%|â–ˆâ–ˆâ–ˆâ–ˆâ–ˆâ–ˆâ–‹   | 40/60 [00:52<00:25,  1.25s/it]
 68%|â–ˆâ–ˆâ–ˆâ–ˆâ–ˆâ–ˆâ–Š   | 41/60 [00:54<00:24,  1.27s/it]
 70%|â–ˆâ–ˆâ–ˆâ–ˆâ–ˆâ–ˆâ–ˆ   | 42/60 [00:55<00:23,  1.29s/it]
 72%|â–ˆâ–ˆâ–ˆâ–ˆâ–ˆâ–ˆâ–ˆâ–  | 43/60 [00:56<00:22,  1.30s/it]
 73%|â–ˆâ–ˆâ–ˆâ–ˆâ–ˆâ–ˆâ–ˆâ–Ž  | 44/60 [00:57<00:20,  1.30s/it]
 75%|â–ˆâ–ˆâ–ˆâ–ˆâ–ˆâ–ˆâ–ˆâ–Œ  | 45/60 [00:59<00:19,  1.31s/it]
 77%|â–ˆâ–ˆâ–ˆâ–ˆâ–ˆâ–ˆâ–ˆâ–‹  | 46/60 [01:00<00:18,  1.31s/it]
 78%|â–ˆâ–ˆâ–ˆâ–ˆâ–ˆâ–ˆâ–ˆâ–Š  | 47/60 [01:04<00:25,  1.95s/it]
 80%|â–ˆâ–ˆâ–ˆâ–ˆâ–ˆâ–ˆâ–ˆâ–ˆ  | 48/60 [01:05<00:21,  1.79s/it]
 82%|â–ˆâ–ˆâ–ˆâ–ˆâ–ˆâ–ˆâ–ˆâ–ˆâ– | 49/60 [01:06<00:18,  1.67s/it]
 83%|â–ˆâ–ˆâ–ˆâ–ˆâ–ˆâ–ˆâ–ˆâ–ˆâ–Ž | 50/60 [01:08<00:15,  1.57s/it]
 85%|â–ˆâ–ˆâ–ˆâ–ˆâ–ˆâ–ˆâ–ˆâ–ˆâ–Œ | 51/60 [01:09<00:13,  1.49s/it]
 87%|â–ˆâ–ˆâ–ˆâ–ˆâ–ˆâ–ˆâ–ˆâ–ˆâ–‹ | 52/60 [01:10<00:11,  1.44s/it]
 88%|â–ˆâ–ˆâ–ˆâ–ˆâ–ˆâ–ˆâ–ˆâ–ˆâ–Š | 53/60 [01:12<00:09,  1.38s/it]
 90%|â–ˆâ–ˆâ–ˆâ–ˆâ–ˆâ–ˆâ–ˆâ–ˆâ–ˆ | 54/60 [01:13<00:08,  1.35s/it]
 92%|â–ˆâ–ˆâ–ˆâ–ˆâ–ˆâ–ˆâ–ˆâ–ˆâ–ˆâ–| 55/60 [01:14<00:06,  1.32s/it]
 93%|â–ˆâ–ˆâ–ˆâ–ˆâ–ˆâ–ˆâ–ˆâ–ˆâ–ˆâ–Ž| 56/60 [01:15<00:05,  1.30s/it]
 95%|â–ˆâ–ˆâ–ˆâ–ˆâ–ˆâ–ˆâ–ˆâ–ˆâ–ˆâ–Œ| 57/60 [01:17<00:03,  1.29s/it]
 97%|â–ˆâ–ˆâ–ˆâ–ˆâ–ˆâ–ˆâ–ˆâ–ˆâ–ˆâ–‹| 58/60 [01:18<00:02,  1.28s/it]
 98%|â–ˆâ–ˆâ–ˆâ–ˆâ–ˆâ–ˆâ–ˆâ–ˆâ–ˆâ–Š| 59/60 [01:19<00:01,  1.27s/it]
100%|â–ˆâ–ˆâ–ˆâ–ˆâ–ˆâ–ˆâ–ˆâ–ˆâ–ˆâ–ˆ| 60/60 [01:20<00:00,  1.26s/it]
100%|â–ˆâ–ˆâ–ˆâ–ˆâ–ˆâ–ˆâ–ˆâ–ˆâ–ˆâ–ˆ| 60/60 [01:20<00:00,  1.35s/it]
# ðŸ˜ºdzNodes: LayerStyle -> [1;32mAddGrain Processed 1 image(s).[m
[34mEQX Node Suite: [0mImage file saved to: /home/eqx/AutoTrainX/workspace/variations/exp_0c3e0d0e/b09g13_FluxLORA_v3/Preview/b09g13_FluxLORA_v3_02_0001.png[0m
Prompt executed in 83.13 seconds
got prompt
</s><s><s><s>A candid selfie of a young woman seated in a car. She has long, straight blonde hair and blue eyes. She wears a white tank top with blue floral patterns and a delicate necklace with a green cross pendant. The car interior is visible through the car's rearview mirror, with a white bag and a black seat visible. The background shows trees and a building, indicating a suburban setting. The image style is casual and relaxed, capturing a moment of self-portrait.</s>
Offloading model...

  0%|          | 0/60 [00:00<?, ?it/s]
  2%|â–         | 1/60 [00:00<00:54,  1.09it/s]
  3%|â–Ž         | 2/60 [00:02<01:13,  1.26s/it]
  5%|â–Œ         | 3/60 [00:03<01:18,  1.38s/it]
  7%|â–‹         | 4/60 [00:05<01:19,  1.43s/it]
  8%|â–Š         | 5/60 [00:06<01:20,  1.46s/it]
 10%|â–ˆ         | 6/60 [00:08<01:19,  1.47s/it]
 12%|â–ˆâ–        | 7/60 [00:12<01:54,  2.16s/it]
 13%|â–ˆâ–Ž        | 8/60 [00:13<01:42,  1.98s/it]
 15%|â–ˆâ–Œ        | 9/60 [00:15<01:34,  1.85s/it]
 17%|â–ˆâ–‹        | 10/60 [00:16<01:28,  1.77s/it]
 18%|â–ˆâ–Š        | 11/60 [00:18<01:23,  1.70s/it]
 20%|â–ˆâ–ˆ        | 12/60 [00:19<01:18,  1.65s/it]
 22%|â–ˆâ–ˆâ–       | 13/60 [00:21<01:15,  1.60s/it]
 23%|â–ˆâ–ˆâ–Ž       | 14/60 [00:22<01:12,  1.57s/it]
 25%|â–ˆâ–ˆâ–Œ       | 15/60 [00:24<01:09,  1.55s/it]
 27%|â–ˆâ–ˆâ–‹       | 16/60 [00:25<01:07,  1.54s/it]
 28%|â–ˆâ–ˆâ–Š       | 17/60 [00:27<01:05,  1.53s/it]
 30%|â–ˆâ–ˆâ–ˆ       | 18/60 [00:28<01:03,  1.50s/it]
 32%|â–ˆâ–ˆâ–ˆâ–      | 19/60 [00:30<01:00,  1.48s/it]
 33%|â–ˆâ–ˆâ–ˆâ–Ž      | 20/60 [00:31<00:58,  1.47s/it]
 35%|â–ˆâ–ˆâ–ˆâ–Œ      | 21/60 [00:33<00:56,  1.46s/it]
 37%|â–ˆâ–ˆâ–ˆâ–‹      | 22/60 [00:34<00:55,  1.45s/it]
 38%|â–ˆâ–ˆâ–ˆâ–Š      | 23/60 [00:36<00:53,  1.46s/it]
 40%|â–ˆâ–ˆâ–ˆâ–ˆ      | 24/60 [00:37<00:53,  1.47s/it]
 42%|â–ˆâ–ˆâ–ˆâ–ˆâ–     | 25/60 [00:39<00:52,  1.49s/it]
 43%|â–ˆâ–ˆâ–ˆâ–ˆâ–Ž     | 26/60 [00:40<00:50,  1.50s/it]
 45%|â–ˆâ–ˆâ–ˆâ–ˆâ–Œ     | 27/60 [00:42<00:49,  1.50s/it]
 47%|â–ˆâ–ˆâ–ˆâ–ˆâ–‹     | 28/60 [00:43<00:48,  1.51s/it]
 48%|â–ˆâ–ˆâ–ˆâ–ˆâ–Š     | 29/60 [00:47<01:05,  2.11s/it]
 50%|â–ˆâ–ˆâ–ˆâ–ˆâ–ˆ     | 30/60 [00:48<00:58,  1.95s/it]
 52%|â–ˆâ–ˆâ–ˆâ–ˆâ–ˆâ–    | 31/60 [00:50<00:53,  1.84s/it]
 53%|â–ˆâ–ˆâ–ˆâ–ˆâ–ˆâ–Ž    | 32/60 [00:51<00:48,  1.74s/it]
 55%|â–ˆâ–ˆâ–ˆâ–ˆâ–ˆâ–Œ    | 33/60 [00:53<00:45,  1.67s/it]
 57%|â–ˆâ–ˆâ–ˆâ–ˆâ–ˆâ–‹    | 34/60 [00:54<00:41,  1.61s/it]
 58%|â–ˆâ–ˆâ–ˆâ–ˆâ–ˆâ–Š    | 35/60 [00:56<00:39,  1.57s/it]
 60%|â–ˆâ–ˆâ–ˆâ–ˆâ–ˆâ–ˆ    | 36/60 [00:57<00:37,  1.54s/it]
 62%|â–ˆâ–ˆâ–ˆâ–ˆâ–ˆâ–ˆâ–   | 37/60 [00:59<00:34,  1.52s/it]
 63%|â–ˆâ–ˆâ–ˆâ–ˆâ–ˆâ–ˆâ–Ž   | 38/60 [01:00<00:33,  1.51s/it]
 65%|â–ˆâ–ˆâ–ˆâ–ˆâ–ˆâ–ˆâ–Œ   | 39/60 [01:02<00:31,  1.49s/it]
 67%|â–ˆâ–ˆâ–ˆâ–ˆâ–ˆâ–ˆâ–‹   | 40/60 [01:03<00:29,  1.48s/it]
 68%|â–ˆâ–ˆâ–ˆâ–ˆâ–ˆâ–ˆâ–Š   | 41/60 [01:05<00:28,  1.47s/it]
 70%|â–ˆâ–ˆâ–ˆâ–ˆâ–ˆâ–ˆâ–ˆ   | 42/60 [01:06<00:26,  1.47s/it]
 72%|â–ˆâ–ˆâ–ˆâ–ˆâ–ˆâ–ˆâ–ˆâ–  | 43/60 [01:07<00:24,  1.47s/it]
 73%|â–ˆâ–ˆâ–ˆâ–ˆâ–ˆâ–ˆâ–ˆâ–Ž  | 44/60 [01:09<00:23,  1.48s/it]
 75%|â–ˆâ–ˆâ–ˆâ–ˆâ–ˆâ–ˆâ–ˆâ–Œ  | 45/60 [01:10<00:22,  1.49s/it]
 77%|â–ˆâ–ˆâ–ˆâ–ˆâ–ˆâ–ˆâ–ˆâ–‹  | 46/60 [01:12<00:20,  1.49s/it]
 78%|â–ˆâ–ˆâ–ˆâ–ˆâ–ˆâ–ˆâ–ˆâ–Š  | 47/60 [01:13<00:19,  1.50s/it]
 80%|â–ˆâ–ˆâ–ˆâ–ˆâ–ˆâ–ˆâ–ˆâ–ˆ  | 48/60 [01:15<00:18,  1.50s/it]
 82%|â–ˆâ–ˆâ–ˆâ–ˆâ–ˆâ–ˆâ–ˆâ–ˆâ– | 49/60 [01:16<00:16,  1.50s/it]
 83%|â–ˆâ–ˆâ–ˆâ–ˆâ–ˆâ–ˆâ–ˆâ–ˆâ–Ž | 50/60 [01:20<00:21,  2.12s/it]
 85%|â–ˆâ–ˆâ–ˆâ–ˆâ–ˆâ–ˆâ–ˆâ–ˆâ–Œ | 51/60 [01:22<00:17,  1.93s/it]
 87%|â–ˆâ–ˆâ–ˆâ–ˆâ–ˆâ–ˆâ–ˆâ–ˆâ–‹ | 52/60 [01:23<00:14,  1.81s/it]
 88%|â–ˆâ–ˆâ–ˆâ–ˆâ–ˆâ–ˆâ–ˆâ–ˆâ–Š | 53/60 [01:25<00:12,  1.72s/it]
 90%|â–ˆâ–ˆâ–ˆâ–ˆâ–ˆâ–ˆâ–ˆâ–ˆâ–ˆ | 54/60 [01:26<00:09,  1.66s/it]
 92%|â–ˆâ–ˆâ–ˆâ–ˆâ–ˆâ–ˆâ–ˆâ–ˆâ–ˆâ–| 55/60 [01:28<00:08,  1.61s/it]
 93%|â–ˆâ–ˆâ–ˆâ–ˆâ–ˆâ–ˆâ–ˆâ–ˆâ–ˆâ–Ž| 56/60 [01:29<00:06,  1.57s/it]
 95%|â–ˆâ–ˆâ–ˆâ–ˆâ–ˆâ–ˆâ–ˆâ–ˆâ–ˆâ–Œ| 57/60 [01:31<00:04,  1.55s/it]
 97%|â–ˆâ–ˆâ–ˆâ–ˆâ–ˆâ–ˆâ–ˆâ–ˆâ–ˆâ–‹| 58/60 [01:32<00:03,  1.53s/it]
 98%|â–ˆâ–ˆâ–ˆâ–ˆâ–ˆâ–ˆâ–ˆâ–ˆâ–ˆâ–Š| 59/60 [01:34<00:01,  1.52s/it]
100%|â–ˆâ–ˆâ–ˆâ–ˆâ–ˆâ–ˆâ–ˆâ–ˆâ–ˆâ–ˆ| 60/60 [01:35<00:00,  1.51s/it]
100%|â–ˆâ–ˆâ–ˆâ–ˆâ–ˆâ–ˆâ–ˆâ–ˆâ–ˆâ–ˆ| 60/60 [01:35<00:00,  1.59s/it]
# ðŸ˜ºdzNodes: LayerStyle -> [1;32mAddGrain Processed 1 image(s).[m
[34mEQX Node Suite: [0mImage file saved to: /home/eqx/AutoTrainX/workspace/variations/exp_0c3e0d0e/b09g13_FluxLORA_v3/Preview/b09g13_FluxLORA_v3_03_0001.png[0m
Prompt executed in 94.25 seconds
