Using Python 3.12.3 environment at: venv
[START] Security scan
[DONE] Security scan
## ComfyUI-Manager: installing dependencies done.
** ComfyUI startup time: 2025-08-01 23:55:30.392
** Platform: Linux
** Python version: 3.12.3 (main, Jun 18 2025, 17:59:45) [GCC 13.3.0]
** Python executable: /home/eqx/ComfyUI/venv/bin/python
** ComfyUI Path: /home/eqx/ComfyUI
** ComfyUI Base Folder Path: /home/eqx/ComfyUI
** User directory: /home/eqx/ComfyUI/user
** ComfyUI-Manager config path: /home/eqx/ComfyUI/user/default/ComfyUI-Manager/config.ini
** Log path: /home/eqx/ComfyUI/user/comfyui.log
Using Python 3.12.3 environment at: venv
Using Python 3.12.3 environment at: venv

Prestartup times for custom nodes:
   0.0 seconds: /home/eqx/ComfyUI/custom_nodes/rgthree-comfy
   0.0 seconds: /home/eqx/ComfyUI/custom_nodes/ComfyUI-Easy-Use
   0.3 seconds: /home/eqx/ComfyUI/custom_nodes/ComfyUI-Manager

Checkpoint files will always be loaded safely.
Total VRAM 32607 MB, total RAM 88494 MB
pytorch version: 2.7.1+cu128
Set vram state to: NORMAL_VRAM
Device: cuda:0 NVIDIA GeForce RTX 5090 : cudaMallocAsync
Using pytorch attention
Python version: 3.12.3 (main, Jun 18 2025, 17:59:45) [GCC 13.3.0]
ComfyUI version: 0.3.44
ComfyUI frontend version: 1.23.4
[Prompt Server] web root: /home/eqx/ComfyUI/venv/lib/python3.12/site-packages/comfyui_frontend_package/static
[34mWAS Node Suite: [0mOpenCV Python FFMPEG support is enabled[0m
[34mWAS Node Suite [93mWarning: [0m`ffmpeg_bin_path` is not set in `/home/eqx/ComfyUI/custom_nodes/was-node-suite-comfyui/was_suite_config.json` config file. Will attempt to use system ffmpeg binaries if available.[0m
[34mWAS Node Suite: [0mFinished.[0m [32mLoaded[0m [0m220[0m [32mnodes successfully.[0m

	[3m[93m"Life is 10% what happens to us and 90% how we react to it."[0m[3m - Charles R. Swindoll[0m

[34m[ComfyUI-Easy-Use] server: [0mv1.3.2 [92mLoaded[0m
[34m[ComfyUI-Easy-Use] web root: [0m/home/eqx/ComfyUI/custom_nodes/ComfyUI-Easy-Use/web_version/v2 [92mLoaded[0m
### Loading: ComfyUI-Inspire-Pack (V1.21)
------------------------------------------
[34mComfyroll Studio v1.76 : [92m 175 Nodes Loaded[0m
------------------------------------------
** For changes, please see patch notes at https://github.com/Suzie1/ComfyUI_Comfyroll_CustomNodes/blob/main/Patch_Notes.md
** For help, please see the wiki at https://github.com/Suzie1/ComfyUI_Comfyroll_CustomNodes/wiki
------------------------------------------
â•â•â•â•â•â•â•â•â•â•â•â•â•â•â•â•â•â•â•â•â•â•â•â•â•â•â•â•â•â•â•â•â•â•â•â•â•â•â•
â•â•â•â•â•â•â•â•â•â•â•â•â•â•â•â•â•â•â•â•â•â•â•â•â•â•â•â•â•â•â•â•â•â•â•â•â•â•â•
â•â•â•â•â•â•â•â•â•â•â•â•â•â•â•â•â•â•â•â•â•â•â•â•â•â•â•â•â•â•â•â•â•â•â•â•â•â•â•

â–ˆâ–ˆâ–ˆâ–ˆâ–ˆâ–ˆâ–ˆâ•— â–ˆâ–ˆâ–ˆâ–ˆâ–ˆâ–ˆâ•— â–ˆâ–ˆâ•—  â–ˆâ–ˆâ•—
â–ˆâ–ˆâ•”â•â•â•â•â•â–ˆâ–ˆâ•”â•â•â•â–ˆâ–ˆâ•—â•šâ–ˆâ–ˆâ•—â–ˆâ–ˆâ•”â•
â–ˆâ–ˆâ–ˆâ–ˆâ–ˆâ•—  â–ˆâ–ˆâ•‘   â–ˆâ–ˆâ•‘ â•šâ–ˆâ–ˆâ–ˆâ•”â• 
â–ˆâ–ˆâ•”â•â•â•  â–ˆâ–ˆâ•‘ â•šâ•—â–ˆâ–ˆâ•‘ â–ˆâ–ˆâ•”â–ˆâ–ˆâ•— 
â–ˆâ–ˆâ–ˆâ–ˆâ–ˆâ–ˆâ–ˆâ•—â•šâ–ˆâ–ˆâ–ˆâ–ˆâ–ˆâ–ˆâ•”â•â–ˆâ–ˆâ•”â• â–ˆâ–ˆâ•—
â•šâ•â•â•â•â•â•â•     â•šâ•â•â•šâ•â•  â•šâ•â• 

[ComfyUI_EQX] Loaded 7 nodes (v0.1.0)
â•â•â•â•â•â•â•â•â•â•â•â•â•â•â•â•â•â•â•â•â•â•â•â•â•â•â•â•â•â•â•â•â•â•â•â•â•â•â•
â•â•â•â•â•â•â•â•â•â•â•â•â•â•â•â•â•â•â•â•â•â•â•â•â•â•â•â•â•â•â•â•â•â•â•â•â•â•â•
â•â•â•â•â•â•â•â•â•â•â•â•â•â•â•â•â•â•â•â•â•â•â•â•â•â•â•â•â•â•â•â•â•â•â•â•â•â•â•

[92m[rgthree-comfy] Loaded 47 fantastic nodes. ðŸŽ‰[0m

[34mIb Custom Nodes: [92mLoaded[0m
[93mEfficiency Nodes Warning:[0m Failed to import python package 'simpleeval'; related nodes disabled.

[36;20m[/home/eqx/ComfyUI/custom_nodes/comfy-mtb] | INFO -> loaded [96m103[0m nodes successfuly[0m
[36;20m[/home/eqx/ComfyUI/custom_nodes/comfy-mtb] | INFO -> Some nodes (5) could not be loaded. This can be ignored, but go to http://127.0.0.1:8188/mtb if you want more information.[0m
[94mtheUpsiders Logic Nodes: [92mLoaded[0m
[93mEfficiency Nodes Warning:[0m Failed to import python package 'simpleeval'; related nodes disabled.

Loaded Efficiency nodes from /home/eqx/ComfyUI/custom_nodes/efficiency-nodes-comfyui
Could not find ControlNetPreprocessors nodes
Could not find AdvancedControlNet nodes
Could not find AnimateDiff nodes
Could not find IPAdapter nodes
Could not find VideoHelperSuite nodes
Could not load ImpactPack nodes Could not find ImpactPack nodes
### Loading: ComfyUI-Impact-Pack (V8.20)
[Impact Pack] Wildcards loading done.
torch version---------------------- 2.7.1+cu128
### Loading: ComfyUI-Manager (V3.34)
[ComfyUI-Manager] network_mode: public
### ComfyUI Version: v0.3.44-22-g6b8062f4 | Released on '2025-07-15'
[92m[tinyterraNodes] [32mLoaded[0m
[ComfyUI-Manager] default cache updated: https://raw.githubusercontent.com/ltdrdata/ComfyUI-Manager/main/alter-list.json
[ComfyUI-Manager] default cache updated: https://raw.githubusercontent.com/ltdrdata/ComfyUI-Manager/main/model-list.json
[ComfyUI-Manager] default cache updated: https://raw.githubusercontent.com/ltdrdata/ComfyUI-Manager/main/github-stats.json
[ComfyUI-Manager] default cache updated: https://raw.githubusercontent.com/ltdrdata/ComfyUI-Manager/main/custom-node-list.json
[ComfyUI-Manager] default cache updated: https://raw.githubusercontent.com/ltdrdata/ComfyUI-Manager/main/extension-node-map.json

Import times for custom nodes:
   0.0 seconds: /home/eqx/ComfyUI/custom_nodes/websocket_image_save.py
   0.0 seconds: /home/eqx/ComfyUI/custom_nodes/masquerade-nodes-comfyui
   0.0 seconds: /home/eqx/ComfyUI/custom_nodes/ComfyUI-Logic
   0.0 seconds: /home/eqx/ComfyUI/custom_nodes/cg-use-everywhere
   0.0 seconds: /home/eqx/ComfyUI/custom_nodes/ComfyUI_Ib_CustomNodes
   0.0 seconds: /home/eqx/ComfyUI/custom_nodes/ComfyUI_EQX
   0.0 seconds: /home/eqx/ComfyUI/custom_nodes/ComfyUI-Inpaint-CropAndStitch
   0.0 seconds: /home/eqx/ComfyUI/custom_nodes/ComfyUI_JPS-Nodes
   0.0 seconds: /home/eqx/ComfyUI/custom_nodes/comfyui-florence2
   0.0 seconds: /home/eqx/ComfyUI/custom_nodes/ComfyUI-Custom-Scripts
   0.0 seconds: /home/eqx/ComfyUI/custom_nodes/comfyui-various
   0.0 seconds: /home/eqx/ComfyUI/custom_nodes/comfyui_essentials
   0.0 seconds: /home/eqx/ComfyUI/custom_nodes/efficiency-nodes-comfyui
   0.0 seconds: /home/eqx/ComfyUI/custom_nodes/comfyui-kjnodes
   0.0 seconds: /home/eqx/ComfyUI/custom_nodes/comfyui-art-venture
   0.0 seconds: /home/eqx/ComfyUI/custom_nodes/ComfyUI_tinyterraNodes
   0.0 seconds: /home/eqx/ComfyUI/custom_nodes/comfyui-inspire-pack
   0.0 seconds: /home/eqx/ComfyUI/custom_nodes/Comfy_KepListStuff
   0.0 seconds: /home/eqx/ComfyUI/custom_nodes/comfy-mtb
   0.0 seconds: /home/eqx/ComfyUI/custom_nodes/ComfyUI-Manager
   0.1 seconds: /home/eqx/ComfyUI/custom_nodes/comfyui-impact-pack
   0.1 seconds: /home/eqx/ComfyUI/custom_nodes/rgthree-comfy
   0.1 seconds: /home/eqx/ComfyUI/custom_nodes/ComfyUI_Comfyroll_CustomNodes
   0.1 seconds: /home/eqx/ComfyUI/custom_nodes/comfyui-videohelpersuite
   0.2 seconds: /home/eqx/ComfyUI/custom_nodes/ComfyUI-fastblend
   0.7 seconds: /home/eqx/ComfyUI/custom_nodes/ComfyUI-Easy-Use
   0.9 seconds: /home/eqx/ComfyUI/custom_nodes/comfyui_layerstyle
   1.0 seconds: /home/eqx/ComfyUI/custom_nodes/was-node-suite-comfyui

Context impl SQLiteImpl.
Will assume non-transactional DDL.
No target revision found.
Starting server

To see the GUI go to: http://127.0.0.1:8188
FETCH ComfyRegistry Data: 5/93
FETCH ComfyRegistry Data: 10/93
got prompt
Using pytorch attention in VAE
Using pytorch attention in VAE
VAE load device: cuda:0, offload device: cpu, dtype: torch.bfloat16
model weight dtype torch.float16, manual cast: None
model_type EPS
Using pytorch attention in VAE
Using pytorch attention in VAE
VAE load device: cuda:0, offload device: cpu, dtype: torch.bfloat16
CLIP/text encoder model load device: cuda:0, offload device: cpu, current: cpu, dtype: torch.float16
Requested to load SDXLClipModel
loaded completely 29623.8 1560.802734375 True
Requested to load SDXL
loaded completely 27934.87202529907 4897.0483474731445 True

  0%|          | 0/60 [00:00<?, ?it/s]
  2%|â–         | 1/60 [00:00<00:12,  4.84it/s]FETCH ComfyRegistry Data: 15/93

  3%|â–Ž         | 2/60 [00:00<00:08,  6.56it/s]
  5%|â–Œ         | 3/60 [00:00<00:07,  7.48it/s]
  7%|â–‹         | 4/60 [00:00<00:07,  7.73it/s]
  8%|â–Š         | 5/60 [00:00<00:06,  7.94it/s]
 10%|â–ˆ         | 6/60 [00:00<00:06,  7.91it/s]
 12%|â–ˆâ–        | 7/60 [00:00<00:06,  7.89it/s]
 13%|â–ˆâ–Ž        | 8/60 [00:01<00:06,  7.85it/s]
 15%|â–ˆâ–Œ        | 9/60 [00:01<00:06,  8.12it/s]
 17%|â–ˆâ–‹        | 10/60 [00:01<00:06,  8.18it/s]
 18%|â–ˆâ–Š        | 11/60 [00:01<00:05,  8.30it/s]
 20%|â–ˆâ–ˆ        | 12/60 [00:01<00:05,  8.37it/s]
 22%|â–ˆâ–ˆâ–       | 13/60 [00:01<00:05,  8.16it/s]
 23%|â–ˆâ–ˆâ–Ž       | 14/60 [00:01<00:05,  8.16it/s]
 25%|â–ˆâ–ˆâ–Œ       | 15/60 [00:01<00:05,  8.47it/s]
 27%|â–ˆâ–ˆâ–‹       | 16/60 [00:01<00:05,  8.75it/s]
 28%|â–ˆâ–ˆâ–Š       | 17/60 [00:02<00:05,  8.35it/s]
 30%|â–ˆâ–ˆâ–ˆ       | 18/60 [00:02<00:04,  8.46it/s]
 32%|â–ˆâ–ˆâ–ˆâ–      | 19/60 [00:02<00:04,  8.75it/s]
 33%|â–ˆâ–ˆâ–ˆâ–Ž      | 20/60 [00:02<00:04,  8.86it/s]
 35%|â–ˆâ–ˆâ–ˆâ–Œ      | 21/60 [00:02<00:04,  8.69it/s]
 37%|â–ˆâ–ˆâ–ˆâ–‹      | 22/60 [00:02<00:04,  8.65it/s]
 38%|â–ˆâ–ˆâ–ˆâ–Š      | 23/60 [00:02<00:04,  8.81it/s]
 40%|â–ˆâ–ˆâ–ˆâ–ˆ      | 24/60 [00:02<00:04,  8.48it/s]
 42%|â–ˆâ–ˆâ–ˆâ–ˆâ–     | 25/60 [00:03<00:04,  7.91it/s]
 43%|â–ˆâ–ˆâ–ˆâ–ˆâ–Ž     | 26/60 [00:03<00:04,  7.49it/s]
 45%|â–ˆâ–ˆâ–ˆâ–ˆâ–Œ     | 27/60 [00:03<00:04,  7.72it/s]
 47%|â–ˆâ–ˆâ–ˆâ–ˆâ–‹     | 28/60 [00:03<00:04,  7.73it/s]
 48%|â–ˆâ–ˆâ–ˆâ–ˆâ–Š     | 29/60 [00:03<00:04,  7.74it/s]
 50%|â–ˆâ–ˆâ–ˆâ–ˆâ–ˆ     | 30/60 [00:03<00:03,  7.74it/s]
 52%|â–ˆâ–ˆâ–ˆâ–ˆâ–ˆâ–    | 31/60 [00:03<00:03,  8.02it/s]
 53%|â–ˆâ–ˆâ–ˆâ–ˆâ–ˆâ–Ž    | 32/60 [00:03<00:03,  8.45it/s]
 55%|â–ˆâ–ˆâ–ˆâ–ˆâ–ˆâ–Œ    | 33/60 [00:04<00:03,  8.56it/s]
 57%|â–ˆâ–ˆâ–ˆâ–ˆâ–ˆâ–‹    | 34/60 [00:04<00:02,  8.83it/s]
 58%|â–ˆâ–ˆâ–ˆâ–ˆâ–ˆâ–Š    | 35/60 [00:04<00:02,  8.82it/s]
 60%|â–ˆâ–ˆâ–ˆâ–ˆâ–ˆâ–ˆ    | 36/60 [00:04<00:02,  8.75it/s]
 62%|â–ˆâ–ˆâ–ˆâ–ˆâ–ˆâ–ˆâ–   | 37/60 [00:04<00:02,  8.72it/s]FETCH ComfyRegistry Data: 20/93

 63%|â–ˆâ–ˆâ–ˆâ–ˆâ–ˆâ–ˆâ–Ž   | 38/60 [00:04<00:02,  8.77it/s]
 65%|â–ˆâ–ˆâ–ˆâ–ˆâ–ˆâ–ˆâ–Œ   | 39/60 [00:04<00:02,  7.93it/s]
 67%|â–ˆâ–ˆâ–ˆâ–ˆâ–ˆâ–ˆâ–‹   | 40/60 [00:04<00:02,  8.07it/s]
 68%|â–ˆâ–ˆâ–ˆâ–ˆâ–ˆâ–ˆâ–Š   | 41/60 [00:05<00:02,  8.29it/s]
 70%|â–ˆâ–ˆâ–ˆâ–ˆâ–ˆâ–ˆâ–ˆ   | 42/60 [00:05<00:02,  8.31it/s]
 72%|â–ˆâ–ˆâ–ˆâ–ˆâ–ˆâ–ˆâ–ˆâ–  | 43/60 [00:05<00:02,  8.41it/s]
 73%|â–ˆâ–ˆâ–ˆâ–ˆâ–ˆâ–ˆâ–ˆâ–Ž  | 44/60 [00:05<00:01,  8.78it/s]
 75%|â–ˆâ–ˆâ–ˆâ–ˆâ–ˆâ–ˆâ–ˆâ–Œ  | 45/60 [00:05<00:01,  8.91it/s]
 77%|â–ˆâ–ˆâ–ˆâ–ˆâ–ˆâ–ˆâ–ˆâ–‹  | 46/60 [00:05<00:01,  8.93it/s]
 78%|â–ˆâ–ˆâ–ˆâ–ˆâ–ˆâ–ˆâ–ˆâ–Š  | 47/60 [00:05<00:01,  8.95it/s]
 80%|â–ˆâ–ˆâ–ˆâ–ˆâ–ˆâ–ˆâ–ˆâ–ˆ  | 48/60 [00:05<00:01,  9.13it/s]
 82%|â–ˆâ–ˆâ–ˆâ–ˆâ–ˆâ–ˆâ–ˆâ–ˆâ– | 49/60 [00:05<00:01,  9.28it/s]
 83%|â–ˆâ–ˆâ–ˆâ–ˆâ–ˆâ–ˆâ–ˆâ–ˆâ–Ž | 50/60 [00:05<00:01,  9.33it/s]
 85%|â–ˆâ–ˆâ–ˆâ–ˆâ–ˆâ–ˆâ–ˆâ–ˆâ–Œ | 51/60 [00:06<00:00,  9.38it/s]
 87%|â–ˆâ–ˆâ–ˆâ–ˆâ–ˆâ–ˆâ–ˆâ–ˆâ–‹ | 52/60 [00:06<00:00,  9.51it/s]
 88%|â–ˆâ–ˆâ–ˆâ–ˆâ–ˆâ–ˆâ–ˆâ–ˆâ–Š | 53/60 [00:06<00:00,  9.43it/s]
 92%|â–ˆâ–ˆâ–ˆâ–ˆâ–ˆâ–ˆâ–ˆâ–ˆâ–ˆâ–| 55/60 [00:06<00:00,  9.51it/s]
 93%|â–ˆâ–ˆâ–ˆâ–ˆâ–ˆâ–ˆâ–ˆâ–ˆâ–ˆâ–Ž| 56/60 [00:06<00:00,  9.45it/s]
 95%|â–ˆâ–ˆâ–ˆâ–ˆâ–ˆâ–ˆâ–ˆâ–ˆâ–ˆâ–Œ| 57/60 [00:06<00:00,  9.47it/s]
 97%|â–ˆâ–ˆâ–ˆâ–ˆâ–ˆâ–ˆâ–ˆâ–ˆâ–ˆâ–‹| 58/60 [00:06<00:00,  9.38it/s]
100%|â–ˆâ–ˆâ–ˆâ–ˆâ–ˆâ–ˆâ–ˆâ–ˆâ–ˆâ–ˆ| 60/60 [00:07<00:00,  9.43it/s]
100%|â–ˆâ–ˆâ–ˆâ–ˆâ–ˆâ–ˆâ–ˆâ–ˆâ–ˆâ–ˆ| 60/60 [00:07<00:00,  8.51it/s]
Requested to load AutoencoderKL
loaded completely 20026.460136413574 159.55708122253418 True

  0%|          | 0/30 [00:00<?, ?it/s]
  3%|â–Ž         | 1/30 [00:00<00:06,  4.46it/s]
  7%|â–‹         | 2/30 [00:00<00:06,  4.55it/s]
 10%|â–ˆ         | 3/30 [00:00<00:06,  4.41it/s]FETCH ComfyRegistry Data: 25/93

 13%|â–ˆâ–Ž        | 4/30 [00:00<00:06,  4.31it/s]
 17%|â–ˆâ–‹        | 5/30 [00:01<00:05,  4.19it/s]
 20%|â–ˆâ–ˆ        | 6/30 [00:01<00:05,  4.16it/s]
 23%|â–ˆâ–ˆâ–Ž       | 7/30 [00:01<00:05,  4.15it/s]
 27%|â–ˆâ–ˆâ–‹       | 8/30 [00:01<00:05,  4.15it/s]
 30%|â–ˆâ–ˆâ–ˆ       | 9/30 [00:02<00:05,  4.16it/s]
 33%|â–ˆâ–ˆâ–ˆâ–Ž      | 10/30 [00:02<00:04,  4.13it/s]
 37%|â–ˆâ–ˆâ–ˆâ–‹      | 11/30 [00:02<00:04,  4.15it/s]
 40%|â–ˆâ–ˆâ–ˆâ–ˆ      | 12/30 [00:02<00:04,  4.17it/s]
 43%|â–ˆâ–ˆâ–ˆâ–ˆâ–Ž     | 13/30 [00:03<00:04,  4.16it/s]
 47%|â–ˆâ–ˆâ–ˆâ–ˆâ–‹     | 14/30 [00:05<00:12,  1.29it/s]
 50%|â–ˆâ–ˆâ–ˆâ–ˆâ–ˆ     | 15/30 [00:05<00:09,  1.64it/s]
 53%|â–ˆâ–ˆâ–ˆâ–ˆâ–ˆâ–Ž    | 16/30 [00:05<00:07,  2.00it/s]
 57%|â–ˆâ–ˆâ–ˆâ–ˆâ–ˆâ–‹    | 17/30 [00:05<00:05,  2.35it/s]
 60%|â–ˆâ–ˆâ–ˆâ–ˆâ–ˆâ–ˆ    | 18/30 [00:06<00:04,  2.68it/s]FETCH ComfyRegistry Data: 30/93

 63%|â–ˆâ–ˆâ–ˆâ–ˆâ–ˆâ–ˆâ–Ž   | 19/30 [00:06<00:03,  2.97it/s]
 67%|â–ˆâ–ˆâ–ˆâ–ˆâ–ˆâ–ˆâ–‹   | 20/30 [00:06<00:03,  3.28it/s]
 70%|â–ˆâ–ˆâ–ˆâ–ˆâ–ˆâ–ˆâ–ˆ   | 21/30 [00:06<00:02,  3.50it/s]
 73%|â–ˆâ–ˆâ–ˆâ–ˆâ–ˆâ–ˆâ–ˆâ–Ž  | 22/30 [00:07<00:02,  3.67it/s]
 77%|â–ˆâ–ˆâ–ˆâ–ˆâ–ˆâ–ˆâ–ˆâ–‹  | 23/30 [00:07<00:01,  3.81it/s]
 80%|â–ˆâ–ˆâ–ˆâ–ˆâ–ˆâ–ˆâ–ˆâ–ˆ  | 24/30 [00:07<00:01,  3.92it/s]
 83%|â–ˆâ–ˆâ–ˆâ–ˆâ–ˆâ–ˆâ–ˆâ–ˆâ–Ž | 25/30 [00:07<00:01,  3.99it/s]
 87%|â–ˆâ–ˆâ–ˆâ–ˆâ–ˆâ–ˆâ–ˆâ–ˆâ–‹ | 26/30 [00:07<00:00,  4.06it/s]
 90%|â–ˆâ–ˆâ–ˆâ–ˆâ–ˆâ–ˆâ–ˆâ–ˆâ–ˆ | 27/30 [00:08<00:00,  4.13it/s]
 93%|â–ˆâ–ˆâ–ˆâ–ˆâ–ˆâ–ˆâ–ˆâ–ˆâ–ˆâ–Ž| 28/30 [00:08<00:00,  4.15it/s]
 97%|â–ˆâ–ˆâ–ˆâ–ˆâ–ˆâ–ˆâ–ˆâ–ˆâ–ˆâ–‹| 29/30 [00:08<00:00,  4.27it/s]
100%|â–ˆâ–ˆâ–ˆâ–ˆâ–ˆâ–ˆâ–ˆâ–ˆâ–ˆâ–ˆ| 30/30 [00:08<00:00,  4.42it/s]
100%|â–ˆâ–ˆâ–ˆâ–ˆâ–ˆâ–ˆâ–ˆâ–ˆâ–ˆâ–ˆ| 30/30 [00:08<00:00,  3.37it/s]
libEGL warning: DRI3: Screen seems not DRI3 capable
libEGL warning: DRI3: Screen seems not DRI3 capable
MESA: error: ZINK: failed to choose pdev
libEGL warning: egl: failed to create dri2 screen
WARNING: All log messages before absl::InitializeLog() is called are written to STDERR
I0000 00:00:1754085364.487667  887517 gl_context_egl.cc:85] Successfully initialized EGL. Major : 1 Minor: 5
I0000 00:00:1754085364.504519  887568 gl_context.cc:369] GL version: 3.1 (OpenGL ES 3.1 Mesa 24.2.8-1ubuntu1~24.04.1), renderer: D3D12 (AMD Radeon(TM) Graphics)
INFO: Created TensorFlow Lite XNNPACK delegate for CPU.
W0000 00:00:1754085364.538156  887569 inference_feedback_manager.cc:114] Feedback manager requires a model with a single signature inference. Disabling support for feedback tensors.
/home/eqx/ComfyUI/venv/lib/python3.12/site-packages/mediapipe/tasks/python/vision/image_segmenter.py:158: UserWarning: MessageFactory class is deprecated. Please use GetMessageClass() instead of MessageFactory.GetPrototype. MessageFactory class will be removed after 2024.
  graph_config = self._runner.get_graph_config()
FETCH ComfyRegistry Data: 35/93
# ðŸ˜ºdzNodes: LayerStyle -> [1;32mPersonMaskUltra V2 Processed 1 image(s).[m
[93mKSampler(Efficient) Warning:[0m No vae input detected, proceeding as if vae_decode was false.


  0%|          | 0/60 [00:00<?, ?it/s]
  2%|â–         | 1/60 [00:00<00:10,  5.62it/s]
  3%|â–Ž         | 2/60 [00:00<00:10,  5.58it/s]
  5%|â–Œ         | 3/60 [00:00<00:10,  5.49it/s]FETCH ComfyRegistry Data: 40/93

  7%|â–‹         | 4/60 [00:00<00:10,  5.49it/s]
  8%|â–Š         | 5/60 [00:00<00:10,  5.42it/s]
 10%|â–ˆ         | 6/60 [00:01<00:10,  5.26it/s]
 12%|â–ˆâ–        | 7/60 [00:01<00:09,  5.30it/s]
 13%|â–ˆâ–Ž        | 8/60 [00:01<00:09,  5.43it/s]
 15%|â–ˆâ–Œ        | 9/60 [00:01<00:09,  5.44it/s]
 17%|â–ˆâ–‹        | 10/60 [00:01<00:09,  5.43it/s]
 18%|â–ˆâ–Š        | 11/60 [00:02<00:08,  5.44it/s]
 20%|â–ˆâ–ˆ        | 12/60 [00:02<00:08,  5.42it/s]
 22%|â–ˆâ–ˆâ–       | 13/60 [00:02<00:08,  5.46it/s]
 23%|â–ˆâ–ˆâ–Ž       | 14/60 [00:02<00:08,  5.35it/s]
 25%|â–ˆâ–ˆâ–Œ       | 15/60 [00:02<00:08,  5.25it/s]
 27%|â–ˆâ–ˆâ–‹       | 16/60 [00:02<00:08,  5.33it/s]
 28%|â–ˆâ–ˆâ–Š       | 17/60 [00:03<00:07,  5.39it/s]
 30%|â–ˆâ–ˆâ–ˆ       | 18/60 [00:03<00:07,  5.40it/s]
 32%|â–ˆâ–ˆâ–ˆâ–      | 19/60 [00:03<00:07,  5.31it/s]
 33%|â–ˆâ–ˆâ–ˆâ–Ž      | 20/60 [00:03<00:07,  5.27it/s]
 35%|â–ˆâ–ˆâ–ˆâ–Œ      | 21/60 [00:03<00:07,  5.17it/s]
 37%|â–ˆâ–ˆâ–ˆâ–‹      | 22/60 [00:04<00:07,  5.09it/s]
 38%|â–ˆâ–ˆâ–ˆâ–Š      | 23/60 [00:04<00:07,  5.17it/s]FETCH ComfyRegistry Data: 45/93

 40%|â–ˆâ–ˆâ–ˆâ–ˆ      | 24/60 [00:04<00:06,  5.21it/s]
 42%|â–ˆâ–ˆâ–ˆâ–ˆâ–     | 25/60 [00:04<00:06,  5.13it/s]
 43%|â–ˆâ–ˆâ–ˆâ–ˆâ–Ž     | 26/60 [00:04<00:06,  5.21it/s]
 45%|â–ˆâ–ˆâ–ˆâ–ˆâ–Œ     | 27/60 [00:05<00:06,  5.26it/s]
 47%|â–ˆâ–ˆâ–ˆâ–ˆâ–‹     | 28/60 [00:05<00:05,  5.35it/s]
 48%|â–ˆâ–ˆâ–ˆâ–ˆâ–Š     | 29/60 [00:05<00:05,  5.30it/s]
 50%|â–ˆâ–ˆâ–ˆâ–ˆâ–ˆ     | 30/60 [00:05<00:05,  5.41it/s]
 52%|â–ˆâ–ˆâ–ˆâ–ˆâ–ˆâ–    | 31/60 [00:05<00:05,  5.42it/s]
 53%|â–ˆâ–ˆâ–ˆâ–ˆâ–ˆâ–Ž    | 32/60 [00:05<00:05,  5.41it/s]
 55%|â–ˆâ–ˆâ–ˆâ–ˆâ–ˆâ–Œ    | 33/60 [00:06<00:05,  5.24it/s]
 57%|â–ˆâ–ˆâ–ˆâ–ˆâ–ˆâ–‹    | 34/60 [00:06<00:04,  5.28it/s]
 58%|â–ˆâ–ˆâ–ˆâ–ˆâ–ˆâ–Š    | 35/60 [00:06<00:04,  5.29it/s]
 60%|â–ˆâ–ˆâ–ˆâ–ˆâ–ˆâ–ˆ    | 36/60 [00:06<00:04,  5.28it/s]
 62%|â–ˆâ–ˆâ–ˆâ–ˆâ–ˆâ–ˆâ–   | 37/60 [00:06<00:04,  5.43it/s]
 63%|â–ˆâ–ˆâ–ˆâ–ˆâ–ˆâ–ˆâ–Ž   | 38/60 [00:07<00:03,  5.50it/s]
 65%|â–ˆâ–ˆâ–ˆâ–ˆâ–ˆâ–ˆâ–Œ   | 39/60 [00:07<00:03,  5.57it/s]
 67%|â–ˆâ–ˆâ–ˆâ–ˆâ–ˆâ–ˆâ–‹   | 40/60 [00:07<00:03,  5.73it/s]
 68%|â–ˆâ–ˆâ–ˆâ–ˆâ–ˆâ–ˆâ–Š   | 41/60 [00:07<00:03,  5.64it/s]
 70%|â–ˆâ–ˆâ–ˆâ–ˆâ–ˆâ–ˆâ–ˆ   | 42/60 [00:07<00:03,  5.66it/s]FETCH ComfyRegistry Data: 50/93

 72%|â–ˆâ–ˆâ–ˆâ–ˆâ–ˆâ–ˆâ–ˆâ–  | 43/60 [00:07<00:02,  5.79it/s]
 73%|â–ˆâ–ˆâ–ˆâ–ˆâ–ˆâ–ˆâ–ˆâ–Ž  | 44/60 [00:08<00:02,  5.88it/s]
 75%|â–ˆâ–ˆâ–ˆâ–ˆâ–ˆâ–ˆâ–ˆâ–Œ  | 45/60 [00:08<00:02,  6.04it/s]
 77%|â–ˆâ–ˆâ–ˆâ–ˆâ–ˆâ–ˆâ–ˆâ–‹  | 46/60 [00:08<00:02,  6.21it/s]
 78%|â–ˆâ–ˆâ–ˆâ–ˆâ–ˆâ–ˆâ–ˆâ–Š  | 47/60 [00:08<00:02,  6.22it/s]
 80%|â–ˆâ–ˆâ–ˆâ–ˆâ–ˆâ–ˆâ–ˆâ–ˆ  | 48/60 [00:08<00:01,  6.23it/s]
 82%|â–ˆâ–ˆâ–ˆâ–ˆâ–ˆâ–ˆâ–ˆâ–ˆâ– | 49/60 [00:08<00:01,  6.28it/s]
 83%|â–ˆâ–ˆâ–ˆâ–ˆâ–ˆâ–ˆâ–ˆâ–ˆâ–Ž | 50/60 [00:09<00:01,  6.11it/s]
 85%|â–ˆâ–ˆâ–ˆâ–ˆâ–ˆâ–ˆâ–ˆâ–ˆâ–Œ | 51/60 [00:09<00:01,  6.08it/s]
 87%|â–ˆâ–ˆâ–ˆâ–ˆâ–ˆâ–ˆâ–ˆâ–ˆâ–‹ | 52/60 [00:09<00:01,  6.19it/s]
 88%|â–ˆâ–ˆâ–ˆâ–ˆâ–ˆâ–ˆâ–ˆâ–ˆâ–Š | 53/60 [00:09<00:01,  6.28it/s]
 90%|â–ˆâ–ˆâ–ˆâ–ˆâ–ˆâ–ˆâ–ˆâ–ˆâ–ˆ | 54/60 [00:09<00:00,  6.35it/s]
 92%|â–ˆâ–ˆâ–ˆâ–ˆâ–ˆâ–ˆâ–ˆâ–ˆâ–ˆâ–| 55/60 [00:09<00:00,  6.40it/s]
 93%|â–ˆâ–ˆâ–ˆâ–ˆâ–ˆâ–ˆâ–ˆâ–ˆâ–ˆâ–Ž| 56/60 [00:10<00:00,  6.34it/s]
 95%|â–ˆâ–ˆâ–ˆâ–ˆâ–ˆâ–ˆâ–ˆâ–ˆâ–ˆâ–Œ| 57/60 [00:10<00:00,  6.35it/s]
 97%|â–ˆâ–ˆâ–ˆâ–ˆâ–ˆâ–ˆâ–ˆâ–ˆâ–ˆâ–‹| 58/60 [00:10<00:00,  6.37it/s]
 98%|â–ˆâ–ˆâ–ˆâ–ˆâ–ˆâ–ˆâ–ˆâ–ˆâ–ˆâ–Š| 59/60 [00:10<00:00,  6.46it/s]
100%|â–ˆâ–ˆâ–ˆâ–ˆâ–ˆâ–ˆâ–ˆâ–ˆâ–ˆâ–ˆ| 60/60 [00:10<00:00,  6.63it/s]
100%|â–ˆâ–ˆâ–ˆâ–ˆâ–ˆâ–ˆâ–ˆâ–ˆâ–ˆâ–ˆ| 60/60 [00:10<00:00,  5.64it/s]
[34mEQX Node Suite: [0mImage file saved to: /home/eqx/AutoTrainX/workspace/output/b09g13/Preview/b09g13_SX1_01_0001.png[0m
Prompt executed in 34.57 seconds
got prompt

  0%|          | 0/60 [00:00<?, ?it/s]FETCH ComfyRegistry Data: 55/93

  3%|â–Ž         | 2/60 [00:00<00:05,  9.91it/s]
  7%|â–‹         | 4/60 [00:00<00:05, 10.07it/s]
 10%|â–ˆ         | 6/60 [00:00<00:05,  9.83it/s]
 13%|â–ˆâ–Ž        | 8/60 [00:00<00:05,  9.86it/s]
 17%|â–ˆâ–‹        | 10/60 [00:01<00:05,  9.69it/s]
 18%|â–ˆâ–Š        | 11/60 [00:01<00:05,  9.71it/s]
 20%|â–ˆâ–ˆ        | 12/60 [00:01<00:05,  9.50it/s]
 22%|â–ˆâ–ˆâ–       | 13/60 [00:01<00:04,  9.40it/s]
 23%|â–ˆâ–ˆâ–Ž       | 14/60 [00:01<00:05,  9.02it/s]
 27%|â–ˆâ–ˆâ–‹       | 16/60 [00:01<00:04,  9.15it/s]
 28%|â–ˆâ–ˆâ–Š       | 17/60 [00:01<00:04,  9.20it/s]
 30%|â–ˆâ–ˆâ–ˆ       | 18/60 [00:01<00:04,  9.03it/s]
 32%|â–ˆâ–ˆâ–ˆâ–      | 19/60 [00:02<00:04,  8.82it/s]
 33%|â–ˆâ–ˆâ–ˆâ–Ž      | 20/60 [00:02<00:04,  8.88it/s]
 35%|â–ˆâ–ˆâ–ˆâ–Œ      | 21/60 [00:02<00:04,  8.99it/s]
 37%|â–ˆâ–ˆâ–ˆâ–‹      | 22/60 [00:02<00:04,  9.01it/s]
 38%|â–ˆâ–ˆâ–ˆâ–Š      | 23/60 [00:02<00:04,  8.99it/s]
 40%|â–ˆâ–ˆâ–ˆâ–ˆ      | 24/60 [00:02<00:03,  9.08it/s]
 42%|â–ˆâ–ˆâ–ˆâ–ˆâ–     | 25/60 [00:02<00:03,  9.12it/s]
 43%|â–ˆâ–ˆâ–ˆâ–ˆâ–Ž     | 26/60 [00:02<00:03,  9.14it/s]
 45%|â–ˆâ–ˆâ–ˆâ–ˆâ–Œ     | 27/60 [00:02<00:03,  8.97it/s]
 47%|â–ˆâ–ˆâ–ˆâ–ˆâ–‹     | 28/60 [00:03<00:03,  8.90it/s]
 48%|â–ˆâ–ˆâ–ˆâ–ˆâ–Š     | 29/60 [00:03<00:03,  8.76it/s]
 50%|â–ˆâ–ˆâ–ˆâ–ˆâ–ˆ     | 30/60 [00:03<00:03,  8.72it/s]
 52%|â–ˆâ–ˆâ–ˆâ–ˆâ–ˆâ–    | 31/60 [00:03<00:03,  8.54it/s]
 53%|â–ˆâ–ˆâ–ˆâ–ˆâ–ˆâ–Ž    | 32/60 [00:03<00:03,  8.61it/s]
 55%|â–ˆâ–ˆâ–ˆâ–ˆâ–ˆâ–Œ    | 33/60 [00:03<00:03,  8.79it/s]
 57%|â–ˆâ–ˆâ–ˆâ–ˆâ–ˆâ–‹    | 34/60 [00:03<00:02,  8.91it/s]
 58%|â–ˆâ–ˆâ–ˆâ–ˆâ–ˆâ–Š    | 35/60 [00:03<00:02,  9.02it/s]
 60%|â–ˆâ–ˆâ–ˆâ–ˆâ–ˆâ–ˆ    | 36/60 [00:03<00:02,  8.83it/s]
 62%|â–ˆâ–ˆâ–ˆâ–ˆâ–ˆâ–ˆâ–   | 37/60 [00:04<00:02,  8.97it/s]
 63%|â–ˆâ–ˆâ–ˆâ–ˆâ–ˆâ–ˆâ–Ž   | 38/60 [00:04<00:02,  9.03it/s]
 65%|â–ˆâ–ˆâ–ˆâ–ˆâ–ˆâ–ˆâ–Œ   | 39/60 [00:04<00:02,  8.45it/s]
 67%|â–ˆâ–ˆâ–ˆâ–ˆâ–ˆâ–ˆâ–‹   | 40/60 [00:04<00:02,  7.99it/s]
 68%|â–ˆâ–ˆâ–ˆâ–ˆâ–ˆâ–ˆâ–Š   | 41/60 [00:04<00:02,  7.70it/s]
 70%|â–ˆâ–ˆâ–ˆâ–ˆâ–ˆâ–ˆâ–ˆ   | 42/60 [00:04<00:02,  8.15it/s]
 72%|â–ˆâ–ˆâ–ˆâ–ˆâ–ˆâ–ˆâ–ˆâ–  | 43/60 [00:04<00:01,  8.56it/s]
 73%|â–ˆâ–ˆâ–ˆâ–ˆâ–ˆâ–ˆâ–ˆâ–Ž  | 44/60 [00:04<00:01,  8.70it/s]
 75%|â–ˆâ–ˆâ–ˆâ–ˆâ–ˆâ–ˆâ–ˆâ–Œ  | 45/60 [00:05<00:01,  8.27it/s]
 77%|â–ˆâ–ˆâ–ˆâ–ˆâ–ˆâ–ˆâ–ˆâ–‹  | 46/60 [00:05<00:01,  8.51it/s]
 78%|â–ˆâ–ˆâ–ˆâ–ˆâ–ˆâ–ˆâ–ˆâ–Š  | 47/60 [00:05<00:01,  8.59it/s]
 80%|â–ˆâ–ˆâ–ˆâ–ˆâ–ˆâ–ˆâ–ˆâ–ˆ  | 48/60 [00:05<00:01,  8.19it/s]
 82%|â–ˆâ–ˆâ–ˆâ–ˆâ–ˆâ–ˆâ–ˆâ–ˆâ– | 49/60 [00:05<00:01,  8.48it/s]
 83%|â–ˆâ–ˆâ–ˆâ–ˆâ–ˆâ–ˆâ–ˆâ–ˆâ–Ž | 50/60 [00:05<00:01,  8.71it/s]
 85%|â–ˆâ–ˆâ–ˆâ–ˆâ–ˆâ–ˆâ–ˆâ–ˆâ–Œ | 51/60 [00:05<00:01,  8.84it/s]FETCH ComfyRegistry Data: 60/93

 87%|â–ˆâ–ˆâ–ˆâ–ˆâ–ˆâ–ˆâ–ˆâ–ˆâ–‹ | 52/60 [00:05<00:00,  8.99it/s]
 88%|â–ˆâ–ˆâ–ˆâ–ˆâ–ˆâ–ˆâ–ˆâ–ˆâ–Š | 53/60 [00:05<00:00,  9.06it/s]
 90%|â–ˆâ–ˆâ–ˆâ–ˆâ–ˆâ–ˆâ–ˆâ–ˆâ–ˆ | 54/60 [00:06<00:00,  8.99it/s]
 92%|â–ˆâ–ˆâ–ˆâ–ˆâ–ˆâ–ˆâ–ˆâ–ˆâ–ˆâ–| 55/60 [00:06<00:00,  9.13it/s]
 93%|â–ˆâ–ˆâ–ˆâ–ˆâ–ˆâ–ˆâ–ˆâ–ˆâ–ˆâ–Ž| 56/60 [00:06<00:00,  8.64it/s]
 95%|â–ˆâ–ˆâ–ˆâ–ˆâ–ˆâ–ˆâ–ˆâ–ˆâ–ˆâ–Œ| 57/60 [00:06<00:00,  8.76it/s]
 97%|â–ˆâ–ˆâ–ˆâ–ˆâ–ˆâ–ˆâ–ˆâ–ˆâ–ˆâ–‹| 58/60 [00:06<00:00,  8.96it/s]
 98%|â–ˆâ–ˆâ–ˆâ–ˆâ–ˆâ–ˆâ–ˆâ–ˆâ–ˆâ–Š| 59/60 [00:06<00:00,  9.21it/s]
100%|â–ˆâ–ˆâ–ˆâ–ˆâ–ˆâ–ˆâ–ˆâ–ˆâ–ˆâ–ˆ| 60/60 [00:06<00:00,  9.08it/s]
100%|â–ˆâ–ˆâ–ˆâ–ˆâ–ˆâ–ˆâ–ˆâ–ˆâ–ˆâ–ˆ| 60/60 [00:06<00:00,  8.94it/s]

  0%|          | 0/30 [00:00<?, ?it/s]
  3%|â–Ž         | 1/30 [00:00<00:06,  4.67it/s]
  7%|â–‹         | 2/30 [00:00<00:06,  4.51it/s]
 10%|â–ˆ         | 3/30 [00:00<00:06,  4.43it/s]
 13%|â–ˆâ–Ž        | 4/30 [00:00<00:06,  4.29it/s]
 17%|â–ˆâ–‹        | 5/30 [00:01<00:05,  4.34it/s]
 20%|â–ˆâ–ˆ        | 6/30 [00:01<00:05,  4.33it/s]
 23%|â–ˆâ–ˆâ–Ž       | 7/30 [00:01<00:05,  4.34it/s]
 27%|â–ˆâ–ˆâ–‹       | 8/30 [00:01<00:05,  4.33it/s]
 30%|â–ˆâ–ˆâ–ˆ       | 9/30 [00:02<00:04,  4.32it/s]
 33%|â–ˆâ–ˆâ–ˆâ–Ž      | 10/30 [00:02<00:04,  4.29it/s]
 37%|â–ˆâ–ˆâ–ˆâ–‹      | 11/30 [00:02<00:04,  4.24it/s]
 40%|â–ˆâ–ˆâ–ˆâ–ˆ      | 12/30 [00:02<00:04,  4.25it/s]
 43%|â–ˆâ–ˆâ–ˆâ–ˆâ–Ž     | 13/30 [00:03<00:04,  4.23it/s]
 47%|â–ˆâ–ˆâ–ˆâ–ˆâ–‹     | 14/30 [00:03<00:03,  4.22it/s]
 50%|â–ˆâ–ˆâ–ˆâ–ˆâ–ˆ     | 15/30 [00:03<00:03,  4.17it/s]FETCH ComfyRegistry Data: 65/93

 53%|â–ˆâ–ˆâ–ˆâ–ˆâ–ˆâ–Ž    | 16/30 [00:03<00:03,  4.13it/s]
 57%|â–ˆâ–ˆâ–ˆâ–ˆâ–ˆâ–‹    | 17/30 [00:03<00:03,  4.14it/s]
 60%|â–ˆâ–ˆâ–ˆâ–ˆâ–ˆâ–ˆ    | 18/30 [00:05<00:09,  1.30it/s]
 63%|â–ˆâ–ˆâ–ˆâ–ˆâ–ˆâ–ˆâ–Ž   | 19/30 [00:06<00:06,  1.64it/s]
 67%|â–ˆâ–ˆâ–ˆâ–ˆâ–ˆâ–ˆâ–‹   | 20/30 [00:06<00:04,  2.02it/s]
 70%|â–ˆâ–ˆâ–ˆâ–ˆâ–ˆâ–ˆâ–ˆ   | 21/30 [00:06<00:03,  2.39it/s]
 73%|â–ˆâ–ˆâ–ˆâ–ˆâ–ˆâ–ˆâ–ˆâ–Ž  | 22/30 [00:06<00:02,  2.74it/s]
 77%|â–ˆâ–ˆâ–ˆâ–ˆâ–ˆâ–ˆâ–ˆâ–‹  | 23/30 [00:07<00:02,  3.08it/s]
 80%|â–ˆâ–ˆâ–ˆâ–ˆâ–ˆâ–ˆâ–ˆâ–ˆ  | 24/30 [00:07<00:01,  3.40it/s]
 83%|â–ˆâ–ˆâ–ˆâ–ˆâ–ˆâ–ˆâ–ˆâ–ˆâ–Ž | 25/30 [00:07<00:01,  3.59it/s]
 87%|â–ˆâ–ˆâ–ˆâ–ˆâ–ˆâ–ˆâ–ˆâ–ˆâ–‹ | 26/30 [00:07<00:01,  3.87it/s]
 90%|â–ˆâ–ˆâ–ˆâ–ˆâ–ˆâ–ˆâ–ˆâ–ˆâ–ˆ | 27/30 [00:08<00:00,  4.02it/s]
 93%|â–ˆâ–ˆâ–ˆâ–ˆâ–ˆâ–ˆâ–ˆâ–ˆâ–ˆâ–Ž| 28/30 [00:08<00:00,  4.07it/s]
 97%|â–ˆâ–ˆâ–ˆâ–ˆâ–ˆâ–ˆâ–ˆâ–ˆâ–ˆâ–‹| 29/30 [00:08<00:00,  4.31it/s]
100%|â–ˆâ–ˆâ–ˆâ–ˆâ–ˆâ–ˆâ–ˆâ–ˆâ–ˆâ–ˆ| 30/30 [00:08<00:00,  4.58it/s]
100%|â–ˆâ–ˆâ–ˆâ–ˆâ–ˆâ–ˆâ–ˆâ–ˆâ–ˆâ–ˆ| 30/30 [00:08<00:00,  3.45it/s]
I0000 00:00:1754085396.820264  887517 gl_context_egl.cc:85] Successfully initialized EGL. Major : 1 Minor: 5
I0000 00:00:1754085396.837472  887664 gl_context.cc:369] GL version: 3.1 (OpenGL ES 3.1 Mesa 24.2.8-1ubuntu1~24.04.1), renderer: D3D12 (AMD Radeon(TM) Graphics)
W0000 00:00:1754085396.872329  887666 inference_feedback_manager.cc:114] Feedback manager requires a model with a single signature inference. Disabling support for feedback tensors.
FETCH ComfyRegistry Data: 70/93
# ðŸ˜ºdzNodes: LayerStyle -> [1;32mPersonMaskUltra V2 Processed 1 image(s).[m
[93mKSampler(Efficient) Warning:[0m No vae input detected, proceeding as if vae_decode was false.


  0%|          | 0/60 [00:00<?, ?it/s]FETCH ComfyRegistry Data: 75/93

  2%|â–         | 1/60 [00:00<00:10,  5.72it/s]
  3%|â–Ž         | 2/60 [00:00<00:10,  5.73it/s]
  5%|â–Œ         | 3/60 [00:00<00:10,  5.65it/s]
  7%|â–‹         | 4/60 [00:00<00:10,  5.53it/s]
  8%|â–Š         | 5/60 [00:00<00:09,  5.50it/s]
 10%|â–ˆ         | 6/60 [00:01<00:09,  5.46it/s]
 12%|â–ˆâ–        | 7/60 [00:01<00:09,  5.57it/s]
 13%|â–ˆâ–Ž        | 8/60 [00:01<00:09,  5.51it/s]
 15%|â–ˆâ–Œ        | 9/60 [00:01<00:09,  5.50it/s]
 17%|â–ˆâ–‹        | 10/60 [00:01<00:09,  5.46it/s]
 18%|â–ˆâ–Š        | 11/60 [00:02<00:09,  5.40it/s]
 20%|â–ˆâ–ˆ        | 12/60 [00:02<00:09,  5.25it/s]
 22%|â–ˆâ–ˆâ–       | 13/60 [00:02<00:08,  5.29it/s]
 23%|â–ˆâ–ˆâ–Ž       | 14/60 [00:02<00:08,  5.24it/s]
 25%|â–ˆâ–ˆâ–Œ       | 15/60 [00:02<00:08,  5.28it/s]
 27%|â–ˆâ–ˆâ–‹       | 16/60 [00:02<00:08,  5.29it/s]
 28%|â–ˆâ–ˆâ–Š       | 17/60 [00:03<00:08,  5.23it/s]
 30%|â–ˆâ–ˆâ–ˆ       | 18/60 [00:03<00:07,  5.29it/s]
 32%|â–ˆâ–ˆâ–ˆâ–      | 19/60 [00:03<00:07,  5.45it/s]FETCH ComfyRegistry Data: 80/93

 33%|â–ˆâ–ˆâ–ˆâ–Ž      | 20/60 [00:03<00:07,  5.46it/s]
 35%|â–ˆâ–ˆâ–ˆâ–Œ      | 21/60 [00:03<00:07,  5.56it/s]
 37%|â–ˆâ–ˆâ–ˆâ–‹      | 22/60 [00:04<00:06,  5.59it/s]
 38%|â–ˆâ–ˆâ–ˆâ–Š      | 23/60 [00:04<00:06,  5.65it/s]
 40%|â–ˆâ–ˆâ–ˆâ–ˆ      | 24/60 [00:04<00:06,  5.61it/s]
 42%|â–ˆâ–ˆâ–ˆâ–ˆâ–     | 25/60 [00:04<00:06,  5.68it/s]
 43%|â–ˆâ–ˆâ–ˆâ–ˆâ–Ž     | 26/60 [00:04<00:06,  5.66it/s]
 45%|â–ˆâ–ˆâ–ˆâ–ˆâ–Œ     | 27/60 [00:04<00:05,  5.71it/s]
 47%|â–ˆâ–ˆâ–ˆâ–ˆâ–‹     | 28/60 [00:05<00:05,  5.77it/s]
 48%|â–ˆâ–ˆâ–ˆâ–ˆâ–Š     | 29/60 [00:05<00:05,  5.70it/s]
 50%|â–ˆâ–ˆâ–ˆâ–ˆâ–ˆ     | 30/60 [00:05<00:05,  5.77it/s]
 52%|â–ˆâ–ˆâ–ˆâ–ˆâ–ˆâ–    | 31/60 [00:05<00:05,  5.64it/s]
 53%|â–ˆâ–ˆâ–ˆâ–ˆâ–ˆâ–Ž    | 32/60 [00:05<00:04,  5.67it/s]
 55%|â–ˆâ–ˆâ–ˆâ–ˆâ–ˆâ–Œ    | 33/60 [00:05<00:04,  5.68it/s]
 57%|â–ˆâ–ˆâ–ˆâ–ˆâ–ˆâ–‹    | 34/60 [00:06<00:04,  5.75it/s]
 58%|â–ˆâ–ˆâ–ˆâ–ˆâ–ˆâ–Š    | 35/60 [00:06<00:04,  5.79it/s]
 60%|â–ˆâ–ˆâ–ˆâ–ˆâ–ˆâ–ˆ    | 36/60 [00:06<00:04,  5.70it/s]
 62%|â–ˆâ–ˆâ–ˆâ–ˆâ–ˆâ–ˆâ–   | 37/60 [00:06<00:04,  5.66it/s]
 63%|â–ˆâ–ˆâ–ˆâ–ˆâ–ˆâ–ˆâ–Ž   | 38/60 [00:06<00:03,  5.67it/s]
 65%|â–ˆâ–ˆâ–ˆâ–ˆâ–ˆâ–ˆâ–Œ   | 39/60 [00:07<00:03,  5.63it/s]FETCH ComfyRegistry Data: 85/93

 67%|â–ˆâ–ˆâ–ˆâ–ˆâ–ˆâ–ˆâ–‹   | 40/60 [00:07<00:03,  5.67it/s]
 68%|â–ˆâ–ˆâ–ˆâ–ˆâ–ˆâ–ˆâ–Š   | 41/60 [00:07<00:03,  5.67it/s]
 70%|â–ˆâ–ˆâ–ˆâ–ˆâ–ˆâ–ˆâ–ˆ   | 42/60 [00:07<00:03,  5.60it/s]
 72%|â–ˆâ–ˆâ–ˆâ–ˆâ–ˆâ–ˆâ–ˆâ–  | 43/60 [00:07<00:03,  5.48it/s]
 73%|â–ˆâ–ˆâ–ˆâ–ˆâ–ˆâ–ˆâ–ˆâ–Ž  | 44/60 [00:07<00:02,  5.57it/s]
 75%|â–ˆâ–ˆâ–ˆâ–ˆâ–ˆâ–ˆâ–ˆâ–Œ  | 45/60 [00:08<00:02,  5.70it/s]
 77%|â–ˆâ–ˆâ–ˆâ–ˆâ–ˆâ–ˆâ–ˆâ–‹  | 46/60 [00:08<00:02,  5.76it/s]
 78%|â–ˆâ–ˆâ–ˆâ–ˆâ–ˆâ–ˆâ–ˆâ–Š  | 47/60 [00:08<00:02,  5.79it/s]
 80%|â–ˆâ–ˆâ–ˆâ–ˆâ–ˆâ–ˆâ–ˆâ–ˆ  | 48/60 [00:08<00:02,  5.79it/s]
 82%|â–ˆâ–ˆâ–ˆâ–ˆâ–ˆâ–ˆâ–ˆâ–ˆâ– | 49/60 [00:08<00:01,  5.79it/s]
 83%|â–ˆâ–ˆâ–ˆâ–ˆâ–ˆâ–ˆâ–ˆâ–ˆâ–Ž | 50/60 [00:08<00:01,  5.64it/s]
 85%|â–ˆâ–ˆâ–ˆâ–ˆâ–ˆâ–ˆâ–ˆâ–ˆâ–Œ | 51/60 [00:09<00:01,  5.68it/s]
 87%|â–ˆâ–ˆâ–ˆâ–ˆâ–ˆâ–ˆâ–ˆâ–ˆâ–‹ | 52/60 [00:09<00:01,  5.64it/s]
 88%|â–ˆâ–ˆâ–ˆâ–ˆâ–ˆâ–ˆâ–ˆâ–ˆâ–Š | 53/60 [00:09<00:01,  5.83it/s]
 90%|â–ˆâ–ˆâ–ˆâ–ˆâ–ˆâ–ˆâ–ˆâ–ˆâ–ˆ | 54/60 [00:09<00:01,  5.88it/s]
 92%|â–ˆâ–ˆâ–ˆâ–ˆâ–ˆâ–ˆâ–ˆâ–ˆâ–ˆâ–| 55/60 [00:09<00:00,  5.98it/s]
 93%|â–ˆâ–ˆâ–ˆâ–ˆâ–ˆâ–ˆâ–ˆâ–ˆâ–ˆâ–Ž| 56/60 [00:09<00:00,  5.90it/s]
 95%|â–ˆâ–ˆâ–ˆâ–ˆâ–ˆâ–ˆâ–ˆâ–ˆâ–ˆâ–Œ| 57/60 [00:10<00:00,  6.01it/s]
 97%|â–ˆâ–ˆâ–ˆâ–ˆâ–ˆâ–ˆâ–ˆâ–ˆâ–ˆâ–‹| 58/60 [00:10<00:00,  5.90it/s]
 98%|â–ˆâ–ˆâ–ˆâ–ˆâ–ˆâ–ˆâ–ˆâ–ˆâ–ˆâ–Š| 59/60 [00:10<00:00,  5.96it/s]
100%|â–ˆâ–ˆâ–ˆâ–ˆâ–ˆâ–ˆâ–ˆâ–ˆâ–ˆâ–ˆ| 60/60 [00:10<00:00,  6.17it/s]
100%|â–ˆâ–ˆâ–ˆâ–ˆâ–ˆâ–ˆâ–ˆâ–ˆâ–ˆâ–ˆ| 60/60 [00:10<00:00,  5.65it/s]
FETCH ComfyRegistry Data: 90/93
[34mEQX Node Suite: [0mImage file saved to: /home/eqx/AutoTrainX/workspace/output/b09g13/Preview/b09g13_SX1_02_0001.png[0m
Prompt executed in 30.91 seconds
got prompt

  0%|          | 0/60 [00:00<?, ?it/s]
  2%|â–         | 1/60 [00:00<00:06,  9.28it/s]
  3%|â–Ž         | 2/60 [00:00<00:06,  8.54it/s]
  5%|â–Œ         | 3/60 [00:00<00:06,  8.72it/s]FETCH ComfyRegistry Data [DONE]
[ComfyUI-Manager] default cache updated: https://api.comfy.org/nodes
FETCH DATA from: https://raw.githubusercontent.com/ltdrdata/ComfyUI-Manager/main/custom-node-list.json
  7%|â–‹         | 4/60 [00:00<00:08,  6.54it/s] [DONE]
[ComfyUI-Manager] All startup tasks have been completed.

  8%|â–Š         | 5/60 [00:00<00:08,  6.73it/s]
 10%|â–ˆ         | 6/60 [00:00<00:07,  7.07it/s]
 12%|â–ˆâ–        | 7/60 [00:00<00:06,  7.65it/s]
 13%|â–ˆâ–Ž        | 8/60 [00:01<00:06,  8.10it/s]
 15%|â–ˆâ–Œ        | 9/60 [00:01<00:06,  8.45it/s]
 17%|â–ˆâ–‹        | 10/60 [00:01<00:05,  8.46it/s]
 18%|â–ˆâ–Š        | 11/60 [00:01<00:05,  8.54it/s]
 20%|â–ˆâ–ˆ        | 12/60 [00:01<00:05,  8.78it/s]
 22%|â–ˆâ–ˆâ–       | 13/60 [00:01<00:05,  8.58it/s]
 23%|â–ˆâ–ˆâ–Ž       | 14/60 [00:01<00:05,  8.47it/s]
 25%|â–ˆâ–ˆâ–Œ       | 15/60 [00:01<00:05,  8.55it/s]
 27%|â–ˆâ–ˆâ–‹       | 16/60 [00:01<00:05,  8.54it/s]
 28%|â–ˆâ–ˆâ–Š       | 17/60 [00:02<00:04,  8.64it/s]
 30%|â–ˆâ–ˆâ–ˆ       | 18/60 [00:02<00:04,  8.47it/s]
 32%|â–ˆâ–ˆâ–ˆâ–      | 19/60 [00:02<00:04,  8.52it/s]
 33%|â–ˆâ–ˆâ–ˆâ–Ž      | 20/60 [00:02<00:04,  8.55it/s]
 35%|â–ˆâ–ˆâ–ˆâ–Œ      | 21/60 [00:02<00:04,  8.71it/s]
 37%|â–ˆâ–ˆâ–ˆâ–‹      | 22/60 [00:02<00:04,  8.41it/s]
 38%|â–ˆâ–ˆâ–ˆâ–Š      | 23/60 [00:02<00:04,  8.51it/s]
 40%|â–ˆâ–ˆâ–ˆâ–ˆ      | 24/60 [00:02<00:04,  8.60it/s]
 42%|â–ˆâ–ˆâ–ˆâ–ˆâ–     | 25/60 [00:03<00:04,  8.61it/s]
 43%|â–ˆâ–ˆâ–ˆâ–ˆâ–Ž     | 26/60 [00:03<00:03,  8.59it/s]
 45%|â–ˆâ–ˆâ–ˆâ–ˆâ–Œ     | 27/60 [00:03<00:03,  8.57it/s]
 47%|â–ˆâ–ˆâ–ˆâ–ˆâ–‹     | 28/60 [00:03<00:03,  8.64it/s]
 48%|â–ˆâ–ˆâ–ˆâ–ˆâ–Š     | 29/60 [00:03<00:03,  8.75it/s]
 50%|â–ˆâ–ˆâ–ˆâ–ˆâ–ˆ     | 30/60 [00:03<00:03,  8.76it/s]
 52%|â–ˆâ–ˆâ–ˆâ–ˆâ–ˆâ–    | 31/60 [00:03<00:03,  8.74it/s]
 53%|â–ˆâ–ˆâ–ˆâ–ˆâ–ˆâ–Ž    | 32/60 [00:03<00:03,  8.94it/s]
 55%|â–ˆâ–ˆâ–ˆâ–ˆâ–ˆâ–Œ    | 33/60 [00:03<00:03,  8.84it/s]
 57%|â–ˆâ–ˆâ–ˆâ–ˆâ–ˆâ–‹    | 34/60 [00:04<00:02,  8.90it/s]
 58%|â–ˆâ–ˆâ–ˆâ–ˆâ–ˆâ–Š    | 35/60 [00:04<00:02,  8.87it/s]
 60%|â–ˆâ–ˆâ–ˆâ–ˆâ–ˆâ–ˆ    | 36/60 [00:04<00:02,  8.96it/s]
 63%|â–ˆâ–ˆâ–ˆâ–ˆâ–ˆâ–ˆâ–Ž   | 38/60 [00:04<00:02,  9.37it/s]
 65%|â–ˆâ–ˆâ–ˆâ–ˆâ–ˆâ–ˆâ–Œ   | 39/60 [00:04<00:02,  9.34it/s]
 67%|â–ˆâ–ˆâ–ˆâ–ˆâ–ˆâ–ˆâ–‹   | 40/60 [00:04<00:02,  9.48it/s]
 68%|â–ˆâ–ˆâ–ˆâ–ˆâ–ˆâ–ˆâ–Š   | 41/60 [00:04<00:01,  9.53it/s]
 70%|â–ˆâ–ˆâ–ˆâ–ˆâ–ˆâ–ˆâ–ˆ   | 42/60 [00:04<00:01,  9.25it/s]
 72%|â–ˆâ–ˆâ–ˆâ–ˆâ–ˆâ–ˆâ–ˆâ–  | 43/60 [00:04<00:01,  9.27it/s]
 73%|â–ˆâ–ˆâ–ˆâ–ˆâ–ˆâ–ˆâ–ˆâ–Ž  | 44/60 [00:05<00:01,  8.45it/s]
 75%|â–ˆâ–ˆâ–ˆâ–ˆâ–ˆâ–ˆâ–ˆâ–Œ  | 45/60 [00:05<00:01,  8.84it/s]
 77%|â–ˆâ–ˆâ–ˆâ–ˆâ–ˆâ–ˆâ–ˆâ–‹  | 46/60 [00:05<00:01,  8.43it/s]
 78%|â–ˆâ–ˆâ–ˆâ–ˆâ–ˆâ–ˆâ–ˆâ–Š  | 47/60 [00:05<00:01,  8.78it/s]
 80%|â–ˆâ–ˆâ–ˆâ–ˆâ–ˆâ–ˆâ–ˆâ–ˆ  | 48/60 [00:05<00:01,  8.93it/s]
 82%|â–ˆâ–ˆâ–ˆâ–ˆâ–ˆâ–ˆâ–ˆâ–ˆâ– | 49/60 [00:05<00:01,  8.88it/s]
 83%|â–ˆâ–ˆâ–ˆâ–ˆâ–ˆâ–ˆâ–ˆâ–ˆâ–Ž | 50/60 [00:05<00:01,  8.92it/s]
 85%|â–ˆâ–ˆâ–ˆâ–ˆâ–ˆâ–ˆâ–ˆâ–ˆâ–Œ | 51/60 [00:05<00:00,  9.05it/s]
 87%|â–ˆâ–ˆâ–ˆâ–ˆâ–ˆâ–ˆâ–ˆâ–ˆâ–‹ | 52/60 [00:06<00:00,  9.06it/s]
 88%|â–ˆâ–ˆâ–ˆâ–ˆâ–ˆâ–ˆâ–ˆâ–ˆâ–Š | 53/60 [00:06<00:00,  9.01it/s]
 90%|â–ˆâ–ˆâ–ˆâ–ˆâ–ˆâ–ˆâ–ˆâ–ˆâ–ˆ | 54/60 [00:06<00:00,  9.23it/s]
 92%|â–ˆâ–ˆâ–ˆâ–ˆâ–ˆâ–ˆâ–ˆâ–ˆâ–ˆâ–| 55/60 [00:06<00:00,  9.44it/s]
 93%|â–ˆâ–ˆâ–ˆâ–ˆâ–ˆâ–ˆâ–ˆâ–ˆâ–ˆâ–Ž| 56/60 [00:06<00:00,  9.37it/s]
 95%|â–ˆâ–ˆâ–ˆâ–ˆâ–ˆâ–ˆâ–ˆâ–ˆâ–ˆâ–Œ| 57/60 [00:06<00:00,  9.47it/s]
 97%|â–ˆâ–ˆâ–ˆâ–ˆâ–ˆâ–ˆâ–ˆâ–ˆâ–ˆâ–‹| 58/60 [00:06<00:00,  9.57it/s]
100%|â–ˆâ–ˆâ–ˆâ–ˆâ–ˆâ–ˆâ–ˆâ–ˆâ–ˆâ–ˆ| 60/60 [00:06<00:00, 10.08it/s]
100%|â–ˆâ–ˆâ–ˆâ–ˆâ–ˆâ–ˆâ–ˆâ–ˆâ–ˆâ–ˆ| 60/60 [00:06<00:00,  8.78it/s]

  0%|          | 0/30 [00:00<?, ?it/s]
  3%|â–Ž         | 1/30 [00:00<00:06,  4.61it/s]
  7%|â–‹         | 2/30 [00:00<00:05,  4.76it/s]
 10%|â–ˆ         | 3/30 [00:00<00:06,  4.46it/s]
 13%|â–ˆâ–Ž        | 4/30 [00:00<00:05,  4.35it/s]
 17%|â–ˆâ–‹        | 5/30 [00:01<00:05,  4.23it/s]
 20%|â–ˆâ–ˆ        | 6/30 [00:01<00:05,  4.29it/s]
 23%|â–ˆâ–ˆâ–Ž       | 7/30 [00:01<00:05,  4.34it/s]
 27%|â–ˆâ–ˆâ–‹       | 8/30 [00:01<00:05,  4.34it/s]
 30%|â–ˆâ–ˆâ–ˆ       | 9/30 [00:02<00:04,  4.34it/s]
 33%|â–ˆâ–ˆâ–ˆâ–Ž      | 10/30 [00:02<00:04,  4.44it/s]
 37%|â–ˆâ–ˆâ–ˆâ–‹      | 11/30 [00:02<00:04,  4.42it/s]
 40%|â–ˆâ–ˆâ–ˆâ–ˆ      | 12/30 [00:02<00:04,  4.42it/s]
 43%|â–ˆâ–ˆâ–ˆâ–ˆâ–Ž     | 13/30 [00:02<00:03,  4.41it/s]
 47%|â–ˆâ–ˆâ–ˆâ–ˆâ–‹     | 14/30 [00:03<00:03,  4.39it/s]
 50%|â–ˆâ–ˆâ–ˆâ–ˆâ–ˆ     | 15/30 [00:03<00:03,  4.34it/s]
 53%|â–ˆâ–ˆâ–ˆâ–ˆâ–ˆâ–Ž    | 16/30 [00:03<00:03,  4.29it/s]
 57%|â–ˆâ–ˆâ–ˆâ–ˆâ–ˆâ–‹    | 17/30 [00:03<00:03,  4.30it/s]
 60%|â–ˆâ–ˆâ–ˆâ–ˆâ–ˆâ–ˆ    | 18/30 [00:04<00:02,  4.35it/s]
 63%|â–ˆâ–ˆâ–ˆâ–ˆâ–ˆâ–ˆâ–Ž   | 19/30 [00:04<00:02,  4.31it/s]
 67%|â–ˆâ–ˆâ–ˆâ–ˆâ–ˆâ–ˆâ–‹   | 20/30 [00:04<00:02,  4.30it/s]
 70%|â–ˆâ–ˆâ–ˆâ–ˆâ–ˆâ–ˆâ–ˆ   | 21/30 [00:04<00:02,  4.27it/s]
 73%|â–ˆâ–ˆâ–ˆâ–ˆâ–ˆâ–ˆâ–ˆâ–Ž  | 22/30 [00:06<00:06,  1.31it/s]
 77%|â–ˆâ–ˆâ–ˆâ–ˆâ–ˆâ–ˆâ–ˆâ–‹  | 23/30 [00:07<00:04,  1.67it/s]
 80%|â–ˆâ–ˆâ–ˆâ–ˆâ–ˆâ–ˆâ–ˆâ–ˆ  | 24/30 [00:07<00:02,  2.07it/s]
 83%|â–ˆâ–ˆâ–ˆâ–ˆâ–ˆâ–ˆâ–ˆâ–ˆâ–Ž | 25/30 [00:07<00:02,  2.48it/s]
 87%|â–ˆâ–ˆâ–ˆâ–ˆâ–ˆâ–ˆâ–ˆâ–ˆâ–‹ | 26/30 [00:07<00:01,  2.86it/s]
 90%|â–ˆâ–ˆâ–ˆâ–ˆâ–ˆâ–ˆâ–ˆâ–ˆâ–ˆ | 27/30 [00:07<00:00,  3.23it/s]
 93%|â–ˆâ–ˆâ–ˆâ–ˆâ–ˆâ–ˆâ–ˆâ–ˆâ–ˆâ–Ž| 28/30 [00:08<00:00,  3.53it/s]
 97%|â–ˆâ–ˆâ–ˆâ–ˆâ–ˆâ–ˆâ–ˆâ–ˆâ–ˆâ–‹| 29/30 [00:08<00:00,  3.92it/s]
100%|â–ˆâ–ˆâ–ˆâ–ˆâ–ˆâ–ˆâ–ˆâ–ˆâ–ˆâ–ˆ| 30/30 [00:08<00:00,  4.19it/s]
100%|â–ˆâ–ˆâ–ˆâ–ˆâ–ˆâ–ˆâ–ˆâ–ˆâ–ˆâ–ˆ| 30/30 [00:08<00:00,  3.52it/s]
I0000 00:00:1754085429.824178  887517 gl_context_egl.cc:85] Successfully initialized EGL. Major : 1 Minor: 5
I0000 00:00:1754085429.842112  887688 gl_context.cc:369] GL version: 3.1 (OpenGL ES 3.1 Mesa 24.2.8-1ubuntu1~24.04.1), renderer: D3D12 (AMD Radeon(TM) Graphics)
W0000 00:00:1754085429.876026  887691 inference_feedback_manager.cc:114] Feedback manager requires a model with a single signature inference. Disabling support for feedback tensors.
# ðŸ˜ºdzNodes: LayerStyle -> [1;32mPersonMaskUltra V2 Processed 1 image(s).[m
[93mKSampler(Efficient) Warning:[0m No vae input detected, proceeding as if vae_decode was false.


  0%|          | 0/60 [00:00<?, ?it/s]
  2%|â–         | 1/60 [00:00<00:10,  5.90it/s]
  3%|â–Ž         | 2/60 [00:00<00:09,  5.90it/s]
  5%|â–Œ         | 3/60 [00:00<00:09,  5.77it/s]
  7%|â–‹         | 4/60 [00:00<00:10,  5.49it/s]
  8%|â–Š         | 5/60 [00:00<00:10,  5.36it/s]
 10%|â–ˆ         | 6/60 [00:01<00:10,  5.35it/s]
 12%|â–ˆâ–        | 7/60 [00:01<00:09,  5.32it/s]
 13%|â–ˆâ–Ž        | 8/60 [00:01<00:09,  5.27it/s]
 15%|â–ˆâ–Œ        | 9/60 [00:01<00:09,  5.34it/s]
 17%|â–ˆâ–‹        | 10/60 [00:01<00:09,  5.42it/s]
 18%|â–ˆâ–Š        | 11/60 [00:02<00:08,  5.51it/s]
 20%|â–ˆâ–ˆ        | 12/60 [00:02<00:08,  5.48it/s]
 22%|â–ˆâ–ˆâ–       | 13/60 [00:02<00:08,  5.50it/s]
 23%|â–ˆâ–ˆâ–Ž       | 14/60 [00:02<00:08,  5.41it/s]
 25%|â–ˆâ–ˆâ–Œ       | 15/60 [00:02<00:08,  5.40it/s]
 27%|â–ˆâ–ˆâ–‹       | 16/60 [00:02<00:08,  5.41it/s]
 28%|â–ˆâ–ˆâ–Š       | 17/60 [00:03<00:07,  5.45it/s]
 30%|â–ˆâ–ˆâ–ˆ       | 18/60 [00:03<00:07,  5.45it/s]
 32%|â–ˆâ–ˆâ–ˆâ–      | 19/60 [00:03<00:07,  5.42it/s]
 33%|â–ˆâ–ˆâ–ˆâ–Ž      | 20/60 [00:03<00:07,  5.39it/s]
 35%|â–ˆâ–ˆâ–ˆâ–Œ      | 21/60 [00:03<00:07,  5.52it/s]
 37%|â–ˆâ–ˆâ–ˆâ–‹      | 22/60 [00:04<00:06,  5.67it/s]
 38%|â–ˆâ–ˆâ–ˆâ–Š      | 23/60 [00:04<00:06,  5.53it/s]
 40%|â–ˆâ–ˆâ–ˆâ–ˆ      | 24/60 [00:04<00:06,  5.54it/s]
 42%|â–ˆâ–ˆâ–ˆâ–ˆâ–     | 25/60 [00:04<00:06,  5.43it/s]
 43%|â–ˆâ–ˆâ–ˆâ–ˆâ–Ž     | 26/60 [00:04<00:06,  5.45it/s]
 45%|â–ˆâ–ˆâ–ˆâ–ˆâ–Œ     | 27/60 [00:04<00:06,  5.40it/s]
 47%|â–ˆâ–ˆâ–ˆâ–ˆâ–‹     | 28/60 [00:05<00:06,  5.31it/s]
 48%|â–ˆâ–ˆâ–ˆâ–ˆâ–Š     | 29/60 [00:05<00:05,  5.18it/s]
 50%|â–ˆâ–ˆâ–ˆâ–ˆâ–ˆ     | 30/60 [00:05<00:05,  5.31it/s]
 52%|â–ˆâ–ˆâ–ˆâ–ˆâ–ˆâ–    | 31/60 [00:05<00:05,  5.17it/s]
 53%|â–ˆâ–ˆâ–ˆâ–ˆâ–ˆâ–Ž    | 32/60 [00:05<00:05,  5.25it/s]
 55%|â–ˆâ–ˆâ–ˆâ–ˆâ–ˆâ–Œ    | 33/60 [00:06<00:04,  5.41it/s]
 57%|â–ˆâ–ˆâ–ˆâ–ˆâ–ˆâ–‹    | 34/60 [00:06<00:04,  5.36it/s]
 58%|â–ˆâ–ˆâ–ˆâ–ˆâ–ˆâ–Š    | 35/60 [00:06<00:04,  5.38it/s]
 60%|â–ˆâ–ˆâ–ˆâ–ˆâ–ˆâ–ˆ    | 36/60 [00:06<00:04,  5.43it/s]
 62%|â–ˆâ–ˆâ–ˆâ–ˆâ–ˆâ–ˆâ–   | 37/60 [00:06<00:04,  5.45it/s]
 63%|â–ˆâ–ˆâ–ˆâ–ˆâ–ˆâ–ˆâ–Ž   | 38/60 [00:07<00:04,  5.50it/s]
 65%|â–ˆâ–ˆâ–ˆâ–ˆâ–ˆâ–ˆâ–Œ   | 39/60 [00:07<00:03,  5.57it/s]
 67%|â–ˆâ–ˆâ–ˆâ–ˆâ–ˆâ–ˆâ–‹   | 40/60 [00:07<00:03,  5.52it/s]
 68%|â–ˆâ–ˆâ–ˆâ–ˆâ–ˆâ–ˆâ–Š   | 41/60 [00:07<00:03,  5.63it/s]
 70%|â–ˆâ–ˆâ–ˆâ–ˆâ–ˆâ–ˆâ–ˆ   | 42/60 [00:07<00:03,  5.63it/s]
 72%|â–ˆâ–ˆâ–ˆâ–ˆâ–ˆâ–ˆâ–ˆâ–  | 43/60 [00:07<00:03,  5.55it/s]
 73%|â–ˆâ–ˆâ–ˆâ–ˆâ–ˆâ–ˆâ–ˆâ–Ž  | 44/60 [00:08<00:02,  5.61it/s]
 75%|â–ˆâ–ˆâ–ˆâ–ˆâ–ˆâ–ˆâ–ˆâ–Œ  | 45/60 [00:08<00:02,  5.69it/s]
 77%|â–ˆâ–ˆâ–ˆâ–ˆâ–ˆâ–ˆâ–ˆâ–‹  | 46/60 [00:08<00:02,  5.71it/s]
 78%|â–ˆâ–ˆâ–ˆâ–ˆâ–ˆâ–ˆâ–ˆâ–Š  | 47/60 [00:08<00:02,  5.70it/s]
 80%|â–ˆâ–ˆâ–ˆâ–ˆâ–ˆâ–ˆâ–ˆâ–ˆ  | 48/60 [00:08<00:02,  5.77it/s]
 82%|â–ˆâ–ˆâ–ˆâ–ˆâ–ˆâ–ˆâ–ˆâ–ˆâ– | 49/60 [00:08<00:01,  5.87it/s]
 83%|â–ˆâ–ˆâ–ˆâ–ˆâ–ˆâ–ˆâ–ˆâ–ˆâ–Ž | 50/60 [00:09<00:01,  5.80it/s]
 85%|â–ˆâ–ˆâ–ˆâ–ˆâ–ˆâ–ˆâ–ˆâ–ˆâ–Œ | 51/60 [00:09<00:01,  5.81it/s]
 87%|â–ˆâ–ˆâ–ˆâ–ˆâ–ˆâ–ˆâ–ˆâ–ˆâ–‹ | 52/60 [00:09<00:01,  5.80it/s]
 88%|â–ˆâ–ˆâ–ˆâ–ˆâ–ˆâ–ˆâ–ˆâ–ˆâ–Š | 53/60 [00:09<00:01,  5.80it/s]
 90%|â–ˆâ–ˆâ–ˆâ–ˆâ–ˆâ–ˆâ–ˆâ–ˆâ–ˆ | 54/60 [00:09<00:01,  5.82it/s]
 92%|â–ˆâ–ˆâ–ˆâ–ˆâ–ˆâ–ˆâ–ˆâ–ˆâ–ˆâ–| 55/60 [00:09<00:00,  5.88it/s]
 93%|â–ˆâ–ˆâ–ˆâ–ˆâ–ˆâ–ˆâ–ˆâ–ˆâ–ˆâ–Ž| 56/60 [00:10<00:00,  5.81it/s]
 95%|â–ˆâ–ˆâ–ˆâ–ˆâ–ˆâ–ˆâ–ˆâ–ˆâ–ˆâ–Œ| 57/60 [00:10<00:00,  5.79it/s]
 97%|â–ˆâ–ˆâ–ˆâ–ˆâ–ˆâ–ˆâ–ˆâ–ˆâ–ˆâ–‹| 58/60 [00:10<00:00,  5.79it/s]
 98%|â–ˆâ–ˆâ–ˆâ–ˆâ–ˆâ–ˆâ–ˆâ–ˆâ–ˆâ–Š| 59/60 [00:10<00:00,  5.82it/s]
100%|â–ˆâ–ˆâ–ˆâ–ˆâ–ˆâ–ˆâ–ˆâ–ˆâ–ˆâ–ˆ| 60/60 [00:10<00:00,  5.95it/s]
100%|â–ˆâ–ˆâ–ˆâ–ˆâ–ˆâ–ˆâ–ˆâ–ˆâ–ˆâ–ˆ| 60/60 [00:10<00:00,  5.55it/s]
[34mEQX Node Suite: [0mImage file saved to: /home/eqx/AutoTrainX/workspace/output/b09g13/Preview/b09g13_SX1_03_0001.png[0m
Prompt executed in 30.13 seconds
